Start testing: Nov 22 22:49 +07
----------------------------------------------------------
1/6 Testing: array_testing
1/6 Test: array_testing
Command: "/home/businka/second_semester_programming/laba3/build/array_testing"
Directory: /home/businka/second_semester_programming/laba3/build
"array_testing" start time: Nov 22 22:49 +07
Output:
----------------------------------------------------------
[==========] Running 17 tests from 1 test suite.
[----------] Global test environment set-up.
[----------] 17 tests from ArrayTest
[ RUN      ] ArrayTest.PushBack
[       OK ] ArrayTest.PushBack (0 ms)
[ RUN      ] ArrayTest.PushFront
3
[       OK ] ArrayTest.PushFront (0 ms)
[ RUN      ] ArrayTest.PushIn
[       OK ] ArrayTest.PushIn (0 ms)
[ RUN      ] ArrayTest.PopFront
[       OK ] ArrayTest.PopFront (0 ms)
[ RUN      ] ArrayTest.PopBack
1
[       OK ] ArrayTest.PopBack (0 ms)
[ RUN      ] ArrayTest.PopIn
[       OK ] ArrayTest.PopIn (0 ms)
[ RUN      ] ArrayTest.Search
Found!
Not found!
[       OK ] ArrayTest.Search (0 ms)
[ RUN      ] ArrayTest.SetValueAt
[       OK ] ArrayTest.SetValueAt (0 ms)
[ RUN      ] ArrayTest.InvalidIndexPopIn
Invalid index
[       OK ] ArrayTest.InvalidIndexPopIn (0 ms)
[ RUN      ] ArrayTest.InvalidIndexSetValueAt
Invalid index
1
[       OK ] ArrayTest.InvalidIndexSetValueAt (0 ms)
[ RUN      ] ArrayTest.PopFrontEmpty
Array is empty, cannot pop front.
[       OK ] ArrayTest.PopFrontEmpty (0 ms)
[ RUN      ] ArrayTest.PopBackEmpty
Array is empty, cannot pop back.
[       OK ] ArrayTest.PopBackEmpty (0 ms)
[ RUN      ] ArrayTest.SearchIndexInvalidIndex
[       OK ] ArrayTest.SearchIndexInvalidIndex (0 ms)
[ RUN      ] ArrayTest.SetValueAtInvalidIndex
[       OK ] ArrayTest.SetValueAtInvalidIndex (0 ms)
[ RUN      ] ArrayTest.GetValueAtInvalidIndex
[       OK ] ArrayTest.GetValueAtInvalidIndex (0 ms)
[ RUN      ] ArrayTest.DisplayEmpty
[       OK ] ArrayTest.DisplayEmpty (0 ms)
[ RUN      ] ArrayTest.DisplayNonEmpty
[       OK ] ArrayTest.DisplayNonEmpty (0 ms)
[----------] 17 tests from ArrayTest (0 ms total)

[----------] Global test environment tear-down
[==========] 17 tests from 1 test suite ran. (0 ms total)
[  PASSED  ] 17 tests.
<end of output>
Test time =   0.00 sec
----------------------------------------------------------
Test Passed.
"array_testing" end time: Nov 22 22:49 +07
"array_testing" time elapsed: 00:00:00
----------------------------------------------------------

2/6 Testing: list_testing
2/6 Test: list_testing
Command: "/home/businka/second_semester_programming/laba3/build/list_testing"
Directory: /home/businka/second_semester_programming/laba3/build
"list_testing" start time: Nov 22 22:49 +07
Output:
----------------------------------------------------------
[==========] Running 24 tests from 1 test suite.
[----------] Global test environment set-up.
[----------] 24 tests from LinkedListTest
[ RUN      ] LinkedListTest.PushFront
[       OK ] LinkedListTest.PushFront (0 ms)
[ RUN      ] LinkedListTest.PushBack
[       OK ] LinkedListTest.PushBack (0 ms)
[ RUN      ] LinkedListTest.InsertValidIndex
[       OK ] LinkedListTest.InsertValidIndex (0 ms)
[ RUN      ] LinkedListTest.InsertInvalidIndex
[       OK ] LinkedListTest.InsertInvalidIndex (0 ms)
[ RUN      ] LinkedListTest.PopHead
[       OK ] LinkedListTest.PopHead (0 ms)
[ RUN      ] LinkedListTest.PopHeadEmptyList
[       OK ] LinkedListTest.PopHeadEmptyList (0 ms)
[ RUN      ] LinkedListTest.PopTail
[       OK ] LinkedListTest.PopTail (0 ms)
[ RUN      ] LinkedListTest.PopTailEmptyList
List is empty
List is empty
[       OK ] LinkedListTest.PopTailEmptyList (0 ms)
[ RUN      ] LinkedListTest.PopTailSingleNode
[       OK ] LinkedListTest.PopTailSingleNode (0 ms)
[ RUN      ] LinkedListTest.PopInHead
[       OK ] LinkedListTest.PopInHead (0 ms)
[ RUN      ] LinkedListTest.PopFromEmptyList
[       OK ] LinkedListTest.PopFromEmptyList (0 ms)
[ RUN      ] LinkedListTest.PopInvalidIndex
[       OK ] LinkedListTest.PopInvalidIndex (0 ms)
[ RUN      ] LinkedListTest.GetValueValidIndex
[       OK ] LinkedListTest.GetValueValidIndex (0 ms)
[ RUN      ] LinkedListTest.GetValueInvalidIndexMax
[       OK ] LinkedListTest.GetValueInvalidIndexMax (0 ms)
[ RUN      ] LinkedListTest.GetValueInvalidIndex
[       OK ] LinkedListTest.GetValueInvalidIndex (0 ms)
[ RUN      ] LinkedListTest.GetValueFromEmptyList
[       OK ] LinkedListTest.GetValueFromEmptyList (0 ms)
[ RUN      ] LinkedListTest.SearchExistingElement
[       OK ] LinkedListTest.SearchExistingElement (0 ms)
[ RUN      ] LinkedListTest.SearchNonExistingElement
[       OK ] LinkedListTest.SearchNonExistingElement (0 ms)
[ RUN      ] LinkedListTest.SearchInEmptyList
[       OK ] LinkedListTest.SearchInEmptyList (0 ms)
[ RUN      ] LinkedListTest.DisplayEmptyList
[       OK ] LinkedListTest.DisplayEmptyList (0 ms)
[ RUN      ] LinkedListTest.PopValueHead
[       OK ] LinkedListTest.PopValueHead (0 ms)
[ RUN      ] LinkedListTest.PopValueTail
[       OK ] LinkedListTest.PopValueTail (0 ms)
[ RUN      ] LinkedListTest.PopValueInList
[       OK ] LinkedListTest.PopValueInList (0 ms)
[ RUN      ] LinkedListTest.PopValueFromEmptyList
[       OK ] LinkedListTest.PopValueFromEmptyList (0 ms)
[----------] 24 tests from LinkedListTest (0 ms total)

[----------] Global test environment tear-down
[==========] 24 tests from 1 test suite ran. (0 ms total)
[  PASSED  ] 24 tests.
<end of output>
Test time =   0.00 sec
----------------------------------------------------------
Test Passed.
"list_testing" end time: Nov 22 22:49 +07
"list_testing" time elapsed: 00:00:00
----------------------------------------------------------

3/6 Testing: 2list_testing
3/6 Test: 2list_testing
Command: "/home/businka/second_semester_programming/laba3/build/2list_testing"
Directory: /home/businka/second_semester_programming/laba3/build
"2list_testing" start time: Nov 22 22:49 +07
Output:
----------------------------------------------------------
[==========] Running 18 tests from 1 test suite.
[----------] Global test environment set-up.
[----------] 18 tests from DoublyListTest
[ RUN      ] DoublyListTest.PushFront
[       OK ] DoublyListTest.PushFront (0 ms)
[ RUN      ] DoublyListTest.PushBack
[       OK ] DoublyListTest.PushBack (0 ms)
[ RUN      ] DoublyListTest.InsertValidIndex
[       OK ] DoublyListTest.InsertValidIndex (0 ms)
[ RUN      ] DoublyListTest.InsertInvalidIndex
[       OK ] DoublyListTest.InsertInvalidIndex (0 ms)
[ RUN      ] DoublyListTest.SearchExistingElement
[       OK ] DoublyListTest.SearchExistingElement (0 ms)
[ RUN      ] DoublyListTest.SearchNonExistingElement
[       OK ] DoublyListTest.SearchNonExistingElement (0 ms)
[ RUN      ] DoublyListTest.PopHead
[       OK ] DoublyListTest.PopHead (0 ms)
[ RUN      ] DoublyListTest.PopTail
[       OK ] DoublyListTest.PopTail (0 ms)
[ RUN      ] DoublyListTest.PopInHead
[       OK ] DoublyListTest.PopInHead (0 ms)
[ RUN      ] DoublyListTest.PopFromEmptyList
[       OK ] DoublyListTest.PopFromEmptyList (0 ms)
[ RUN      ] DoublyListTest.GetValueValidIndex
[       OK ] DoublyListTest.GetValueValidIndex (0 ms)
[ RUN      ] DoublyListTest.GetValueInvalidIndexMax
[       OK ] DoublyListTest.GetValueInvalidIndexMax (0 ms)
[ RUN      ] DoublyListTest.GetValueInvalidIndex
[       OK ] DoublyListTest.GetValueInvalidIndex (0 ms)
[ RUN      ] DoublyListTest.GetValueFromEmptyList
[       OK ] DoublyListTest.GetValueFromEmptyList (0 ms)
[ RUN      ] DoublyListTest.PopValueHead
[       OK ] DoublyListTest.PopValueHead (0 ms)
[ RUN      ] DoublyListTest.PopValueTail
[       OK ] DoublyListTest.PopValueTail (0 ms)
[ RUN      ] DoublyListTest.PopValueInList
[       OK ] DoublyListTest.PopValueInList (0 ms)
[ RUN      ] DoublyListTest.PopValueFromEmptyList
[       OK ] DoublyListTest.PopValueFromEmptyList (0 ms)
[----------] 18 tests from DoublyListTest (0 ms total)

[----------] Global test environment tear-down
[==========] 18 tests from 1 test suite ran. (0 ms total)
[  PASSED  ] 18 tests.
<end of output>
Test time =   0.00 sec
----------------------------------------------------------
Test Passed.
"2list_testing" end time: Nov 22 22:49 +07
"2list_testing" time elapsed: 00:00:00
----------------------------------------------------------

4/6 Testing: stack_testing
4/6 Test: stack_testing
Command: "/home/businka/second_semester_programming/laba3/build/stack_testing"
Directory: /home/businka/second_semester_programming/laba3/build
"stack_testing" start time: Nov 22 22:49 +07
Output:
----------------------------------------------------------
[==========] Running 9 tests from 1 test suite.
[----------] Global test environment set-up.
[----------] 9 tests from StackTest
[ RUN      ] StackTest.PushAndTop
[       OK ] StackTest.PushAndTop (0 ms)
[ RUN      ] StackTest.Pop
[       OK ] StackTest.Pop (0 ms)
[ RUN      ] StackTest.PopEmptyStack
[       OK ] StackTest.PopEmptyStack (0 ms)
[ RUN      ] StackTest.SearchFound
[       OK ] StackTest.SearchFound (0 ms)
[ RUN      ] StackTest.SearchNotFound
[       OK ] StackTest.SearchNotFound (0 ms)
[ RUN      ] StackTest.IsEmpty
[       OK ] StackTest.IsEmpty (0 ms)
[ RUN      ] StackTest.TopEmphy
[       OK ] StackTest.TopEmphy (0 ms)
[ RUN      ] StackTest.DisplayStack
[       OK ] StackTest.DisplayStack (0 ms)
[ RUN      ] StackTest.DisplayEmptyStack
[       OK ] StackTest.DisplayEmptyStack (0 ms)
[----------] 9 tests from StackTest (0 ms total)

[----------] Global test environment tear-down
[==========] 9 tests from 1 test suite ran. (0 ms total)
[  PASSED  ] 9 tests.
<end of output>
Test time =   0.00 sec
----------------------------------------------------------
Test Passed.
"stack_testing" end time: Nov 22 22:49 +07
"stack_testing" time elapsed: 00:00:00
----------------------------------------------------------

5/6 Testing: queue_testing
5/6 Test: queue_testing
Command: "/home/businka/second_semester_programming/laba3/build/queue_testing"
Directory: /home/businka/second_semester_programming/laba3/build
"queue_testing" start time: Nov 22 22:49 +07
Output:
----------------------------------------------------------
[==========] Running 7 tests from 1 test suite.
[----------] Global test environment set-up.
[----------] 7 tests from QueueTest
[ RUN      ] QueueTest.PushAndDisplay
[       OK ] QueueTest.PushAndDisplay (0 ms)
[ RUN      ] QueueTest.Pop
[       OK ] QueueTest.Pop (0 ms)
[ RUN      ] QueueTest.PopEmptyQueue
[       OK ] QueueTest.PopEmptyQueue (0 ms)
[ RUN      ] QueueTest.PopUntilEmpty
[       OK ] QueueTest.PopUntilEmpty (0 ms)
[ RUN      ] QueueTest.SearchFound
[       OK ] QueueTest.SearchFound (0 ms)
[ RUN      ] QueueTest.SearchNotFound
[       OK ] QueueTest.SearchNotFound (0 ms)
[ RUN      ] QueueTest.DisplayEmptyQueue
[       OK ] QueueTest.DisplayEmptyQueue (0 ms)
[----------] 7 tests from QueueTest (0 ms total)

[----------] Global test environment tear-down
[==========] 7 tests from 1 test suite ran. (0 ms total)
[  PASSED  ] 7 tests.
<end of output>
Test time =   0.00 sec
----------------------------------------------------------
Test Passed.
"queue_testing" end time: Nov 22 22:49 +07
"queue_testing" time elapsed: 00:00:00
----------------------------------------------------------

6/6 Testing: hashtable_testing
6/6 Test: hashtable_testing
Command: "/home/businka/second_semester_programming/laba3/build/hashtable_testing"
Directory: /home/businka/second_semester_programming/laba3/build
"hashtable_testing" start time: Nov 22 22:49 +07
Output:
----------------------------------------------------------
[==========] Running 12 tests from 2 test suites.
[----------] Global test environment set-up.
[----------] 6 tests from HashMapTest
[ RUN      ] HashMapTest.InsertAndGet
[       OK ] HashMapTest.InsertAndGet (0 ms)
[ RUN      ] HashMapTest.GetNonExistentKey
[       OK ] HashMapTest.GetNonExistentKey (0 ms)
[ RUN      ] HashMapTest.InsertDuplicateKey
[       OK ] HashMapTest.InsertDuplicateKey (0 ms)
[ RUN      ] HashMapTest.RemoveKey
[       OK ] HashMapTest.RemoveKey (0 ms)
[ RUN      ] HashMapTest.RemoveNonExistentKey
[       OK ] HashMapTest.RemoveNonExistentKey (0 ms)
[ RUN      ] HashMapTest.Display
[       OK ] HashMapTest.Display (0 ms)
[----------] 6 tests from HashMapTest (0 ms total)

[----------] 6 tests from HashMapCollisionTest
[ RUN      ] HashMapCollisionTest.GetValueWithCollision
[       OK ] HashMapCollisionTest.GetValueWithCollision (0 ms)
[ RUN      ] HashMapCollisionTest.GetNonExistentKey
[       OK ] HashMapCollisionTest.GetNonExistentKey (0 ms)
[ RUN      ] HashMapCollisionTest.RemoveMiddleElement
[       OK ] HashMapCollisionTest.RemoveMiddleElement (0 ms)
[ RUN      ] HashMapCollisionTest.RemoveHeadElement
[       OK ] HashMapCollisionTest.RemoveHeadElement (0 ms)
[ RUN      ] HashMapCollisionTest.RemoveTailElement
[       OK ] HashMapCollisionTest.RemoveTailElement (0 ms)
[ RUN      ] HashMapCollisionTest.RemoveNonExistentElement
[       OK ] HashMapCollisionTest.RemoveNonExistentElement (0 ms)
[----------] 6 tests from HashMapCollisionTest (0 ms total)

[----------] Global test environment tear-down
[==========] 12 tests from 2 test suites ran. (0 ms total)
[  PASSED  ] 12 tests.
libgcov profiling error:/home/businka/second_semester_programming/laba3/build/CMakeFiles/hashtable_testing.dir/hashtable_testing.cpp.gcda:overwriting an existing profile data with a different timestamp
<end of output>
Test time =   0.00 sec
----------------------------------------------------------
Test Passed.
"hashtable_testing" end time: Nov 22 22:49 +07
"hashtable_testing" time elapsed: 00:00:00
----------------------------------------------------------

End testing: Nov 22 22:49 +07
