Start testing: Nov 22 21:25 +07
----------------------------------------------------------
1/2 Testing: test1
1/2 Test: test1
Command: "/home/businka/second_semester_programming/laba3/build/array_testing"
Directory: /home/businka/second_semester_programming/laba3/build
"test1" start time: Nov 22 21:25 +07
Output:
----------------------------------------------------------
[==========] Running 17 tests from 1 test suite.
[----------] Global test environment set-up.
[----------] 17 tests from ArrayTest
[ RUN      ] ArrayTest.PushBack
[       OK ] ArrayTest.PushBack (0 ms)
[ RUN      ] ArrayTest.PushFront
3
[       OK ] ArrayTest.PushFront (0 ms)
[ RUN      ] ArrayTest.PushIn
[       OK ] ArrayTest.PushIn (0 ms)
[ RUN      ] ArrayTest.PopFront
[       OK ] ArrayTest.PopFront (0 ms)
[ RUN      ] ArrayTest.PopBack
1
[       OK ] ArrayTest.PopBack (0 ms)
[ RUN      ] ArrayTest.PopIn
[       OK ] ArrayTest.PopIn (0 ms)
[ RUN      ] ArrayTest.Search
Found!
Not found!
[       OK ] ArrayTest.Search (0 ms)
[ RUN      ] ArrayTest.SetValueAt
[       OK ] ArrayTest.SetValueAt (0 ms)
[ RUN      ] ArrayTest.InvalidIndexPopIn
Invalid index
[       OK ] ArrayTest.InvalidIndexPopIn (0 ms)
[ RUN      ] ArrayTest.InvalidIndexSetValueAt
Invalid index
1
[       OK ] ArrayTest.InvalidIndexSetValueAt (0 ms)
[ RUN      ] ArrayTest.PopFrontEmpty
Array is empty, cannot pop front.
[       OK ] ArrayTest.PopFrontEmpty (0 ms)
[ RUN      ] ArrayTest.PopBackEmpty
Array is empty, cannot pop back.
[       OK ] ArrayTest.PopBackEmpty (0 ms)
[ RUN      ] ArrayTest.SearchIndexInvalidIndex
[       OK ] ArrayTest.SearchIndexInvalidIndex (0 ms)
[ RUN      ] ArrayTest.SetValueAtInvalidIndex
[       OK ] ArrayTest.SetValueAtInvalidIndex (0 ms)
[ RUN      ] ArrayTest.GetValueAtInvalidIndex
[       OK ] ArrayTest.GetValueAtInvalidIndex (0 ms)
[ RUN      ] ArrayTest.DisplayEmpty
[       OK ] ArrayTest.DisplayEmpty (0 ms)
[ RUN      ] ArrayTest.DisplayNonEmpty
[       OK ] ArrayTest.DisplayNonEmpty (0 ms)
[----------] 17 tests from ArrayTest (0 ms total)

[----------] Global test environment tear-down
[==========] 17 tests from 1 test suite ran. (0 ms total)
[  PASSED  ] 17 tests.
<end of output>
Test time =   0.00 sec
----------------------------------------------------------
Test Passed.
"test1" end time: Nov 22 21:25 +07
"test1" time elapsed: 00:00:00
----------------------------------------------------------

2/2 Testing: test2
2/2 Test: test2
Command: "/home/businka/second_semester_programming/laba3/build/list_testing"
Directory: /home/businka/second_semester_programming/laba3/build
"test2" start time: Nov 22 21:25 +07
Output:
----------------------------------------------------------
[==========] Running 24 tests from 1 test suite.
[----------] Global test environment set-up.
[----------] 24 tests from LinkedListTest
[ RUN      ] LinkedListTest.PushFront
[       OK ] LinkedListTest.PushFront (0 ms)
[ RUN      ] LinkedListTest.PushBack
[       OK ] LinkedListTest.PushBack (0 ms)
[ RUN      ] LinkedListTest.InsertValidIndex
[       OK ] LinkedListTest.InsertValidIndex (0 ms)
[ RUN      ] LinkedListTest.InsertInvalidIndex
[       OK ] LinkedListTest.InsertInvalidIndex (0 ms)
[ RUN      ] LinkedListTest.PopHead
[       OK ] LinkedListTest.PopHead (0 ms)
[ RUN      ] LinkedListTest.PopHeadEmptyList
[       OK ] LinkedListTest.PopHeadEmptyList (0 ms)
[ RUN      ] LinkedListTest.PopTail
[       OK ] LinkedListTest.PopTail (0 ms)
[ RUN      ] LinkedListTest.PopTailEmptyList
List is empty
List is empty
[       OK ] LinkedListTest.PopTailEmptyList (0 ms)
[ RUN      ] LinkedListTest.PopTailSingleNode
[       OK ] LinkedListTest.PopTailSingleNode (0 ms)
[ RUN      ] LinkedListTest.PopInHead
[       OK ] LinkedListTest.PopInHead (0 ms)
[ RUN      ] LinkedListTest.PopFromEmptyList
[       OK ] LinkedListTest.PopFromEmptyList (0 ms)
[ RUN      ] LinkedListTest.PopInvalidIndex
[       OK ] LinkedListTest.PopInvalidIndex (0 ms)
[ RUN      ] LinkedListTest.GetValueValidIndex
[       OK ] LinkedListTest.GetValueValidIndex (0 ms)
[ RUN      ] LinkedListTest.GetValueInvalidIndexMax
[       OK ] LinkedListTest.GetValueInvalidIndexMax (0 ms)
[ RUN      ] LinkedListTest.GetValueInvalidIndex
[       OK ] LinkedListTest.GetValueInvalidIndex (0 ms)
[ RUN      ] LinkedListTest.GetValueFromEmptyList
[       OK ] LinkedListTest.GetValueFromEmptyList (0 ms)
[ RUN      ] LinkedListTest.SearchExistingElement
[       OK ] LinkedListTest.SearchExistingElement (0 ms)
[ RUN      ] LinkedListTest.SearchNonExistingElement
[       OK ] LinkedListTest.SearchNonExistingElement (0 ms)
[ RUN      ] LinkedListTest.SearchInEmptyList
[       OK ] LinkedListTest.SearchInEmptyList (0 ms)
[ RUN      ] LinkedListTest.DisplayEmptyList
[       OK ] LinkedListTest.DisplayEmptyList (0 ms)
[ RUN      ] LinkedListTest.PopValueHead
[       OK ] LinkedListTest.PopValueHead (0 ms)
[ RUN      ] LinkedListTest.PopValueTail
[       OK ] LinkedListTest.PopValueTail (0 ms)
[ RUN      ] LinkedListTest.PopValueInList
[       OK ] LinkedListTest.PopValueInList (0 ms)
[ RUN      ] LinkedListTest.PopValueFromEmptyList
[       OK ] LinkedListTest.PopValueFromEmptyList (0 ms)
[----------] 24 tests from LinkedListTest (1 ms total)

[----------] Global test environment tear-down
[==========] 24 tests from 1 test suite ran. (1 ms total)
[  PASSED  ] 24 tests.
libgcov profiling error:/home/businka/second_semester_programming/laba3/build/CMakeFiles/list_testing.dir/list_testing.cpp.gcda:overwriting an existing profile data with a different timestamp
<end of output>
Test time =   0.00 sec
----------------------------------------------------------
Test Passed.
"test2" end time: Nov 22 21:25 +07
"test2" time elapsed: 00:00:00
----------------------------------------------------------

End testing: Nov 22 21:25 +07
