TN:
SF:/home/businka/second_semester_programming/laba3/List.hpp
FN:9,_ZN10LinkedListIiEC2Ev
FNDA:54,_ZN10LinkedListIiEC2Ev
FN:10,_ZN10LinkedListIiED2Ev
FNDA:54,_ZN10LinkedListIiED2Ev
FN:17,_ZN10LinkedListIiE10push_frontERKi
FNDA:4,_ZN10LinkedListIiE10push_frontERKi
FN:28,_ZN10LinkedListIiE9push_backERKi
FNDA:56,_ZN10LinkedListIiE9push_backERKi
FN:39,_ZN10LinkedListIiE6insertEiRKi
FNDA:12,_ZN10LinkedListIiE6insertEiRKi
FN:77,_ZN10LinkedListIiE8pop_headEv
FNDA:14,_ZN10LinkedListIiE8pop_headEv
FN:87,_ZN10LinkedListIiE8pop_tailEv
FNDA:10,_ZN10LinkedListIiE8pop_tailEv
FN:100,_ZN10LinkedListIiE3popEi
FNDA:10,_ZN10LinkedListIiE3popEi
FN:127,_ZN10LinkedListIiE9pop_valueEi
FNDA:8,_ZN10LinkedListIiE9pop_valueEi
FN:157,_ZNK10LinkedListIiE9get_valueEi
FNDA:16,_ZNK10LinkedListIiE9get_valueEi
FN:179,_ZN10LinkedListIiE6searchEi
FNDA:6,_ZN10LinkedListIiE6searchEi
FN:192,_ZN10LinkedListIiE7displayEv
FNDA:22,_ZN10LinkedListIiE7displayEv
DA:9,54
DA:10,54
DA:11,106
DA:12,52
DA:13,52
DA:14,52
DA:16,54
DA:17,4
DA:18,4
DA:19,4
DA:20,2
DA:21,2
DA:23,4
DA:24,2
DA:25,2
DA:27,4
DA:28,56
DA:29,56
DA:30,56
DA:31,30
DA:32,30
DA:34,56
DA:35,26
DA:36,26
DA:38,56
DA:39,12
DA:40,12
DA:41,2
DA:42,2
DA:45,10
DA:47,10
DA:48,4
DA:49,4
DA:51,4
DA:52,2
DA:55,6
DA:56,6
DA:58,16
DA:59,10
DA:60,10
DA:63,6
DA:64,2
DA:65,2
DA:66,2
DA:69,4
DA:70,4
DA:72,4
DA:73,2
DA:77,14
DA:78,14
DA:79,6
DA:82,8
DA:83,8
DA:84,8
DA:86,14
DA:87,10
DA:88,10
DA:89,2
DA:90,10
DA:91,4
DA:93,6
DA:94,6
DA:95,6
DA:96,6
DA:97,6
DA:99,10
DA:100,10
DA:101,10
DA:102,2
DA:103,2
DA:105,8
DA:106,8
DA:107,8
DA:108,4
DA:109,4
DA:110,4
DA:111,2
DA:112,2
DA:114,4
DA:115,2
DA:116,2
DA:118,2
DA:119,2
DA:120,2
DA:122,0
DA:123,0
DA:124,0
DA:127,8
DA:128,8
DA:129,2
DA:130,2
DA:132,6
DA:133,2
DA:134,2
DA:136,4
DA:137,2
DA:138,2
DA:140,2
DA:141,2
DA:143,4
DA:144,2
DA:145,2
DA:148,2
DA:149,0
DA:150,0
DA:153,2
DA:154,2
DA:157,16
DA:158,16
DA:159,2
DA:162,14
DA:163,2
DA:166,12
DA:167,12
DA:169,20
DA:170,18
DA:171,10
DA:173,8
DA:174,8
DA:177,2
DA:179,6
DA:180,6
DA:181,6
DA:182,2
DA:183,2
DA:185,6
DA:186,2
DA:188,4
DA:189,2
DA:190,2
DA:192,22
DA:193,22
DA:194,6
DA:195,6
DA:197,16
DA:198,50
DA:199,34
DA:200,34
DA:202,16
end_of_record
SF:/home/businka/second_semester_programming/laba3/Node.hpp
FN:17,_ZN4NodeIiEC2ERKiPS0_S3_
FNDA:70,_ZN4NodeIiEC2ERKiPS0_S3_
DA:17,70
DA:18,70
DA:19,70
end_of_record
SF:/home/businka/second_semester_programming/laba3/list_testing.cpp
FN:14,_ZN14LinkedListTest5SetUpEv
FNDA:48,_ZN14LinkedListTest5SetUpEv
FN:19,_ZN29LinkedListTest_PushFront_TestC2Ev
FNDA:2,_ZN29LinkedListTest_PushFront_TestC2Ev
FN:19,_ZN29LinkedListTest_PushFront_Test8TestBodyEv
FNDA:2,_ZN29LinkedListTest_PushFront_Test8TestBodyEv
FN:19,_ZN29LinkedListTest_PushFront_TestD2Ev
FNDA:2,_ZN29LinkedListTest_PushFront_TestD2Ev
FN:19,_ZN29LinkedListTest_PushFront_TestD0Ev
FNDA:2,_ZN29LinkedListTest_PushFront_TestD0Ev
FN:30,_ZN28LinkedListTest_PushBack_TestC2Ev
FNDA:2,_ZN28LinkedListTest_PushBack_TestC2Ev
FN:30,_ZN28LinkedListTest_PushBack_Test8TestBodyEv
FNDA:2,_ZN28LinkedListTest_PushBack_Test8TestBodyEv
FN:30,_ZN28LinkedListTest_PushBack_TestD2Ev
FNDA:2,_ZN28LinkedListTest_PushBack_TestD2Ev
FN:30,_ZN28LinkedListTest_PushBack_TestD0Ev
FNDA:2,_ZN28LinkedListTest_PushBack_TestD0Ev
FN:41,_ZN36LinkedListTest_InsertValidIndex_TestC2Ev
FNDA:2,_ZN36LinkedListTest_InsertValidIndex_TestC2Ev
FN:41,_ZN36LinkedListTest_InsertValidIndex_Test8TestBodyEv
FNDA:2,_ZN36LinkedListTest_InsertValidIndex_Test8TestBodyEv
FN:41,_ZN36LinkedListTest_InsertValidIndex_TestD2Ev
FNDA:2,_ZN36LinkedListTest_InsertValidIndex_TestD2Ev
FN:41,_ZN36LinkedListTest_InsertValidIndex_TestD0Ev
FNDA:2,_ZN36LinkedListTest_InsertValidIndex_TestD0Ev
FN:56,_ZN38LinkedListTest_InsertInvalidIndex_TestC2Ev
FNDA:2,_ZN38LinkedListTest_InsertInvalidIndex_TestC2Ev
FN:56,_ZN38LinkedListTest_InsertInvalidIndex_Test8TestBodyEv
FNDA:2,_ZN38LinkedListTest_InsertInvalidIndex_Test8TestBodyEv
FN:56,_ZN38LinkedListTest_InsertInvalidIndex_TestD2Ev
FNDA:2,_ZN38LinkedListTest_InsertInvalidIndex_TestD2Ev
FN:56,_ZN38LinkedListTest_InsertInvalidIndex_TestD0Ev
FNDA:2,_ZN38LinkedListTest_InsertInvalidIndex_TestD0Ev
FN:71,_ZN27LinkedListTest_PopHead_TestD2Ev
FNDA:2,_ZN27LinkedListTest_PopHead_TestD2Ev
FN:71,_ZN27LinkedListTest_PopHead_TestC2Ev
FNDA:2,_ZN27LinkedListTest_PopHead_TestC2Ev
FN:71,_ZN27LinkedListTest_PopHead_Test8TestBodyEv
FNDA:2,_ZN27LinkedListTest_PopHead_Test8TestBodyEv
FN:71,_ZN27LinkedListTest_PopHead_TestD0Ev
FNDA:2,_ZN27LinkedListTest_PopHead_TestD0Ev
FN:83,_ZN36LinkedListTest_PopHeadEmptyList_TestC2Ev
FNDA:2,_ZN36LinkedListTest_PopHeadEmptyList_TestC2Ev
FN:83,_ZN36LinkedListTest_PopHeadEmptyList_TestD0Ev
FNDA:2,_ZN36LinkedListTest_PopHeadEmptyList_TestD0Ev
FN:83,_ZN36LinkedListTest_PopHeadEmptyList_TestD2Ev
FNDA:2,_ZN36LinkedListTest_PopHeadEmptyList_TestD2Ev
FN:83,_ZN36LinkedListTest_PopHeadEmptyList_Test8TestBodyEv
FNDA:2,_ZN36LinkedListTest_PopHeadEmptyList_Test8TestBodyEv
FN:93,_ZN27LinkedListTest_PopTail_TestD0Ev
FNDA:2,_ZN27LinkedListTest_PopTail_TestD0Ev
FN:93,_ZN27LinkedListTest_PopTail_TestC2Ev
FNDA:2,_ZN27LinkedListTest_PopTail_TestC2Ev
FN:93,_ZN27LinkedListTest_PopTail_TestD2Ev
FNDA:2,_ZN27LinkedListTest_PopTail_TestD2Ev
FN:93,_ZN27LinkedListTest_PopTail_Test8TestBodyEv
FNDA:2,_ZN27LinkedListTest_PopTail_Test8TestBodyEv
FN:105,_ZN36LinkedListTest_PopTailEmptyList_TestC2Ev
FNDA:2,_ZN36LinkedListTest_PopTailEmptyList_TestC2Ev
FN:105,_ZN36LinkedListTest_PopTailEmptyList_TestD2Ev
FNDA:2,_ZN36LinkedListTest_PopTailEmptyList_TestD2Ev
FN:105,_ZN36LinkedListTest_PopTailEmptyList_Test8TestBodyEv
FNDA:2,_ZN36LinkedListTest_PopTailEmptyList_Test8TestBodyEv
FN:105,_ZN36LinkedListTest_PopTailEmptyList_TestD0Ev
FNDA:2,_ZN36LinkedListTest_PopTailEmptyList_TestD0Ev
FN:114,_ZN37LinkedListTest_PopTailSingleNode_TestC2Ev
FNDA:2,_ZN37LinkedListTest_PopTailSingleNode_TestC2Ev
FN:114,_ZN37LinkedListTest_PopTailSingleNode_TestD0Ev
FNDA:2,_ZN37LinkedListTest_PopTailSingleNode_TestD0Ev
FN:114,_ZN37LinkedListTest_PopTailSingleNode_TestD2Ev
FNDA:2,_ZN37LinkedListTest_PopTailSingleNode_TestD2Ev
FN:114,_ZN37LinkedListTest_PopTailSingleNode_Test8TestBodyEv
FNDA:2,_ZN37LinkedListTest_PopTailSingleNode_Test8TestBodyEv
FN:124,_ZN29LinkedListTest_PopInHead_TestD2Ev
FNDA:2,_ZN29LinkedListTest_PopInHead_TestD2Ev
FN:124,_ZN29LinkedListTest_PopInHead_TestD0Ev
FNDA:2,_ZN29LinkedListTest_PopInHead_TestD0Ev
FN:124,_ZN29LinkedListTest_PopInHead_Test8TestBodyEv
FNDA:2,_ZN29LinkedListTest_PopInHead_Test8TestBodyEv
FN:124,_ZN29LinkedListTest_PopInHead_TestC2Ev
FNDA:2,_ZN29LinkedListTest_PopInHead_TestC2Ev
FN:140,_ZN36LinkedListTest_PopFromEmptyList_TestD2Ev
FNDA:2,_ZN36LinkedListTest_PopFromEmptyList_TestD2Ev
FN:140,_ZN36LinkedListTest_PopFromEmptyList_Test8TestBodyEv
FNDA:2,_ZN36LinkedListTest_PopFromEmptyList_Test8TestBodyEv
FN:140,_ZN36LinkedListTest_PopFromEmptyList_TestC2Ev
FNDA:2,_ZN36LinkedListTest_PopFromEmptyList_TestC2Ev
FN:140,_ZN36LinkedListTest_PopFromEmptyList_TestD0Ev
FNDA:2,_ZN36LinkedListTest_PopFromEmptyList_TestD0Ev
FN:147,_ZN35LinkedListTest_PopInvalidIndex_TestC2Ev
FNDA:2,_ZN35LinkedListTest_PopInvalidIndex_TestC2Ev
FN:147,_ZN35LinkedListTest_PopInvalidIndex_TestD0Ev
FNDA:2,_ZN35LinkedListTest_PopInvalidIndex_TestD0Ev
FN:147,_ZN35LinkedListTest_PopInvalidIndex_TestD2Ev
FNDA:2,_ZN35LinkedListTest_PopInvalidIndex_TestD2Ev
FN:147,_ZN35LinkedListTest_PopInvalidIndex_Test8TestBodyEv
FNDA:2,_ZN35LinkedListTest_PopInvalidIndex_Test8TestBodyEv
FN:154,_ZN38LinkedListTest_GetValueValidIndex_TestC2Ev
FNDA:2,_ZN38LinkedListTest_GetValueValidIndex_TestC2Ev
FN:154,_ZN38LinkedListTest_GetValueValidIndex_Test8TestBodyEv
FNDA:2,_ZN38LinkedListTest_GetValueValidIndex_Test8TestBodyEv
FN:154,_ZN38LinkedListTest_GetValueValidIndex_TestD2Ev
FNDA:2,_ZN38LinkedListTest_GetValueValidIndex_TestD2Ev
FN:154,_ZN38LinkedListTest_GetValueValidIndex_TestD0Ev
FNDA:2,_ZN38LinkedListTest_GetValueValidIndex_TestD0Ev
FN:164,_ZN43LinkedListTest_GetValueInvalidIndexMax_TestD2Ev
FNDA:2,_ZN43LinkedListTest_GetValueInvalidIndexMax_TestD2Ev
FN:164,_ZN43LinkedListTest_GetValueInvalidIndexMax_TestD0Ev
FNDA:2,_ZN43LinkedListTest_GetValueInvalidIndexMax_TestD0Ev
FN:164,_ZN43LinkedListTest_GetValueInvalidIndexMax_Test8TestBodyEv
FNDA:2,_ZN43LinkedListTest_GetValueInvalidIndexMax_Test8TestBodyEv
FN:164,_ZN43LinkedListTest_GetValueInvalidIndexMax_TestC2Ev
FNDA:2,_ZN43LinkedListTest_GetValueInvalidIndexMax_TestC2Ev
FN:169,_ZN40LinkedListTest_GetValueInvalidIndex_TestD0Ev
FNDA:2,_ZN40LinkedListTest_GetValueInvalidIndex_TestD0Ev
FN:169,_ZN40LinkedListTest_GetValueInvalidIndex_TestD2Ev
FNDA:2,_ZN40LinkedListTest_GetValueInvalidIndex_TestD2Ev
FN:169,_ZN40LinkedListTest_GetValueInvalidIndex_Test8TestBodyEv
FNDA:2,_ZN40LinkedListTest_GetValueInvalidIndex_Test8TestBodyEv
FN:169,_ZN40LinkedListTest_GetValueInvalidIndex_TestC2Ev
FNDA:2,_ZN40LinkedListTest_GetValueInvalidIndex_TestC2Ev
FN:173,_ZN41LinkedListTest_GetValueFromEmptyList_Test8TestBodyEv
FNDA:2,_ZN41LinkedListTest_GetValueFromEmptyList_Test8TestBodyEv
FN:173,_ZN41LinkedListTest_GetValueFromEmptyList_TestC2Ev
FNDA:2,_ZN41LinkedListTest_GetValueFromEmptyList_TestC2Ev
FN:173,_ZN41LinkedListTest_GetValueFromEmptyList_TestD2Ev
FNDA:2,_ZN41LinkedListTest_GetValueFromEmptyList_TestD2Ev
FN:173,_ZN41LinkedListTest_GetValueFromEmptyList_TestD0Ev
FNDA:2,_ZN41LinkedListTest_GetValueFromEmptyList_TestD0Ev
FN:178,_ZN41LinkedListTest_SearchExistingElement_TestD2Ev
FNDA:2,_ZN41LinkedListTest_SearchExistingElement_TestD2Ev
FN:178,_ZN41LinkedListTest_SearchExistingElement_TestC2Ev
FNDA:2,_ZN41LinkedListTest_SearchExistingElement_TestC2Ev
FN:178,_ZN41LinkedListTest_SearchExistingElement_Test8TestBodyEv
FNDA:2,_ZN41LinkedListTest_SearchExistingElement_Test8TestBodyEv
FN:178,_ZN41LinkedListTest_SearchExistingElement_TestD0Ev
FNDA:2,_ZN41LinkedListTest_SearchExistingElement_TestD0Ev
FN:186,_ZN44LinkedListTest_SearchNonExistingElement_TestD2Ev
FNDA:2,_ZN44LinkedListTest_SearchNonExistingElement_TestD2Ev
FN:186,_ZN44LinkedListTest_SearchNonExistingElement_TestD0Ev
FNDA:2,_ZN44LinkedListTest_SearchNonExistingElement_TestD0Ev
FN:186,_ZN44LinkedListTest_SearchNonExistingElement_Test8TestBodyEv
FNDA:2,_ZN44LinkedListTest_SearchNonExistingElement_Test8TestBodyEv
FN:186,_ZN44LinkedListTest_SearchNonExistingElement_TestC2Ev
FNDA:2,_ZN44LinkedListTest_SearchNonExistingElement_TestC2Ev
FN:195,_ZN37LinkedListTest_SearchInEmptyList_TestD0Ev
FNDA:2,_ZN37LinkedListTest_SearchInEmptyList_TestD0Ev
FN:195,_ZN37LinkedListTest_SearchInEmptyList_TestD2Ev
FNDA:2,_ZN37LinkedListTest_SearchInEmptyList_TestD2Ev
FN:195,_ZN37LinkedListTest_SearchInEmptyList_Test8TestBodyEv
FNDA:2,_ZN37LinkedListTest_SearchInEmptyList_Test8TestBodyEv
FN:195,_ZN37LinkedListTest_SearchInEmptyList_TestC2Ev
FNDA:2,_ZN37LinkedListTest_SearchInEmptyList_TestC2Ev
FN:203,_ZN36LinkedListTest_DisplayEmptyList_TestD0Ev
FNDA:2,_ZN36LinkedListTest_DisplayEmptyList_TestD0Ev
FN:203,_ZN36LinkedListTest_DisplayEmptyList_Test8TestBodyEv
FNDA:2,_ZN36LinkedListTest_DisplayEmptyList_Test8TestBodyEv
FN:203,_ZN36LinkedListTest_DisplayEmptyList_TestC2Ev
FNDA:2,_ZN36LinkedListTest_DisplayEmptyList_TestC2Ev
FN:203,_ZN36LinkedListTest_DisplayEmptyList_TestD2Ev
FNDA:2,_ZN36LinkedListTest_DisplayEmptyList_TestD2Ev
FN:213,_ZN32LinkedListTest_PopValueHead_TestD0Ev
FNDA:2,_ZN32LinkedListTest_PopValueHead_TestD0Ev
FN:213,_ZN32LinkedListTest_PopValueHead_TestC2Ev
FNDA:2,_ZN32LinkedListTest_PopValueHead_TestC2Ev
FN:213,_ZN32LinkedListTest_PopValueHead_Test8TestBodyEv
FNDA:2,_ZN32LinkedListTest_PopValueHead_Test8TestBodyEv
FN:213,_ZN32LinkedListTest_PopValueHead_TestD2Ev
FNDA:2,_ZN32LinkedListTest_PopValueHead_TestD2Ev
FN:226,_ZN32LinkedListTest_PopValueTail_Test8TestBodyEv
FNDA:2,_ZN32LinkedListTest_PopValueTail_Test8TestBodyEv
FN:226,_ZN32LinkedListTest_PopValueTail_TestC2Ev
FNDA:2,_ZN32LinkedListTest_PopValueTail_TestC2Ev
FN:226,_ZN32LinkedListTest_PopValueTail_TestD2Ev
FNDA:2,_ZN32LinkedListTest_PopValueTail_TestD2Ev
FN:226,_ZN32LinkedListTest_PopValueTail_TestD0Ev
FNDA:2,_ZN32LinkedListTest_PopValueTail_TestD0Ev
FN:238,_ZN34LinkedListTest_PopValueInList_Test8TestBodyEv
FNDA:2,_ZN34LinkedListTest_PopValueInList_Test8TestBodyEv
FN:238,_ZN34LinkedListTest_PopValueInList_TestC2Ev
FNDA:2,_ZN34LinkedListTest_PopValueInList_TestC2Ev
FN:238,_ZN34LinkedListTest_PopValueInList_TestD2Ev
FNDA:2,_ZN34LinkedListTest_PopValueInList_TestD2Ev
FN:238,_ZN34LinkedListTest_PopValueInList_TestD0Ev
FNDA:2,_ZN34LinkedListTest_PopValueInList_TestD0Ev
FN:251,_ZN41LinkedListTest_PopValueFromEmptyList_TestD2Ev
FNDA:2,_ZN41LinkedListTest_PopValueFromEmptyList_TestD2Ev
FN:251,_ZN41LinkedListTest_PopValueFromEmptyList_Test8TestBodyEv
FNDA:2,_ZN41LinkedListTest_PopValueFromEmptyList_Test8TestBodyEv
FN:251,_ZN41LinkedListTest_PopValueFromEmptyList_TestD0Ev
FNDA:2,_ZN41LinkedListTest_PopValueFromEmptyList_TestD0Ev
FN:251,_ZN41LinkedListTest_PopValueFromEmptyList_TestC2Ev
FNDA:2,_ZN41LinkedListTest_PopValueFromEmptyList_TestC2Ev
FN:259,main
FNDA:2,main
DA:14,48
DA:16,48
DA:19,2
DA:19,2
DA:19,2
DA:19,2
DA:20,2
DA:21,2
DA:22,2
DA:23,2
DA:24,2
DA:25,2
DA:27,4
DA:28,2
DA:30,2
DA:30,2
DA:30,2
DA:30,2
DA:31,2
DA:32,2
DA:33,2
DA:34,2
DA:35,2
DA:36,2
DA:38,4
DA:39,2
DA:41,2
DA:41,2
DA:41,2
DA:41,2
DA:42,2
DA:43,2
DA:44,2
DA:45,2
DA:46,2
DA:47,2
DA:48,2
DA:49,2
DA:50,2
DA:51,2
DA:53,4
DA:54,2
DA:56,2
DA:56,2
DA:56,2
DA:56,2
DA:58,2
DA:60,2
DA:61,4
DA:64,2
DA:66,2
DA:67,2
DA:68,4
DA:69,2
DA:71,2
DA:71,2
DA:71,2
DA:71,2
DA:72,2
DA:73,2
DA:74,2
DA:75,2
DA:76,2
DA:77,2
DA:78,2
DA:80,4
DA:81,2
DA:83,2
DA:83,2
DA:83,2
DA:83,2
DA:84,2
DA:85,2
DA:87,2
DA:89,2
DA:90,4
DA:91,2
DA:93,2
DA:93,2
DA:93,2
DA:93,2
DA:94,2
DA:95,2
DA:96,2
DA:97,2
DA:98,2
DA:99,2
DA:100,2
DA:102,4
DA:103,2
DA:105,2
DA:105,2
DA:105,2
DA:105,2
DA:106,2
DA:107,2
DA:108,2
DA:109,2
DA:110,2
DA:111,4
DA:112,2
DA:114,2
DA:114,2
DA:114,2
DA:114,2
DA:115,2
DA:116,2
DA:117,2
DA:118,2
DA:119,2
DA:120,2
DA:121,4
DA:122,2
DA:124,2
DA:124,2
DA:124,2
DA:124,2
DA:125,2
DA:126,2
DA:127,2
DA:128,2
DA:130,2
DA:131,2
DA:132,2
DA:134,2
DA:135,2
DA:136,4
DA:137,2
DA:138,2
DA:140,2
DA:140,2
DA:140,2
DA:140,2
DA:141,2
DA:142,2
DA:143,2
DA:144,2
DA:145,2
DA:147,2
DA:147,2
DA:147,2
DA:147,2
DA:148,2
DA:149,2
DA:150,2
DA:151,2
DA:152,2
DA:154,2
DA:154,2
DA:154,2
DA:154,2
DA:155,2
DA:156,2
DA:157,2
DA:159,2
DA:160,2
DA:161,2
DA:162,2
DA:164,2
DA:164,2
DA:164,2
DA:164,2
DA:165,2
DA:166,2
DA:167,2
DA:169,2
DA:169,2
DA:169,2
DA:169,2
DA:170,2
DA:171,2
DA:173,2
DA:173,2
DA:173,2
DA:173,2
DA:174,2
DA:175,2
DA:176,2
DA:178,2
DA:178,2
DA:178,2
DA:178,2
DA:179,2
DA:180,2
DA:181,2
DA:182,2
DA:183,2
DA:184,2
DA:186,2
DA:186,2
DA:186,2
DA:186,2
DA:187,2
DA:188,2
DA:189,2
DA:190,2
DA:191,2
DA:192,2
DA:193,2
DA:195,2
DA:195,2
DA:195,2
DA:195,2
DA:196,2
DA:197,2
DA:198,2
DA:199,2
DA:200,2
DA:201,2
DA:203,2
DA:203,2
DA:203,2
DA:203,2
DA:204,2
DA:205,2
DA:207,2
DA:209,2
DA:210,4
DA:211,2
DA:213,2
DA:213,2
DA:213,2
DA:213,2
DA:214,2
DA:215,2
DA:216,2
DA:217,2
DA:219,2
DA:220,2
DA:221,2
DA:222,2
DA:223,4
DA:224,2
DA:226,2
DA:226,2
DA:226,2
DA:226,2
DA:227,2
DA:228,2
DA:229,2
DA:231,2
DA:232,2
DA:233,2
DA:234,2
DA:235,4
DA:236,2
DA:238,2
DA:238,2
DA:238,2
DA:238,2
DA:239,2
DA:240,2
DA:241,2
DA:242,2
DA:244,2
DA:245,2
DA:246,2
DA:247,2
DA:248,4
DA:249,2
DA:251,2
DA:251,2
DA:251,2
DA:251,2
DA:252,2
DA:253,2
DA:254,2
DA:255,2
DA:256,2
DA:257,2
DA:259,2
DA:260,2
DA:261,2
end_of_record
TN:
SF:/home/businka/second_semester_programming/laba3/Array.hpp
FN:7,_ZN5ArrayIiEC2Ev
FNDA:986,_ZN5ArrayIiEC2Ev
FN:11,_ZN5ArrayIiED2Ev
FNDA:986,_ZN5ArrayIiED2Ev
FN:15,_ZN5ArrayIiE10push_frontERKi
FNDA:174,_ZN5ArrayIiE10push_frontERKi
FN:36,_ZN5ArrayIiE9push_backERKi
FNDA:1624,_ZN5ArrayIiE9push_backERKi
FN:54,_ZN5ArrayIiE7push_inEiRKi
FNDA:58,_ZN5ArrayIiE7push_inEiRKi
FN:81,_ZN5ArrayIiE9pop_frontEv
FNDA:116,_ZN5ArrayIiE9pop_frontEv
FN:92,_ZN5ArrayIiE8pop_backEv
FNDA:116,_ZN5ArrayIiE8pop_backEv
FN:100,_ZN5ArrayIiE6pop_inEi
FNDA:116,_ZN5ArrayIiE6pop_inEi
FN:111,_ZN5ArrayIiE6searchERKi
FNDA:116,_ZN5ArrayIiE6searchERKi
FN:122,_ZN5ArrayIiE12search_indexEi
FNDA:232,_ZN5ArrayIiE12search_indexEi
FN:132,_ZN5ArrayIiE12set_value_atEii
FNDA:174,_ZN5ArrayIiE12set_value_atEii
FN:141,_ZN5ArrayIiE12get_value_atEi
FNDA:348,_ZN5ArrayIiE12get_value_atEi
FN:150,_ZN5ArrayIiE8get_sizeEv
FNDA:522,_ZN5ArrayIiE8get_sizeEv
FN:154,_ZN5ArrayIiE7displayEv
FNDA:116,_ZN5ArrayIiE7displayEv
DA:7,986
DA:8,986
DA:9,986
DA:11,986
DA:12,986
DA:13,986
DA:15,174
DA:16,174
DA:17,58
DA:18,58
DA:20,174
DA:21,116
DA:24,58
DA:25,58
DA:26,58
DA:28,348
DA:29,174
DA:32,174
DA:33,174
DA:34,174
DA:36,1624
DA:37,1624
DA:38,232
DA:39,232
DA:41,696
DA:42,464
DA:45,232
DA:46,232
DA:47,232
DA:50,1624
DA:51,1624
DA:52,1624
DA:54,58
DA:55,58
DA:56,0
DA:57,0
DA:60,58
DA:61,58
DA:62,58
DA:64,174
DA:65,116
DA:68,58
DA:69,58
DA:70,58
DA:73,116
DA:74,58
DA:77,58
DA:78,58
DA:81,116
DA:82,116
DA:83,58
DA:85,116
DA:86,58
DA:88,58
DA:90,116
DA:92,116
DA:93,116
DA:94,58
DA:96,58
DA:98,116
DA:100,116
DA:101,116
DA:102,58
DA:103,58
DA:105,116
DA:106,58
DA:108,58
DA:111,116
DA:112,348
DA:113,290
DA:114,58
DA:115,58
DA:118,58
DA:119,58
DA:122,232
DA:123,232
DA:124,174
DA:125,174
DA:127,58
DA:128,58
DA:132,174
DA:133,174
DA:134,116
DA:135,116
DA:138,58
DA:141,348
DA:142,348
DA:143,290
DA:145,58
DA:146,58
DA:150,522
DA:151,522
DA:154,116
DA:155,116
DA:156,58
DA:157,58
DA:159,232
DA:160,174
DA:162,58
end_of_record
SF:/home/businka/second_semester_programming/laba3/array_testing.cpp
FN:10,_ZN23ArrayTest_PushBack_TestC2Ev
FNDA:58,_ZN23ArrayTest_PushBack_TestC2Ev
FN:10,_ZN23ArrayTest_PushBack_Test8TestBodyEv
FNDA:58,_ZN23ArrayTest_PushBack_Test8TestBodyEv
FN:10,_ZN23ArrayTest_PushBack_TestD2Ev
FNDA:58,_ZN23ArrayTest_PushBack_TestD2Ev
FN:10,_ZN23ArrayTest_PushBack_TestD0Ev
FNDA:58,_ZN23ArrayTest_PushBack_TestD0Ev
FN:18,_ZN24ArrayTest_PushFront_TestC2Ev
FNDA:58,_ZN24ArrayTest_PushFront_TestC2Ev
FN:18,_ZN24ArrayTest_PushFront_Test8TestBodyEv
FNDA:58,_ZN24ArrayTest_PushFront_Test8TestBodyEv
FN:18,_ZN24ArrayTest_PushFront_TestD2Ev
FNDA:58,_ZN24ArrayTest_PushFront_TestD2Ev
FN:18,_ZN24ArrayTest_PushFront_TestD0Ev
FNDA:58,_ZN24ArrayTest_PushFront_TestD0Ev
FN:28,_ZN21ArrayTest_PushIn_TestC2Ev
FNDA:58,_ZN21ArrayTest_PushIn_TestC2Ev
FN:28,_ZN21ArrayTest_PushIn_Test8TestBodyEv
FNDA:58,_ZN21ArrayTest_PushIn_Test8TestBodyEv
FN:28,_ZN21ArrayTest_PushIn_TestD2Ev
FNDA:58,_ZN21ArrayTest_PushIn_TestD2Ev
FN:28,_ZN21ArrayTest_PushIn_TestD0Ev
FNDA:58,_ZN21ArrayTest_PushIn_TestD0Ev
FN:37,_ZN23ArrayTest_PopFront_TestC2Ev
FNDA:58,_ZN23ArrayTest_PopFront_TestC2Ev
FN:37,_ZN23ArrayTest_PopFront_Test8TestBodyEv
FNDA:58,_ZN23ArrayTest_PopFront_Test8TestBodyEv
FN:37,_ZN23ArrayTest_PopFront_TestD2Ev
FNDA:58,_ZN23ArrayTest_PopFront_TestD2Ev
FN:37,_ZN23ArrayTest_PopFront_TestD0Ev
FNDA:58,_ZN23ArrayTest_PopFront_TestD0Ev
FN:46,_ZN22ArrayTest_PopBack_TestD0Ev
FNDA:58,_ZN22ArrayTest_PopBack_TestD0Ev
FN:46,_ZN22ArrayTest_PopBack_Test8TestBodyEv
FNDA:58,_ZN22ArrayTest_PopBack_Test8TestBodyEv
FN:46,_ZN22ArrayTest_PopBack_TestD2Ev
FNDA:58,_ZN22ArrayTest_PopBack_TestD2Ev
FN:46,_ZN22ArrayTest_PopBack_TestC2Ev
FNDA:58,_ZN22ArrayTest_PopBack_TestC2Ev
FN:55,_ZN20ArrayTest_PopIn_TestD0Ev
FNDA:58,_ZN20ArrayTest_PopIn_TestD0Ev
FN:55,_ZN20ArrayTest_PopIn_TestC2Ev
FNDA:58,_ZN20ArrayTest_PopIn_TestC2Ev
FN:55,_ZN20ArrayTest_PopIn_TestD2Ev
FNDA:58,_ZN20ArrayTest_PopIn_TestD2Ev
FN:55,_ZN20ArrayTest_PopIn_Test8TestBodyEv
FNDA:58,_ZN20ArrayTest_PopIn_Test8TestBodyEv
FN:65,_ZN21ArrayTest_Search_TestD2Ev
FNDA:58,_ZN21ArrayTest_Search_TestD2Ev
FN:65,_ZN21ArrayTest_Search_TestD0Ev
FNDA:58,_ZN21ArrayTest_Search_TestD0Ev
FN:65,_ZN21ArrayTest_Search_TestC2Ev
FNDA:58,_ZN21ArrayTest_Search_TestC2Ev
FN:65,_ZN21ArrayTest_Search_Test8TestBodyEv
FNDA:58,_ZN21ArrayTest_Search_Test8TestBodyEv
FN:74,_ZN25ArrayTest_SetValueAt_TestD0Ev
FNDA:58,_ZN25ArrayTest_SetValueAt_TestD0Ev
FN:74,_ZN25ArrayTest_SetValueAt_TestD2Ev
FNDA:58,_ZN25ArrayTest_SetValueAt_TestD2Ev
FN:74,_ZN25ArrayTest_SetValueAt_Test8TestBodyEv
FNDA:58,_ZN25ArrayTest_SetValueAt_Test8TestBodyEv
FN:74,_ZN25ArrayTest_SetValueAt_TestC2Ev
FNDA:58,_ZN25ArrayTest_SetValueAt_TestC2Ev
FN:82,_ZN32ArrayTest_InvalidIndexPopIn_Test8TestBodyEv
FNDA:58,_ZN32ArrayTest_InvalidIndexPopIn_Test8TestBodyEv
FN:82,_ZN32ArrayTest_InvalidIndexPopIn_TestC2Ev
FNDA:58,_ZN32ArrayTest_InvalidIndexPopIn_TestC2Ev
FN:82,_ZN32ArrayTest_InvalidIndexPopIn_TestD2Ev
FNDA:58,_ZN32ArrayTest_InvalidIndexPopIn_TestD2Ev
FN:82,_ZN32ArrayTest_InvalidIndexPopIn_TestD0Ev
FNDA:58,_ZN32ArrayTest_InvalidIndexPopIn_TestD0Ev
FN:89,_ZN37ArrayTest_InvalidIndexSetValueAt_TestC2Ev
FNDA:58,_ZN37ArrayTest_InvalidIndexSetValueAt_TestC2Ev
FN:89,_ZN37ArrayTest_InvalidIndexSetValueAt_Test8TestBodyEv
FNDA:58,_ZN37ArrayTest_InvalidIndexSetValueAt_Test8TestBodyEv
FN:89,_ZN37ArrayTest_InvalidIndexSetValueAt_TestD0Ev
FNDA:58,_ZN37ArrayTest_InvalidIndexSetValueAt_TestD0Ev
FN:89,_ZN37ArrayTest_InvalidIndexSetValueAt_TestD2Ev
FNDA:58,_ZN37ArrayTest_InvalidIndexSetValueAt_TestD2Ev
FN:96,_ZN28ArrayTest_PopFrontEmpty_TestD2Ev
FNDA:58,_ZN28ArrayTest_PopFrontEmpty_TestD2Ev
FN:96,_ZN28ArrayTest_PopFrontEmpty_TestC2Ev
FNDA:58,_ZN28ArrayTest_PopFrontEmpty_TestC2Ev
FN:96,_ZN28ArrayTest_PopFrontEmpty_TestD0Ev
FNDA:58,_ZN28ArrayTest_PopFrontEmpty_TestD0Ev
FN:96,_ZN28ArrayTest_PopFrontEmpty_Test8TestBodyEv
FNDA:58,_ZN28ArrayTest_PopFrontEmpty_Test8TestBodyEv
FN:102,_ZN27ArrayTest_PopBackEmpty_TestD0Ev
FNDA:58,_ZN27ArrayTest_PopBackEmpty_TestD0Ev
FN:102,_ZN27ArrayTest_PopBackEmpty_TestC2Ev
FNDA:58,_ZN27ArrayTest_PopBackEmpty_TestC2Ev
FN:102,_ZN27ArrayTest_PopBackEmpty_Test8TestBodyEv
FNDA:58,_ZN27ArrayTest_PopBackEmpty_Test8TestBodyEv
FN:102,_ZN27ArrayTest_PopBackEmpty_TestD2Ev
FNDA:58,_ZN27ArrayTest_PopBackEmpty_TestD2Ev
FN:108,_ZN38ArrayTest_SearchIndexInvalidIndex_TestD0Ev
FNDA:58,_ZN38ArrayTest_SearchIndexInvalidIndex_TestD0Ev
FN:108,_ZN38ArrayTest_SearchIndexInvalidIndex_TestC2Ev
FNDA:58,_ZN38ArrayTest_SearchIndexInvalidIndex_TestC2Ev
FN:108,_ZN38ArrayTest_SearchIndexInvalidIndex_TestD2Ev
FNDA:58,_ZN38ArrayTest_SearchIndexInvalidIndex_TestD2Ev
FN:108,_ZN38ArrayTest_SearchIndexInvalidIndex_Test8TestBodyEv
FNDA:58,_ZN38ArrayTest_SearchIndexInvalidIndex_Test8TestBodyEv
FN:122,_ZN37ArrayTest_SetValueAtInvalidIndex_TestC2Ev
FNDA:58,_ZN37ArrayTest_SetValueAtInvalidIndex_TestC2Ev
FN:122,_ZN37ArrayTest_SetValueAtInvalidIndex_TestD0Ev
FNDA:58,_ZN37ArrayTest_SetValueAtInvalidIndex_TestD0Ev
FN:122,_ZN37ArrayTest_SetValueAtInvalidIndex_Test8TestBodyEv
FNDA:58,_ZN37ArrayTest_SetValueAtInvalidIndex_Test8TestBodyEv
FN:122,_ZN37ArrayTest_SetValueAtInvalidIndex_TestD2Ev
FNDA:58,_ZN37ArrayTest_SetValueAtInvalidIndex_TestD2Ev
FN:135,_ZN37ArrayTest_GetValueAtInvalidIndex_TestD0Ev
FNDA:58,_ZN37ArrayTest_GetValueAtInvalidIndex_TestD0Ev
FN:135,_ZN37ArrayTest_GetValueAtInvalidIndex_TestC2Ev
FNDA:58,_ZN37ArrayTest_GetValueAtInvalidIndex_TestC2Ev
FN:135,_ZN37ArrayTest_GetValueAtInvalidIndex_TestD2Ev
FNDA:58,_ZN37ArrayTest_GetValueAtInvalidIndex_TestD2Ev
FN:135,_ZN37ArrayTest_GetValueAtInvalidIndex_Test8TestBodyEv
FNDA:58,_ZN37ArrayTest_GetValueAtInvalidIndex_Test8TestBodyEv
FN:151,_ZN27ArrayTest_DisplayEmpty_TestD0Ev
FNDA:58,_ZN27ArrayTest_DisplayEmpty_TestD0Ev
FN:151,_ZN27ArrayTest_DisplayEmpty_Test8TestBodyEv
FNDA:58,_ZN27ArrayTest_DisplayEmpty_Test8TestBodyEv
FN:151,_ZN27ArrayTest_DisplayEmpty_TestC2Ev
FNDA:58,_ZN27ArrayTest_DisplayEmpty_TestC2Ev
FN:151,_ZN27ArrayTest_DisplayEmpty_TestD2Ev
FNDA:58,_ZN27ArrayTest_DisplayEmpty_TestD2Ev
FN:159,_ZN30ArrayTest_DisplayNonEmpty_TestC2Ev
FNDA:58,_ZN30ArrayTest_DisplayNonEmpty_TestC2Ev
FN:159,_ZN30ArrayTest_DisplayNonEmpty_Test8TestBodyEv
FNDA:58,_ZN30ArrayTest_DisplayNonEmpty_Test8TestBodyEv
FN:159,_ZN30ArrayTest_DisplayNonEmpty_TestD2Ev
FNDA:58,_ZN30ArrayTest_DisplayNonEmpty_TestD2Ev
FN:159,_ZN30ArrayTest_DisplayNonEmpty_TestD0Ev
FNDA:58,_ZN30ArrayTest_DisplayNonEmpty_TestD0Ev
FN:170,main
FNDA:58,main
DA:10,58
DA:10,58
DA:10,58
DA:10,58
DA:11,58
DA:12,58
DA:13,58
DA:14,58
DA:15,58
DA:16,58
DA:18,58
DA:18,58
DA:18,58
DA:18,58
DA:19,58
DA:20,58
DA:21,58
DA:22,58
DA:23,58
DA:24,58
DA:25,58
DA:26,58
DA:28,58
DA:28,58
DA:28,58
DA:28,58
DA:29,58
DA:30,58
DA:31,58
DA:32,58
DA:33,58
DA:34,58
DA:35,58
DA:37,58
DA:37,58
DA:37,58
DA:37,58
DA:38,58
DA:39,58
DA:40,58
DA:41,58
DA:42,58
DA:43,58
DA:44,58
DA:46,58
DA:46,58
DA:46,58
DA:46,58
DA:47,58
DA:48,58
DA:49,58
DA:50,58
DA:51,58
DA:52,58
DA:53,58
DA:55,58
DA:55,58
DA:55,58
DA:55,58
DA:56,58
DA:57,58
DA:58,58
DA:59,58
DA:60,58
DA:61,58
DA:62,58
DA:63,58
DA:65,58
DA:65,58
DA:65,58
DA:65,58
DA:66,58
DA:67,58
DA:68,58
DA:69,58
DA:70,58
DA:71,58
DA:72,58
DA:74,58
DA:74,58
DA:74,58
DA:74,58
DA:75,58
DA:76,58
DA:77,58
DA:78,58
DA:79,58
DA:80,58
DA:82,58
DA:82,58
DA:82,58
DA:82,58
DA:83,58
DA:84,58
DA:85,58
DA:86,58
DA:87,58
DA:89,58
DA:89,58
DA:89,58
DA:89,58
DA:90,58
DA:91,58
DA:92,58
DA:93,58
DA:94,58
DA:96,58
DA:96,58
DA:96,58
DA:96,58
DA:97,58
DA:98,58
DA:99,58
DA:100,58
DA:102,58
DA:102,58
DA:102,58
DA:102,58
DA:103,58
DA:104,58
DA:105,58
DA:106,58
DA:108,58
DA:108,58
DA:108,58
DA:108,58
DA:109,58
DA:110,58
DA:111,58
DA:112,58
DA:113,58
DA:115,58
DA:116,58
DA:118,58
DA:119,58
DA:120,58
DA:122,58
DA:122,58
DA:122,58
DA:122,58
DA:123,58
DA:124,58
DA:125,58
DA:127,58
DA:128,58
DA:129,58
DA:131,58
DA:132,58
DA:133,58
DA:135,58
DA:135,58
DA:135,58
DA:135,58
DA:136,58
DA:137,58
DA:138,58
DA:140,58
DA:141,58
DA:143,58
DA:145,58
DA:147,58
DA:148,58
DA:149,58
DA:151,58
DA:151,58
DA:151,58
DA:151,58
DA:152,58
DA:153,58
DA:154,58
DA:155,58
DA:156,58
DA:157,58
DA:159,58
DA:159,58
DA:159,58
DA:159,58
DA:160,58
DA:161,58
DA:162,58
DA:163,58
DA:164,58
DA:165,58
DA:166,58
DA:167,58
DA:168,58
DA:170,58
DA:171,58
DA:172,58
end_of_record
