TN:
SF:/home/businka/second_semester_programming/laba3/array_testing.cpp
FN:10,_ZN23ArrayTest_PushBack_TestC2Ev
FNDA:4,_ZN23ArrayTest_PushBack_TestC2Ev
FN:10,_ZN23ArrayTest_PushBack_Test8TestBodyEv
FNDA:4,_ZN23ArrayTest_PushBack_Test8TestBodyEv
FN:10,_ZN23ArrayTest_PushBack_TestD2Ev
FNDA:4,_ZN23ArrayTest_PushBack_TestD2Ev
FN:10,_ZN23ArrayTest_PushBack_TestD0Ev
FNDA:4,_ZN23ArrayTest_PushBack_TestD0Ev
FN:18,_ZN24ArrayTest_PushFront_TestC2Ev
FNDA:4,_ZN24ArrayTest_PushFront_TestC2Ev
FN:18,_ZN24ArrayTest_PushFront_Test8TestBodyEv
FNDA:4,_ZN24ArrayTest_PushFront_Test8TestBodyEv
FN:18,_ZN24ArrayTest_PushFront_TestD2Ev
FNDA:4,_ZN24ArrayTest_PushFront_TestD2Ev
FN:18,_ZN24ArrayTest_PushFront_TestD0Ev
FNDA:4,_ZN24ArrayTest_PushFront_TestD0Ev
FN:28,_ZN21ArrayTest_PushIn_TestC2Ev
FNDA:4,_ZN21ArrayTest_PushIn_TestC2Ev
FN:28,_ZN21ArrayTest_PushIn_Test8TestBodyEv
FNDA:4,_ZN21ArrayTest_PushIn_Test8TestBodyEv
FN:28,_ZN21ArrayTest_PushIn_TestD2Ev
FNDA:4,_ZN21ArrayTest_PushIn_TestD2Ev
FN:28,_ZN21ArrayTest_PushIn_TestD0Ev
FNDA:4,_ZN21ArrayTest_PushIn_TestD0Ev
FN:37,_ZN23ArrayTest_PopFront_TestC2Ev
FNDA:4,_ZN23ArrayTest_PopFront_TestC2Ev
FN:37,_ZN23ArrayTest_PopFront_Test8TestBodyEv
FNDA:4,_ZN23ArrayTest_PopFront_Test8TestBodyEv
FN:37,_ZN23ArrayTest_PopFront_TestD2Ev
FNDA:4,_ZN23ArrayTest_PopFront_TestD2Ev
FN:37,_ZN23ArrayTest_PopFront_TestD0Ev
FNDA:4,_ZN23ArrayTest_PopFront_TestD0Ev
FN:46,_ZN22ArrayTest_PopBack_TestD0Ev
FNDA:4,_ZN22ArrayTest_PopBack_TestD0Ev
FN:46,_ZN22ArrayTest_PopBack_Test8TestBodyEv
FNDA:4,_ZN22ArrayTest_PopBack_Test8TestBodyEv
FN:46,_ZN22ArrayTest_PopBack_TestD2Ev
FNDA:4,_ZN22ArrayTest_PopBack_TestD2Ev
FN:46,_ZN22ArrayTest_PopBack_TestC2Ev
FNDA:4,_ZN22ArrayTest_PopBack_TestC2Ev
FN:55,_ZN20ArrayTest_PopIn_TestD0Ev
FNDA:4,_ZN20ArrayTest_PopIn_TestD0Ev
FN:55,_ZN20ArrayTest_PopIn_TestC2Ev
FNDA:4,_ZN20ArrayTest_PopIn_TestC2Ev
FN:55,_ZN20ArrayTest_PopIn_TestD2Ev
FNDA:4,_ZN20ArrayTest_PopIn_TestD2Ev
FN:55,_ZN20ArrayTest_PopIn_Test8TestBodyEv
FNDA:4,_ZN20ArrayTest_PopIn_Test8TestBodyEv
FN:65,_ZN21ArrayTest_Search_TestD2Ev
FNDA:4,_ZN21ArrayTest_Search_TestD2Ev
FN:65,_ZN21ArrayTest_Search_TestD0Ev
FNDA:4,_ZN21ArrayTest_Search_TestD0Ev
FN:65,_ZN21ArrayTest_Search_TestC2Ev
FNDA:4,_ZN21ArrayTest_Search_TestC2Ev
FN:65,_ZN21ArrayTest_Search_Test8TestBodyEv
FNDA:4,_ZN21ArrayTest_Search_Test8TestBodyEv
FN:74,_ZN25ArrayTest_SetValueAt_TestD0Ev
FNDA:4,_ZN25ArrayTest_SetValueAt_TestD0Ev
FN:74,_ZN25ArrayTest_SetValueAt_TestD2Ev
FNDA:4,_ZN25ArrayTest_SetValueAt_TestD2Ev
FN:74,_ZN25ArrayTest_SetValueAt_Test8TestBodyEv
FNDA:4,_ZN25ArrayTest_SetValueAt_Test8TestBodyEv
FN:74,_ZN25ArrayTest_SetValueAt_TestC2Ev
FNDA:4,_ZN25ArrayTest_SetValueAt_TestC2Ev
FN:82,_ZN32ArrayTest_InvalidIndexPopIn_Test8TestBodyEv
FNDA:4,_ZN32ArrayTest_InvalidIndexPopIn_Test8TestBodyEv
FN:82,_ZN32ArrayTest_InvalidIndexPopIn_TestC2Ev
FNDA:4,_ZN32ArrayTest_InvalidIndexPopIn_TestC2Ev
FN:82,_ZN32ArrayTest_InvalidIndexPopIn_TestD2Ev
FNDA:4,_ZN32ArrayTest_InvalidIndexPopIn_TestD2Ev
FN:82,_ZN32ArrayTest_InvalidIndexPopIn_TestD0Ev
FNDA:4,_ZN32ArrayTest_InvalidIndexPopIn_TestD0Ev
FN:89,_ZN37ArrayTest_InvalidIndexSetValueAt_TestC2Ev
FNDA:4,_ZN37ArrayTest_InvalidIndexSetValueAt_TestC2Ev
FN:89,_ZN37ArrayTest_InvalidIndexSetValueAt_Test8TestBodyEv
FNDA:4,_ZN37ArrayTest_InvalidIndexSetValueAt_Test8TestBodyEv
FN:89,_ZN37ArrayTest_InvalidIndexSetValueAt_TestD0Ev
FNDA:4,_ZN37ArrayTest_InvalidIndexSetValueAt_TestD0Ev
FN:89,_ZN37ArrayTest_InvalidIndexSetValueAt_TestD2Ev
FNDA:4,_ZN37ArrayTest_InvalidIndexSetValueAt_TestD2Ev
FN:96,_ZN28ArrayTest_PopFrontEmpty_TestD2Ev
FNDA:4,_ZN28ArrayTest_PopFrontEmpty_TestD2Ev
FN:96,_ZN28ArrayTest_PopFrontEmpty_TestC2Ev
FNDA:4,_ZN28ArrayTest_PopFrontEmpty_TestC2Ev
FN:96,_ZN28ArrayTest_PopFrontEmpty_TestD0Ev
FNDA:4,_ZN28ArrayTest_PopFrontEmpty_TestD0Ev
FN:96,_ZN28ArrayTest_PopFrontEmpty_Test8TestBodyEv
FNDA:4,_ZN28ArrayTest_PopFrontEmpty_Test8TestBodyEv
FN:102,_ZN27ArrayTest_PopBackEmpty_TestD0Ev
FNDA:4,_ZN27ArrayTest_PopBackEmpty_TestD0Ev
FN:102,_ZN27ArrayTest_PopBackEmpty_TestC2Ev
FNDA:4,_ZN27ArrayTest_PopBackEmpty_TestC2Ev
FN:102,_ZN27ArrayTest_PopBackEmpty_Test8TestBodyEv
FNDA:4,_ZN27ArrayTest_PopBackEmpty_Test8TestBodyEv
FN:102,_ZN27ArrayTest_PopBackEmpty_TestD2Ev
FNDA:4,_ZN27ArrayTest_PopBackEmpty_TestD2Ev
FN:108,_ZN38ArrayTest_SearchIndexInvalidIndex_TestD0Ev
FNDA:4,_ZN38ArrayTest_SearchIndexInvalidIndex_TestD0Ev
FN:108,_ZN38ArrayTest_SearchIndexInvalidIndex_TestC2Ev
FNDA:4,_ZN38ArrayTest_SearchIndexInvalidIndex_TestC2Ev
FN:108,_ZN38ArrayTest_SearchIndexInvalidIndex_TestD2Ev
FNDA:4,_ZN38ArrayTest_SearchIndexInvalidIndex_TestD2Ev
FN:108,_ZN38ArrayTest_SearchIndexInvalidIndex_Test8TestBodyEv
FNDA:4,_ZN38ArrayTest_SearchIndexInvalidIndex_Test8TestBodyEv
FN:122,_ZN37ArrayTest_SetValueAtInvalidIndex_TestC2Ev
FNDA:4,_ZN37ArrayTest_SetValueAtInvalidIndex_TestC2Ev
FN:122,_ZN37ArrayTest_SetValueAtInvalidIndex_TestD0Ev
FNDA:4,_ZN37ArrayTest_SetValueAtInvalidIndex_TestD0Ev
FN:122,_ZN37ArrayTest_SetValueAtInvalidIndex_Test8TestBodyEv
FNDA:4,_ZN37ArrayTest_SetValueAtInvalidIndex_Test8TestBodyEv
FN:122,_ZN37ArrayTest_SetValueAtInvalidIndex_TestD2Ev
FNDA:4,_ZN37ArrayTest_SetValueAtInvalidIndex_TestD2Ev
FN:135,_ZN37ArrayTest_GetValueAtInvalidIndex_TestD0Ev
FNDA:4,_ZN37ArrayTest_GetValueAtInvalidIndex_TestD0Ev
FN:135,_ZN37ArrayTest_GetValueAtInvalidIndex_TestC2Ev
FNDA:4,_ZN37ArrayTest_GetValueAtInvalidIndex_TestC2Ev
FN:135,_ZN37ArrayTest_GetValueAtInvalidIndex_TestD2Ev
FNDA:4,_ZN37ArrayTest_GetValueAtInvalidIndex_TestD2Ev
FN:135,_ZN37ArrayTest_GetValueAtInvalidIndex_Test8TestBodyEv
FNDA:4,_ZN37ArrayTest_GetValueAtInvalidIndex_Test8TestBodyEv
FN:151,_ZN27ArrayTest_DisplayEmpty_TestD0Ev
FNDA:4,_ZN27ArrayTest_DisplayEmpty_TestD0Ev
FN:151,_ZN27ArrayTest_DisplayEmpty_Test8TestBodyEv
FNDA:4,_ZN27ArrayTest_DisplayEmpty_Test8TestBodyEv
FN:151,_ZN27ArrayTest_DisplayEmpty_TestC2Ev
FNDA:4,_ZN27ArrayTest_DisplayEmpty_TestC2Ev
FN:151,_ZN27ArrayTest_DisplayEmpty_TestD2Ev
FNDA:4,_ZN27ArrayTest_DisplayEmpty_TestD2Ev
FN:159,_ZN30ArrayTest_DisplayNonEmpty_TestC2Ev
FNDA:4,_ZN30ArrayTest_DisplayNonEmpty_TestC2Ev
FN:159,_ZN30ArrayTest_DisplayNonEmpty_Test8TestBodyEv
FNDA:4,_ZN30ArrayTest_DisplayNonEmpty_Test8TestBodyEv
FN:159,_ZN30ArrayTest_DisplayNonEmpty_TestD2Ev
FNDA:4,_ZN30ArrayTest_DisplayNonEmpty_TestD2Ev
FN:159,_ZN30ArrayTest_DisplayNonEmpty_TestD0Ev
FNDA:4,_ZN30ArrayTest_DisplayNonEmpty_TestD0Ev
FN:170,main
FNDA:4,main
DA:10,4
DA:10,4
DA:10,4
DA:10,4
DA:11,4
DA:12,4
DA:13,4
DA:14,4
DA:15,4
DA:16,4
DA:18,4
DA:18,4
DA:18,4
DA:18,4
DA:19,4
DA:20,4
DA:21,4
DA:22,4
DA:23,4
DA:24,4
DA:25,4
DA:26,4
DA:28,4
DA:28,4
DA:28,4
DA:28,4
DA:29,4
DA:30,4
DA:31,4
DA:32,4
DA:33,4
DA:34,4
DA:35,4
DA:37,4
DA:37,4
DA:37,4
DA:37,4
DA:38,4
DA:39,4
DA:40,4
DA:41,4
DA:42,4
DA:43,4
DA:44,4
DA:46,4
DA:46,4
DA:46,4
DA:46,4
DA:47,4
DA:48,4
DA:49,4
DA:50,4
DA:51,4
DA:52,4
DA:53,4
DA:55,4
DA:55,4
DA:55,4
DA:55,4
DA:56,4
DA:57,4
DA:58,4
DA:59,4
DA:60,4
DA:61,4
DA:62,4
DA:63,4
DA:65,4
DA:65,4
DA:65,4
DA:65,4
DA:66,4
DA:67,4
DA:68,4
DA:69,4
DA:70,4
DA:71,4
DA:72,4
DA:74,4
DA:74,4
DA:74,4
DA:74,4
DA:75,4
DA:76,4
DA:77,4
DA:78,4
DA:79,4
DA:80,4
DA:82,4
DA:82,4
DA:82,4
DA:82,4
DA:83,4
DA:84,4
DA:85,4
DA:86,4
DA:87,4
DA:89,4
DA:89,4
DA:89,4
DA:89,4
DA:90,4
DA:91,4
DA:92,4
DA:93,4
DA:94,4
DA:96,4
DA:96,4
DA:96,4
DA:96,4
DA:97,4
DA:98,4
DA:99,4
DA:100,4
DA:102,4
DA:102,4
DA:102,4
DA:102,4
DA:103,4
DA:104,4
DA:105,4
DA:106,4
DA:108,4
DA:108,4
DA:108,4
DA:108,4
DA:109,4
DA:110,4
DA:111,4
DA:112,4
DA:113,4
DA:115,4
DA:116,4
DA:118,4
DA:119,4
DA:120,4
DA:122,4
DA:122,4
DA:122,4
DA:122,4
DA:123,4
DA:124,4
DA:125,4
DA:127,4
DA:128,4
DA:129,4
DA:131,4
DA:132,4
DA:133,4
DA:135,4
DA:135,4
DA:135,4
DA:135,4
DA:136,4
DA:137,4
DA:138,4
DA:140,4
DA:141,4
DA:143,4
DA:145,4
DA:147,4
DA:148,4
DA:149,4
DA:151,4
DA:151,4
DA:151,4
DA:151,4
DA:152,4
DA:153,4
DA:154,4
DA:155,4
DA:156,4
DA:157,4
DA:159,4
DA:159,4
DA:159,4
DA:159,4
DA:160,4
DA:161,4
DA:162,4
DA:163,4
DA:164,4
DA:165,4
DA:166,4
DA:167,4
DA:168,4
DA:170,4
DA:171,4
DA:172,4
end_of_record
SF:/home/businka/second_semester_programming/laba3/Array.hpp
FN:7,_ZN5ArrayIiEC2Ev
FNDA:68,_ZN5ArrayIiEC2Ev
FN:11,_ZN5ArrayIiED2Ev
FNDA:68,_ZN5ArrayIiED2Ev
FN:15,_ZN5ArrayIiE10push_frontERKi
FNDA:12,_ZN5ArrayIiE10push_frontERKi
FN:36,_ZN5ArrayIiE9push_backERKi
FNDA:112,_ZN5ArrayIiE9push_backERKi
FN:54,_ZN5ArrayIiE7push_inEiRKi
FNDA:4,_ZN5ArrayIiE7push_inEiRKi
FN:81,_ZN5ArrayIiE9pop_frontEv
FNDA:8,_ZN5ArrayIiE9pop_frontEv
FN:92,_ZN5ArrayIiE8pop_backEv
FNDA:8,_ZN5ArrayIiE8pop_backEv
FN:100,_ZN5ArrayIiE6pop_inEi
FNDA:8,_ZN5ArrayIiE6pop_inEi
FN:111,_ZN5ArrayIiE6searchERKi
FNDA:8,_ZN5ArrayIiE6searchERKi
FN:122,_ZN5ArrayIiE12search_indexEi
FNDA:16,_ZN5ArrayIiE12search_indexEi
FN:132,_ZN5ArrayIiE12set_value_atEii
FNDA:12,_ZN5ArrayIiE12set_value_atEii
FN:141,_ZN5ArrayIiE12get_value_atEi
FNDA:24,_ZN5ArrayIiE12get_value_atEi
FN:150,_ZN5ArrayIiE8get_sizeEv
FNDA:36,_ZN5ArrayIiE8get_sizeEv
FN:154,_ZN5ArrayIiE7displayEv
FNDA:8,_ZN5ArrayIiE7displayEv
DA:7,68
DA:8,68
DA:9,68
DA:11,68
DA:12,68
DA:13,68
DA:15,12
DA:16,12
DA:17,4
DA:18,4
DA:20,12
DA:21,8
DA:24,4
DA:25,4
DA:26,4
DA:28,24
DA:29,12
DA:32,12
DA:33,12
DA:34,12
DA:36,112
DA:37,112
DA:38,16
DA:39,16
DA:41,48
DA:42,32
DA:45,16
DA:46,16
DA:47,16
DA:50,112
DA:51,112
DA:52,112
DA:54,4
DA:55,4
DA:56,0
DA:57,0
DA:60,4
DA:61,4
DA:62,4
DA:64,12
DA:65,8
DA:68,4
DA:69,4
DA:70,4
DA:73,8
DA:74,4
DA:77,4
DA:78,4
DA:81,8
DA:82,8
DA:83,4
DA:85,8
DA:86,4
DA:88,4
DA:90,8
DA:92,8
DA:93,8
DA:94,4
DA:96,4
DA:98,8
DA:100,8
DA:101,8
DA:102,4
DA:103,4
DA:105,8
DA:106,4
DA:108,4
DA:111,8
DA:112,24
DA:113,20
DA:114,4
DA:115,4
DA:118,4
DA:119,4
DA:122,16
DA:123,16
DA:124,12
DA:125,12
DA:127,4
DA:128,4
DA:132,12
DA:133,12
DA:134,8
DA:135,8
DA:138,4
DA:141,24
DA:142,24
DA:143,20
DA:145,4
DA:146,4
DA:150,36
DA:151,36
DA:154,8
DA:155,8
DA:156,4
DA:157,4
DA:159,16
DA:160,12
DA:162,4
end_of_record
