TN:
SF:/home/businka/second_semester_programming/laba3/main_testing.cpp
FN:16,_ZN23ArrayTest_PushBack_TestC2Ev
FNDA:2,_ZN23ArrayTest_PushBack_TestC2Ev
FN:16,_ZN23ArrayTest_PushBack_Test8TestBodyEv
FNDA:2,_ZN23ArrayTest_PushBack_Test8TestBodyEv
FN:16,_ZN23ArrayTest_PushBack_TestD2Ev
FNDA:2,_ZN23ArrayTest_PushBack_TestD2Ev
FN:16,_ZN23ArrayTest_PushBack_TestD0Ev
FNDA:2,_ZN23ArrayTest_PushBack_TestD0Ev
FN:24,_ZN24ArrayTest_PushFront_TestC2Ev
FNDA:2,_ZN24ArrayTest_PushFront_TestC2Ev
FN:24,_ZN24ArrayTest_PushFront_Test8TestBodyEv
FNDA:2,_ZN24ArrayTest_PushFront_Test8TestBodyEv
FN:24,_ZN24ArrayTest_PushFront_TestD2Ev
FNDA:2,_ZN24ArrayTest_PushFront_TestD2Ev
FN:24,_ZN24ArrayTest_PushFront_TestD0Ev
FNDA:2,_ZN24ArrayTest_PushFront_TestD0Ev
FN:34,_ZN21ArrayTest_PushIn_TestC2Ev
FNDA:2,_ZN21ArrayTest_PushIn_TestC2Ev
FN:34,_ZN21ArrayTest_PushIn_Test8TestBodyEv
FNDA:2,_ZN21ArrayTest_PushIn_Test8TestBodyEv
FN:34,_ZN21ArrayTest_PushIn_TestD2Ev
FNDA:2,_ZN21ArrayTest_PushIn_TestD2Ev
FN:34,_ZN21ArrayTest_PushIn_TestD0Ev
FNDA:2,_ZN21ArrayTest_PushIn_TestD0Ev
FN:52,_ZN23ArrayTest_PopFront_TestC2Ev
FNDA:2,_ZN23ArrayTest_PopFront_TestC2Ev
FN:52,_ZN23ArrayTest_PopFront_Test8TestBodyEv
FNDA:2,_ZN23ArrayTest_PopFront_Test8TestBodyEv
FN:52,_ZN23ArrayTest_PopFront_TestD2Ev
FNDA:2,_ZN23ArrayTest_PopFront_TestD2Ev
FN:52,_ZN23ArrayTest_PopFront_TestD0Ev
FNDA:2,_ZN23ArrayTest_PopFront_TestD0Ev
FN:61,_ZN22ArrayTest_PopBack_TestD0Ev
FNDA:2,_ZN22ArrayTest_PopBack_TestD0Ev
FN:61,_ZN22ArrayTest_PopBack_Test8TestBodyEv
FNDA:2,_ZN22ArrayTest_PopBack_Test8TestBodyEv
FN:61,_ZN22ArrayTest_PopBack_TestD2Ev
FNDA:2,_ZN22ArrayTest_PopBack_TestD2Ev
FN:61,_ZN22ArrayTest_PopBack_TestC2Ev
FNDA:2,_ZN22ArrayTest_PopBack_TestC2Ev
FN:70,_ZN20ArrayTest_PopIn_TestD0Ev
FNDA:2,_ZN20ArrayTest_PopIn_TestD0Ev
FN:70,_ZN20ArrayTest_PopIn_TestC2Ev
FNDA:2,_ZN20ArrayTest_PopIn_TestC2Ev
FN:70,_ZN20ArrayTest_PopIn_TestD2Ev
FNDA:2,_ZN20ArrayTest_PopIn_TestD2Ev
FN:70,_ZN20ArrayTest_PopIn_Test8TestBodyEv
FNDA:2,_ZN20ArrayTest_PopIn_Test8TestBodyEv
FN:80,_ZN21ArrayTest_Search_TestD2Ev
FNDA:2,_ZN21ArrayTest_Search_TestD2Ev
FN:80,_ZN21ArrayTest_Search_TestD0Ev
FNDA:2,_ZN21ArrayTest_Search_TestD0Ev
FN:80,_ZN21ArrayTest_Search_TestC2Ev
FNDA:2,_ZN21ArrayTest_Search_TestC2Ev
FN:80,_ZN21ArrayTest_Search_Test8TestBodyEv
FNDA:2,_ZN21ArrayTest_Search_Test8TestBodyEv
FN:89,_ZN25ArrayTest_SetValueAt_TestD0Ev
FNDA:2,_ZN25ArrayTest_SetValueAt_TestD0Ev
FN:89,_ZN25ArrayTest_SetValueAt_TestD2Ev
FNDA:2,_ZN25ArrayTest_SetValueAt_TestD2Ev
FN:89,_ZN25ArrayTest_SetValueAt_Test8TestBodyEv
FNDA:2,_ZN25ArrayTest_SetValueAt_Test8TestBodyEv
FN:89,_ZN25ArrayTest_SetValueAt_TestC2Ev
FNDA:2,_ZN25ArrayTest_SetValueAt_TestC2Ev
FN:97,_ZN32ArrayTest_InvalidIndexPopIn_Test8TestBodyEv
FNDA:2,_ZN32ArrayTest_InvalidIndexPopIn_Test8TestBodyEv
FN:97,_ZN32ArrayTest_InvalidIndexPopIn_TestC2Ev
FNDA:2,_ZN32ArrayTest_InvalidIndexPopIn_TestC2Ev
FN:97,_ZN32ArrayTest_InvalidIndexPopIn_TestD2Ev
FNDA:2,_ZN32ArrayTest_InvalidIndexPopIn_TestD2Ev
FN:97,_ZN32ArrayTest_InvalidIndexPopIn_TestD0Ev
FNDA:2,_ZN32ArrayTest_InvalidIndexPopIn_TestD0Ev
FN:104,_ZN37ArrayTest_InvalidIndexSetValueAt_TestC2Ev
FNDA:2,_ZN37ArrayTest_InvalidIndexSetValueAt_TestC2Ev
FN:104,_ZN37ArrayTest_InvalidIndexSetValueAt_Test8TestBodyEv
FNDA:2,_ZN37ArrayTest_InvalidIndexSetValueAt_Test8TestBodyEv
FN:104,_ZN37ArrayTest_InvalidIndexSetValueAt_TestD0Ev
FNDA:2,_ZN37ArrayTest_InvalidIndexSetValueAt_TestD0Ev
FN:104,_ZN37ArrayTest_InvalidIndexSetValueAt_TestD2Ev
FNDA:2,_ZN37ArrayTest_InvalidIndexSetValueAt_TestD2Ev
FN:111,_ZN28ArrayTest_PopFrontEmpty_TestD2Ev
FNDA:2,_ZN28ArrayTest_PopFrontEmpty_TestD2Ev
FN:111,_ZN28ArrayTest_PopFrontEmpty_TestC2Ev
FNDA:2,_ZN28ArrayTest_PopFrontEmpty_TestC2Ev
FN:111,_ZN28ArrayTest_PopFrontEmpty_TestD0Ev
FNDA:2,_ZN28ArrayTest_PopFrontEmpty_TestD0Ev
FN:111,_ZN28ArrayTest_PopFrontEmpty_Test8TestBodyEv
FNDA:2,_ZN28ArrayTest_PopFrontEmpty_Test8TestBodyEv
FN:117,_ZN27ArrayTest_PopBackEmpty_TestD0Ev
FNDA:2,_ZN27ArrayTest_PopBackEmpty_TestD0Ev
FN:117,_ZN27ArrayTest_PopBackEmpty_TestC2Ev
FNDA:2,_ZN27ArrayTest_PopBackEmpty_TestC2Ev
FN:117,_ZN27ArrayTest_PopBackEmpty_Test8TestBodyEv
FNDA:2,_ZN27ArrayTest_PopBackEmpty_Test8TestBodyEv
FN:117,_ZN27ArrayTest_PopBackEmpty_TestD2Ev
FNDA:2,_ZN27ArrayTest_PopBackEmpty_TestD2Ev
FN:123,_ZN38ArrayTest_SearchIndexInvalidIndex_TestD0Ev
FNDA:2,_ZN38ArrayTest_SearchIndexInvalidIndex_TestD0Ev
FN:123,_ZN38ArrayTest_SearchIndexInvalidIndex_TestC2Ev
FNDA:2,_ZN38ArrayTest_SearchIndexInvalidIndex_TestC2Ev
FN:123,_ZN38ArrayTest_SearchIndexInvalidIndex_TestD2Ev
FNDA:2,_ZN38ArrayTest_SearchIndexInvalidIndex_TestD2Ev
FN:123,_ZN38ArrayTest_SearchIndexInvalidIndex_Test8TestBodyEv
FNDA:2,_ZN38ArrayTest_SearchIndexInvalidIndex_Test8TestBodyEv
FN:137,_ZN37ArrayTest_SetValueAtInvalidIndex_TestC2Ev
FNDA:2,_ZN37ArrayTest_SetValueAtInvalidIndex_TestC2Ev
FN:137,_ZN37ArrayTest_SetValueAtInvalidIndex_TestD0Ev
FNDA:2,_ZN37ArrayTest_SetValueAtInvalidIndex_TestD0Ev
FN:137,_ZN37ArrayTest_SetValueAtInvalidIndex_Test8TestBodyEv
FNDA:2,_ZN37ArrayTest_SetValueAtInvalidIndex_Test8TestBodyEv
FN:137,_ZN37ArrayTest_SetValueAtInvalidIndex_TestD2Ev
FNDA:2,_ZN37ArrayTest_SetValueAtInvalidIndex_TestD2Ev
FN:150,_ZN37ArrayTest_GetValueAtInvalidIndex_TestD0Ev
FNDA:2,_ZN37ArrayTest_GetValueAtInvalidIndex_TestD0Ev
FN:150,_ZN37ArrayTest_GetValueAtInvalidIndex_TestC2Ev
FNDA:2,_ZN37ArrayTest_GetValueAtInvalidIndex_TestC2Ev
FN:150,_ZN37ArrayTest_GetValueAtInvalidIndex_TestD2Ev
FNDA:2,_ZN37ArrayTest_GetValueAtInvalidIndex_TestD2Ev
FN:150,_ZN37ArrayTest_GetValueAtInvalidIndex_Test8TestBodyEv
FNDA:2,_ZN37ArrayTest_GetValueAtInvalidIndex_Test8TestBodyEv
FN:166,_ZN27ArrayTest_DisplayEmpty_TestD0Ev
FNDA:2,_ZN27ArrayTest_DisplayEmpty_TestD0Ev
FN:166,_ZN27ArrayTest_DisplayEmpty_Test8TestBodyEv
FNDA:2,_ZN27ArrayTest_DisplayEmpty_Test8TestBodyEv
FN:166,_ZN27ArrayTest_DisplayEmpty_TestC2Ev
FNDA:2,_ZN27ArrayTest_DisplayEmpty_TestC2Ev
FN:166,_ZN27ArrayTest_DisplayEmpty_TestD2Ev
FNDA:2,_ZN27ArrayTest_DisplayEmpty_TestD2Ev
FN:174,_ZN30ArrayTest_DisplayNonEmpty_TestC2Ev
FNDA:2,_ZN30ArrayTest_DisplayNonEmpty_TestC2Ev
FN:174,_ZN30ArrayTest_DisplayNonEmpty_Test8TestBodyEv
FNDA:2,_ZN30ArrayTest_DisplayNonEmpty_Test8TestBodyEv
FN:174,_ZN30ArrayTest_DisplayNonEmpty_TestD2Ev
FNDA:2,_ZN30ArrayTest_DisplayNonEmpty_TestD2Ev
FN:174,_ZN30ArrayTest_DisplayNonEmpty_TestD0Ev
FNDA:2,_ZN30ArrayTest_DisplayNonEmpty_TestD0Ev
FN:185,main
FNDA:2,main
DA:16,2
DA:16,2
DA:16,2
DA:16,2
DA:17,2
DA:18,2
DA:19,2
DA:20,2
DA:21,2
DA:22,2
DA:24,2
DA:24,2
DA:24,2
DA:24,2
DA:25,2
DA:26,2
DA:27,2
DA:28,2
DA:29,2
DA:30,2
DA:31,2
DA:32,2
DA:34,2
DA:34,2
DA:34,2
DA:34,2
DA:35,2
DA:36,2
DA:37,2
DA:38,2
DA:39,2
DA:40,2
DA:42,4
DA:43,2
DA:45,2
DA:46,2
DA:48,2
DA:49,2
DA:50,2
DA:52,2
DA:52,2
DA:52,2
DA:52,2
DA:53,2
DA:54,2
DA:55,2
DA:56,2
DA:57,2
DA:58,2
DA:59,2
DA:61,2
DA:61,2
DA:61,2
DA:61,2
DA:62,2
DA:63,2
DA:64,2
DA:65,2
DA:66,2
DA:67,2
DA:68,2
DA:70,2
DA:70,2
DA:70,2
DA:70,2
DA:71,2
DA:72,2
DA:73,2
DA:74,2
DA:75,2
DA:76,2
DA:77,2
DA:78,2
DA:80,2
DA:80,2
DA:80,2
DA:80,2
DA:81,2
DA:82,2
DA:83,2
DA:84,2
DA:85,2
DA:86,2
DA:87,2
DA:89,2
DA:89,2
DA:89,2
DA:89,2
DA:90,2
DA:91,2
DA:92,2
DA:93,2
DA:94,2
DA:95,2
DA:97,2
DA:97,2
DA:97,2
DA:97,2
DA:98,2
DA:99,2
DA:100,2
DA:101,2
DA:102,2
DA:104,2
DA:104,2
DA:104,2
DA:104,2
DA:105,2
DA:106,2
DA:107,2
DA:108,2
DA:109,2
DA:111,2
DA:111,2
DA:111,2
DA:111,2
DA:112,2
DA:113,2
DA:114,2
DA:115,2
DA:117,2
DA:117,2
DA:117,2
DA:117,2
DA:118,2
DA:119,2
DA:120,2
DA:121,2
DA:123,2
DA:123,2
DA:123,2
DA:123,2
DA:124,2
DA:125,2
DA:126,2
DA:127,2
DA:128,2
DA:130,2
DA:131,2
DA:133,2
DA:134,2
DA:135,2
DA:137,2
DA:137,2
DA:137,2
DA:137,2
DA:138,2
DA:139,2
DA:140,2
DA:142,2
DA:143,2
DA:144,2
DA:146,2
DA:147,2
DA:148,2
DA:150,2
DA:150,2
DA:150,2
DA:150,2
DA:151,2
DA:152,2
DA:153,2
DA:155,2
DA:156,2
DA:158,2
DA:160,2
DA:162,2
DA:163,2
DA:164,2
DA:166,2
DA:166,2
DA:166,2
DA:166,2
DA:167,2
DA:168,2
DA:169,2
DA:170,2
DA:171,2
DA:172,2
DA:174,2
DA:174,2
DA:174,2
DA:174,2
DA:175,2
DA:176,2
DA:177,2
DA:178,2
DA:179,2
DA:180,2
DA:181,2
DA:182,2
DA:183,2
DA:185,2
DA:186,2
DA:187,2
end_of_record
SF:/home/businka/second_semester_programming/laba3/Array.hpp
FN:7,_ZN5ArrayIiEC2Ev
FNDA:34,_ZN5ArrayIiEC2Ev
FN:11,_ZN5ArrayIiED2Ev
FNDA:34,_ZN5ArrayIiED2Ev
FN:15,_ZN5ArrayIiE10push_frontERKi
FNDA:6,_ZN5ArrayIiE10push_frontERKi
FN:36,_ZN5ArrayIiE9push_backERKi
FNDA:56,_ZN5ArrayIiE9push_backERKi
FN:54,_ZN5ArrayIiE7push_inEiRKi
FNDA:2,_ZN5ArrayIiE7push_inEiRKi
FN:81,_ZN5ArrayIiE9pop_frontEv
FNDA:4,_ZN5ArrayIiE9pop_frontEv
FN:92,_ZN5ArrayIiE8pop_backEv
FNDA:4,_ZN5ArrayIiE8pop_backEv
FN:100,_ZN5ArrayIiE6pop_inEi
FNDA:4,_ZN5ArrayIiE6pop_inEi
FN:111,_ZN5ArrayIiE6searchERKi
FNDA:4,_ZN5ArrayIiE6searchERKi
FN:122,_ZN5ArrayIiE12search_indexEi
FNDA:10,_ZN5ArrayIiE12search_indexEi
FN:132,_ZN5ArrayIiE12set_value_atEii
FNDA:6,_ZN5ArrayIiE12set_value_atEii
FN:141,_ZN5ArrayIiE12get_value_atEi
FNDA:12,_ZN5ArrayIiE12get_value_atEi
FN:150,_ZN5ArrayIiE8get_sizeEv
FNDA:18,_ZN5ArrayIiE8get_sizeEv
FN:154,_ZN5ArrayIiE7displayEv
FNDA:4,_ZN5ArrayIiE7displayEv
DA:7,34
DA:8,34
DA:9,34
DA:11,34
DA:12,34
DA:13,34
DA:15,6
DA:16,6
DA:17,2
DA:18,2
DA:20,6
DA:21,4
DA:24,2
DA:25,2
DA:26,2
DA:28,12
DA:29,6
DA:32,6
DA:33,6
DA:34,6
DA:36,56
DA:37,56
DA:38,8
DA:39,8
DA:41,24
DA:42,16
DA:45,8
DA:46,8
DA:47,8
DA:50,56
DA:51,56
DA:52,56
DA:54,2
DA:55,2
DA:56,0
DA:57,0
DA:60,2
DA:61,2
DA:62,2
DA:64,6
DA:65,4
DA:68,2
DA:69,2
DA:70,2
DA:73,4
DA:74,2
DA:77,2
DA:78,2
DA:81,4
DA:82,4
DA:83,2
DA:85,4
DA:86,2
DA:88,2
DA:90,4
DA:92,4
DA:93,4
DA:94,2
DA:96,2
DA:98,4
DA:100,4
DA:101,4
DA:102,2
DA:103,2
DA:105,4
DA:106,2
DA:108,2
DA:111,4
DA:112,12
DA:113,10
DA:114,2
DA:115,2
DA:118,2
DA:119,2
DA:122,10
DA:123,10
DA:124,6
DA:125,6
DA:127,4
DA:128,4
DA:132,6
DA:133,6
DA:134,4
DA:135,4
DA:138,2
DA:141,12
DA:142,12
DA:143,10
DA:145,2
DA:146,2
DA:150,18
DA:151,18
DA:154,4
DA:155,4
DA:156,2
DA:157,2
DA:159,8
DA:160,6
DA:162,2
end_of_record
