TN:
SF:/home/businka/second_semester_programming/laba3/List.hpp
FN:9,_ZN10LinkedListIiEC2Ev
FNDA:486,_ZN10LinkedListIiEC2Ev
FN:10,_ZN10LinkedListIiED2Ev
FNDA:486,_ZN10LinkedListIiED2Ev
FN:17,_ZN10LinkedListIiE10push_frontERKi
FNDA:36,_ZN10LinkedListIiE10push_frontERKi
FN:28,_ZN10LinkedListIiE9push_backERKi
FNDA:504,_ZN10LinkedListIiE9push_backERKi
FN:39,_ZN10LinkedListIiE6insertEiRKi
FNDA:108,_ZN10LinkedListIiE6insertEiRKi
FN:77,_ZN10LinkedListIiE8pop_headEv
FNDA:126,_ZN10LinkedListIiE8pop_headEv
FN:87,_ZN10LinkedListIiE8pop_tailEv
FNDA:90,_ZN10LinkedListIiE8pop_tailEv
FN:100,_ZN10LinkedListIiE3popEi
FNDA:90,_ZN10LinkedListIiE3popEi
FN:127,_ZN10LinkedListIiE9pop_valueEi
FNDA:72,_ZN10LinkedListIiE9pop_valueEi
FN:157,_ZNK10LinkedListIiE9get_valueEi
FNDA:144,_ZNK10LinkedListIiE9get_valueEi
FN:179,_ZN10LinkedListIiE6searchEi
FNDA:54,_ZN10LinkedListIiE6searchEi
FN:192,_ZN10LinkedListIiE7displayEv
FNDA:198,_ZN10LinkedListIiE7displayEv
DA:9,486
DA:10,486
DA:11,954
DA:12,468
DA:13,468
DA:14,468
DA:16,486
DA:17,36
DA:18,36
DA:19,36
DA:20,18
DA:21,18
DA:23,36
DA:24,18
DA:25,18
DA:27,36
DA:28,504
DA:29,504
DA:30,504
DA:31,270
DA:32,270
DA:34,504
DA:35,234
DA:36,234
DA:38,504
DA:39,108
DA:40,108
DA:41,18
DA:42,18
DA:45,90
DA:47,90
DA:48,36
DA:49,36
DA:51,36
DA:52,18
DA:55,54
DA:56,54
DA:58,144
DA:59,90
DA:60,90
DA:63,54
DA:64,18
DA:65,18
DA:66,18
DA:69,36
DA:70,36
DA:72,36
DA:73,18
DA:77,126
DA:78,126
DA:79,54
DA:82,72
DA:83,72
DA:84,72
DA:86,126
DA:87,90
DA:88,90
DA:89,18
DA:90,90
DA:91,36
DA:93,54
DA:94,54
DA:95,54
DA:96,54
DA:97,54
DA:99,90
DA:100,90
DA:101,90
DA:102,18
DA:103,18
DA:105,72
DA:106,72
DA:107,72
DA:108,36
DA:109,36
DA:110,36
DA:111,18
DA:112,18
DA:114,36
DA:115,18
DA:116,18
DA:118,18
DA:119,18
DA:120,18
DA:122,0
DA:123,0
DA:124,0
DA:127,72
DA:128,72
DA:129,18
DA:130,18
DA:132,54
DA:133,18
DA:134,18
DA:136,36
DA:137,18
DA:138,18
DA:140,18
DA:141,18
DA:143,36
DA:144,18
DA:145,18
DA:148,18
DA:149,0
DA:150,0
DA:153,18
DA:154,18
DA:157,144
DA:158,144
DA:159,18
DA:162,126
DA:163,18
DA:166,108
DA:167,108
DA:169,180
DA:170,162
DA:171,90
DA:173,72
DA:174,72
DA:177,18
DA:179,54
DA:180,54
DA:181,54
DA:182,18
DA:183,18
DA:185,54
DA:186,18
DA:188,36
DA:189,18
DA:190,18
DA:192,198
DA:193,198
DA:194,54
DA:195,54
DA:197,144
DA:198,450
DA:199,306
DA:200,306
DA:202,144
end_of_record
SF:/home/businka/second_semester_programming/laba3/Node.hpp
FN:17,_ZN4NodeIiEC2ERKiPS0_S3_
FNDA:630,_ZN4NodeIiEC2ERKiPS0_S3_
DA:17,630
DA:18,630
DA:19,630
end_of_record
SF:/home/businka/second_semester_programming/laba3/list_testing.cpp
FN:14,_ZN14LinkedListTest5SetUpEv
FNDA:432,_ZN14LinkedListTest5SetUpEv
FN:19,_ZN29LinkedListTest_PushFront_TestC2Ev
FNDA:18,_ZN29LinkedListTest_PushFront_TestC2Ev
FN:19,_ZN29LinkedListTest_PushFront_Test8TestBodyEv
FNDA:18,_ZN29LinkedListTest_PushFront_Test8TestBodyEv
FN:19,_ZN29LinkedListTest_PushFront_TestD2Ev
FNDA:18,_ZN29LinkedListTest_PushFront_TestD2Ev
FN:19,_ZN29LinkedListTest_PushFront_TestD0Ev
FNDA:18,_ZN29LinkedListTest_PushFront_TestD0Ev
FN:30,_ZN28LinkedListTest_PushBack_TestC2Ev
FNDA:18,_ZN28LinkedListTest_PushBack_TestC2Ev
FN:30,_ZN28LinkedListTest_PushBack_Test8TestBodyEv
FNDA:18,_ZN28LinkedListTest_PushBack_Test8TestBodyEv
FN:30,_ZN28LinkedListTest_PushBack_TestD2Ev
FNDA:18,_ZN28LinkedListTest_PushBack_TestD2Ev
FN:30,_ZN28LinkedListTest_PushBack_TestD0Ev
FNDA:18,_ZN28LinkedListTest_PushBack_TestD0Ev
FN:41,_ZN36LinkedListTest_InsertValidIndex_TestC2Ev
FNDA:18,_ZN36LinkedListTest_InsertValidIndex_TestC2Ev
FN:41,_ZN36LinkedListTest_InsertValidIndex_Test8TestBodyEv
FNDA:18,_ZN36LinkedListTest_InsertValidIndex_Test8TestBodyEv
FN:41,_ZN36LinkedListTest_InsertValidIndex_TestD2Ev
FNDA:18,_ZN36LinkedListTest_InsertValidIndex_TestD2Ev
FN:41,_ZN36LinkedListTest_InsertValidIndex_TestD0Ev
FNDA:18,_ZN36LinkedListTest_InsertValidIndex_TestD0Ev
FN:56,_ZN38LinkedListTest_InsertInvalidIndex_TestC2Ev
FNDA:18,_ZN38LinkedListTest_InsertInvalidIndex_TestC2Ev
FN:56,_ZN38LinkedListTest_InsertInvalidIndex_Test8TestBodyEv
FNDA:18,_ZN38LinkedListTest_InsertInvalidIndex_Test8TestBodyEv
FN:56,_ZN38LinkedListTest_InsertInvalidIndex_TestD2Ev
FNDA:18,_ZN38LinkedListTest_InsertInvalidIndex_TestD2Ev
FN:56,_ZN38LinkedListTest_InsertInvalidIndex_TestD0Ev
FNDA:18,_ZN38LinkedListTest_InsertInvalidIndex_TestD0Ev
FN:71,_ZN27LinkedListTest_PopHead_TestD2Ev
FNDA:18,_ZN27LinkedListTest_PopHead_TestD2Ev
FN:71,_ZN27LinkedListTest_PopHead_TestC2Ev
FNDA:18,_ZN27LinkedListTest_PopHead_TestC2Ev
FN:71,_ZN27LinkedListTest_PopHead_Test8TestBodyEv
FNDA:18,_ZN27LinkedListTest_PopHead_Test8TestBodyEv
FN:71,_ZN27LinkedListTest_PopHead_TestD0Ev
FNDA:18,_ZN27LinkedListTest_PopHead_TestD0Ev
FN:83,_ZN36LinkedListTest_PopHeadEmptyList_TestC2Ev
FNDA:18,_ZN36LinkedListTest_PopHeadEmptyList_TestC2Ev
FN:83,_ZN36LinkedListTest_PopHeadEmptyList_TestD0Ev
FNDA:18,_ZN36LinkedListTest_PopHeadEmptyList_TestD0Ev
FN:83,_ZN36LinkedListTest_PopHeadEmptyList_TestD2Ev
FNDA:18,_ZN36LinkedListTest_PopHeadEmptyList_TestD2Ev
FN:83,_ZN36LinkedListTest_PopHeadEmptyList_Test8TestBodyEv
FNDA:18,_ZN36LinkedListTest_PopHeadEmptyList_Test8TestBodyEv
FN:93,_ZN27LinkedListTest_PopTail_TestD0Ev
FNDA:18,_ZN27LinkedListTest_PopTail_TestD0Ev
FN:93,_ZN27LinkedListTest_PopTail_TestC2Ev
FNDA:18,_ZN27LinkedListTest_PopTail_TestC2Ev
FN:93,_ZN27LinkedListTest_PopTail_TestD2Ev
FNDA:18,_ZN27LinkedListTest_PopTail_TestD2Ev
FN:93,_ZN27LinkedListTest_PopTail_Test8TestBodyEv
FNDA:18,_ZN27LinkedListTest_PopTail_Test8TestBodyEv
FN:105,_ZN36LinkedListTest_PopTailEmptyList_TestC2Ev
FNDA:18,_ZN36LinkedListTest_PopTailEmptyList_TestC2Ev
FN:105,_ZN36LinkedListTest_PopTailEmptyList_TestD2Ev
FNDA:18,_ZN36LinkedListTest_PopTailEmptyList_TestD2Ev
FN:105,_ZN36LinkedListTest_PopTailEmptyList_Test8TestBodyEv
FNDA:18,_ZN36LinkedListTest_PopTailEmptyList_Test8TestBodyEv
FN:105,_ZN36LinkedListTest_PopTailEmptyList_TestD0Ev
FNDA:18,_ZN36LinkedListTest_PopTailEmptyList_TestD0Ev
FN:114,_ZN37LinkedListTest_PopTailSingleNode_TestC2Ev
FNDA:18,_ZN37LinkedListTest_PopTailSingleNode_TestC2Ev
FN:114,_ZN37LinkedListTest_PopTailSingleNode_TestD0Ev
FNDA:18,_ZN37LinkedListTest_PopTailSingleNode_TestD0Ev
FN:114,_ZN37LinkedListTest_PopTailSingleNode_TestD2Ev
FNDA:18,_ZN37LinkedListTest_PopTailSingleNode_TestD2Ev
FN:114,_ZN37LinkedListTest_PopTailSingleNode_Test8TestBodyEv
FNDA:18,_ZN37LinkedListTest_PopTailSingleNode_Test8TestBodyEv
FN:124,_ZN29LinkedListTest_PopInHead_TestD2Ev
FNDA:18,_ZN29LinkedListTest_PopInHead_TestD2Ev
FN:124,_ZN29LinkedListTest_PopInHead_TestD0Ev
FNDA:18,_ZN29LinkedListTest_PopInHead_TestD0Ev
FN:124,_ZN29LinkedListTest_PopInHead_Test8TestBodyEv
FNDA:18,_ZN29LinkedListTest_PopInHead_Test8TestBodyEv
FN:124,_ZN29LinkedListTest_PopInHead_TestC2Ev
FNDA:18,_ZN29LinkedListTest_PopInHead_TestC2Ev
FN:140,_ZN36LinkedListTest_PopFromEmptyList_TestD2Ev
FNDA:18,_ZN36LinkedListTest_PopFromEmptyList_TestD2Ev
FN:140,_ZN36LinkedListTest_PopFromEmptyList_Test8TestBodyEv
FNDA:18,_ZN36LinkedListTest_PopFromEmptyList_Test8TestBodyEv
FN:140,_ZN36LinkedListTest_PopFromEmptyList_TestC2Ev
FNDA:18,_ZN36LinkedListTest_PopFromEmptyList_TestC2Ev
FN:140,_ZN36LinkedListTest_PopFromEmptyList_TestD0Ev
FNDA:18,_ZN36LinkedListTest_PopFromEmptyList_TestD0Ev
FN:147,_ZN35LinkedListTest_PopInvalidIndex_TestC2Ev
FNDA:18,_ZN35LinkedListTest_PopInvalidIndex_TestC2Ev
FN:147,_ZN35LinkedListTest_PopInvalidIndex_TestD0Ev
FNDA:18,_ZN35LinkedListTest_PopInvalidIndex_TestD0Ev
FN:147,_ZN35LinkedListTest_PopInvalidIndex_TestD2Ev
FNDA:18,_ZN35LinkedListTest_PopInvalidIndex_TestD2Ev
FN:147,_ZN35LinkedListTest_PopInvalidIndex_Test8TestBodyEv
FNDA:18,_ZN35LinkedListTest_PopInvalidIndex_Test8TestBodyEv
FN:154,_ZN38LinkedListTest_GetValueValidIndex_TestC2Ev
FNDA:18,_ZN38LinkedListTest_GetValueValidIndex_TestC2Ev
FN:154,_ZN38LinkedListTest_GetValueValidIndex_Test8TestBodyEv
FNDA:18,_ZN38LinkedListTest_GetValueValidIndex_Test8TestBodyEv
FN:154,_ZN38LinkedListTest_GetValueValidIndex_TestD2Ev
FNDA:18,_ZN38LinkedListTest_GetValueValidIndex_TestD2Ev
FN:154,_ZN38LinkedListTest_GetValueValidIndex_TestD0Ev
FNDA:18,_ZN38LinkedListTest_GetValueValidIndex_TestD0Ev
FN:164,_ZN43LinkedListTest_GetValueInvalidIndexMax_TestD2Ev
FNDA:18,_ZN43LinkedListTest_GetValueInvalidIndexMax_TestD2Ev
FN:164,_ZN43LinkedListTest_GetValueInvalidIndexMax_TestD0Ev
FNDA:18,_ZN43LinkedListTest_GetValueInvalidIndexMax_TestD0Ev
FN:164,_ZN43LinkedListTest_GetValueInvalidIndexMax_Test8TestBodyEv
FNDA:18,_ZN43LinkedListTest_GetValueInvalidIndexMax_Test8TestBodyEv
FN:164,_ZN43LinkedListTest_GetValueInvalidIndexMax_TestC2Ev
FNDA:18,_ZN43LinkedListTest_GetValueInvalidIndexMax_TestC2Ev
FN:169,_ZN40LinkedListTest_GetValueInvalidIndex_TestD0Ev
FNDA:18,_ZN40LinkedListTest_GetValueInvalidIndex_TestD0Ev
FN:169,_ZN40LinkedListTest_GetValueInvalidIndex_TestD2Ev
FNDA:18,_ZN40LinkedListTest_GetValueInvalidIndex_TestD2Ev
FN:169,_ZN40LinkedListTest_GetValueInvalidIndex_Test8TestBodyEv
FNDA:18,_ZN40LinkedListTest_GetValueInvalidIndex_Test8TestBodyEv
FN:169,_ZN40LinkedListTest_GetValueInvalidIndex_TestC2Ev
FNDA:18,_ZN40LinkedListTest_GetValueInvalidIndex_TestC2Ev
FN:173,_ZN41LinkedListTest_GetValueFromEmptyList_Test8TestBodyEv
FNDA:18,_ZN41LinkedListTest_GetValueFromEmptyList_Test8TestBodyEv
FN:173,_ZN41LinkedListTest_GetValueFromEmptyList_TestC2Ev
FNDA:18,_ZN41LinkedListTest_GetValueFromEmptyList_TestC2Ev
FN:173,_ZN41LinkedListTest_GetValueFromEmptyList_TestD2Ev
FNDA:18,_ZN41LinkedListTest_GetValueFromEmptyList_TestD2Ev
FN:173,_ZN41LinkedListTest_GetValueFromEmptyList_TestD0Ev
FNDA:18,_ZN41LinkedListTest_GetValueFromEmptyList_TestD0Ev
FN:178,_ZN41LinkedListTest_SearchExistingElement_TestD2Ev
FNDA:18,_ZN41LinkedListTest_SearchExistingElement_TestD2Ev
FN:178,_ZN41LinkedListTest_SearchExistingElement_TestC2Ev
FNDA:18,_ZN41LinkedListTest_SearchExistingElement_TestC2Ev
FN:178,_ZN41LinkedListTest_SearchExistingElement_Test8TestBodyEv
FNDA:18,_ZN41LinkedListTest_SearchExistingElement_Test8TestBodyEv
FN:178,_ZN41LinkedListTest_SearchExistingElement_TestD0Ev
FNDA:18,_ZN41LinkedListTest_SearchExistingElement_TestD0Ev
FN:186,_ZN44LinkedListTest_SearchNonExistingElement_TestD2Ev
FNDA:18,_ZN44LinkedListTest_SearchNonExistingElement_TestD2Ev
FN:186,_ZN44LinkedListTest_SearchNonExistingElement_TestD0Ev
FNDA:18,_ZN44LinkedListTest_SearchNonExistingElement_TestD0Ev
FN:186,_ZN44LinkedListTest_SearchNonExistingElement_Test8TestBodyEv
FNDA:18,_ZN44LinkedListTest_SearchNonExistingElement_Test8TestBodyEv
FN:186,_ZN44LinkedListTest_SearchNonExistingElement_TestC2Ev
FNDA:18,_ZN44LinkedListTest_SearchNonExistingElement_TestC2Ev
FN:195,_ZN37LinkedListTest_SearchInEmptyList_TestD0Ev
FNDA:18,_ZN37LinkedListTest_SearchInEmptyList_TestD0Ev
FN:195,_ZN37LinkedListTest_SearchInEmptyList_TestD2Ev
FNDA:18,_ZN37LinkedListTest_SearchInEmptyList_TestD2Ev
FN:195,_ZN37LinkedListTest_SearchInEmptyList_Test8TestBodyEv
FNDA:18,_ZN37LinkedListTest_SearchInEmptyList_Test8TestBodyEv
FN:195,_ZN37LinkedListTest_SearchInEmptyList_TestC2Ev
FNDA:18,_ZN37LinkedListTest_SearchInEmptyList_TestC2Ev
FN:203,_ZN36LinkedListTest_DisplayEmptyList_TestD0Ev
FNDA:18,_ZN36LinkedListTest_DisplayEmptyList_TestD0Ev
FN:203,_ZN36LinkedListTest_DisplayEmptyList_Test8TestBodyEv
FNDA:18,_ZN36LinkedListTest_DisplayEmptyList_Test8TestBodyEv
FN:203,_ZN36LinkedListTest_DisplayEmptyList_TestC2Ev
FNDA:18,_ZN36LinkedListTest_DisplayEmptyList_TestC2Ev
FN:203,_ZN36LinkedListTest_DisplayEmptyList_TestD2Ev
FNDA:18,_ZN36LinkedListTest_DisplayEmptyList_TestD2Ev
FN:213,_ZN32LinkedListTest_PopValueHead_TestD0Ev
FNDA:18,_ZN32LinkedListTest_PopValueHead_TestD0Ev
FN:213,_ZN32LinkedListTest_PopValueHead_TestC2Ev
FNDA:18,_ZN32LinkedListTest_PopValueHead_TestC2Ev
FN:213,_ZN32LinkedListTest_PopValueHead_Test8TestBodyEv
FNDA:18,_ZN32LinkedListTest_PopValueHead_Test8TestBodyEv
FN:213,_ZN32LinkedListTest_PopValueHead_TestD2Ev
FNDA:18,_ZN32LinkedListTest_PopValueHead_TestD2Ev
FN:226,_ZN32LinkedListTest_PopValueTail_Test8TestBodyEv
FNDA:18,_ZN32LinkedListTest_PopValueTail_Test8TestBodyEv
FN:226,_ZN32LinkedListTest_PopValueTail_TestC2Ev
FNDA:18,_ZN32LinkedListTest_PopValueTail_TestC2Ev
FN:226,_ZN32LinkedListTest_PopValueTail_TestD2Ev
FNDA:18,_ZN32LinkedListTest_PopValueTail_TestD2Ev
FN:226,_ZN32LinkedListTest_PopValueTail_TestD0Ev
FNDA:18,_ZN32LinkedListTest_PopValueTail_TestD0Ev
FN:238,_ZN34LinkedListTest_PopValueInList_Test8TestBodyEv
FNDA:18,_ZN34LinkedListTest_PopValueInList_Test8TestBodyEv
FN:238,_ZN34LinkedListTest_PopValueInList_TestC2Ev
FNDA:18,_ZN34LinkedListTest_PopValueInList_TestC2Ev
FN:238,_ZN34LinkedListTest_PopValueInList_TestD2Ev
FNDA:18,_ZN34LinkedListTest_PopValueInList_TestD2Ev
FN:238,_ZN34LinkedListTest_PopValueInList_TestD0Ev
FNDA:18,_ZN34LinkedListTest_PopValueInList_TestD0Ev
FN:251,_ZN41LinkedListTest_PopValueFromEmptyList_TestD2Ev
FNDA:18,_ZN41LinkedListTest_PopValueFromEmptyList_TestD2Ev
FN:251,_ZN41LinkedListTest_PopValueFromEmptyList_Test8TestBodyEv
FNDA:18,_ZN41LinkedListTest_PopValueFromEmptyList_Test8TestBodyEv
FN:251,_ZN41LinkedListTest_PopValueFromEmptyList_TestD0Ev
FNDA:18,_ZN41LinkedListTest_PopValueFromEmptyList_TestD0Ev
FN:251,_ZN41LinkedListTest_PopValueFromEmptyList_TestC2Ev
FNDA:18,_ZN41LinkedListTest_PopValueFromEmptyList_TestC2Ev
FN:259,main
FNDA:18,main
DA:14,432
DA:16,432
DA:19,18
DA:19,18
DA:19,18
DA:19,18
DA:20,18
DA:21,18
DA:22,18
DA:23,18
DA:24,18
DA:25,18
DA:27,36
DA:28,18
DA:30,18
DA:30,18
DA:30,18
DA:30,18
DA:31,18
DA:32,18
DA:33,18
DA:34,18
DA:35,18
DA:36,18
DA:38,36
DA:39,18
DA:41,18
DA:41,18
DA:41,18
DA:41,18
DA:42,18
DA:43,18
DA:44,18
DA:45,18
DA:46,18
DA:47,18
DA:48,18
DA:49,18
DA:50,18
DA:51,18
DA:53,36
DA:54,18
DA:56,18
DA:56,18
DA:56,18
DA:56,18
DA:58,18
DA:60,18
DA:61,36
DA:64,18
DA:66,18
DA:67,18
DA:68,36
DA:69,18
DA:71,18
DA:71,18
DA:71,18
DA:71,18
DA:72,18
DA:73,18
DA:74,18
DA:75,18
DA:76,18
DA:77,18
DA:78,18
DA:80,36
DA:81,18
DA:83,18
DA:83,18
DA:83,18
DA:83,18
DA:84,18
DA:85,18
DA:87,18
DA:89,18
DA:90,36
DA:91,18
DA:93,18
DA:93,18
DA:93,18
DA:93,18
DA:94,18
DA:95,18
DA:96,18
DA:97,18
DA:98,18
DA:99,18
DA:100,18
DA:102,36
DA:103,18
DA:105,18
DA:105,18
DA:105,18
DA:105,18
DA:106,18
DA:107,18
DA:108,18
DA:109,18
DA:110,18
DA:111,36
DA:112,18
DA:114,18
DA:114,18
DA:114,18
DA:114,18
DA:115,18
DA:116,18
DA:117,18
DA:118,18
DA:119,18
DA:120,18
DA:121,36
DA:122,18
DA:124,18
DA:124,18
DA:124,18
DA:124,18
DA:125,18
DA:126,18
DA:127,18
DA:128,18
DA:130,18
DA:131,18
DA:132,18
DA:134,18
DA:135,18
DA:136,36
DA:137,18
DA:138,18
DA:140,18
DA:140,18
DA:140,18
DA:140,18
DA:141,18
DA:142,18
DA:143,18
DA:144,18
DA:145,18
DA:147,18
DA:147,18
DA:147,18
DA:147,18
DA:148,18
DA:149,18
DA:150,18
DA:151,18
DA:152,18
DA:154,18
DA:154,18
DA:154,18
DA:154,18
DA:155,18
DA:156,18
DA:157,18
DA:159,18
DA:160,18
DA:161,18
DA:162,18
DA:164,18
DA:164,18
DA:164,18
DA:164,18
DA:165,18
DA:166,18
DA:167,18
DA:169,18
DA:169,18
DA:169,18
DA:169,18
DA:170,18
DA:171,18
DA:173,18
DA:173,18
DA:173,18
DA:173,18
DA:174,18
DA:175,18
DA:176,18
DA:178,18
DA:178,18
DA:178,18
DA:178,18
DA:179,18
DA:180,18
DA:181,18
DA:182,18
DA:183,18
DA:184,18
DA:186,18
DA:186,18
DA:186,18
DA:186,18
DA:187,18
DA:188,18
DA:189,18
DA:190,18
DA:191,18
DA:192,18
DA:193,18
DA:195,18
DA:195,18
DA:195,18
DA:195,18
DA:196,18
DA:197,18
DA:198,18
DA:199,18
DA:200,18
DA:201,18
DA:203,18
DA:203,18
DA:203,18
DA:203,18
DA:204,18
DA:205,18
DA:207,18
DA:209,18
DA:210,36
DA:211,18
DA:213,18
DA:213,18
DA:213,18
DA:213,18
DA:214,18
DA:215,18
DA:216,18
DA:217,18
DA:219,18
DA:220,18
DA:221,18
DA:222,18
DA:223,36
DA:224,18
DA:226,18
DA:226,18
DA:226,18
DA:226,18
DA:227,18
DA:228,18
DA:229,18
DA:231,18
DA:232,18
DA:233,18
DA:234,18
DA:235,36
DA:236,18
DA:238,18
DA:238,18
DA:238,18
DA:238,18
DA:239,18
DA:240,18
DA:241,18
DA:242,18
DA:244,18
DA:245,18
DA:246,18
DA:247,18
DA:248,36
DA:249,18
DA:251,18
DA:251,18
DA:251,18
DA:251,18
DA:252,18
DA:253,18
DA:254,18
DA:255,18
DA:256,18
DA:257,18
DA:259,18
DA:260,18
DA:261,18
end_of_record
TN:
SF:/home/businka/second_semester_programming/laba3/array_testing.cpp
FN:10,_ZN23ArrayTest_PushBack_TestC2Ev
FNDA:90,_ZN23ArrayTest_PushBack_TestC2Ev
FN:10,_ZN23ArrayTest_PushBack_Test8TestBodyEv
FNDA:90,_ZN23ArrayTest_PushBack_Test8TestBodyEv
FN:10,_ZN23ArrayTest_PushBack_TestD2Ev
FNDA:90,_ZN23ArrayTest_PushBack_TestD2Ev
FN:10,_ZN23ArrayTest_PushBack_TestD0Ev
FNDA:90,_ZN23ArrayTest_PushBack_TestD0Ev
FN:18,_ZN24ArrayTest_PushFront_TestC2Ev
FNDA:90,_ZN24ArrayTest_PushFront_TestC2Ev
FN:18,_ZN24ArrayTest_PushFront_Test8TestBodyEv
FNDA:90,_ZN24ArrayTest_PushFront_Test8TestBodyEv
FN:18,_ZN24ArrayTest_PushFront_TestD2Ev
FNDA:90,_ZN24ArrayTest_PushFront_TestD2Ev
FN:18,_ZN24ArrayTest_PushFront_TestD0Ev
FNDA:90,_ZN24ArrayTest_PushFront_TestD0Ev
FN:28,_ZN21ArrayTest_PushIn_TestC2Ev
FNDA:90,_ZN21ArrayTest_PushIn_TestC2Ev
FN:28,_ZN21ArrayTest_PushIn_Test8TestBodyEv
FNDA:90,_ZN21ArrayTest_PushIn_Test8TestBodyEv
FN:28,_ZN21ArrayTest_PushIn_TestD2Ev
FNDA:90,_ZN21ArrayTest_PushIn_TestD2Ev
FN:28,_ZN21ArrayTest_PushIn_TestD0Ev
FNDA:90,_ZN21ArrayTest_PushIn_TestD0Ev
FN:37,_ZN23ArrayTest_PopFront_TestC2Ev
FNDA:90,_ZN23ArrayTest_PopFront_TestC2Ev
FN:37,_ZN23ArrayTest_PopFront_Test8TestBodyEv
FNDA:90,_ZN23ArrayTest_PopFront_Test8TestBodyEv
FN:37,_ZN23ArrayTest_PopFront_TestD2Ev
FNDA:90,_ZN23ArrayTest_PopFront_TestD2Ev
FN:37,_ZN23ArrayTest_PopFront_TestD0Ev
FNDA:90,_ZN23ArrayTest_PopFront_TestD0Ev
FN:46,_ZN22ArrayTest_PopBack_TestD0Ev
FNDA:90,_ZN22ArrayTest_PopBack_TestD0Ev
FN:46,_ZN22ArrayTest_PopBack_Test8TestBodyEv
FNDA:90,_ZN22ArrayTest_PopBack_Test8TestBodyEv
FN:46,_ZN22ArrayTest_PopBack_TestD2Ev
FNDA:90,_ZN22ArrayTest_PopBack_TestD2Ev
FN:46,_ZN22ArrayTest_PopBack_TestC2Ev
FNDA:90,_ZN22ArrayTest_PopBack_TestC2Ev
FN:55,_ZN20ArrayTest_PopIn_TestD0Ev
FNDA:90,_ZN20ArrayTest_PopIn_TestD0Ev
FN:55,_ZN20ArrayTest_PopIn_TestC2Ev
FNDA:90,_ZN20ArrayTest_PopIn_TestC2Ev
FN:55,_ZN20ArrayTest_PopIn_TestD2Ev
FNDA:90,_ZN20ArrayTest_PopIn_TestD2Ev
FN:55,_ZN20ArrayTest_PopIn_Test8TestBodyEv
FNDA:90,_ZN20ArrayTest_PopIn_Test8TestBodyEv
FN:65,_ZN21ArrayTest_Search_TestD2Ev
FNDA:90,_ZN21ArrayTest_Search_TestD2Ev
FN:65,_ZN21ArrayTest_Search_TestD0Ev
FNDA:90,_ZN21ArrayTest_Search_TestD0Ev
FN:65,_ZN21ArrayTest_Search_TestC2Ev
FNDA:90,_ZN21ArrayTest_Search_TestC2Ev
FN:65,_ZN21ArrayTest_Search_Test8TestBodyEv
FNDA:90,_ZN21ArrayTest_Search_Test8TestBodyEv
FN:74,_ZN25ArrayTest_SetValueAt_TestD0Ev
FNDA:90,_ZN25ArrayTest_SetValueAt_TestD0Ev
FN:74,_ZN25ArrayTest_SetValueAt_TestD2Ev
FNDA:90,_ZN25ArrayTest_SetValueAt_TestD2Ev
FN:74,_ZN25ArrayTest_SetValueAt_Test8TestBodyEv
FNDA:90,_ZN25ArrayTest_SetValueAt_Test8TestBodyEv
FN:74,_ZN25ArrayTest_SetValueAt_TestC2Ev
FNDA:90,_ZN25ArrayTest_SetValueAt_TestC2Ev
FN:82,_ZN32ArrayTest_InvalidIndexPopIn_Test8TestBodyEv
FNDA:90,_ZN32ArrayTest_InvalidIndexPopIn_Test8TestBodyEv
FN:82,_ZN32ArrayTest_InvalidIndexPopIn_TestC2Ev
FNDA:90,_ZN32ArrayTest_InvalidIndexPopIn_TestC2Ev
FN:82,_ZN32ArrayTest_InvalidIndexPopIn_TestD2Ev
FNDA:90,_ZN32ArrayTest_InvalidIndexPopIn_TestD2Ev
FN:82,_ZN32ArrayTest_InvalidIndexPopIn_TestD0Ev
FNDA:90,_ZN32ArrayTest_InvalidIndexPopIn_TestD0Ev
FN:89,_ZN37ArrayTest_InvalidIndexSetValueAt_TestC2Ev
FNDA:90,_ZN37ArrayTest_InvalidIndexSetValueAt_TestC2Ev
FN:89,_ZN37ArrayTest_InvalidIndexSetValueAt_Test8TestBodyEv
FNDA:90,_ZN37ArrayTest_InvalidIndexSetValueAt_Test8TestBodyEv
FN:89,_ZN37ArrayTest_InvalidIndexSetValueAt_TestD0Ev
FNDA:90,_ZN37ArrayTest_InvalidIndexSetValueAt_TestD0Ev
FN:89,_ZN37ArrayTest_InvalidIndexSetValueAt_TestD2Ev
FNDA:90,_ZN37ArrayTest_InvalidIndexSetValueAt_TestD2Ev
FN:96,_ZN28ArrayTest_PopFrontEmpty_TestD2Ev
FNDA:90,_ZN28ArrayTest_PopFrontEmpty_TestD2Ev
FN:96,_ZN28ArrayTest_PopFrontEmpty_TestC2Ev
FNDA:90,_ZN28ArrayTest_PopFrontEmpty_TestC2Ev
FN:96,_ZN28ArrayTest_PopFrontEmpty_TestD0Ev
FNDA:90,_ZN28ArrayTest_PopFrontEmpty_TestD0Ev
FN:96,_ZN28ArrayTest_PopFrontEmpty_Test8TestBodyEv
FNDA:90,_ZN28ArrayTest_PopFrontEmpty_Test8TestBodyEv
FN:102,_ZN27ArrayTest_PopBackEmpty_TestD0Ev
FNDA:90,_ZN27ArrayTest_PopBackEmpty_TestD0Ev
FN:102,_ZN27ArrayTest_PopBackEmpty_TestC2Ev
FNDA:90,_ZN27ArrayTest_PopBackEmpty_TestC2Ev
FN:102,_ZN27ArrayTest_PopBackEmpty_Test8TestBodyEv
FNDA:90,_ZN27ArrayTest_PopBackEmpty_Test8TestBodyEv
FN:102,_ZN27ArrayTest_PopBackEmpty_TestD2Ev
FNDA:90,_ZN27ArrayTest_PopBackEmpty_TestD2Ev
FN:108,_ZN38ArrayTest_SearchIndexInvalidIndex_TestD0Ev
FNDA:90,_ZN38ArrayTest_SearchIndexInvalidIndex_TestD0Ev
FN:108,_ZN38ArrayTest_SearchIndexInvalidIndex_TestC2Ev
FNDA:90,_ZN38ArrayTest_SearchIndexInvalidIndex_TestC2Ev
FN:108,_ZN38ArrayTest_SearchIndexInvalidIndex_TestD2Ev
FNDA:90,_ZN38ArrayTest_SearchIndexInvalidIndex_TestD2Ev
FN:108,_ZN38ArrayTest_SearchIndexInvalidIndex_Test8TestBodyEv
FNDA:90,_ZN38ArrayTest_SearchIndexInvalidIndex_Test8TestBodyEv
FN:122,_ZN37ArrayTest_SetValueAtInvalidIndex_TestC2Ev
FNDA:90,_ZN37ArrayTest_SetValueAtInvalidIndex_TestC2Ev
FN:122,_ZN37ArrayTest_SetValueAtInvalidIndex_TestD0Ev
FNDA:90,_ZN37ArrayTest_SetValueAtInvalidIndex_TestD0Ev
FN:122,_ZN37ArrayTest_SetValueAtInvalidIndex_Test8TestBodyEv
FNDA:90,_ZN37ArrayTest_SetValueAtInvalidIndex_Test8TestBodyEv
FN:122,_ZN37ArrayTest_SetValueAtInvalidIndex_TestD2Ev
FNDA:90,_ZN37ArrayTest_SetValueAtInvalidIndex_TestD2Ev
FN:135,_ZN37ArrayTest_GetValueAtInvalidIndex_TestD0Ev
FNDA:90,_ZN37ArrayTest_GetValueAtInvalidIndex_TestD0Ev
FN:135,_ZN37ArrayTest_GetValueAtInvalidIndex_TestC2Ev
FNDA:90,_ZN37ArrayTest_GetValueAtInvalidIndex_TestC2Ev
FN:135,_ZN37ArrayTest_GetValueAtInvalidIndex_TestD2Ev
FNDA:90,_ZN37ArrayTest_GetValueAtInvalidIndex_TestD2Ev
FN:135,_ZN37ArrayTest_GetValueAtInvalidIndex_Test8TestBodyEv
FNDA:90,_ZN37ArrayTest_GetValueAtInvalidIndex_Test8TestBodyEv
FN:151,_ZN27ArrayTest_DisplayEmpty_TestD0Ev
FNDA:90,_ZN27ArrayTest_DisplayEmpty_TestD0Ev
FN:151,_ZN27ArrayTest_DisplayEmpty_Test8TestBodyEv
FNDA:90,_ZN27ArrayTest_DisplayEmpty_Test8TestBodyEv
FN:151,_ZN27ArrayTest_DisplayEmpty_TestC2Ev
FNDA:90,_ZN27ArrayTest_DisplayEmpty_TestC2Ev
FN:151,_ZN27ArrayTest_DisplayEmpty_TestD2Ev
FNDA:90,_ZN27ArrayTest_DisplayEmpty_TestD2Ev
FN:159,_ZN30ArrayTest_DisplayNonEmpty_TestC2Ev
FNDA:90,_ZN30ArrayTest_DisplayNonEmpty_TestC2Ev
FN:159,_ZN30ArrayTest_DisplayNonEmpty_Test8TestBodyEv
FNDA:90,_ZN30ArrayTest_DisplayNonEmpty_Test8TestBodyEv
FN:159,_ZN30ArrayTest_DisplayNonEmpty_TestD2Ev
FNDA:90,_ZN30ArrayTest_DisplayNonEmpty_TestD2Ev
FN:159,_ZN30ArrayTest_DisplayNonEmpty_TestD0Ev
FNDA:90,_ZN30ArrayTest_DisplayNonEmpty_TestD0Ev
FN:170,main
FNDA:90,main
DA:10,90
DA:10,90
DA:10,90
DA:10,90
DA:11,90
DA:12,90
DA:13,90
DA:14,90
DA:15,90
DA:16,90
DA:18,90
DA:18,90
DA:18,90
DA:18,90
DA:19,90
DA:20,90
DA:21,90
DA:22,90
DA:23,90
DA:24,90
DA:25,90
DA:26,90
DA:28,90
DA:28,90
DA:28,90
DA:28,90
DA:29,90
DA:30,90
DA:31,90
DA:32,90
DA:33,90
DA:34,90
DA:35,90
DA:37,90
DA:37,90
DA:37,90
DA:37,90
DA:38,90
DA:39,90
DA:40,90
DA:41,90
DA:42,90
DA:43,90
DA:44,90
DA:46,90
DA:46,90
DA:46,90
DA:46,90
DA:47,90
DA:48,90
DA:49,90
DA:50,90
DA:51,90
DA:52,90
DA:53,90
DA:55,90
DA:55,90
DA:55,90
DA:55,90
DA:56,90
DA:57,90
DA:58,90
DA:59,90
DA:60,90
DA:61,90
DA:62,90
DA:63,90
DA:65,90
DA:65,90
DA:65,90
DA:65,90
DA:66,90
DA:67,90
DA:68,90
DA:69,90
DA:70,90
DA:71,90
DA:72,90
DA:74,90
DA:74,90
DA:74,90
DA:74,90
DA:75,90
DA:76,90
DA:77,90
DA:78,90
DA:79,90
DA:80,90
DA:82,90
DA:82,90
DA:82,90
DA:82,90
DA:83,90
DA:84,90
DA:85,90
DA:86,90
DA:87,90
DA:89,90
DA:89,90
DA:89,90
DA:89,90
DA:90,90
DA:91,90
DA:92,90
DA:93,90
DA:94,90
DA:96,90
DA:96,90
DA:96,90
DA:96,90
DA:97,90
DA:98,90
DA:99,90
DA:100,90
DA:102,90
DA:102,90
DA:102,90
DA:102,90
DA:103,90
DA:104,90
DA:105,90
DA:106,90
DA:108,90
DA:108,90
DA:108,90
DA:108,90
DA:109,90
DA:110,90
DA:111,90
DA:112,90
DA:113,90
DA:115,90
DA:116,90
DA:118,90
DA:119,90
DA:120,90
DA:122,90
DA:122,90
DA:122,90
DA:122,90
DA:123,90
DA:124,90
DA:125,90
DA:127,90
DA:128,90
DA:129,90
DA:131,90
DA:132,90
DA:133,90
DA:135,90
DA:135,90
DA:135,90
DA:135,90
DA:136,90
DA:137,90
DA:138,90
DA:140,90
DA:141,90
DA:143,90
DA:145,90
DA:147,90
DA:148,90
DA:149,90
DA:151,90
DA:151,90
DA:151,90
DA:151,90
DA:152,90
DA:153,90
DA:154,90
DA:155,90
DA:156,90
DA:157,90
DA:159,90
DA:159,90
DA:159,90
DA:159,90
DA:160,90
DA:161,90
DA:162,90
DA:163,90
DA:164,90
DA:165,90
DA:166,90
DA:167,90
DA:168,90
DA:170,90
DA:171,90
DA:172,90
end_of_record
SF:/home/businka/second_semester_programming/laba3/Array.hpp
FN:7,_ZN5ArrayIiEC2Ev
FNDA:1530,_ZN5ArrayIiEC2Ev
FN:11,_ZN5ArrayIiED2Ev
FNDA:1530,_ZN5ArrayIiED2Ev
FN:15,_ZN5ArrayIiE10push_frontERKi
FNDA:270,_ZN5ArrayIiE10push_frontERKi
FN:36,_ZN5ArrayIiE9push_backERKi
FNDA:2520,_ZN5ArrayIiE9push_backERKi
FN:54,_ZN5ArrayIiE7push_inEiRKi
FNDA:90,_ZN5ArrayIiE7push_inEiRKi
FN:81,_ZN5ArrayIiE9pop_frontEv
FNDA:180,_ZN5ArrayIiE9pop_frontEv
FN:92,_ZN5ArrayIiE8pop_backEv
FNDA:180,_ZN5ArrayIiE8pop_backEv
FN:100,_ZN5ArrayIiE6pop_inEi
FNDA:180,_ZN5ArrayIiE6pop_inEi
FN:111,_ZN5ArrayIiE6searchERKi
FNDA:180,_ZN5ArrayIiE6searchERKi
FN:122,_ZN5ArrayIiE12search_indexEi
FNDA:360,_ZN5ArrayIiE12search_indexEi
FN:132,_ZN5ArrayIiE12set_value_atEii
FNDA:270,_ZN5ArrayIiE12set_value_atEii
FN:141,_ZN5ArrayIiE12get_value_atEi
FNDA:540,_ZN5ArrayIiE12get_value_atEi
FN:150,_ZN5ArrayIiE8get_sizeEv
FNDA:810,_ZN5ArrayIiE8get_sizeEv
FN:154,_ZN5ArrayIiE7displayEv
FNDA:180,_ZN5ArrayIiE7displayEv
DA:7,1530
DA:8,1530
DA:9,1530
DA:11,1530
DA:12,1530
DA:13,1530
DA:15,270
DA:16,270
DA:17,90
DA:18,90
DA:20,270
DA:21,180
DA:24,90
DA:25,90
DA:26,90
DA:28,540
DA:29,270
DA:32,270
DA:33,270
DA:34,270
DA:36,2520
DA:37,2520
DA:38,360
DA:39,360
DA:41,1080
DA:42,720
DA:45,360
DA:46,360
DA:47,360
DA:50,2520
DA:51,2520
DA:52,2520
DA:54,90
DA:55,90
DA:56,0
DA:57,0
DA:60,90
DA:61,90
DA:62,90
DA:64,270
DA:65,180
DA:68,90
DA:69,90
DA:70,90
DA:73,180
DA:74,90
DA:77,90
DA:78,90
DA:81,180
DA:82,180
DA:83,90
DA:85,180
DA:86,90
DA:88,90
DA:90,180
DA:92,180
DA:93,180
DA:94,90
DA:96,90
DA:98,180
DA:100,180
DA:101,180
DA:102,90
DA:103,90
DA:105,180
DA:106,90
DA:108,90
DA:111,180
DA:112,540
DA:113,450
DA:114,90
DA:115,90
DA:118,90
DA:119,90
DA:122,360
DA:123,360
DA:124,270
DA:125,270
DA:127,90
DA:128,90
DA:132,270
DA:133,270
DA:134,180
DA:135,180
DA:138,90
DA:141,540
DA:142,540
DA:143,450
DA:145,90
DA:146,90
DA:150,810
DA:151,810
DA:154,180
DA:155,180
DA:156,90
DA:157,90
DA:159,360
DA:160,270
DA:162,90
end_of_record
TN:
SF:/home/businka/second_semester_programming/laba3/List.hpp
FN:9,_ZN10LinkedListIiEC2Ev
FNDA:36,_ZN10LinkedListIiEC2Ev
FN:10,_ZN10LinkedListIiED2Ev
FNDA:36,_ZN10LinkedListIiED2Ev
FN:77,_ZN10LinkedListIiE8pop_headEv
FNDA:0,_ZN10LinkedListIiE8pop_headEv
FN:87,_ZN10LinkedListIiE8pop_tailEv
FNDA:0,_ZN10LinkedListIiE8pop_tailEv
FN:127,_ZN10LinkedListIiE9pop_valueEi
FNDA:18,_ZN10LinkedListIiE9pop_valueEi
FN:157,_ZNK10LinkedListIiE9get_valueEi
FNDA:18,_ZNK10LinkedListIiE9get_valueEi
FN:214,_ZN10DoublyListIiEC2Ev
FNDA:324,_ZN10DoublyListIiEC2Ev
FN:215,_ZN10DoublyListIiED2Ev
FNDA:324,_ZN10DoublyListIiED2Ev
FN:222,_ZN10DoublyListIiE9push_backERKi
FNDA:486,_ZN10DoublyListIiE9push_backERKi
FN:233,_ZN10DoublyListIiE10push_frontERKi
FNDA:72,_ZN10DoublyListIiE10push_frontERKi
FN:244,_ZN10DoublyListIiE7push_inEiRKi
FNDA:108,_ZN10DoublyListIiE7push_inEiRKi
FN:279,_ZN10DoublyListIiE6searchEi
FNDA:36,_ZN10DoublyListIiE6searchEi
FN:289,_ZN10DoublyListIiE11pop_forwardEv
FNDA:72,_ZN10DoublyListIiE11pop_forwardEv
FN:301,_ZN10DoublyListIiE12pop_backwardEv
FNDA:72,_ZN10DoublyListIiE12pop_backwardEv
FN:312,_ZN10DoublyListIiE3popEi
FNDA:72,_ZN10DoublyListIiE3popEi
FN:341,_ZN10DoublyListIiE9pop_valueEi
FNDA:54,_ZN10DoublyListIiE9pop_valueEi
FN:364,_ZNK10DoublyListIiE9get_valueEi
FNDA:126,_ZNK10DoublyListIiE9get_valueEi
FN:387,_ZN10DoublyListIiE7displayEv
FNDA:144,_ZN10DoublyListIiE7displayEv
DA:9,36
DA:10,36
DA:11,36
DA:12,0
DA:13,0
DA:14,0
DA:16,36
DA:77,0
DA:78,0
DA:79,0
DA:82,0
DA:83,0
DA:84,0
DA:86,0
DA:87,0
DA:88,0
DA:89,0
DA:90,0
DA:91,0
DA:93,0
DA:94,0
DA:95,0
DA:96,0
DA:97,0
DA:99,0
DA:127,18
DA:128,18
DA:129,18
DA:130,18
DA:132,0
DA:133,0
DA:134,0
DA:136,0
DA:137,0
DA:138,0
DA:140,0
DA:141,0
DA:143,0
DA:144,0
DA:145,0
DA:148,0
DA:149,0
DA:150,0
DA:153,0
DA:154,0
DA:157,18
DA:158,18
DA:159,0
DA:162,18
DA:163,18
DA:166,0
DA:167,0
DA:169,0
DA:170,0
DA:171,0
DA:173,0
DA:174,0
DA:177,0
DA:214,324
DA:215,324
DA:216,756
DA:217,432
DA:218,432
DA:219,432
DA:221,324
DA:222,486
DA:223,486
DA:224,486
DA:225,216
DA:226,216
DA:228,270
DA:229,270
DA:230,270
DA:232,486
DA:233,72
DA:234,72
DA:235,72
DA:236,36
DA:237,36
DA:239,36
DA:240,36
DA:241,36
DA:243,72
DA:244,108
DA:245,108
DA:246,108
DA:247,18
DA:248,18
DA:249,90
DA:251,36
DA:253,54
DA:254,54
DA:257,144
DA:258,90
DA:259,90
DA:262,54
DA:264,36
DA:265,36
DA:266,36
DA:267,18
DA:269,18
DA:271,36
DA:274,18
DA:275,18
DA:279,36
DA:280,36
DA:281,54
DA:282,18
DA:284,36
DA:285,18
DA:286,18
DA:288,36
DA:289,72
DA:290,72
DA:291,72
DA:292,72
DA:294,72
DA:295,18
DA:297,54
DA:299,72
DA:301,72
DA:302,72
DA:303,72
DA:304,72
DA:305,72
DA:306,18
DA:308,54
DA:310,72
DA:312,72
DA:313,72
DA:314,18
DA:315,18
DA:317,54
DA:318,18
DA:321,36
DA:322,36
DA:324,72
DA:325,36
DA:326,36
DA:328,36
DA:329,18
DA:330,18
DA:332,18
DA:333,18
DA:334,18
DA:336,0
DA:337,0
DA:338,0
DA:341,54
DA:342,54
DA:343,54
DA:344,18
DA:345,18
DA:347,36
DA:348,18
DA:349,18
DA:351,18
DA:352,36
DA:353,18
DA:355,18
DA:356,0
DA:357,0
DA:359,18
DA:360,18
DA:361,18
DA:364,126
DA:365,126
DA:366,18
DA:369,108
DA:370,0
DA:373,108
DA:374,108
DA:376,180
DA:377,162
DA:378,90
DA:380,72
DA:381,72
DA:384,18
DA:387,144
DA:388,144
DA:389,450
DA:390,306
DA:391,306
DA:393,144
DA:394,144
end_of_record
SF:/home/businka/second_semester_programming/laba3/2list_testing.cpp
FN:14,_ZN14DoublyListTest5SetUpEv
FNDA:324,_ZN14DoublyListTest5SetUpEv
FN:19,_ZN29DoublyListTest_PushFront_TestC2Ev
FNDA:18,_ZN29DoublyListTest_PushFront_TestC2Ev
FN:19,_ZN29DoublyListTest_PushFront_Test8TestBodyEv
FNDA:18,_ZN29DoublyListTest_PushFront_Test8TestBodyEv
FN:19,_ZN29DoublyListTest_PushFront_TestD2Ev
FNDA:18,_ZN29DoublyListTest_PushFront_TestD2Ev
FN:19,_ZN29DoublyListTest_PushFront_TestD0Ev
FNDA:18,_ZN29DoublyListTest_PushFront_TestD0Ev
FN:30,_ZN28DoublyListTest_PushBack_TestC2Ev
FNDA:18,_ZN28DoublyListTest_PushBack_TestC2Ev
FN:30,_ZN28DoublyListTest_PushBack_Test8TestBodyEv
FNDA:18,_ZN28DoublyListTest_PushBack_Test8TestBodyEv
FN:30,_ZN28DoublyListTest_PushBack_TestD2Ev
FNDA:18,_ZN28DoublyListTest_PushBack_TestD2Ev
FN:30,_ZN28DoublyListTest_PushBack_TestD0Ev
FNDA:18,_ZN28DoublyListTest_PushBack_TestD0Ev
FN:41,_ZN36DoublyListTest_InsertValidIndex_TestC2Ev
FNDA:18,_ZN36DoublyListTest_InsertValidIndex_TestC2Ev
FN:41,_ZN36DoublyListTest_InsertValidIndex_Test8TestBodyEv
FNDA:18,_ZN36DoublyListTest_InsertValidIndex_Test8TestBodyEv
FN:41,_ZN36DoublyListTest_InsertValidIndex_TestD2Ev
FNDA:18,_ZN36DoublyListTest_InsertValidIndex_TestD2Ev
FN:41,_ZN36DoublyListTest_InsertValidIndex_TestD0Ev
FNDA:18,_ZN36DoublyListTest_InsertValidIndex_TestD0Ev
FN:56,_ZN38DoublyListTest_InsertInvalidIndex_TestD2Ev
FNDA:18,_ZN38DoublyListTest_InsertInvalidIndex_TestD2Ev
FN:56,_ZN38DoublyListTest_InsertInvalidIndex_TestC2Ev
FNDA:18,_ZN38DoublyListTest_InsertInvalidIndex_TestC2Ev
FN:56,_ZN38DoublyListTest_InsertInvalidIndex_TestD0Ev
FNDA:18,_ZN38DoublyListTest_InsertInvalidIndex_TestD0Ev
FN:56,_ZN38DoublyListTest_InsertInvalidIndex_Test8TestBodyEv
FNDA:18,_ZN38DoublyListTest_InsertInvalidIndex_Test8TestBodyEv
FN:71,_ZN41DoublyListTest_SearchExistingElement_TestD2Ev
FNDA:18,_ZN41DoublyListTest_SearchExistingElement_TestD2Ev
FN:71,_ZN41DoublyListTest_SearchExistingElement_TestD0Ev
FNDA:18,_ZN41DoublyListTest_SearchExistingElement_TestD0Ev
FN:71,_ZN41DoublyListTest_SearchExistingElement_Test8TestBodyEv
FNDA:18,_ZN41DoublyListTest_SearchExistingElement_Test8TestBodyEv
FN:71,_ZN41DoublyListTest_SearchExistingElement_TestC2Ev
FNDA:18,_ZN41DoublyListTest_SearchExistingElement_TestC2Ev
FN:79,_ZN44DoublyListTest_SearchNonExistingElement_TestD2Ev
FNDA:18,_ZN44DoublyListTest_SearchNonExistingElement_TestD2Ev
FN:79,_ZN44DoublyListTest_SearchNonExistingElement_TestD0Ev
FNDA:18,_ZN44DoublyListTest_SearchNonExistingElement_TestD0Ev
FN:79,_ZN44DoublyListTest_SearchNonExistingElement_TestC2Ev
FNDA:18,_ZN44DoublyListTest_SearchNonExistingElement_TestC2Ev
FN:79,_ZN44DoublyListTest_SearchNonExistingElement_Test8TestBodyEv
FNDA:18,_ZN44DoublyListTest_SearchNonExistingElement_Test8TestBodyEv
FN:88,_ZN27DoublyListTest_PopHead_TestD0Ev
FNDA:18,_ZN27DoublyListTest_PopHead_TestD0Ev
FN:88,_ZN27DoublyListTest_PopHead_Test8TestBodyEv
FNDA:18,_ZN27DoublyListTest_PopHead_Test8TestBodyEv
FN:88,_ZN27DoublyListTest_PopHead_TestD2Ev
FNDA:18,_ZN27DoublyListTest_PopHead_TestD2Ev
FN:88,_ZN27DoublyListTest_PopHead_TestC2Ev
FNDA:18,_ZN27DoublyListTest_PopHead_TestC2Ev
FN:102,_ZN27DoublyListTest_PopTail_TestC2Ev
FNDA:18,_ZN27DoublyListTest_PopTail_TestC2Ev
FN:102,_ZN27DoublyListTest_PopTail_TestD0Ev
FNDA:18,_ZN27DoublyListTest_PopTail_TestD0Ev
FN:102,_ZN27DoublyListTest_PopTail_TestD2Ev
FNDA:18,_ZN27DoublyListTest_PopTail_TestD2Ev
FN:102,_ZN27DoublyListTest_PopTail_Test8TestBodyEv
FNDA:18,_ZN27DoublyListTest_PopTail_Test8TestBodyEv
FN:116,_ZN29DoublyListTest_PopInHead_TestC2Ev
FNDA:18,_ZN29DoublyListTest_PopInHead_TestC2Ev
FN:116,_ZN29DoublyListTest_PopInHead_TestD0Ev
FNDA:18,_ZN29DoublyListTest_PopInHead_TestD0Ev
FN:116,_ZN29DoublyListTest_PopInHead_TestD2Ev
FNDA:18,_ZN29DoublyListTest_PopInHead_TestD2Ev
FN:116,_ZN29DoublyListTest_PopInHead_Test8TestBodyEv
FNDA:18,_ZN29DoublyListTest_PopInHead_Test8TestBodyEv
FN:132,_ZN36DoublyListTest_PopFromEmptyList_Test8TestBodyEv
FNDA:18,_ZN36DoublyListTest_PopFromEmptyList_Test8TestBodyEv
FN:132,_ZN36DoublyListTest_PopFromEmptyList_TestC2Ev
FNDA:18,_ZN36DoublyListTest_PopFromEmptyList_TestC2Ev
FN:132,_ZN36DoublyListTest_PopFromEmptyList_TestD2Ev
FNDA:18,_ZN36DoublyListTest_PopFromEmptyList_TestD2Ev
FN:132,_ZN36DoublyListTest_PopFromEmptyList_TestD0Ev
FNDA:18,_ZN36DoublyListTest_PopFromEmptyList_TestD0Ev
FN:139,_ZN38DoublyListTest_GetValueValidIndex_TestC2Ev
FNDA:18,_ZN38DoublyListTest_GetValueValidIndex_TestC2Ev
FN:139,_ZN38DoublyListTest_GetValueValidIndex_Test8TestBodyEv
FNDA:18,_ZN38DoublyListTest_GetValueValidIndex_Test8TestBodyEv
FN:139,_ZN38DoublyListTest_GetValueValidIndex_TestD0Ev
FNDA:18,_ZN38DoublyListTest_GetValueValidIndex_TestD0Ev
FN:139,_ZN38DoublyListTest_GetValueValidIndex_TestD2Ev
FNDA:18,_ZN38DoublyListTest_GetValueValidIndex_TestD2Ev
FN:149,_ZN43DoublyListTest_GetValueInvalidIndexMax_TestC2Ev
FNDA:18,_ZN43DoublyListTest_GetValueInvalidIndexMax_TestC2Ev
FN:149,_ZN43DoublyListTest_GetValueInvalidIndexMax_TestD0Ev
FNDA:18,_ZN43DoublyListTest_GetValueInvalidIndexMax_TestD0Ev
FN:149,_ZN43DoublyListTest_GetValueInvalidIndexMax_TestD2Ev
FNDA:18,_ZN43DoublyListTest_GetValueInvalidIndexMax_TestD2Ev
FN:149,_ZN43DoublyListTest_GetValueInvalidIndexMax_Test8TestBodyEv
FNDA:18,_ZN43DoublyListTest_GetValueInvalidIndexMax_Test8TestBodyEv
FN:154,_ZN40DoublyListTest_GetValueInvalidIndex_TestD2Ev
FNDA:18,_ZN40DoublyListTest_GetValueInvalidIndex_TestD2Ev
FN:154,_ZN40DoublyListTest_GetValueInvalidIndex_TestC2Ev
FNDA:18,_ZN40DoublyListTest_GetValueInvalidIndex_TestC2Ev
FN:154,_ZN40DoublyListTest_GetValueInvalidIndex_TestD0Ev
FNDA:18,_ZN40DoublyListTest_GetValueInvalidIndex_TestD0Ev
FN:154,_ZN40DoublyListTest_GetValueInvalidIndex_Test8TestBodyEv
FNDA:18,_ZN40DoublyListTest_GetValueInvalidIndex_Test8TestBodyEv
FN:158,_ZN41DoublyListTest_GetValueFromEmptyList_TestD0Ev
FNDA:18,_ZN41DoublyListTest_GetValueFromEmptyList_TestD0Ev
FN:158,_ZN41DoublyListTest_GetValueFromEmptyList_TestC2Ev
FNDA:18,_ZN41DoublyListTest_GetValueFromEmptyList_TestC2Ev
FN:158,_ZN41DoublyListTest_GetValueFromEmptyList_Test8TestBodyEv
FNDA:18,_ZN41DoublyListTest_GetValueFromEmptyList_Test8TestBodyEv
FN:158,_ZN41DoublyListTest_GetValueFromEmptyList_TestD2Ev
FNDA:18,_ZN41DoublyListTest_GetValueFromEmptyList_TestD2Ev
FN:163,_ZN32DoublyListTest_PopValueHead_Test8TestBodyEv
FNDA:18,_ZN32DoublyListTest_PopValueHead_Test8TestBodyEv
FN:163,_ZN32DoublyListTest_PopValueHead_TestD0Ev
FNDA:18,_ZN32DoublyListTest_PopValueHead_TestD0Ev
FN:163,_ZN32DoublyListTest_PopValueHead_TestD2Ev
FNDA:18,_ZN32DoublyListTest_PopValueHead_TestD2Ev
FN:163,_ZN32DoublyListTest_PopValueHead_TestC2Ev
FNDA:18,_ZN32DoublyListTest_PopValueHead_TestC2Ev
FN:176,_ZN32DoublyListTest_PopValueTail_TestD2Ev
FNDA:18,_ZN32DoublyListTest_PopValueTail_TestD2Ev
FN:176,_ZN32DoublyListTest_PopValueTail_TestC2Ev
FNDA:18,_ZN32DoublyListTest_PopValueTail_TestC2Ev
FN:176,_ZN32DoublyListTest_PopValueTail_TestD0Ev
FNDA:18,_ZN32DoublyListTest_PopValueTail_TestD0Ev
FN:176,_ZN32DoublyListTest_PopValueTail_Test8TestBodyEv
FNDA:18,_ZN32DoublyListTest_PopValueTail_Test8TestBodyEv
FN:188,_ZN34DoublyListTest_PopValueInList_TestD0Ev
FNDA:18,_ZN34DoublyListTest_PopValueInList_TestD0Ev
FN:188,_ZN34DoublyListTest_PopValueInList_Test8TestBodyEv
FNDA:18,_ZN34DoublyListTest_PopValueInList_Test8TestBodyEv
FN:188,_ZN34DoublyListTest_PopValueInList_TestD2Ev
FNDA:18,_ZN34DoublyListTest_PopValueInList_TestD2Ev
FN:188,_ZN34DoublyListTest_PopValueInList_TestC2Ev
FNDA:18,_ZN34DoublyListTest_PopValueInList_TestC2Ev
FN:201,_ZN41DoublyListTest_PopValueFromEmptyList_TestC2Ev
FNDA:18,_ZN41DoublyListTest_PopValueFromEmptyList_TestC2Ev
FN:201,_ZN41DoublyListTest_PopValueFromEmptyList_TestD0Ev
FNDA:18,_ZN41DoublyListTest_PopValueFromEmptyList_TestD0Ev
FN:201,_ZN41DoublyListTest_PopValueFromEmptyList_TestD2Ev
FNDA:18,_ZN41DoublyListTest_PopValueFromEmptyList_TestD2Ev
FN:201,_ZN41DoublyListTest_PopValueFromEmptyList_Test8TestBodyEv
FNDA:18,_ZN41DoublyListTest_PopValueFromEmptyList_Test8TestBodyEv
FN:209,main
FNDA:18,main
DA:14,324
DA:16,324
DA:19,18
DA:19,18
DA:19,18
DA:19,18
DA:20,18
DA:21,18
DA:22,18
DA:23,18
DA:24,18
DA:25,18
DA:27,36
DA:28,18
DA:30,18
DA:30,18
DA:30,18
DA:30,18
DA:31,18
DA:32,18
DA:33,18
DA:34,18
DA:35,18
DA:36,18
DA:38,36
DA:39,18
DA:41,18
DA:41,18
DA:41,18
DA:41,18
DA:42,18
DA:43,18
DA:44,18
DA:45,18
DA:46,18
DA:47,18
DA:48,18
DA:49,18
DA:50,18
DA:51,18
DA:53,36
DA:54,18
DA:56,18
DA:56,18
DA:56,18
DA:56,18
DA:58,18
DA:60,18
DA:61,36
DA:64,18
DA:66,18
DA:67,18
DA:68,36
DA:69,18
DA:71,18
DA:71,18
DA:71,18
DA:71,18
DA:72,18
DA:73,18
DA:74,18
DA:75,18
DA:76,18
DA:77,18
DA:79,18
DA:79,18
DA:79,18
DA:79,18
DA:80,18
DA:81,18
DA:82,18
DA:83,18
DA:84,18
DA:85,18
DA:86,18
DA:88,18
DA:88,18
DA:88,18
DA:88,18
DA:89,18
DA:90,18
DA:91,18
DA:92,18
DA:93,18
DA:94,18
DA:95,18
DA:97,36
DA:99,18
DA:100,18
DA:102,18
DA:102,18
DA:102,18
DA:102,18
DA:103,18
DA:104,18
DA:105,18
DA:106,18
DA:107,18
DA:108,18
DA:109,18
DA:111,36
DA:113,18
DA:114,18
DA:116,18
DA:116,18
DA:116,18
DA:116,18
DA:117,18
DA:118,18
DA:119,18
DA:120,18
DA:122,18
DA:123,18
DA:124,18
DA:126,18
DA:127,18
DA:128,36
DA:129,18
DA:130,18
DA:132,18
DA:132,18
DA:132,18
DA:132,18
DA:133,18
DA:134,18
DA:135,18
DA:136,18
DA:137,18
DA:139,18
DA:139,18
DA:139,18
DA:139,18
DA:140,18
DA:141,18
DA:142,18
DA:144,18
DA:145,18
DA:146,18
DA:147,18
DA:149,18
DA:149,18
DA:149,18
DA:149,18
DA:150,18
DA:151,18
DA:152,18
DA:154,18
DA:154,18
DA:154,18
DA:154,18
DA:155,18
DA:156,18
DA:158,18
DA:158,18
DA:158,18
DA:158,18
DA:159,18
DA:160,18
DA:161,18
DA:163,18
DA:163,18
DA:163,18
DA:163,18
DA:164,18
DA:165,18
DA:166,18
DA:167,18
DA:169,18
DA:170,18
DA:171,18
DA:172,18
DA:173,36
DA:174,18
DA:176,18
DA:176,18
DA:176,18
DA:176,18
DA:177,18
DA:178,18
DA:179,18
DA:181,18
DA:182,18
DA:183,18
DA:184,18
DA:185,36
DA:186,18
DA:188,18
DA:188,18
DA:188,18
DA:188,18
DA:189,18
DA:190,18
DA:191,18
DA:192,18
DA:194,18
DA:195,18
DA:196,18
DA:197,18
DA:198,36
DA:199,18
DA:201,18
DA:201,18
DA:201,18
DA:201,18
DA:202,18
DA:203,18
DA:204,18
DA:205,18
DA:206,18
DA:207,18
DA:209,18
DA:210,18
DA:211,18
end_of_record
SF:/home/businka/second_semester_programming/laba3/Node.hpp
FN:17,_ZN4NodeIiEC2ERKiPS0_S3_
FNDA:666,_ZN4NodeIiEC2ERKiPS0_S3_
DA:17,666
DA:18,666
DA:19,666
end_of_record
TN:
SF:/home/businka/second_semester_programming/laba3/Queue.hpp
FN:9,_ZN5QueueIiEC2Ev
FNDA:84,_ZN5QueueIiEC2Ev
FN:11,_ZN5QueueIiED2Ev
FNDA:84,_ZN5QueueIiED2Ev
FN:19,_ZN5QueueIiE4pushERKi
FNDA:132,_ZN5QueueIiE4pushERKi
FN:30,_ZN5QueueIiE6searchEi
FNDA:24,_ZN5QueueIiE6searchEi
FN:42,_ZN5QueueIiE3popEv
FNDA:60,_ZN5QueueIiE3popEv
FN:55,_ZN5QueueIiE7displayEv
FNDA:36,_ZN5QueueIiE7displayEv
DA:9,84
DA:11,84
DA:12,180
DA:13,96
DA:14,96
DA:15,96
DA:17,84
DA:19,132
DA:20,132
DA:21,132
DA:22,72
DA:24,132
DA:25,132
DA:26,60
DA:28,132
DA:30,24
DA:31,24
DA:32,60
DA:33,48
DA:34,12
DA:35,12
DA:37,36
DA:39,12
DA:42,60
DA:43,60
DA:44,24
DA:45,24
DA:47,36
DA:48,36
DA:49,36
DA:50,36
DA:51,12
DA:55,36
DA:56,36
DA:57,12
DA:58,12
DA:60,24
DA:61,72
DA:62,48
DA:63,48
DA:65,24
end_of_record
SF:/home/businka/second_semester_programming/laba3/queue_testing.cpp
FN:8,_ZN9QueueTest5SetUpEv
FNDA:84,_ZN9QueueTest5SetUpEv
FN:13,_ZN29QueueTest_PushAndDisplay_TestC2Ev
FNDA:12,_ZN29QueueTest_PushAndDisplay_TestC2Ev
FN:13,_ZN29QueueTest_PushAndDisplay_Test8TestBodyEv
FNDA:12,_ZN29QueueTest_PushAndDisplay_Test8TestBodyEv
FN:13,_ZN29QueueTest_PushAndDisplay_TestD0Ev
FNDA:12,_ZN29QueueTest_PushAndDisplay_TestD0Ev
FN:13,_ZN29QueueTest_PushAndDisplay_TestD2Ev
FNDA:12,_ZN29QueueTest_PushAndDisplay_TestD2Ev
FN:25,_ZN18QueueTest_Pop_TestC2Ev
FNDA:12,_ZN18QueueTest_Pop_TestC2Ev
FN:25,_ZN18QueueTest_Pop_Test8TestBodyEv
FNDA:12,_ZN18QueueTest_Pop_Test8TestBodyEv
FN:25,_ZN18QueueTest_Pop_TestD2Ev
FNDA:12,_ZN18QueueTest_Pop_TestD2Ev
FN:25,_ZN18QueueTest_Pop_TestD0Ev
FNDA:12,_ZN18QueueTest_Pop_TestD0Ev
FN:37,_ZN28QueueTest_PopEmptyQueue_TestC2Ev
FNDA:12,_ZN28QueueTest_PopEmptyQueue_TestC2Ev
FN:37,_ZN28QueueTest_PopEmptyQueue_TestD0Ev
FNDA:12,_ZN28QueueTest_PopEmptyQueue_TestD0Ev
FN:37,_ZN28QueueTest_PopEmptyQueue_TestD2Ev
FNDA:12,_ZN28QueueTest_PopEmptyQueue_TestD2Ev
FN:37,_ZN28QueueTest_PopEmptyQueue_Test8TestBodyEv
FNDA:12,_ZN28QueueTest_PopEmptyQueue_Test8TestBodyEv
FN:45,_ZN28QueueTest_PopUntilEmpty_TestD0Ev
FNDA:12,_ZN28QueueTest_PopUntilEmpty_TestD0Ev
FN:45,_ZN28QueueTest_PopUntilEmpty_TestD2Ev
FNDA:12,_ZN28QueueTest_PopUntilEmpty_TestD2Ev
FN:45,_ZN28QueueTest_PopUntilEmpty_TestC2Ev
FNDA:12,_ZN28QueueTest_PopUntilEmpty_TestC2Ev
FN:45,_ZN28QueueTest_PopUntilEmpty_Test8TestBodyEv
FNDA:12,_ZN28QueueTest_PopUntilEmpty_Test8TestBodyEv
FN:58,_ZN26QueueTest_SearchFound_TestD0Ev
FNDA:12,_ZN26QueueTest_SearchFound_TestD0Ev
FN:58,_ZN26QueueTest_SearchFound_TestD2Ev
FNDA:12,_ZN26QueueTest_SearchFound_TestD2Ev
FN:58,_ZN26QueueTest_SearchFound_TestC2Ev
FNDA:12,_ZN26QueueTest_SearchFound_TestC2Ev
FN:58,_ZN26QueueTest_SearchFound_Test8TestBodyEv
FNDA:12,_ZN26QueueTest_SearchFound_Test8TestBodyEv
FN:69,_ZN29QueueTest_SearchNotFound_TestC2Ev
FNDA:12,_ZN29QueueTest_SearchNotFound_TestC2Ev
FN:69,_ZN29QueueTest_SearchNotFound_Test8TestBodyEv
FNDA:12,_ZN29QueueTest_SearchNotFound_Test8TestBodyEv
FN:69,_ZN29QueueTest_SearchNotFound_TestD2Ev
FNDA:12,_ZN29QueueTest_SearchNotFound_TestD2Ev
FN:69,_ZN29QueueTest_SearchNotFound_TestD0Ev
FNDA:12,_ZN29QueueTest_SearchNotFound_TestD0Ev
FN:80,_ZN32QueueTest_DisplayEmptyQueue_Test8TestBodyEv
FNDA:12,_ZN32QueueTest_DisplayEmptyQueue_Test8TestBodyEv
FN:80,_ZN32QueueTest_DisplayEmptyQueue_TestD2Ev
FNDA:12,_ZN32QueueTest_DisplayEmptyQueue_TestD2Ev
FN:80,_ZN32QueueTest_DisplayEmptyQueue_TestD0Ev
FNDA:12,_ZN32QueueTest_DisplayEmptyQueue_TestD0Ev
FN:80,_ZN32QueueTest_DisplayEmptyQueue_TestC2Ev
FNDA:12,_ZN32QueueTest_DisplayEmptyQueue_TestC2Ev
FN:88,main
FNDA:12,main
DA:8,84
DA:10,84
DA:13,12
DA:13,12
DA:13,12
DA:13,12
DA:14,12
DA:15,12
DA:16,12
DA:18,12
DA:19,12
DA:20,12
DA:22,12
DA:23,12
DA:25,12
DA:25,12
DA:25,12
DA:25,12
DA:26,12
DA:27,12
DA:28,12
DA:30,12
DA:31,12
DA:32,12
DA:34,12
DA:35,12
DA:37,12
DA:37,12
DA:37,12
DA:37,12
DA:38,12
DA:39,12
DA:40,12
DA:42,12
DA:43,12
DA:45,12
DA:45,12
DA:45,12
DA:45,12
DA:46,12
DA:47,12
DA:48,12
DA:49,12
DA:51,12
DA:52,12
DA:53,12
DA:55,12
DA:56,12
DA:58,12
DA:58,12
DA:58,12
DA:58,12
DA:59,12
DA:60,12
DA:62,12
DA:63,12
DA:64,12
DA:66,12
DA:67,12
DA:69,12
DA:69,12
DA:69,12
DA:69,12
DA:70,12
DA:71,12
DA:73,12
DA:74,12
DA:75,12
DA:77,12
DA:78,12
DA:80,12
DA:80,12
DA:80,12
DA:80,12
DA:81,12
DA:82,12
DA:83,12
DA:85,12
DA:86,12
DA:88,12
DA:89,12
DA:90,12
end_of_record
SF:/home/businka/second_semester_programming/laba3/Node.hpp
FN:17,_ZN4NodeIiEC2ERKiPS0_S3_
FNDA:132,_ZN4NodeIiEC2ERKiPS0_S3_
DA:17,132
DA:18,132
DA:19,132
end_of_record
TN:
SF:/home/businka/second_semester_programming/laba3/Node.hpp
FN:17,_ZN4NodeIiEC2ERKiPS0_S3_
FNDA:195,_ZN4NodeIiEC2ERKiPS0_S3_
DA:17,195
DA:18,195
DA:19,195
end_of_record
SF:/home/businka/second_semester_programming/laba3/stack_testing.cpp
FN:8,_ZN9StackTest5SetUpEv
FNDA:117,_ZN9StackTest5SetUpEv
FN:13,_ZN25StackTest_PushAndTop_TestC2Ev
FNDA:13,_ZN25StackTest_PushAndTop_TestC2Ev
FN:13,_ZN25StackTest_PushAndTop_Test8TestBodyEv
FNDA:13,_ZN25StackTest_PushAndTop_Test8TestBodyEv
FN:13,_ZN25StackTest_PushAndTop_TestD2Ev
FNDA:13,_ZN25StackTest_PushAndTop_TestD2Ev
FN:13,_ZN25StackTest_PushAndTop_TestD0Ev
FNDA:13,_ZN25StackTest_PushAndTop_TestD0Ev
FN:21,_ZN18StackTest_Pop_TestC2Ev
FNDA:13,_ZN18StackTest_Pop_TestC2Ev
FN:21,_ZN18StackTest_Pop_Test8TestBodyEv
FNDA:13,_ZN18StackTest_Pop_Test8TestBodyEv
FN:21,_ZN18StackTest_Pop_TestD2Ev
FNDA:13,_ZN18StackTest_Pop_TestD2Ev
FN:21,_ZN18StackTest_Pop_TestD0Ev
FNDA:13,_ZN18StackTest_Pop_TestD0Ev
FN:30,_ZN28StackTest_PopEmptyStack_TestC2Ev
FNDA:13,_ZN28StackTest_PopEmptyStack_TestC2Ev
FN:30,_ZN28StackTest_PopEmptyStack_TestD0Ev
FNDA:13,_ZN28StackTest_PopEmptyStack_TestD0Ev
FN:30,_ZN28StackTest_PopEmptyStack_TestD2Ev
FNDA:13,_ZN28StackTest_PopEmptyStack_TestD2Ev
FN:30,_ZN28StackTest_PopEmptyStack_Test8TestBodyEv
FNDA:13,_ZN28StackTest_PopEmptyStack_Test8TestBodyEv
FN:37,_ZN26StackTest_SearchFound_TestD0Ev
FNDA:13,_ZN26StackTest_SearchFound_TestD0Ev
FN:37,_ZN26StackTest_SearchFound_TestD2Ev
FNDA:13,_ZN26StackTest_SearchFound_TestD2Ev
FN:37,_ZN26StackTest_SearchFound_Test8TestBodyEv
FNDA:13,_ZN26StackTest_SearchFound_Test8TestBodyEv
FN:37,_ZN26StackTest_SearchFound_TestC2Ev
FNDA:13,_ZN26StackTest_SearchFound_TestC2Ev
FN:48,_ZN29StackTest_SearchNotFound_Test8TestBodyEv
FNDA:13,_ZN29StackTest_SearchNotFound_Test8TestBodyEv
FN:48,_ZN29StackTest_SearchNotFound_TestD0Ev
FNDA:13,_ZN29StackTest_SearchNotFound_TestD0Ev
FN:48,_ZN29StackTest_SearchNotFound_TestD2Ev
FNDA:13,_ZN29StackTest_SearchNotFound_TestD2Ev
FN:48,_ZN29StackTest_SearchNotFound_TestC2Ev
FNDA:13,_ZN29StackTest_SearchNotFound_TestC2Ev
FN:58,_ZN22StackTest_IsEmpty_TestD0Ev
FNDA:13,_ZN22StackTest_IsEmpty_TestD0Ev
FN:58,_ZN22StackTest_IsEmpty_Test8TestBodyEv
FNDA:13,_ZN22StackTest_IsEmpty_Test8TestBodyEv
FN:58,_ZN22StackTest_IsEmpty_TestD2Ev
FNDA:13,_ZN22StackTest_IsEmpty_TestD2Ev
FN:58,_ZN22StackTest_IsEmpty_TestC2Ev
FNDA:13,_ZN22StackTest_IsEmpty_TestC2Ev
FN:64,_ZN23StackTest_TopEmphy_TestD2Ev
FNDA:13,_ZN23StackTest_TopEmphy_TestD2Ev
FN:64,_ZN23StackTest_TopEmphy_TestD0Ev
FNDA:13,_ZN23StackTest_TopEmphy_TestD0Ev
FN:64,_ZN23StackTest_TopEmphy_TestC2Ev
FNDA:13,_ZN23StackTest_TopEmphy_TestC2Ev
FN:64,_ZN23StackTest_TopEmphy_Test8TestBodyEv
FNDA:13,_ZN23StackTest_TopEmphy_Test8TestBodyEv
FN:71,_ZN27StackTest_DisplayStack_TestD0Ev
FNDA:13,_ZN27StackTest_DisplayStack_TestD0Ev
FN:71,_ZN27StackTest_DisplayStack_Test8TestBodyEv
FNDA:13,_ZN27StackTest_DisplayStack_Test8TestBodyEv
FN:71,_ZN27StackTest_DisplayStack_TestD2Ev
FNDA:13,_ZN27StackTest_DisplayStack_TestD2Ev
FN:71,_ZN27StackTest_DisplayStack_TestC2Ev
FNDA:13,_ZN27StackTest_DisplayStack_TestC2Ev
FN:83,_ZN32StackTest_DisplayEmptyStack_Test8TestBodyEv
FNDA:13,_ZN32StackTest_DisplayEmptyStack_Test8TestBodyEv
FN:83,_ZN32StackTest_DisplayEmptyStack_TestD2Ev
FNDA:13,_ZN32StackTest_DisplayEmptyStack_TestD2Ev
FN:83,_ZN32StackTest_DisplayEmptyStack_TestD0Ev
FNDA:13,_ZN32StackTest_DisplayEmptyStack_TestD0Ev
FN:83,_ZN32StackTest_DisplayEmptyStack_TestC2Ev
FNDA:13,_ZN32StackTest_DisplayEmptyStack_TestC2Ev
FN:91,main
FNDA:13,main
DA:8,117
DA:10,117
DA:13,13
DA:13,13
DA:13,13
DA:13,13
DA:14,13
DA:15,13
DA:16,13
DA:18,13
DA:19,13
DA:21,13
DA:21,13
DA:21,13
DA:21,13
DA:22,13
DA:23,13
DA:24,13
DA:26,13
DA:27,13
DA:28,13
DA:30,13
DA:30,13
DA:30,13
DA:30,13
DA:31,13
DA:32,13
DA:33,13
DA:34,13
DA:35,13
DA:37,13
DA:37,13
DA:37,13
DA:37,13
DA:38,13
DA:39,13
DA:40,13
DA:42,13
DA:43,13
DA:44,13
DA:45,13
DA:46,13
DA:48,13
DA:48,13
DA:48,13
DA:48,13
DA:49,13
DA:50,13
DA:52,13
DA:53,13
DA:54,13
DA:55,13
DA:56,13
DA:58,13
DA:58,13
DA:58,13
DA:58,13
DA:59,13
DA:60,13
DA:61,13
DA:62,13
DA:64,13
DA:64,13
DA:64,13
DA:64,13
DA:65,13
DA:66,13
DA:67,13
DA:68,13
DA:69,13
DA:71,13
DA:71,13
DA:71,13
DA:71,13
DA:72,13
DA:73,13
DA:74,13
DA:76,13
DA:77,13
DA:78,13
DA:80,13
DA:81,13
DA:83,13
DA:83,13
DA:83,13
DA:83,13
DA:84,13
DA:85,13
DA:86,13
DA:88,13
DA:89,13
DA:91,13
DA:92,13
DA:93,13
end_of_record
SF:/home/businka/second_semester_programming/laba3/Stack.hpp
FN:9,_ZN5StackIiEC2Ev
FNDA:117,_ZN5StackIiEC2Ev
FN:10,_ZN5StackIiE4pushERKi
FNDA:195,_ZN5StackIiE4pushERKi
FN:14,_ZN5StackIiE3popEv
FNDA:26,_ZN5StackIiE3popEv
FN:23,_ZN5StackIiE6searchERKi
FNDA:26,_ZN5StackIiE6searchERKi
FN:34,_ZN5StackIiE7displayEv
FNDA:26,_ZN5StackIiE7displayEv
FN:43,_ZN5StackIiE7isEmptyEv
FNDA:26,_ZN5StackIiE7isEmptyEv
FN:46,_ZN5StackIiE3topEv
FNDA:39,_ZN5StackIiE3topEv
DA:9,117
DA:10,195
DA:11,195
DA:12,195
DA:13,195
DA:14,26
DA:15,26
DA:16,13
DA:17,13
DA:19,13
DA:20,13
DA:21,13
DA:23,26
DA:24,26
DA:25,65
DA:26,52
DA:27,13
DA:28,13
DA:30,39
DA:32,13
DA:34,26
DA:35,26
DA:36,65
DA:37,39
DA:38,39
DA:40,26
DA:41,26
DA:43,26
DA:44,26
DA:46,39
DA:47,39
DA:48,13
DA:49,13
DA:51,26
end_of_record
TN:
SF:/home/businka/second_semester_programming/laba3/hash_node.hpp
FN:10,_ZN9Hash_nodeIiNSt7__cxx1112basic_stringIcSt11char_traitsIcESaIcEEEEC2ERKiRKS5_
FNDA:243,_ZN9Hash_nodeIiNSt7__cxx1112basic_stringIcSt11char_traitsIcESaIcEEEEC2ERKiRKS5_
FN:13,_ZNK9Hash_nodeIiNSt7__cxx1112basic_stringIcSt11char_traitsIcESaIcEEEE7get_keyEv
FNDA:549,_ZNK9Hash_nodeIiNSt7__cxx1112basic_stringIcSt11char_traitsIcESaIcEEEE7get_keyEv
FN:18,_ZNK9Hash_nodeIiNSt7__cxx1112basic_stringIcSt11char_traitsIcESaIcEEEE9get_valueEv
FNDA:180,_ZNK9Hash_nodeIiNSt7__cxx1112basic_stringIcSt11char_traitsIcESaIcEEEE9get_valueEv
FN:23,_ZN9Hash_nodeIiNSt7__cxx1112basic_stringIcSt11char_traitsIcESaIcEEEE9set_valueES5_
FNDA:9,_ZN9Hash_nodeIiNSt7__cxx1112basic_stringIcSt11char_traitsIcESaIcEEEE9set_valueES5_
FN:28,_ZNK9Hash_nodeIiNSt7__cxx1112basic_stringIcSt11char_traitsIcESaIcEEEE8get_nextEv
FNDA:594,_ZNK9Hash_nodeIiNSt7__cxx1112basic_stringIcSt11char_traitsIcESaIcEEEE8get_nextEv
FN:33,_ZN9Hash_nodeIiNSt7__cxx1112basic_stringIcSt11char_traitsIcESaIcEEEE8set_nextEPS6_
FNDA:126,_ZN9Hash_nodeIiNSt7__cxx1112basic_stringIcSt11char_traitsIcESaIcEEEE8set_nextEPS6_
DA:10,243
DA:11,243
DA:13,549
DA:15,549
DA:18,180
DA:20,180
DA:23,9
DA:25,9
DA:26,9
DA:28,594
DA:30,594
DA:33,126
DA:35,126
DA:36,126
end_of_record
SF:/home/businka/second_semester_programming/laba3/hashtable_testing.cpp
FN:8,_ZN11HashMapTest5SetUpEv
FNDA:54,_ZN11HashMapTest5SetUpEv
FN:13,_ZN29HashMapTest_InsertAndGet_TestC2Ev
FNDA:9,_ZN29HashMapTest_InsertAndGet_TestC2Ev
FN:13,_ZN29HashMapTest_InsertAndGet_Test8TestBodyEv
FNDA:9,_ZN29HashMapTest_InsertAndGet_Test8TestBodyEv
FN:13,_ZN29HashMapTest_InsertAndGet_TestD2Ev
FNDA:9,_ZN29HashMapTest_InsertAndGet_TestD2Ev
FN:13,_ZN29HashMapTest_InsertAndGet_TestD0Ev
FNDA:9,_ZN29HashMapTest_InsertAndGet_TestD0Ev
FN:23,_ZN34HashMapTest_GetNonExistentKey_TestC2Ev
FNDA:9,_ZN34HashMapTest_GetNonExistentKey_TestC2Ev
FN:23,_ZN34HashMapTest_GetNonExistentKey_Test8TestBodyEv
FNDA:9,_ZN34HashMapTest_GetNonExistentKey_Test8TestBodyEv
FN:23,_ZN34HashMapTest_GetNonExistentKey_TestD2Ev
FNDA:9,_ZN34HashMapTest_GetNonExistentKey_TestD2Ev
FN:23,_ZN34HashMapTest_GetNonExistentKey_TestD0Ev
FNDA:9,_ZN34HashMapTest_GetNonExistentKey_TestD0Ev
FN:27,_ZN35HashMapTest_InsertDuplicateKey_TestC2Ev
FNDA:9,_ZN35HashMapTest_InsertDuplicateKey_TestC2Ev
FN:27,_ZN35HashMapTest_InsertDuplicateKey_Test8TestBodyEv
FNDA:9,_ZN35HashMapTest_InsertDuplicateKey_Test8TestBodyEv
FN:27,_ZN35HashMapTest_InsertDuplicateKey_TestD2Ev
FNDA:9,_ZN35HashMapTest_InsertDuplicateKey_TestD2Ev
FN:27,_ZN35HashMapTest_InsertDuplicateKey_TestD0Ev
FNDA:9,_ZN35HashMapTest_InsertDuplicateKey_TestD0Ev
FN:34,_ZN26HashMapTest_RemoveKey_TestD0Ev
FNDA:9,_ZN26HashMapTest_RemoveKey_TestD0Ev
FN:34,_ZN26HashMapTest_RemoveKey_Test8TestBodyEv
FNDA:9,_ZN26HashMapTest_RemoveKey_Test8TestBodyEv
FN:34,_ZN26HashMapTest_RemoveKey_TestD2Ev
FNDA:9,_ZN26HashMapTest_RemoveKey_TestD2Ev
FN:34,_ZN26HashMapTest_RemoveKey_TestC2Ev
FNDA:9,_ZN26HashMapTest_RemoveKey_TestC2Ev
FN:41,_ZN37HashMapTest_RemoveNonExistentKey_TestD0Ev
FNDA:9,_ZN37HashMapTest_RemoveNonExistentKey_TestD0Ev
FN:41,_ZN37HashMapTest_RemoveNonExistentKey_TestD2Ev
FNDA:9,_ZN37HashMapTest_RemoveNonExistentKey_TestD2Ev
FN:41,_ZN37HashMapTest_RemoveNonExistentKey_Test8TestBodyEv
FNDA:9,_ZN37HashMapTest_RemoveNonExistentKey_Test8TestBodyEv
FN:41,_ZN37HashMapTest_RemoveNonExistentKey_TestC2Ev
FNDA:9,_ZN37HashMapTest_RemoveNonExistentKey_TestC2Ev
FN:47,_ZN24HashMapTest_Display_TestC2Ev
FNDA:9,_ZN24HashMapTest_Display_TestC2Ev
FN:47,_ZN24HashMapTest_Display_Test8TestBodyEv
FNDA:9,_ZN24HashMapTest_Display_Test8TestBodyEv
FN:47,_ZN24HashMapTest_Display_TestD0Ev
FNDA:9,_ZN24HashMapTest_Display_TestD0Ev
FN:47,_ZN24HashMapTest_Display_TestD2Ev
FNDA:9,_ZN24HashMapTest_Display_TestD2Ev
FN:64,_ZN20HashMapCollisionTest5SetUpEv
FNDA:54,_ZN20HashMapCollisionTest5SetUpEv
FN:72,_ZN47HashMapCollisionTest_GetValueWithCollision_TestD0Ev
FNDA:9,_ZN47HashMapCollisionTest_GetValueWithCollision_TestD0Ev
FN:72,_ZN47HashMapCollisionTest_GetValueWithCollision_Test8TestBodyEv
FNDA:9,_ZN47HashMapCollisionTest_GetValueWithCollision_Test8TestBodyEv
FN:72,_ZN47HashMapCollisionTest_GetValueWithCollision_TestD2Ev
FNDA:9,_ZN47HashMapCollisionTest_GetValueWithCollision_TestD2Ev
FN:72,_ZN47HashMapCollisionTest_GetValueWithCollision_TestC2Ev
FNDA:9,_ZN47HashMapCollisionTest_GetValueWithCollision_TestC2Ev
FN:78,_ZN43HashMapCollisionTest_GetNonExistentKey_TestD2Ev
FNDA:9,_ZN43HashMapCollisionTest_GetNonExistentKey_TestD2Ev
FN:78,_ZN43HashMapCollisionTest_GetNonExistentKey_TestD0Ev
FNDA:9,_ZN43HashMapCollisionTest_GetNonExistentKey_TestD0Ev
FN:78,_ZN43HashMapCollisionTest_GetNonExistentKey_TestC2Ev
FNDA:9,_ZN43HashMapCollisionTest_GetNonExistentKey_TestC2Ev
FN:78,_ZN43HashMapCollisionTest_GetNonExistentKey_Test8TestBodyEv
FNDA:9,_ZN43HashMapCollisionTest_GetNonExistentKey_Test8TestBodyEv
FN:82,_ZN45HashMapCollisionTest_RemoveMiddleElement_TestD0Ev
FNDA:9,_ZN45HashMapCollisionTest_RemoveMiddleElement_TestD0Ev
FN:82,_ZN45HashMapCollisionTest_RemoveMiddleElement_TestD2Ev
FNDA:9,_ZN45HashMapCollisionTest_RemoveMiddleElement_TestD2Ev
FN:82,_ZN45HashMapCollisionTest_RemoveMiddleElement_TestC2Ev
FNDA:9,_ZN45HashMapCollisionTest_RemoveMiddleElement_TestC2Ev
FN:82,_ZN45HashMapCollisionTest_RemoveMiddleElement_Test8TestBodyEv
FNDA:9,_ZN45HashMapCollisionTest_RemoveMiddleElement_Test8TestBodyEv
FN:93,_ZN43HashMapCollisionTest_RemoveHeadElement_TestD0Ev
FNDA:9,_ZN43HashMapCollisionTest_RemoveHeadElement_TestD0Ev
FN:93,_ZN43HashMapCollisionTest_RemoveHeadElement_Test8TestBodyEv
FNDA:9,_ZN43HashMapCollisionTest_RemoveHeadElement_Test8TestBodyEv
FN:93,_ZN43HashMapCollisionTest_RemoveHeadElement_TestD2Ev
FNDA:9,_ZN43HashMapCollisionTest_RemoveHeadElement_TestD2Ev
FN:93,_ZN43HashMapCollisionTest_RemoveHeadElement_TestC2Ev
FNDA:9,_ZN43HashMapCollisionTest_RemoveHeadElement_TestC2Ev
FN:104,_ZN43HashMapCollisionTest_RemoveTailElement_Test8TestBodyEv
FNDA:9,_ZN43HashMapCollisionTest_RemoveTailElement_Test8TestBodyEv
FN:104,_ZN43HashMapCollisionTest_RemoveTailElement_TestD2Ev
FNDA:9,_ZN43HashMapCollisionTest_RemoveTailElement_TestD2Ev
FN:104,_ZN43HashMapCollisionTest_RemoveTailElement_TestD0Ev
FNDA:9,_ZN43HashMapCollisionTest_RemoveTailElement_TestD0Ev
FN:104,_ZN43HashMapCollisionTest_RemoveTailElement_TestC2Ev
FNDA:9,_ZN43HashMapCollisionTest_RemoveTailElement_TestC2Ev
FN:115,_ZN50HashMapCollisionTest_RemoveNonExistentElement_Test8TestBodyEv
FNDA:9,_ZN50HashMapCollisionTest_RemoveNonExistentElement_Test8TestBodyEv
FN:115,_ZN50HashMapCollisionTest_RemoveNonExistentElement_TestD2Ev
FNDA:9,_ZN50HashMapCollisionTest_RemoveNonExistentElement_TestD2Ev
FN:115,_ZN50HashMapCollisionTest_RemoveNonExistentElement_TestD0Ev
FNDA:9,_ZN50HashMapCollisionTest_RemoveNonExistentElement_TestD0Ev
FN:115,_ZN50HashMapCollisionTest_RemoveNonExistentElement_TestC2Ev
FNDA:9,_ZN50HashMapCollisionTest_RemoveNonExistentElement_TestC2Ev
FN:124,main
FNDA:9,main
DA:8,54
DA:10,54
DA:13,9
DA:13,9
DA:13,9
DA:13,9
DA:14,9
DA:15,9
DA:16,9
DA:18,18
DA:19,18
DA:20,18
DA:21,9
DA:23,9
DA:23,9
DA:23,9
DA:23,9
DA:24,18
DA:25,9
DA:27,9
DA:27,9
DA:27,9
DA:27,9
DA:28,9
DA:29,9
DA:31,18
DA:32,9
DA:34,9
DA:34,9
DA:34,9
DA:34,9
DA:35,9
DA:36,9
DA:38,18
DA:39,9
DA:41,9
DA:41,9
DA:41,9
DA:41,9
DA:42,9
DA:43,9
DA:44,18
DA:45,9
DA:47,9
DA:47,9
DA:47,9
DA:47,9
DA:48,9
DA:49,9
DA:50,9
DA:51,9
DA:52,9
DA:54,9
DA:55,9
DA:56,9
DA:57,9
DA:58,9
DA:64,54
DA:66,54
DA:67,54
DA:68,54
DA:69,54
DA:72,9
DA:72,9
DA:72,9
DA:72,9
DA:73,18
DA:74,18
DA:75,18
DA:76,9
DA:78,9
DA:78,9
DA:78,9
DA:78,9
DA:79,18
DA:80,9
DA:82,9
DA:82,9
DA:82,9
DA:82,9
DA:83,9
DA:86,18
DA:89,18
DA:90,18
DA:91,9
DA:93,9
DA:93,9
DA:93,9
DA:93,9
DA:94,9
DA:97,18
DA:100,18
DA:101,18
DA:102,9
DA:104,9
DA:104,9
DA:104,9
DA:104,9
DA:105,9
DA:108,18
DA:111,18
DA:112,18
DA:113,9
DA:115,9
DA:115,9
DA:115,9
DA:115,9
DA:116,9
DA:119,18
DA:120,18
DA:121,18
DA:122,9
DA:124,9
DA:125,9
DA:126,9
end_of_record
SF:/home/businka/second_semester_programming/laba3/HashTable.hpp
FN:9,_ZN8Hash_mapIiNSt7__cxx1112basic_stringIcSt11char_traitsIcESaIcEEELm10E13Hash_functionIiEEC2Ev
FNDA:108,_ZN8Hash_mapIiNSt7__cxx1112basic_stringIcSt11char_traitsIcESaIcEEELm10E13Hash_functionIiEEC2Ev
FN:14,_ZN8Hash_mapIiNSt7__cxx1112basic_stringIcSt11char_traitsIcESaIcEEELm10E13Hash_functionIiEED2Ev
FNDA:108,_ZN8Hash_mapIiNSt7__cxx1112basic_stringIcSt11char_traitsIcESaIcEEELm10E13Hash_functionIiEED2Ev
FN:27,_ZN8Hash_mapIiNSt7__cxx1112basic_stringIcSt11char_traitsIcESaIcEEELm10E13Hash_functionIiEE9get_valueERKi
FNDA:207,_ZN8Hash_mapIiNSt7__cxx1112basic_stringIcSt11char_traitsIcESaIcEEELm10E13Hash_functionIiEE9get_valueERKi
FN:40,_ZN8Hash_mapIiNSt7__cxx1112basic_stringIcSt11char_traitsIcESaIcEEELm10E13Hash_functionIiEE6insertERKiRKS5_
FNDA:252,_ZN8Hash_mapIiNSt7__cxx1112basic_stringIcSt11char_traitsIcESaIcEEELm10E13Hash_functionIiEE6insertERKiRKS5_
FN:67,_ZN8Hash_mapIiNSt7__cxx1112basic_stringIcSt11char_traitsIcESaIcEEELm10E13Hash_functionIiEE6removeERKi
FNDA:54,_ZN8Hash_mapIiNSt7__cxx1112basic_stringIcSt11char_traitsIcESaIcEEELm10E13Hash_functionIiEE6removeERKi
FN:96,_ZN8Hash_mapIiNSt7__cxx1112basic_stringIcSt11char_traitsIcESaIcEEELm10E13Hash_functionIiEE7displayEv
FNDA:9,_ZN8Hash_mapIiNSt7__cxx1112basic_stringIcSt11char_traitsIcESaIcEEELm10E13Hash_functionIiEE7displayEv
DA:9,108
DA:10,1188
DA:11,1080
DA:13,108
DA:14,108
DA:16,1188
DA:17,1080
DA:18,1287
DA:19,207
DA:20,207
DA:21,207
DA:25,108
DA:27,207
DA:28,207
DA:29,207
DA:31,342
DA:32,288
DA:33,153
DA:35,135
DA:37,54
DA:40,252
DA:42,252
DA:43,252
DA:44,252
DA:46,414
DA:47,162
DA:48,162
DA:51,252
DA:52,243
DA:54,243
DA:55,135
DA:58,108
DA:63,9
DA:65,252
DA:67,54
DA:68,54
DA:69,54
DA:70,54
DA:72,81
DA:73,63
DA:74,27
DA:75,27
DA:77,36
DA:81,54
DA:82,18
DA:85,36
DA:86,18
DA:89,18
DA:92,36
DA:96,9
DA:97,99
DA:98,90
DA:99,117
DA:100,27
DA:101,27
DA:104,9
end_of_record
SF:/home/businka/second_semester_programming/laba3/hash_function.hpp
FN:7,_ZNK13Hash_functionIiEclERKim
FNDA:513,_ZNK13Hash_functionIiEclERKim
DA:7,513
DA:9,513
DA:10,513
DA:11,513
DA:12,2565
DA:13,2052
DA:15,513
end_of_record
TN:
SF:/home/businka/second_semester_programming/laba3/CB_tree.hpp
FN:10,_ZN6CBTreeC2Ev
FNDA:10,_ZN6CBTreeC2Ev
FN:13,_ZN6CBTree6insertEi
FNDA:31,_ZN6CBTree6insertEi
FN:41,_ZN6CBTree6is_CBTEv
FNDA:1,_ZN6CBTree6is_CBTEv
FN:77,_ZN6CBTree10find_valueEP9Tree_nodei
FNDA:55,_ZN6CBTree10find_valueEP9Tree_nodei
FN:88,_ZN6CBTree9get_valueEi
FNDA:10,_ZN6CBTree9get_valueEi
FN:97,_ZN6CBTree10find_indexEi
FNDA:6,_ZN6CBTree10find_indexEi
FN:130,_ZN6CBTree9print_CBTEP9Tree_nodei
FNDA:3,_ZN6CBTree9print_CBTEP9Tree_nodei
FN:143,_ZN6CBTree7displayEv
FNDA:2,_ZN6CBTree7displayEv
DA:10,10
DA:13,31
DA:14,31
DA:15,31
DA:16,7
DA:17,31
DA:19,24
DA:20,24
DA:21,36
DA:22,36
DA:23,36
DA:24,12
DA:25,12
DA:28,24
DA:30,24
DA:31,12
DA:32,12
DA:35,12
DA:41,1
DA:42,1
DA:43,0
DA:44,0
DA:47,1
DA:48,1
DA:49,1
DA:50,6
DA:51,5
DA:53,5
DA:54,2
DA:55,0
DA:57,2
DA:60,3
DA:63,5
DA:64,2
DA:65,0
DA:67,2
DA:70,3
DA:73,1
DA:77,55
DA:78,55
DA:79,22
DA:81,33
DA:82,7
DA:84,26
DA:88,10
DA:89,10
DA:90,1
DA:91,1
DA:93,9
DA:97,6
DA:98,6
DA:99,2
DA:100,5
DA:103,4
DA:104,1
DA:105,1
DA:108,3
DA:109,3
DA:110,3
DA:112,10
DA:113,9
DA:114,9
DA:115,2
DA:116,2
DA:118,7
DA:119,7
DA:120,4
DA:122,7
DA:123,4
DA:126,1
DA:130,3
DA:131,3
DA:132,1
DA:133,1
DA:134,0
DA:137,1
DA:138,1
DA:140,3
DA:143,2
DA:144,2
DA:145,1
DA:146,1
DA:148,1
end_of_record
SF:/home/businka/second_semester_programming/laba3/tree_node.hpp
FN:5,_ZN9Tree_nodeC2Ei
FNDA:31,_ZN9Tree_nodeC2Ei
FN:23,_ZN10Queue_treeC2Ev
FNDA:28,_ZN10Queue_treeC2Ev
FN:26,_ZN10Queue_tree8is_emptyEv
FNDA:102,_ZN10Queue_tree8is_emptyEv
FN:30,_ZN10Queue_tree7enqueueEP9Tree_node
FNDA:76,_ZN10Queue_tree7enqueueEP9Tree_node
FN:46,_ZN10Queue_tree7dequeueEv
FNDA:50,_ZN10Queue_tree7dequeueEv
DA:5,31
DA:23,28
DA:26,102
DA:27,102
DA:30,76
DA:31,76
DA:32,76
DA:33,76
DA:35,76
DA:36,49
DA:39,27
DA:40,27
DA:43,76
DA:44,76
DA:46,50
DA:47,50
DA:48,0
DA:51,50
DA:52,50
DA:53,50
DA:55,50
DA:56,30
DA:59,50
DA:60,50
DA:61,50
end_of_record
SF:/home/businka/second_semester_programming/laba3/tree_testing.cpp
FN:8,_ZN10CBTreeTest5SetUpEv
FNDA:6,_ZN10CBTreeTest5SetUpEv
FN:17,_ZN32CBTreeTest_InsertAndDisplay_TestC2Ev
FNDA:1,_ZN32CBTreeTest_InsertAndDisplay_TestC2Ev
FN:17,_ZN32CBTreeTest_InsertAndDisplay_Test8TestBodyEv
FNDA:1,_ZN32CBTreeTest_InsertAndDisplay_Test8TestBodyEv
FN:17,_ZN32CBTreeTest_InsertAndDisplay_TestD2Ev
FNDA:1,_ZN32CBTreeTest_InsertAndDisplay_TestD2Ev
FN:17,_ZN32CBTreeTest_InsertAndDisplay_TestD0Ev
FNDA:1,_ZN32CBTreeTest_InsertAndDisplay_TestD0Ev
FN:26,_ZN25CBTreeTest_IsCBTTrue_TestC2Ev
FNDA:1,_ZN25CBTreeTest_IsCBTTrue_TestC2Ev
FN:26,_ZN25CBTreeTest_IsCBTTrue_Test8TestBodyEv
FNDA:1,_ZN25CBTreeTest_IsCBTTrue_Test8TestBodyEv
FN:26,_ZN25CBTreeTest_IsCBTTrue_TestD2Ev
FNDA:1,_ZN25CBTreeTest_IsCBTTrue_TestD2Ev
FN:26,_ZN25CBTreeTest_IsCBTTrue_TestD0Ev
FNDA:1,_ZN25CBTreeTest_IsCBTTrue_TestD0Ev
FN:31,_ZN29CBTreeTest_FindValueTrue_TestC2Ev
FNDA:1,_ZN29CBTreeTest_FindValueTrue_TestC2Ev
FN:31,_ZN29CBTreeTest_FindValueTrue_Test8TestBodyEv
FNDA:1,_ZN29CBTreeTest_FindValueTrue_Test8TestBodyEv
FN:31,_ZN29CBTreeTest_FindValueTrue_TestD0Ev
FNDA:1,_ZN29CBTreeTest_FindValueTrue_TestD0Ev
FN:31,_ZN29CBTreeTest_FindValueTrue_TestD2Ev
FNDA:1,_ZN29CBTreeTest_FindValueTrue_TestD2Ev
FN:37,_ZN30CBTreeTest_FindValueFalse_TestC2Ev
FNDA:1,_ZN30CBTreeTest_FindValueFalse_TestC2Ev
FN:37,_ZN30CBTreeTest_FindValueFalse_Test8TestBodyEv
FNDA:1,_ZN30CBTreeTest_FindValueFalse_Test8TestBodyEv
FN:37,_ZN30CBTreeTest_FindValueFalse_TestD2Ev
FNDA:1,_ZN30CBTreeTest_FindValueFalse_TestD2Ev
FN:37,_ZN30CBTreeTest_FindValueFalse_TestD0Ev
FNDA:1,_ZN30CBTreeTest_FindValueFalse_TestD0Ev
FN:43,_ZN30CBTreeTest_FindIndexValid_TestD0Ev
FNDA:1,_ZN30CBTreeTest_FindIndexValid_TestD0Ev
FN:43,_ZN30CBTreeTest_FindIndexValid_TestD2Ev
FNDA:1,_ZN30CBTreeTest_FindIndexValid_TestD2Ev
FN:43,_ZN30CBTreeTest_FindIndexValid_Test8TestBodyEv
FNDA:1,_ZN30CBTreeTest_FindIndexValid_Test8TestBodyEv
FN:43,_ZN30CBTreeTest_FindIndexValid_TestC2Ev
FNDA:1,_ZN30CBTreeTest_FindIndexValid_TestC2Ev
FN:56,_ZN32CBTreeTest_FindIndexInvalid_TestC2Ev
FNDA:1,_ZN32CBTreeTest_FindIndexInvalid_TestC2Ev
FN:56,_ZN32CBTreeTest_FindIndexInvalid_TestD0Ev
FNDA:1,_ZN32CBTreeTest_FindIndexInvalid_TestD0Ev
FN:56,_ZN32CBTreeTest_FindIndexInvalid_TestD2Ev
FNDA:1,_ZN32CBTreeTest_FindIndexInvalid_TestD2Ev
FN:56,_ZN32CBTreeTest_FindIndexInvalid_Test8TestBodyEv
FNDA:1,_ZN32CBTreeTest_FindIndexInvalid_Test8TestBodyEv
FN:74,_ZN40CBTreeEmptyTest_GetValueOnEmptyTree_Test8TestBodyEv
FNDA:1,_ZN40CBTreeEmptyTest_GetValueOnEmptyTree_Test8TestBodyEv
FN:74,_ZN40CBTreeEmptyTest_GetValueOnEmptyTree_TestD0Ev
FNDA:1,_ZN40CBTreeEmptyTest_GetValueOnEmptyTree_TestD0Ev
FN:74,_ZN40CBTreeEmptyTest_GetValueOnEmptyTree_TestD2Ev
FNDA:1,_ZN40CBTreeEmptyTest_GetValueOnEmptyTree_TestD2Ev
FN:74,_ZN40CBTreeEmptyTest_GetValueOnEmptyTree_TestC2Ev
FNDA:1,_ZN40CBTreeEmptyTest_GetValueOnEmptyTree_TestC2Ev
FN:81,_ZN41CBTreeEmptyTest_FindIndexOnEmptyTree_TestD2Ev
FNDA:1,_ZN41CBTreeEmptyTest_FindIndexOnEmptyTree_TestD2Ev
FN:81,_ZN41CBTreeEmptyTest_FindIndexOnEmptyTree_TestD0Ev
FNDA:1,_ZN41CBTreeEmptyTest_FindIndexOnEmptyTree_TestD0Ev
FN:81,_ZN41CBTreeEmptyTest_FindIndexOnEmptyTree_TestC2Ev
FNDA:1,_ZN41CBTreeEmptyTest_FindIndexOnEmptyTree_TestC2Ev
FN:81,_ZN41CBTreeEmptyTest_FindIndexOnEmptyTree_Test8TestBodyEv
FNDA:1,_ZN41CBTreeEmptyTest_FindIndexOnEmptyTree_Test8TestBodyEv
FN:97,_ZN17CBTreeDisplayTest20captureDisplayOutputB5cxx11Ev
FNDA:2,_ZN17CBTreeDisplayTest20captureDisplayOutputB5cxx11Ev
FN:108,_ZN41CBTreeDisplayTest_DisplayOnEmptyTree_TestD0Ev
FNDA:1,_ZN41CBTreeDisplayTest_DisplayOnEmptyTree_TestD0Ev
FN:108,_ZN41CBTreeDisplayTest_DisplayOnEmptyTree_Test8TestBodyEv
FNDA:1,_ZN41CBTreeDisplayTest_DisplayOnEmptyTree_Test8TestBodyEv
FN:108,_ZN41CBTreeDisplayTest_DisplayOnEmptyTree_TestD2Ev
FNDA:1,_ZN41CBTreeDisplayTest_DisplayOnEmptyTree_TestD2Ev
FN:108,_ZN41CBTreeDisplayTest_DisplayOnEmptyTree_TestC2Ev
FNDA:1,_ZN41CBTreeDisplayTest_DisplayOnEmptyTree_TestC2Ev
FN:113,_ZN44CBTreeDisplayTest_DisplaySingleNodeTree_Test8TestBodyEv
FNDA:1,_ZN44CBTreeDisplayTest_DisplaySingleNodeTree_Test8TestBodyEv
FN:113,_ZN44CBTreeDisplayTest_DisplaySingleNodeTree_TestD2Ev
FNDA:1,_ZN44CBTreeDisplayTest_DisplaySingleNodeTree_TestD2Ev
FN:113,_ZN44CBTreeDisplayTest_DisplaySingleNodeTree_TestD0Ev
FNDA:1,_ZN44CBTreeDisplayTest_DisplaySingleNodeTree_TestD0Ev
FN:113,_ZN44CBTreeDisplayTest_DisplaySingleNodeTree_TestC2Ev
FNDA:1,_ZN44CBTreeDisplayTest_DisplaySingleNodeTree_TestC2Ev
FN:120,main
FNDA:1,main
DA:8,6
DA:9,6
DA:10,6
DA:11,6
DA:12,6
DA:13,6
DA:14,6
DA:17,1
DA:17,1
DA:17,1
DA:17,1
DA:19,1
DA:20,1
DA:21,1
DA:22,1
DA:23,1
DA:24,1
DA:26,1
DA:26,1
DA:26,1
DA:26,1
DA:28,1
DA:29,1
DA:31,1
DA:31,1
DA:31,1
DA:31,1
DA:33,1
DA:34,1
DA:35,1
DA:37,1
DA:37,1
DA:37,1
DA:37,1
DA:39,1
DA:40,1
DA:41,1
DA:43,1
DA:43,1
DA:43,1
DA:43,1
DA:45,1
DA:46,1
DA:47,1
DA:48,1
DA:50,1
DA:51,1
DA:52,1
DA:53,1
DA:54,1
DA:56,1
DA:56,1
DA:56,1
DA:56,1
DA:58,1
DA:59,1
DA:60,1
DA:61,1
DA:63,1
DA:64,1
DA:65,1
DA:66,1
DA:67,1
DA:74,1
DA:74,1
DA:74,1
DA:74,1
DA:75,1
DA:76,1
DA:77,2
DA:78,1
DA:79,1
DA:81,1
DA:81,1
DA:81,1
DA:81,1
DA:82,1
DA:83,1
DA:84,1
DA:85,1
DA:87,1
DA:88,1
DA:89,1
DA:90,1
DA:91,1
DA:97,2
DA:98,2
DA:99,2
DA:101,2
DA:103,2
DA:104,4
DA:105,2
DA:108,1
DA:108,1
DA:108,1
DA:108,1
DA:109,1
DA:110,1
DA:111,1
DA:113,1
DA:113,1
DA:113,1
DA:113,1
DA:114,1
DA:116,1
DA:117,1
DA:118,1
DA:120,1
DA:121,1
DA:122,1
end_of_record
