TN:
SF:/home/businka/second_semester_programming/laba3/Node.hpp
FN:17,_ZN4NodeIiEC2ERKiPS0_S3_
FNDA:245,_ZN4NodeIiEC2ERKiPS0_S3_
DA:17,245
DA:18,245
DA:19,245
end_of_record
SF:/home/businka/second_semester_programming/laba3/List.hpp
FN:9,_ZN10LinkedListIiEC2Ev
FNDA:189,_ZN10LinkedListIiEC2Ev
FN:10,_ZN10LinkedListIiED2Ev
FNDA:189,_ZN10LinkedListIiED2Ev
FN:17,_ZN10LinkedListIiE10push_frontERKi
FNDA:14,_ZN10LinkedListIiE10push_frontERKi
FN:28,_ZN10LinkedListIiE9push_backERKi
FNDA:196,_ZN10LinkedListIiE9push_backERKi
FN:39,_ZN10LinkedListIiE6insertEiRKi
FNDA:42,_ZN10LinkedListIiE6insertEiRKi
FN:77,_ZN10LinkedListIiE8pop_headEv
FNDA:49,_ZN10LinkedListIiE8pop_headEv
FN:87,_ZN10LinkedListIiE8pop_tailEv
FNDA:35,_ZN10LinkedListIiE8pop_tailEv
FN:100,_ZN10LinkedListIiE3popEi
FNDA:35,_ZN10LinkedListIiE3popEi
FN:127,_ZN10LinkedListIiE9pop_valueEi
FNDA:28,_ZN10LinkedListIiE9pop_valueEi
FN:157,_ZNK10LinkedListIiE9get_valueEi
FNDA:56,_ZNK10LinkedListIiE9get_valueEi
FN:179,_ZN10LinkedListIiE6searchEi
FNDA:21,_ZN10LinkedListIiE6searchEi
FN:192,_ZN10LinkedListIiE7displayEv
FNDA:77,_ZN10LinkedListIiE7displayEv
DA:9,189
DA:10,189
DA:11,371
DA:12,182
DA:13,182
DA:14,182
DA:16,189
DA:17,14
DA:18,14
DA:19,14
DA:20,7
DA:21,7
DA:23,14
DA:24,7
DA:25,7
DA:27,14
DA:28,196
DA:29,196
DA:30,196
DA:31,105
DA:32,105
DA:34,196
DA:35,91
DA:36,91
DA:38,196
DA:39,42
DA:40,42
DA:41,7
DA:42,7
DA:45,35
DA:47,35
DA:48,14
DA:49,14
DA:51,14
DA:52,7
DA:55,21
DA:56,21
DA:58,56
DA:59,35
DA:60,35
DA:63,21
DA:64,7
DA:65,7
DA:66,7
DA:69,14
DA:70,14
DA:72,14
DA:73,7
DA:77,49
DA:78,49
DA:79,21
DA:82,28
DA:83,28
DA:84,28
DA:86,49
DA:87,35
DA:88,35
DA:89,7
DA:90,35
DA:91,14
DA:93,21
DA:94,21
DA:95,21
DA:96,21
DA:97,21
DA:99,35
DA:100,35
DA:101,35
DA:102,7
DA:103,7
DA:105,28
DA:106,28
DA:107,28
DA:108,14
DA:109,14
DA:110,14
DA:111,7
DA:112,7
DA:114,14
DA:115,7
DA:116,7
DA:118,7
DA:119,7
DA:120,7
DA:122,0
DA:123,0
DA:124,0
DA:127,28
DA:128,28
DA:129,7
DA:130,7
DA:132,21
DA:133,7
DA:134,7
DA:136,14
DA:137,7
DA:138,7
DA:140,7
DA:141,7
DA:143,14
DA:144,7
DA:145,7
DA:148,7
DA:149,0
DA:150,0
DA:153,7
DA:154,7
DA:157,56
DA:158,56
DA:159,7
DA:162,49
DA:163,7
DA:166,42
DA:167,42
DA:169,70
DA:170,63
DA:171,35
DA:173,28
DA:174,28
DA:177,7
DA:179,21
DA:180,21
DA:181,21
DA:182,7
DA:183,7
DA:185,21
DA:186,7
DA:188,14
DA:189,7
DA:190,7
DA:192,77
DA:193,77
DA:194,21
DA:195,21
DA:197,56
DA:198,175
DA:199,119
DA:200,119
DA:202,56
end_of_record
SF:/home/businka/second_semester_programming/laba3/list_testing.cpp
FN:14,_ZN14LinkedListTest5SetUpEv
FNDA:168,_ZN14LinkedListTest5SetUpEv
FN:19,_ZN29LinkedListTest_PushFront_TestC2Ev
FNDA:7,_ZN29LinkedListTest_PushFront_TestC2Ev
FN:19,_ZN29LinkedListTest_PushFront_Test8TestBodyEv
FNDA:7,_ZN29LinkedListTest_PushFront_Test8TestBodyEv
FN:19,_ZN29LinkedListTest_PushFront_TestD2Ev
FNDA:7,_ZN29LinkedListTest_PushFront_TestD2Ev
FN:19,_ZN29LinkedListTest_PushFront_TestD0Ev
FNDA:7,_ZN29LinkedListTest_PushFront_TestD0Ev
FN:30,_ZN28LinkedListTest_PushBack_TestC2Ev
FNDA:7,_ZN28LinkedListTest_PushBack_TestC2Ev
FN:30,_ZN28LinkedListTest_PushBack_Test8TestBodyEv
FNDA:7,_ZN28LinkedListTest_PushBack_Test8TestBodyEv
FN:30,_ZN28LinkedListTest_PushBack_TestD2Ev
FNDA:7,_ZN28LinkedListTest_PushBack_TestD2Ev
FN:30,_ZN28LinkedListTest_PushBack_TestD0Ev
FNDA:7,_ZN28LinkedListTest_PushBack_TestD0Ev
FN:41,_ZN36LinkedListTest_InsertValidIndex_TestC2Ev
FNDA:7,_ZN36LinkedListTest_InsertValidIndex_TestC2Ev
FN:41,_ZN36LinkedListTest_InsertValidIndex_Test8TestBodyEv
FNDA:7,_ZN36LinkedListTest_InsertValidIndex_Test8TestBodyEv
FN:41,_ZN36LinkedListTest_InsertValidIndex_TestD2Ev
FNDA:7,_ZN36LinkedListTest_InsertValidIndex_TestD2Ev
FN:41,_ZN36LinkedListTest_InsertValidIndex_TestD0Ev
FNDA:7,_ZN36LinkedListTest_InsertValidIndex_TestD0Ev
FN:56,_ZN38LinkedListTest_InsertInvalidIndex_TestC2Ev
FNDA:7,_ZN38LinkedListTest_InsertInvalidIndex_TestC2Ev
FN:56,_ZN38LinkedListTest_InsertInvalidIndex_Test8TestBodyEv
FNDA:7,_ZN38LinkedListTest_InsertInvalidIndex_Test8TestBodyEv
FN:56,_ZN38LinkedListTest_InsertInvalidIndex_TestD2Ev
FNDA:7,_ZN38LinkedListTest_InsertInvalidIndex_TestD2Ev
FN:56,_ZN38LinkedListTest_InsertInvalidIndex_TestD0Ev
FNDA:7,_ZN38LinkedListTest_InsertInvalidIndex_TestD0Ev
FN:71,_ZN27LinkedListTest_PopHead_TestD2Ev
FNDA:7,_ZN27LinkedListTest_PopHead_TestD2Ev
FN:71,_ZN27LinkedListTest_PopHead_TestC2Ev
FNDA:7,_ZN27LinkedListTest_PopHead_TestC2Ev
FN:71,_ZN27LinkedListTest_PopHead_Test8TestBodyEv
FNDA:7,_ZN27LinkedListTest_PopHead_Test8TestBodyEv
FN:71,_ZN27LinkedListTest_PopHead_TestD0Ev
FNDA:7,_ZN27LinkedListTest_PopHead_TestD0Ev
FN:83,_ZN36LinkedListTest_PopHeadEmptyList_TestC2Ev
FNDA:7,_ZN36LinkedListTest_PopHeadEmptyList_TestC2Ev
FN:83,_ZN36LinkedListTest_PopHeadEmptyList_TestD0Ev
FNDA:7,_ZN36LinkedListTest_PopHeadEmptyList_TestD0Ev
FN:83,_ZN36LinkedListTest_PopHeadEmptyList_TestD2Ev
FNDA:7,_ZN36LinkedListTest_PopHeadEmptyList_TestD2Ev
FN:83,_ZN36LinkedListTest_PopHeadEmptyList_Test8TestBodyEv
FNDA:7,_ZN36LinkedListTest_PopHeadEmptyList_Test8TestBodyEv
FN:93,_ZN27LinkedListTest_PopTail_TestD0Ev
FNDA:7,_ZN27LinkedListTest_PopTail_TestD0Ev
FN:93,_ZN27LinkedListTest_PopTail_TestC2Ev
FNDA:7,_ZN27LinkedListTest_PopTail_TestC2Ev
FN:93,_ZN27LinkedListTest_PopTail_TestD2Ev
FNDA:7,_ZN27LinkedListTest_PopTail_TestD2Ev
FN:93,_ZN27LinkedListTest_PopTail_Test8TestBodyEv
FNDA:7,_ZN27LinkedListTest_PopTail_Test8TestBodyEv
FN:105,_ZN36LinkedListTest_PopTailEmptyList_TestC2Ev
FNDA:7,_ZN36LinkedListTest_PopTailEmptyList_TestC2Ev
FN:105,_ZN36LinkedListTest_PopTailEmptyList_TestD2Ev
FNDA:7,_ZN36LinkedListTest_PopTailEmptyList_TestD2Ev
FN:105,_ZN36LinkedListTest_PopTailEmptyList_Test8TestBodyEv
FNDA:7,_ZN36LinkedListTest_PopTailEmptyList_Test8TestBodyEv
FN:105,_ZN36LinkedListTest_PopTailEmptyList_TestD0Ev
FNDA:7,_ZN36LinkedListTest_PopTailEmptyList_TestD0Ev
FN:114,_ZN37LinkedListTest_PopTailSingleNode_TestC2Ev
FNDA:7,_ZN37LinkedListTest_PopTailSingleNode_TestC2Ev
FN:114,_ZN37LinkedListTest_PopTailSingleNode_TestD0Ev
FNDA:7,_ZN37LinkedListTest_PopTailSingleNode_TestD0Ev
FN:114,_ZN37LinkedListTest_PopTailSingleNode_TestD2Ev
FNDA:7,_ZN37LinkedListTest_PopTailSingleNode_TestD2Ev
FN:114,_ZN37LinkedListTest_PopTailSingleNode_Test8TestBodyEv
FNDA:7,_ZN37LinkedListTest_PopTailSingleNode_Test8TestBodyEv
FN:124,_ZN29LinkedListTest_PopInHead_TestD2Ev
FNDA:7,_ZN29LinkedListTest_PopInHead_TestD2Ev
FN:124,_ZN29LinkedListTest_PopInHead_TestD0Ev
FNDA:7,_ZN29LinkedListTest_PopInHead_TestD0Ev
FN:124,_ZN29LinkedListTest_PopInHead_Test8TestBodyEv
FNDA:7,_ZN29LinkedListTest_PopInHead_Test8TestBodyEv
FN:124,_ZN29LinkedListTest_PopInHead_TestC2Ev
FNDA:7,_ZN29LinkedListTest_PopInHead_TestC2Ev
FN:140,_ZN36LinkedListTest_PopFromEmptyList_TestD2Ev
FNDA:7,_ZN36LinkedListTest_PopFromEmptyList_TestD2Ev
FN:140,_ZN36LinkedListTest_PopFromEmptyList_Test8TestBodyEv
FNDA:7,_ZN36LinkedListTest_PopFromEmptyList_Test8TestBodyEv
FN:140,_ZN36LinkedListTest_PopFromEmptyList_TestC2Ev
FNDA:7,_ZN36LinkedListTest_PopFromEmptyList_TestC2Ev
FN:140,_ZN36LinkedListTest_PopFromEmptyList_TestD0Ev
FNDA:7,_ZN36LinkedListTest_PopFromEmptyList_TestD0Ev
FN:147,_ZN35LinkedListTest_PopInvalidIndex_TestC2Ev
FNDA:7,_ZN35LinkedListTest_PopInvalidIndex_TestC2Ev
FN:147,_ZN35LinkedListTest_PopInvalidIndex_TestD0Ev
FNDA:7,_ZN35LinkedListTest_PopInvalidIndex_TestD0Ev
FN:147,_ZN35LinkedListTest_PopInvalidIndex_TestD2Ev
FNDA:7,_ZN35LinkedListTest_PopInvalidIndex_TestD2Ev
FN:147,_ZN35LinkedListTest_PopInvalidIndex_Test8TestBodyEv
FNDA:7,_ZN35LinkedListTest_PopInvalidIndex_Test8TestBodyEv
FN:154,_ZN38LinkedListTest_GetValueValidIndex_TestC2Ev
FNDA:7,_ZN38LinkedListTest_GetValueValidIndex_TestC2Ev
FN:154,_ZN38LinkedListTest_GetValueValidIndex_Test8TestBodyEv
FNDA:7,_ZN38LinkedListTest_GetValueValidIndex_Test8TestBodyEv
FN:154,_ZN38LinkedListTest_GetValueValidIndex_TestD2Ev
FNDA:7,_ZN38LinkedListTest_GetValueValidIndex_TestD2Ev
FN:154,_ZN38LinkedListTest_GetValueValidIndex_TestD0Ev
FNDA:7,_ZN38LinkedListTest_GetValueValidIndex_TestD0Ev
FN:164,_ZN43LinkedListTest_GetValueInvalidIndexMax_TestD2Ev
FNDA:7,_ZN43LinkedListTest_GetValueInvalidIndexMax_TestD2Ev
FN:164,_ZN43LinkedListTest_GetValueInvalidIndexMax_TestD0Ev
FNDA:7,_ZN43LinkedListTest_GetValueInvalidIndexMax_TestD0Ev
FN:164,_ZN43LinkedListTest_GetValueInvalidIndexMax_Test8TestBodyEv
FNDA:7,_ZN43LinkedListTest_GetValueInvalidIndexMax_Test8TestBodyEv
FN:164,_ZN43LinkedListTest_GetValueInvalidIndexMax_TestC2Ev
FNDA:7,_ZN43LinkedListTest_GetValueInvalidIndexMax_TestC2Ev
FN:169,_ZN40LinkedListTest_GetValueInvalidIndex_TestD0Ev
FNDA:7,_ZN40LinkedListTest_GetValueInvalidIndex_TestD0Ev
FN:169,_ZN40LinkedListTest_GetValueInvalidIndex_TestD2Ev
FNDA:7,_ZN40LinkedListTest_GetValueInvalidIndex_TestD2Ev
FN:169,_ZN40LinkedListTest_GetValueInvalidIndex_Test8TestBodyEv
FNDA:7,_ZN40LinkedListTest_GetValueInvalidIndex_Test8TestBodyEv
FN:169,_ZN40LinkedListTest_GetValueInvalidIndex_TestC2Ev
FNDA:7,_ZN40LinkedListTest_GetValueInvalidIndex_TestC2Ev
FN:173,_ZN41LinkedListTest_GetValueFromEmptyList_Test8TestBodyEv
FNDA:7,_ZN41LinkedListTest_GetValueFromEmptyList_Test8TestBodyEv
FN:173,_ZN41LinkedListTest_GetValueFromEmptyList_TestC2Ev
FNDA:7,_ZN41LinkedListTest_GetValueFromEmptyList_TestC2Ev
FN:173,_ZN41LinkedListTest_GetValueFromEmptyList_TestD2Ev
FNDA:7,_ZN41LinkedListTest_GetValueFromEmptyList_TestD2Ev
FN:173,_ZN41LinkedListTest_GetValueFromEmptyList_TestD0Ev
FNDA:7,_ZN41LinkedListTest_GetValueFromEmptyList_TestD0Ev
FN:178,_ZN41LinkedListTest_SearchExistingElement_TestD2Ev
FNDA:7,_ZN41LinkedListTest_SearchExistingElement_TestD2Ev
FN:178,_ZN41LinkedListTest_SearchExistingElement_TestC2Ev
FNDA:7,_ZN41LinkedListTest_SearchExistingElement_TestC2Ev
FN:178,_ZN41LinkedListTest_SearchExistingElement_Test8TestBodyEv
FNDA:7,_ZN41LinkedListTest_SearchExistingElement_Test8TestBodyEv
FN:178,_ZN41LinkedListTest_SearchExistingElement_TestD0Ev
FNDA:7,_ZN41LinkedListTest_SearchExistingElement_TestD0Ev
FN:186,_ZN44LinkedListTest_SearchNonExistingElement_TestD2Ev
FNDA:7,_ZN44LinkedListTest_SearchNonExistingElement_TestD2Ev
FN:186,_ZN44LinkedListTest_SearchNonExistingElement_TestD0Ev
FNDA:7,_ZN44LinkedListTest_SearchNonExistingElement_TestD0Ev
FN:186,_ZN44LinkedListTest_SearchNonExistingElement_Test8TestBodyEv
FNDA:7,_ZN44LinkedListTest_SearchNonExistingElement_Test8TestBodyEv
FN:186,_ZN44LinkedListTest_SearchNonExistingElement_TestC2Ev
FNDA:7,_ZN44LinkedListTest_SearchNonExistingElement_TestC2Ev
FN:195,_ZN37LinkedListTest_SearchInEmptyList_TestD0Ev
FNDA:7,_ZN37LinkedListTest_SearchInEmptyList_TestD0Ev
FN:195,_ZN37LinkedListTest_SearchInEmptyList_TestD2Ev
FNDA:7,_ZN37LinkedListTest_SearchInEmptyList_TestD2Ev
FN:195,_ZN37LinkedListTest_SearchInEmptyList_Test8TestBodyEv
FNDA:7,_ZN37LinkedListTest_SearchInEmptyList_Test8TestBodyEv
FN:195,_ZN37LinkedListTest_SearchInEmptyList_TestC2Ev
FNDA:7,_ZN37LinkedListTest_SearchInEmptyList_TestC2Ev
FN:203,_ZN36LinkedListTest_DisplayEmptyList_TestD0Ev
FNDA:7,_ZN36LinkedListTest_DisplayEmptyList_TestD0Ev
FN:203,_ZN36LinkedListTest_DisplayEmptyList_Test8TestBodyEv
FNDA:7,_ZN36LinkedListTest_DisplayEmptyList_Test8TestBodyEv
FN:203,_ZN36LinkedListTest_DisplayEmptyList_TestC2Ev
FNDA:7,_ZN36LinkedListTest_DisplayEmptyList_TestC2Ev
FN:203,_ZN36LinkedListTest_DisplayEmptyList_TestD2Ev
FNDA:7,_ZN36LinkedListTest_DisplayEmptyList_TestD2Ev
FN:213,_ZN32LinkedListTest_PopValueHead_TestD0Ev
FNDA:7,_ZN32LinkedListTest_PopValueHead_TestD0Ev
FN:213,_ZN32LinkedListTest_PopValueHead_TestC2Ev
FNDA:7,_ZN32LinkedListTest_PopValueHead_TestC2Ev
FN:213,_ZN32LinkedListTest_PopValueHead_Test8TestBodyEv
FNDA:7,_ZN32LinkedListTest_PopValueHead_Test8TestBodyEv
FN:213,_ZN32LinkedListTest_PopValueHead_TestD2Ev
FNDA:7,_ZN32LinkedListTest_PopValueHead_TestD2Ev
FN:226,_ZN32LinkedListTest_PopValueTail_Test8TestBodyEv
FNDA:7,_ZN32LinkedListTest_PopValueTail_Test8TestBodyEv
FN:226,_ZN32LinkedListTest_PopValueTail_TestC2Ev
FNDA:7,_ZN32LinkedListTest_PopValueTail_TestC2Ev
FN:226,_ZN32LinkedListTest_PopValueTail_TestD2Ev
FNDA:7,_ZN32LinkedListTest_PopValueTail_TestD2Ev
FN:226,_ZN32LinkedListTest_PopValueTail_TestD0Ev
FNDA:7,_ZN32LinkedListTest_PopValueTail_TestD0Ev
FN:238,_ZN34LinkedListTest_PopValueInList_Test8TestBodyEv
FNDA:7,_ZN34LinkedListTest_PopValueInList_Test8TestBodyEv
FN:238,_ZN34LinkedListTest_PopValueInList_TestC2Ev
FNDA:7,_ZN34LinkedListTest_PopValueInList_TestC2Ev
FN:238,_ZN34LinkedListTest_PopValueInList_TestD2Ev
FNDA:7,_ZN34LinkedListTest_PopValueInList_TestD2Ev
FN:238,_ZN34LinkedListTest_PopValueInList_TestD0Ev
FNDA:7,_ZN34LinkedListTest_PopValueInList_TestD0Ev
FN:251,_ZN41LinkedListTest_PopValueFromEmptyList_TestD2Ev
FNDA:7,_ZN41LinkedListTest_PopValueFromEmptyList_TestD2Ev
FN:251,_ZN41LinkedListTest_PopValueFromEmptyList_Test8TestBodyEv
FNDA:7,_ZN41LinkedListTest_PopValueFromEmptyList_Test8TestBodyEv
FN:251,_ZN41LinkedListTest_PopValueFromEmptyList_TestD0Ev
FNDA:7,_ZN41LinkedListTest_PopValueFromEmptyList_TestD0Ev
FN:251,_ZN41LinkedListTest_PopValueFromEmptyList_TestC2Ev
FNDA:7,_ZN41LinkedListTest_PopValueFromEmptyList_TestC2Ev
FN:259,main
FNDA:7,main
DA:14,168
DA:16,168
DA:19,7
DA:19,7
DA:19,7
DA:19,7
DA:20,7
DA:21,7
DA:22,7
DA:23,7
DA:24,7
DA:25,7
DA:27,14
DA:28,7
DA:30,7
DA:30,7
DA:30,7
DA:30,7
DA:31,7
DA:32,7
DA:33,7
DA:34,7
DA:35,7
DA:36,7
DA:38,14
DA:39,7
DA:41,7
DA:41,7
DA:41,7
DA:41,7
DA:42,7
DA:43,7
DA:44,7
DA:45,7
DA:46,7
DA:47,7
DA:48,7
DA:49,7
DA:50,7
DA:51,7
DA:53,14
DA:54,7
DA:56,7
DA:56,7
DA:56,7
DA:56,7
DA:58,7
DA:60,7
DA:61,14
DA:64,7
DA:66,7
DA:67,7
DA:68,14
DA:69,7
DA:71,7
DA:71,7
DA:71,7
DA:71,7
DA:72,7
DA:73,7
DA:74,7
DA:75,7
DA:76,7
DA:77,7
DA:78,7
DA:80,14
DA:81,7
DA:83,7
DA:83,7
DA:83,7
DA:83,7
DA:84,7
DA:85,7
DA:87,7
DA:89,7
DA:90,14
DA:91,7
DA:93,7
DA:93,7
DA:93,7
DA:93,7
DA:94,7
DA:95,7
DA:96,7
DA:97,7
DA:98,7
DA:99,7
DA:100,7
DA:102,14
DA:103,7
DA:105,7
DA:105,7
DA:105,7
DA:105,7
DA:106,7
DA:107,7
DA:108,7
DA:109,7
DA:110,7
DA:111,14
DA:112,7
DA:114,7
DA:114,7
DA:114,7
DA:114,7
DA:115,7
DA:116,7
DA:117,7
DA:118,7
DA:119,7
DA:120,7
DA:121,14
DA:122,7
DA:124,7
DA:124,7
DA:124,7
DA:124,7
DA:125,7
DA:126,7
DA:127,7
DA:128,7
DA:130,7
DA:131,7
DA:132,7
DA:134,7
DA:135,7
DA:136,14
DA:137,7
DA:138,7
DA:140,7
DA:140,7
DA:140,7
DA:140,7
DA:141,7
DA:142,7
DA:143,7
DA:144,7
DA:145,7
DA:147,7
DA:147,7
DA:147,7
DA:147,7
DA:148,7
DA:149,7
DA:150,7
DA:151,7
DA:152,7
DA:154,7
DA:154,7
DA:154,7
DA:154,7
DA:155,7
DA:156,7
DA:157,7
DA:159,7
DA:160,7
DA:161,7
DA:162,7
DA:164,7
DA:164,7
DA:164,7
DA:164,7
DA:165,7
DA:166,7
DA:167,7
DA:169,7
DA:169,7
DA:169,7
DA:169,7
DA:170,7
DA:171,7
DA:173,7
DA:173,7
DA:173,7
DA:173,7
DA:174,7
DA:175,7
DA:176,7
DA:178,7
DA:178,7
DA:178,7
DA:178,7
DA:179,7
DA:180,7
DA:181,7
DA:182,7
DA:183,7
DA:184,7
DA:186,7
DA:186,7
DA:186,7
DA:186,7
DA:187,7
DA:188,7
DA:189,7
DA:190,7
DA:191,7
DA:192,7
DA:193,7
DA:195,7
DA:195,7
DA:195,7
DA:195,7
DA:196,7
DA:197,7
DA:198,7
DA:199,7
DA:200,7
DA:201,7
DA:203,7
DA:203,7
DA:203,7
DA:203,7
DA:204,7
DA:205,7
DA:207,7
DA:209,7
DA:210,14
DA:211,7
DA:213,7
DA:213,7
DA:213,7
DA:213,7
DA:214,7
DA:215,7
DA:216,7
DA:217,7
DA:219,7
DA:220,7
DA:221,7
DA:222,7
DA:223,14
DA:224,7
DA:226,7
DA:226,7
DA:226,7
DA:226,7
DA:227,7
DA:228,7
DA:229,7
DA:231,7
DA:232,7
DA:233,7
DA:234,7
DA:235,14
DA:236,7
DA:238,7
DA:238,7
DA:238,7
DA:238,7
DA:239,7
DA:240,7
DA:241,7
DA:242,7
DA:244,7
DA:245,7
DA:246,7
DA:247,7
DA:248,14
DA:249,7
DA:251,7
DA:251,7
DA:251,7
DA:251,7
DA:252,7
DA:253,7
DA:254,7
DA:255,7
DA:256,7
DA:257,7
DA:259,7
DA:260,7
DA:261,7
end_of_record
TN:
SF:/home/businka/second_semester_programming/laba3/array_testing.cpp
FN:10,_ZN23ArrayTest_PushBack_TestC2Ev
FNDA:79,_ZN23ArrayTest_PushBack_TestC2Ev
FN:10,_ZN23ArrayTest_PushBack_Test8TestBodyEv
FNDA:79,_ZN23ArrayTest_PushBack_Test8TestBodyEv
FN:10,_ZN23ArrayTest_PushBack_TestD2Ev
FNDA:79,_ZN23ArrayTest_PushBack_TestD2Ev
FN:10,_ZN23ArrayTest_PushBack_TestD0Ev
FNDA:79,_ZN23ArrayTest_PushBack_TestD0Ev
FN:18,_ZN24ArrayTest_PushFront_TestC2Ev
FNDA:79,_ZN24ArrayTest_PushFront_TestC2Ev
FN:18,_ZN24ArrayTest_PushFront_Test8TestBodyEv
FNDA:79,_ZN24ArrayTest_PushFront_Test8TestBodyEv
FN:18,_ZN24ArrayTest_PushFront_TestD2Ev
FNDA:79,_ZN24ArrayTest_PushFront_TestD2Ev
FN:18,_ZN24ArrayTest_PushFront_TestD0Ev
FNDA:79,_ZN24ArrayTest_PushFront_TestD0Ev
FN:28,_ZN21ArrayTest_PushIn_TestC2Ev
FNDA:79,_ZN21ArrayTest_PushIn_TestC2Ev
FN:28,_ZN21ArrayTest_PushIn_Test8TestBodyEv
FNDA:79,_ZN21ArrayTest_PushIn_Test8TestBodyEv
FN:28,_ZN21ArrayTest_PushIn_TestD2Ev
FNDA:79,_ZN21ArrayTest_PushIn_TestD2Ev
FN:28,_ZN21ArrayTest_PushIn_TestD0Ev
FNDA:79,_ZN21ArrayTest_PushIn_TestD0Ev
FN:37,_ZN23ArrayTest_PopFront_TestC2Ev
FNDA:79,_ZN23ArrayTest_PopFront_TestC2Ev
FN:37,_ZN23ArrayTest_PopFront_Test8TestBodyEv
FNDA:79,_ZN23ArrayTest_PopFront_Test8TestBodyEv
FN:37,_ZN23ArrayTest_PopFront_TestD2Ev
FNDA:79,_ZN23ArrayTest_PopFront_TestD2Ev
FN:37,_ZN23ArrayTest_PopFront_TestD0Ev
FNDA:79,_ZN23ArrayTest_PopFront_TestD0Ev
FN:46,_ZN22ArrayTest_PopBack_TestD0Ev
FNDA:79,_ZN22ArrayTest_PopBack_TestD0Ev
FN:46,_ZN22ArrayTest_PopBack_Test8TestBodyEv
FNDA:79,_ZN22ArrayTest_PopBack_Test8TestBodyEv
FN:46,_ZN22ArrayTest_PopBack_TestD2Ev
FNDA:79,_ZN22ArrayTest_PopBack_TestD2Ev
FN:46,_ZN22ArrayTest_PopBack_TestC2Ev
FNDA:79,_ZN22ArrayTest_PopBack_TestC2Ev
FN:55,_ZN20ArrayTest_PopIn_TestD0Ev
FNDA:79,_ZN20ArrayTest_PopIn_TestD0Ev
FN:55,_ZN20ArrayTest_PopIn_TestC2Ev
FNDA:79,_ZN20ArrayTest_PopIn_TestC2Ev
FN:55,_ZN20ArrayTest_PopIn_TestD2Ev
FNDA:79,_ZN20ArrayTest_PopIn_TestD2Ev
FN:55,_ZN20ArrayTest_PopIn_Test8TestBodyEv
FNDA:79,_ZN20ArrayTest_PopIn_Test8TestBodyEv
FN:65,_ZN21ArrayTest_Search_TestD2Ev
FNDA:79,_ZN21ArrayTest_Search_TestD2Ev
FN:65,_ZN21ArrayTest_Search_TestD0Ev
FNDA:79,_ZN21ArrayTest_Search_TestD0Ev
FN:65,_ZN21ArrayTest_Search_TestC2Ev
FNDA:79,_ZN21ArrayTest_Search_TestC2Ev
FN:65,_ZN21ArrayTest_Search_Test8TestBodyEv
FNDA:79,_ZN21ArrayTest_Search_Test8TestBodyEv
FN:74,_ZN25ArrayTest_SetValueAt_TestD0Ev
FNDA:79,_ZN25ArrayTest_SetValueAt_TestD0Ev
FN:74,_ZN25ArrayTest_SetValueAt_TestD2Ev
FNDA:79,_ZN25ArrayTest_SetValueAt_TestD2Ev
FN:74,_ZN25ArrayTest_SetValueAt_Test8TestBodyEv
FNDA:79,_ZN25ArrayTest_SetValueAt_Test8TestBodyEv
FN:74,_ZN25ArrayTest_SetValueAt_TestC2Ev
FNDA:79,_ZN25ArrayTest_SetValueAt_TestC2Ev
FN:82,_ZN32ArrayTest_InvalidIndexPopIn_Test8TestBodyEv
FNDA:79,_ZN32ArrayTest_InvalidIndexPopIn_Test8TestBodyEv
FN:82,_ZN32ArrayTest_InvalidIndexPopIn_TestC2Ev
FNDA:79,_ZN32ArrayTest_InvalidIndexPopIn_TestC2Ev
FN:82,_ZN32ArrayTest_InvalidIndexPopIn_TestD2Ev
FNDA:79,_ZN32ArrayTest_InvalidIndexPopIn_TestD2Ev
FN:82,_ZN32ArrayTest_InvalidIndexPopIn_TestD0Ev
FNDA:79,_ZN32ArrayTest_InvalidIndexPopIn_TestD0Ev
FN:89,_ZN37ArrayTest_InvalidIndexSetValueAt_TestC2Ev
FNDA:79,_ZN37ArrayTest_InvalidIndexSetValueAt_TestC2Ev
FN:89,_ZN37ArrayTest_InvalidIndexSetValueAt_Test8TestBodyEv
FNDA:79,_ZN37ArrayTest_InvalidIndexSetValueAt_Test8TestBodyEv
FN:89,_ZN37ArrayTest_InvalidIndexSetValueAt_TestD0Ev
FNDA:79,_ZN37ArrayTest_InvalidIndexSetValueAt_TestD0Ev
FN:89,_ZN37ArrayTest_InvalidIndexSetValueAt_TestD2Ev
FNDA:79,_ZN37ArrayTest_InvalidIndexSetValueAt_TestD2Ev
FN:96,_ZN28ArrayTest_PopFrontEmpty_TestD2Ev
FNDA:79,_ZN28ArrayTest_PopFrontEmpty_TestD2Ev
FN:96,_ZN28ArrayTest_PopFrontEmpty_TestC2Ev
FNDA:79,_ZN28ArrayTest_PopFrontEmpty_TestC2Ev
FN:96,_ZN28ArrayTest_PopFrontEmpty_TestD0Ev
FNDA:79,_ZN28ArrayTest_PopFrontEmpty_TestD0Ev
FN:96,_ZN28ArrayTest_PopFrontEmpty_Test8TestBodyEv
FNDA:79,_ZN28ArrayTest_PopFrontEmpty_Test8TestBodyEv
FN:102,_ZN27ArrayTest_PopBackEmpty_TestD0Ev
FNDA:79,_ZN27ArrayTest_PopBackEmpty_TestD0Ev
FN:102,_ZN27ArrayTest_PopBackEmpty_TestC2Ev
FNDA:79,_ZN27ArrayTest_PopBackEmpty_TestC2Ev
FN:102,_ZN27ArrayTest_PopBackEmpty_Test8TestBodyEv
FNDA:79,_ZN27ArrayTest_PopBackEmpty_Test8TestBodyEv
FN:102,_ZN27ArrayTest_PopBackEmpty_TestD2Ev
FNDA:79,_ZN27ArrayTest_PopBackEmpty_TestD2Ev
FN:108,_ZN38ArrayTest_SearchIndexInvalidIndex_TestD0Ev
FNDA:79,_ZN38ArrayTest_SearchIndexInvalidIndex_TestD0Ev
FN:108,_ZN38ArrayTest_SearchIndexInvalidIndex_TestC2Ev
FNDA:79,_ZN38ArrayTest_SearchIndexInvalidIndex_TestC2Ev
FN:108,_ZN38ArrayTest_SearchIndexInvalidIndex_TestD2Ev
FNDA:79,_ZN38ArrayTest_SearchIndexInvalidIndex_TestD2Ev
FN:108,_ZN38ArrayTest_SearchIndexInvalidIndex_Test8TestBodyEv
FNDA:79,_ZN38ArrayTest_SearchIndexInvalidIndex_Test8TestBodyEv
FN:122,_ZN37ArrayTest_SetValueAtInvalidIndex_TestC2Ev
FNDA:79,_ZN37ArrayTest_SetValueAtInvalidIndex_TestC2Ev
FN:122,_ZN37ArrayTest_SetValueAtInvalidIndex_TestD0Ev
FNDA:79,_ZN37ArrayTest_SetValueAtInvalidIndex_TestD0Ev
FN:122,_ZN37ArrayTest_SetValueAtInvalidIndex_Test8TestBodyEv
FNDA:79,_ZN37ArrayTest_SetValueAtInvalidIndex_Test8TestBodyEv
FN:122,_ZN37ArrayTest_SetValueAtInvalidIndex_TestD2Ev
FNDA:79,_ZN37ArrayTest_SetValueAtInvalidIndex_TestD2Ev
FN:135,_ZN37ArrayTest_GetValueAtInvalidIndex_TestD0Ev
FNDA:79,_ZN37ArrayTest_GetValueAtInvalidIndex_TestD0Ev
FN:135,_ZN37ArrayTest_GetValueAtInvalidIndex_TestC2Ev
FNDA:79,_ZN37ArrayTest_GetValueAtInvalidIndex_TestC2Ev
FN:135,_ZN37ArrayTest_GetValueAtInvalidIndex_TestD2Ev
FNDA:79,_ZN37ArrayTest_GetValueAtInvalidIndex_TestD2Ev
FN:135,_ZN37ArrayTest_GetValueAtInvalidIndex_Test8TestBodyEv
FNDA:79,_ZN37ArrayTest_GetValueAtInvalidIndex_Test8TestBodyEv
FN:151,_ZN27ArrayTest_DisplayEmpty_TestD0Ev
FNDA:79,_ZN27ArrayTest_DisplayEmpty_TestD0Ev
FN:151,_ZN27ArrayTest_DisplayEmpty_Test8TestBodyEv
FNDA:79,_ZN27ArrayTest_DisplayEmpty_Test8TestBodyEv
FN:151,_ZN27ArrayTest_DisplayEmpty_TestC2Ev
FNDA:79,_ZN27ArrayTest_DisplayEmpty_TestC2Ev
FN:151,_ZN27ArrayTest_DisplayEmpty_TestD2Ev
FNDA:79,_ZN27ArrayTest_DisplayEmpty_TestD2Ev
FN:159,_ZN30ArrayTest_DisplayNonEmpty_TestC2Ev
FNDA:79,_ZN30ArrayTest_DisplayNonEmpty_TestC2Ev
FN:159,_ZN30ArrayTest_DisplayNonEmpty_Test8TestBodyEv
FNDA:79,_ZN30ArrayTest_DisplayNonEmpty_Test8TestBodyEv
FN:159,_ZN30ArrayTest_DisplayNonEmpty_TestD2Ev
FNDA:79,_ZN30ArrayTest_DisplayNonEmpty_TestD2Ev
FN:159,_ZN30ArrayTest_DisplayNonEmpty_TestD0Ev
FNDA:79,_ZN30ArrayTest_DisplayNonEmpty_TestD0Ev
FN:170,main
FNDA:79,main
DA:10,79
DA:10,79
DA:10,79
DA:10,79
DA:11,79
DA:12,79
DA:13,79
DA:14,79
DA:15,79
DA:16,79
DA:18,79
DA:18,79
DA:18,79
DA:18,79
DA:19,79
DA:20,79
DA:21,79
DA:22,79
DA:23,79
DA:24,79
DA:25,79
DA:26,79
DA:28,79
DA:28,79
DA:28,79
DA:28,79
DA:29,79
DA:30,79
DA:31,79
DA:32,79
DA:33,79
DA:34,79
DA:35,79
DA:37,79
DA:37,79
DA:37,79
DA:37,79
DA:38,79
DA:39,79
DA:40,79
DA:41,79
DA:42,79
DA:43,79
DA:44,79
DA:46,79
DA:46,79
DA:46,79
DA:46,79
DA:47,79
DA:48,79
DA:49,79
DA:50,79
DA:51,79
DA:52,79
DA:53,79
DA:55,79
DA:55,79
DA:55,79
DA:55,79
DA:56,79
DA:57,79
DA:58,79
DA:59,79
DA:60,79
DA:61,79
DA:62,79
DA:63,79
DA:65,79
DA:65,79
DA:65,79
DA:65,79
DA:66,79
DA:67,79
DA:68,79
DA:69,79
DA:70,79
DA:71,79
DA:72,79
DA:74,79
DA:74,79
DA:74,79
DA:74,79
DA:75,79
DA:76,79
DA:77,79
DA:78,79
DA:79,79
DA:80,79
DA:82,79
DA:82,79
DA:82,79
DA:82,79
DA:83,79
DA:84,79
DA:85,79
DA:86,79
DA:87,79
DA:89,79
DA:89,79
DA:89,79
DA:89,79
DA:90,79
DA:91,79
DA:92,79
DA:93,79
DA:94,79
DA:96,79
DA:96,79
DA:96,79
DA:96,79
DA:97,79
DA:98,79
DA:99,79
DA:100,79
DA:102,79
DA:102,79
DA:102,79
DA:102,79
DA:103,79
DA:104,79
DA:105,79
DA:106,79
DA:108,79
DA:108,79
DA:108,79
DA:108,79
DA:109,79
DA:110,79
DA:111,79
DA:112,79
DA:113,79
DA:115,79
DA:116,79
DA:118,79
DA:119,79
DA:120,79
DA:122,79
DA:122,79
DA:122,79
DA:122,79
DA:123,79
DA:124,79
DA:125,79
DA:127,79
DA:128,79
DA:129,79
DA:131,79
DA:132,79
DA:133,79
DA:135,79
DA:135,79
DA:135,79
DA:135,79
DA:136,79
DA:137,79
DA:138,79
DA:140,79
DA:141,79
DA:143,79
DA:145,79
DA:147,79
DA:148,79
DA:149,79
DA:151,79
DA:151,79
DA:151,79
DA:151,79
DA:152,79
DA:153,79
DA:154,79
DA:155,79
DA:156,79
DA:157,79
DA:159,79
DA:159,79
DA:159,79
DA:159,79
DA:160,79
DA:161,79
DA:162,79
DA:163,79
DA:164,79
DA:165,79
DA:166,79
DA:167,79
DA:168,79
DA:170,79
DA:171,79
DA:172,79
end_of_record
SF:/home/businka/second_semester_programming/laba3/Array.hpp
FN:7,_ZN5ArrayIiEC2Ev
FNDA:1343,_ZN5ArrayIiEC2Ev
FN:11,_ZN5ArrayIiED2Ev
FNDA:1343,_ZN5ArrayIiED2Ev
FN:15,_ZN5ArrayIiE10push_frontERKi
FNDA:237,_ZN5ArrayIiE10push_frontERKi
FN:36,_ZN5ArrayIiE9push_backERKi
FNDA:2212,_ZN5ArrayIiE9push_backERKi
FN:54,_ZN5ArrayIiE7push_inEiRKi
FNDA:79,_ZN5ArrayIiE7push_inEiRKi
FN:81,_ZN5ArrayIiE9pop_frontEv
FNDA:158,_ZN5ArrayIiE9pop_frontEv
FN:92,_ZN5ArrayIiE8pop_backEv
FNDA:158,_ZN5ArrayIiE8pop_backEv
FN:100,_ZN5ArrayIiE6pop_inEi
FNDA:158,_ZN5ArrayIiE6pop_inEi
FN:111,_ZN5ArrayIiE6searchERKi
FNDA:158,_ZN5ArrayIiE6searchERKi
FN:122,_ZN5ArrayIiE12search_indexEi
FNDA:316,_ZN5ArrayIiE12search_indexEi
FN:132,_ZN5ArrayIiE12set_value_atEii
FNDA:237,_ZN5ArrayIiE12set_value_atEii
FN:141,_ZN5ArrayIiE12get_value_atEi
FNDA:474,_ZN5ArrayIiE12get_value_atEi
FN:150,_ZN5ArrayIiE8get_sizeEv
FNDA:711,_ZN5ArrayIiE8get_sizeEv
FN:154,_ZN5ArrayIiE7displayEv
FNDA:158,_ZN5ArrayIiE7displayEv
DA:7,1343
DA:8,1343
DA:9,1343
DA:11,1343
DA:12,1343
DA:13,1343
DA:15,237
DA:16,237
DA:17,79
DA:18,79
DA:20,237
DA:21,158
DA:24,79
DA:25,79
DA:26,79
DA:28,474
DA:29,237
DA:32,237
DA:33,237
DA:34,237
DA:36,2212
DA:37,2212
DA:38,316
DA:39,316
DA:41,948
DA:42,632
DA:45,316
DA:46,316
DA:47,316
DA:50,2212
DA:51,2212
DA:52,2212
DA:54,79
DA:55,79
DA:56,0
DA:57,0
DA:60,79
DA:61,79
DA:62,79
DA:64,237
DA:65,158
DA:68,79
DA:69,79
DA:70,79
DA:73,158
DA:74,79
DA:77,79
DA:78,79
DA:81,158
DA:82,158
DA:83,79
DA:85,158
DA:86,79
DA:88,79
DA:90,158
DA:92,158
DA:93,158
DA:94,79
DA:96,79
DA:98,158
DA:100,158
DA:101,158
DA:102,79
DA:103,79
DA:105,158
DA:106,79
DA:108,79
DA:111,158
DA:112,474
DA:113,395
DA:114,79
DA:115,79
DA:118,79
DA:119,79
DA:122,316
DA:123,316
DA:124,237
DA:125,237
DA:127,79
DA:128,79
DA:132,237
DA:133,237
DA:134,158
DA:135,158
DA:138,79
DA:141,474
DA:142,474
DA:143,395
DA:145,79
DA:146,79
DA:150,711
DA:151,711
DA:154,158
DA:155,158
DA:156,79
DA:157,79
DA:159,316
DA:160,237
DA:162,79
end_of_record
TN:
SF:/home/businka/second_semester_programming/laba3/Node.hpp
FN:17,_ZN4NodeIiEC2ERKiPS0_S3_
FNDA:259,_ZN4NodeIiEC2ERKiPS0_S3_
DA:17,259
DA:18,259
DA:19,259
end_of_record
SF:/home/businka/second_semester_programming/laba3/List.hpp
FN:9,_ZN10LinkedListIiEC2Ev
FNDA:14,_ZN10LinkedListIiEC2Ev
FN:10,_ZN10LinkedListIiED2Ev
FNDA:14,_ZN10LinkedListIiED2Ev
FN:77,_ZN10LinkedListIiE8pop_headEv
FNDA:0,_ZN10LinkedListIiE8pop_headEv
FN:87,_ZN10LinkedListIiE8pop_tailEv
FNDA:0,_ZN10LinkedListIiE8pop_tailEv
FN:127,_ZN10LinkedListIiE9pop_valueEi
FNDA:7,_ZN10LinkedListIiE9pop_valueEi
FN:157,_ZNK10LinkedListIiE9get_valueEi
FNDA:7,_ZNK10LinkedListIiE9get_valueEi
FN:214,_ZN10DoublyListIiEC2Ev
FNDA:126,_ZN10DoublyListIiEC2Ev
FN:215,_ZN10DoublyListIiED2Ev
FNDA:126,_ZN10DoublyListIiED2Ev
FN:222,_ZN10DoublyListIiE9push_backERKi
FNDA:189,_ZN10DoublyListIiE9push_backERKi
FN:233,_ZN10DoublyListIiE10push_frontERKi
FNDA:28,_ZN10DoublyListIiE10push_frontERKi
FN:244,_ZN10DoublyListIiE7push_inEiRKi
FNDA:42,_ZN10DoublyListIiE7push_inEiRKi
FN:279,_ZN10DoublyListIiE6searchEi
FNDA:14,_ZN10DoublyListIiE6searchEi
FN:289,_ZN10DoublyListIiE11pop_forwardEv
FNDA:28,_ZN10DoublyListIiE11pop_forwardEv
FN:301,_ZN10DoublyListIiE12pop_backwardEv
FNDA:28,_ZN10DoublyListIiE12pop_backwardEv
FN:312,_ZN10DoublyListIiE3popEi
FNDA:28,_ZN10DoublyListIiE3popEi
FN:341,_ZN10DoublyListIiE9pop_valueEi
FNDA:21,_ZN10DoublyListIiE9pop_valueEi
FN:364,_ZNK10DoublyListIiE9get_valueEi
FNDA:49,_ZNK10DoublyListIiE9get_valueEi
FN:387,_ZN10DoublyListIiE7displayEv
FNDA:56,_ZN10DoublyListIiE7displayEv
DA:9,14
DA:10,14
DA:11,14
DA:12,0
DA:13,0
DA:14,0
DA:16,14
DA:77,0
DA:78,0
DA:79,0
DA:82,0
DA:83,0
DA:84,0
DA:86,0
DA:87,0
DA:88,0
DA:89,0
DA:90,0
DA:91,0
DA:93,0
DA:94,0
DA:95,0
DA:96,0
DA:97,0
DA:99,0
DA:127,7
DA:128,7
DA:129,7
DA:130,7
DA:132,0
DA:133,0
DA:134,0
DA:136,0
DA:137,0
DA:138,0
DA:140,0
DA:141,0
DA:143,0
DA:144,0
DA:145,0
DA:148,0
DA:149,0
DA:150,0
DA:153,0
DA:154,0
DA:157,7
DA:158,7
DA:159,0
DA:162,7
DA:163,7
DA:166,0
DA:167,0
DA:169,0
DA:170,0
DA:171,0
DA:173,0
DA:174,0
DA:177,0
DA:214,126
DA:215,126
DA:216,294
DA:217,168
DA:218,168
DA:219,168
DA:221,126
DA:222,189
DA:223,189
DA:224,189
DA:225,84
DA:226,84
DA:228,105
DA:229,105
DA:230,105
DA:232,189
DA:233,28
DA:234,28
DA:235,28
DA:236,14
DA:237,14
DA:239,14
DA:240,14
DA:241,14
DA:243,28
DA:244,42
DA:245,42
DA:246,42
DA:247,7
DA:248,7
DA:249,35
DA:251,14
DA:253,21
DA:254,21
DA:257,56
DA:258,35
DA:259,35
DA:262,21
DA:264,14
DA:265,14
DA:266,14
DA:267,7
DA:269,7
DA:271,14
DA:274,7
DA:275,7
DA:279,14
DA:280,14
DA:281,21
DA:282,7
DA:284,14
DA:285,7
DA:286,7
DA:288,14
DA:289,28
DA:290,28
DA:291,28
DA:292,28
DA:294,28
DA:295,7
DA:297,21
DA:299,28
DA:301,28
DA:302,28
DA:303,28
DA:304,28
DA:305,28
DA:306,7
DA:308,21
DA:310,28
DA:312,28
DA:313,28
DA:314,7
DA:315,7
DA:317,21
DA:318,7
DA:321,14
DA:322,14
DA:324,28
DA:325,14
DA:326,14
DA:328,14
DA:329,7
DA:330,7
DA:332,7
DA:333,7
DA:334,7
DA:336,0
DA:337,0
DA:338,0
DA:341,21
DA:342,21
DA:343,21
DA:344,7
DA:345,7
DA:347,14
DA:348,7
DA:349,7
DA:351,7
DA:352,14
DA:353,7
DA:355,7
DA:356,0
DA:357,0
DA:359,7
DA:360,7
DA:361,7
DA:364,49
DA:365,49
DA:366,7
DA:369,42
DA:370,0
DA:373,42
DA:374,42
DA:376,70
DA:377,63
DA:378,35
DA:380,28
DA:381,28
DA:384,7
DA:387,56
DA:388,56
DA:389,175
DA:390,119
DA:391,119
DA:393,56
DA:394,56
end_of_record
SF:/home/businka/second_semester_programming/laba3/2list_testing.cpp
FN:14,_ZN14DoublyListTest5SetUpEv
FNDA:126,_ZN14DoublyListTest5SetUpEv
FN:19,_ZN29DoublyListTest_PushFront_TestC2Ev
FNDA:7,_ZN29DoublyListTest_PushFront_TestC2Ev
FN:19,_ZN29DoublyListTest_PushFront_Test8TestBodyEv
FNDA:7,_ZN29DoublyListTest_PushFront_Test8TestBodyEv
FN:19,_ZN29DoublyListTest_PushFront_TestD2Ev
FNDA:7,_ZN29DoublyListTest_PushFront_TestD2Ev
FN:19,_ZN29DoublyListTest_PushFront_TestD0Ev
FNDA:7,_ZN29DoublyListTest_PushFront_TestD0Ev
FN:30,_ZN28DoublyListTest_PushBack_TestC2Ev
FNDA:7,_ZN28DoublyListTest_PushBack_TestC2Ev
FN:30,_ZN28DoublyListTest_PushBack_Test8TestBodyEv
FNDA:7,_ZN28DoublyListTest_PushBack_Test8TestBodyEv
FN:30,_ZN28DoublyListTest_PushBack_TestD2Ev
FNDA:7,_ZN28DoublyListTest_PushBack_TestD2Ev
FN:30,_ZN28DoublyListTest_PushBack_TestD0Ev
FNDA:7,_ZN28DoublyListTest_PushBack_TestD0Ev
FN:41,_ZN36DoublyListTest_InsertValidIndex_TestC2Ev
FNDA:7,_ZN36DoublyListTest_InsertValidIndex_TestC2Ev
FN:41,_ZN36DoublyListTest_InsertValidIndex_Test8TestBodyEv
FNDA:7,_ZN36DoublyListTest_InsertValidIndex_Test8TestBodyEv
FN:41,_ZN36DoublyListTest_InsertValidIndex_TestD2Ev
FNDA:7,_ZN36DoublyListTest_InsertValidIndex_TestD2Ev
FN:41,_ZN36DoublyListTest_InsertValidIndex_TestD0Ev
FNDA:7,_ZN36DoublyListTest_InsertValidIndex_TestD0Ev
FN:56,_ZN38DoublyListTest_InsertInvalidIndex_TestD2Ev
FNDA:7,_ZN38DoublyListTest_InsertInvalidIndex_TestD2Ev
FN:56,_ZN38DoublyListTest_InsertInvalidIndex_TestC2Ev
FNDA:7,_ZN38DoublyListTest_InsertInvalidIndex_TestC2Ev
FN:56,_ZN38DoublyListTest_InsertInvalidIndex_TestD0Ev
FNDA:7,_ZN38DoublyListTest_InsertInvalidIndex_TestD0Ev
FN:56,_ZN38DoublyListTest_InsertInvalidIndex_Test8TestBodyEv
FNDA:7,_ZN38DoublyListTest_InsertInvalidIndex_Test8TestBodyEv
FN:71,_ZN41DoublyListTest_SearchExistingElement_TestD2Ev
FNDA:7,_ZN41DoublyListTest_SearchExistingElement_TestD2Ev
FN:71,_ZN41DoublyListTest_SearchExistingElement_TestD0Ev
FNDA:7,_ZN41DoublyListTest_SearchExistingElement_TestD0Ev
FN:71,_ZN41DoublyListTest_SearchExistingElement_Test8TestBodyEv
FNDA:7,_ZN41DoublyListTest_SearchExistingElement_Test8TestBodyEv
FN:71,_ZN41DoublyListTest_SearchExistingElement_TestC2Ev
FNDA:7,_ZN41DoublyListTest_SearchExistingElement_TestC2Ev
FN:79,_ZN44DoublyListTest_SearchNonExistingElement_TestD2Ev
FNDA:7,_ZN44DoublyListTest_SearchNonExistingElement_TestD2Ev
FN:79,_ZN44DoublyListTest_SearchNonExistingElement_TestD0Ev
FNDA:7,_ZN44DoublyListTest_SearchNonExistingElement_TestD0Ev
FN:79,_ZN44DoublyListTest_SearchNonExistingElement_TestC2Ev
FNDA:7,_ZN44DoublyListTest_SearchNonExistingElement_TestC2Ev
FN:79,_ZN44DoublyListTest_SearchNonExistingElement_Test8TestBodyEv
FNDA:7,_ZN44DoublyListTest_SearchNonExistingElement_Test8TestBodyEv
FN:88,_ZN27DoublyListTest_PopHead_TestD0Ev
FNDA:7,_ZN27DoublyListTest_PopHead_TestD0Ev
FN:88,_ZN27DoublyListTest_PopHead_Test8TestBodyEv
FNDA:7,_ZN27DoublyListTest_PopHead_Test8TestBodyEv
FN:88,_ZN27DoublyListTest_PopHead_TestD2Ev
FNDA:7,_ZN27DoublyListTest_PopHead_TestD2Ev
FN:88,_ZN27DoublyListTest_PopHead_TestC2Ev
FNDA:7,_ZN27DoublyListTest_PopHead_TestC2Ev
FN:102,_ZN27DoublyListTest_PopTail_TestC2Ev
FNDA:7,_ZN27DoublyListTest_PopTail_TestC2Ev
FN:102,_ZN27DoublyListTest_PopTail_TestD0Ev
FNDA:7,_ZN27DoublyListTest_PopTail_TestD0Ev
FN:102,_ZN27DoublyListTest_PopTail_TestD2Ev
FNDA:7,_ZN27DoublyListTest_PopTail_TestD2Ev
FN:102,_ZN27DoublyListTest_PopTail_Test8TestBodyEv
FNDA:7,_ZN27DoublyListTest_PopTail_Test8TestBodyEv
FN:116,_ZN29DoublyListTest_PopInHead_TestC2Ev
FNDA:7,_ZN29DoublyListTest_PopInHead_TestC2Ev
FN:116,_ZN29DoublyListTest_PopInHead_TestD0Ev
FNDA:7,_ZN29DoublyListTest_PopInHead_TestD0Ev
FN:116,_ZN29DoublyListTest_PopInHead_TestD2Ev
FNDA:7,_ZN29DoublyListTest_PopInHead_TestD2Ev
FN:116,_ZN29DoublyListTest_PopInHead_Test8TestBodyEv
FNDA:7,_ZN29DoublyListTest_PopInHead_Test8TestBodyEv
FN:132,_ZN36DoublyListTest_PopFromEmptyList_Test8TestBodyEv
FNDA:7,_ZN36DoublyListTest_PopFromEmptyList_Test8TestBodyEv
FN:132,_ZN36DoublyListTest_PopFromEmptyList_TestC2Ev
FNDA:7,_ZN36DoublyListTest_PopFromEmptyList_TestC2Ev
FN:132,_ZN36DoublyListTest_PopFromEmptyList_TestD2Ev
FNDA:7,_ZN36DoublyListTest_PopFromEmptyList_TestD2Ev
FN:132,_ZN36DoublyListTest_PopFromEmptyList_TestD0Ev
FNDA:7,_ZN36DoublyListTest_PopFromEmptyList_TestD0Ev
FN:139,_ZN38DoublyListTest_GetValueValidIndex_TestC2Ev
FNDA:7,_ZN38DoublyListTest_GetValueValidIndex_TestC2Ev
FN:139,_ZN38DoublyListTest_GetValueValidIndex_Test8TestBodyEv
FNDA:7,_ZN38DoublyListTest_GetValueValidIndex_Test8TestBodyEv
FN:139,_ZN38DoublyListTest_GetValueValidIndex_TestD0Ev
FNDA:7,_ZN38DoublyListTest_GetValueValidIndex_TestD0Ev
FN:139,_ZN38DoublyListTest_GetValueValidIndex_TestD2Ev
FNDA:7,_ZN38DoublyListTest_GetValueValidIndex_TestD2Ev
FN:149,_ZN43DoublyListTest_GetValueInvalidIndexMax_TestC2Ev
FNDA:7,_ZN43DoublyListTest_GetValueInvalidIndexMax_TestC2Ev
FN:149,_ZN43DoublyListTest_GetValueInvalidIndexMax_TestD0Ev
FNDA:7,_ZN43DoublyListTest_GetValueInvalidIndexMax_TestD0Ev
FN:149,_ZN43DoublyListTest_GetValueInvalidIndexMax_TestD2Ev
FNDA:7,_ZN43DoublyListTest_GetValueInvalidIndexMax_TestD2Ev
FN:149,_ZN43DoublyListTest_GetValueInvalidIndexMax_Test8TestBodyEv
FNDA:7,_ZN43DoublyListTest_GetValueInvalidIndexMax_Test8TestBodyEv
FN:154,_ZN40DoublyListTest_GetValueInvalidIndex_TestD2Ev
FNDA:7,_ZN40DoublyListTest_GetValueInvalidIndex_TestD2Ev
FN:154,_ZN40DoublyListTest_GetValueInvalidIndex_TestC2Ev
FNDA:7,_ZN40DoublyListTest_GetValueInvalidIndex_TestC2Ev
FN:154,_ZN40DoublyListTest_GetValueInvalidIndex_TestD0Ev
FNDA:7,_ZN40DoublyListTest_GetValueInvalidIndex_TestD0Ev
FN:154,_ZN40DoublyListTest_GetValueInvalidIndex_Test8TestBodyEv
FNDA:7,_ZN40DoublyListTest_GetValueInvalidIndex_Test8TestBodyEv
FN:158,_ZN41DoublyListTest_GetValueFromEmptyList_TestD0Ev
FNDA:7,_ZN41DoublyListTest_GetValueFromEmptyList_TestD0Ev
FN:158,_ZN41DoublyListTest_GetValueFromEmptyList_TestC2Ev
FNDA:7,_ZN41DoublyListTest_GetValueFromEmptyList_TestC2Ev
FN:158,_ZN41DoublyListTest_GetValueFromEmptyList_Test8TestBodyEv
FNDA:7,_ZN41DoublyListTest_GetValueFromEmptyList_Test8TestBodyEv
FN:158,_ZN41DoublyListTest_GetValueFromEmptyList_TestD2Ev
FNDA:7,_ZN41DoublyListTest_GetValueFromEmptyList_TestD2Ev
FN:163,_ZN32DoublyListTest_PopValueHead_Test8TestBodyEv
FNDA:7,_ZN32DoublyListTest_PopValueHead_Test8TestBodyEv
FN:163,_ZN32DoublyListTest_PopValueHead_TestD0Ev
FNDA:7,_ZN32DoublyListTest_PopValueHead_TestD0Ev
FN:163,_ZN32DoublyListTest_PopValueHead_TestD2Ev
FNDA:7,_ZN32DoublyListTest_PopValueHead_TestD2Ev
FN:163,_ZN32DoublyListTest_PopValueHead_TestC2Ev
FNDA:7,_ZN32DoublyListTest_PopValueHead_TestC2Ev
FN:176,_ZN32DoublyListTest_PopValueTail_TestD2Ev
FNDA:7,_ZN32DoublyListTest_PopValueTail_TestD2Ev
FN:176,_ZN32DoublyListTest_PopValueTail_TestC2Ev
FNDA:7,_ZN32DoublyListTest_PopValueTail_TestC2Ev
FN:176,_ZN32DoublyListTest_PopValueTail_TestD0Ev
FNDA:7,_ZN32DoublyListTest_PopValueTail_TestD0Ev
FN:176,_ZN32DoublyListTest_PopValueTail_Test8TestBodyEv
FNDA:7,_ZN32DoublyListTest_PopValueTail_Test8TestBodyEv
FN:188,_ZN34DoublyListTest_PopValueInList_TestD0Ev
FNDA:7,_ZN34DoublyListTest_PopValueInList_TestD0Ev
FN:188,_ZN34DoublyListTest_PopValueInList_Test8TestBodyEv
FNDA:7,_ZN34DoublyListTest_PopValueInList_Test8TestBodyEv
FN:188,_ZN34DoublyListTest_PopValueInList_TestD2Ev
FNDA:7,_ZN34DoublyListTest_PopValueInList_TestD2Ev
FN:188,_ZN34DoublyListTest_PopValueInList_TestC2Ev
FNDA:7,_ZN34DoublyListTest_PopValueInList_TestC2Ev
FN:201,_ZN41DoublyListTest_PopValueFromEmptyList_TestC2Ev
FNDA:7,_ZN41DoublyListTest_PopValueFromEmptyList_TestC2Ev
FN:201,_ZN41DoublyListTest_PopValueFromEmptyList_TestD0Ev
FNDA:7,_ZN41DoublyListTest_PopValueFromEmptyList_TestD0Ev
FN:201,_ZN41DoublyListTest_PopValueFromEmptyList_TestD2Ev
FNDA:7,_ZN41DoublyListTest_PopValueFromEmptyList_TestD2Ev
FN:201,_ZN41DoublyListTest_PopValueFromEmptyList_Test8TestBodyEv
FNDA:7,_ZN41DoublyListTest_PopValueFromEmptyList_Test8TestBodyEv
FN:209,main
FNDA:7,main
DA:14,126
DA:16,126
DA:19,7
DA:19,7
DA:19,7
DA:19,7
DA:20,7
DA:21,7
DA:22,7
DA:23,7
DA:24,7
DA:25,7
DA:27,14
DA:28,7
DA:30,7
DA:30,7
DA:30,7
DA:30,7
DA:31,7
DA:32,7
DA:33,7
DA:34,7
DA:35,7
DA:36,7
DA:38,14
DA:39,7
DA:41,7
DA:41,7
DA:41,7
DA:41,7
DA:42,7
DA:43,7
DA:44,7
DA:45,7
DA:46,7
DA:47,7
DA:48,7
DA:49,7
DA:50,7
DA:51,7
DA:53,14
DA:54,7
DA:56,7
DA:56,7
DA:56,7
DA:56,7
DA:58,7
DA:60,7
DA:61,14
DA:64,7
DA:66,7
DA:67,7
DA:68,14
DA:69,7
DA:71,7
DA:71,7
DA:71,7
DA:71,7
DA:72,7
DA:73,7
DA:74,7
DA:75,7
DA:76,7
DA:77,7
DA:79,7
DA:79,7
DA:79,7
DA:79,7
DA:80,7
DA:81,7
DA:82,7
DA:83,7
DA:84,7
DA:85,7
DA:86,7
DA:88,7
DA:88,7
DA:88,7
DA:88,7
DA:89,7
DA:90,7
DA:91,7
DA:92,7
DA:93,7
DA:94,7
DA:95,7
DA:97,14
DA:99,7
DA:100,7
DA:102,7
DA:102,7
DA:102,7
DA:102,7
DA:103,7
DA:104,7
DA:105,7
DA:106,7
DA:107,7
DA:108,7
DA:109,7
DA:111,14
DA:113,7
DA:114,7
DA:116,7
DA:116,7
DA:116,7
DA:116,7
DA:117,7
DA:118,7
DA:119,7
DA:120,7
DA:122,7
DA:123,7
DA:124,7
DA:126,7
DA:127,7
DA:128,14
DA:129,7
DA:130,7
DA:132,7
DA:132,7
DA:132,7
DA:132,7
DA:133,7
DA:134,7
DA:135,7
DA:136,7
DA:137,7
DA:139,7
DA:139,7
DA:139,7
DA:139,7
DA:140,7
DA:141,7
DA:142,7
DA:144,7
DA:145,7
DA:146,7
DA:147,7
DA:149,7
DA:149,7
DA:149,7
DA:149,7
DA:150,7
DA:151,7
DA:152,7
DA:154,7
DA:154,7
DA:154,7
DA:154,7
DA:155,7
DA:156,7
DA:158,7
DA:158,7
DA:158,7
DA:158,7
DA:159,7
DA:160,7
DA:161,7
DA:163,7
DA:163,7
DA:163,7
DA:163,7
DA:164,7
DA:165,7
DA:166,7
DA:167,7
DA:169,7
DA:170,7
DA:171,7
DA:172,7
DA:173,14
DA:174,7
DA:176,7
DA:176,7
DA:176,7
DA:176,7
DA:177,7
DA:178,7
DA:179,7
DA:181,7
DA:182,7
DA:183,7
DA:184,7
DA:185,14
DA:186,7
DA:188,7
DA:188,7
DA:188,7
DA:188,7
DA:189,7
DA:190,7
DA:191,7
DA:192,7
DA:194,7
DA:195,7
DA:196,7
DA:197,7
DA:198,14
DA:199,7
DA:201,7
DA:201,7
DA:201,7
DA:201,7
DA:202,7
DA:203,7
DA:204,7
DA:205,7
DA:206,7
DA:207,7
DA:209,7
DA:210,7
DA:211,7
end_of_record
TN:
SF:/home/businka/second_semester_programming/laba3/Node.hpp
FN:17,_ZN4NodeIiEC2ERKiPS0_S3_
FNDA:11,_ZN4NodeIiEC2ERKiPS0_S3_
DA:17,11
DA:18,11
DA:19,11
end_of_record
SF:/home/businka/second_semester_programming/laba3/queue_testing.cpp
FN:8,_ZN9QueueTest5SetUpEv
FNDA:7,_ZN9QueueTest5SetUpEv
FN:13,_ZN29QueueTest_PushAndDisplay_TestC2Ev
FNDA:1,_ZN29QueueTest_PushAndDisplay_TestC2Ev
FN:13,_ZN29QueueTest_PushAndDisplay_Test8TestBodyEv
FNDA:1,_ZN29QueueTest_PushAndDisplay_Test8TestBodyEv
FN:13,_ZN29QueueTest_PushAndDisplay_TestD0Ev
FNDA:1,_ZN29QueueTest_PushAndDisplay_TestD0Ev
FN:13,_ZN29QueueTest_PushAndDisplay_TestD2Ev
FNDA:1,_ZN29QueueTest_PushAndDisplay_TestD2Ev
FN:25,_ZN18QueueTest_Pop_TestC2Ev
FNDA:1,_ZN18QueueTest_Pop_TestC2Ev
FN:25,_ZN18QueueTest_Pop_Test8TestBodyEv
FNDA:1,_ZN18QueueTest_Pop_Test8TestBodyEv
FN:25,_ZN18QueueTest_Pop_TestD2Ev
FNDA:1,_ZN18QueueTest_Pop_TestD2Ev
FN:25,_ZN18QueueTest_Pop_TestD0Ev
FNDA:1,_ZN18QueueTest_Pop_TestD0Ev
FN:37,_ZN28QueueTest_PopEmptyQueue_TestC2Ev
FNDA:1,_ZN28QueueTest_PopEmptyQueue_TestC2Ev
FN:37,_ZN28QueueTest_PopEmptyQueue_TestD0Ev
FNDA:1,_ZN28QueueTest_PopEmptyQueue_TestD0Ev
FN:37,_ZN28QueueTest_PopEmptyQueue_TestD2Ev
FNDA:1,_ZN28QueueTest_PopEmptyQueue_TestD2Ev
FN:37,_ZN28QueueTest_PopEmptyQueue_Test8TestBodyEv
FNDA:1,_ZN28QueueTest_PopEmptyQueue_Test8TestBodyEv
FN:45,_ZN28QueueTest_PopUntilEmpty_TestD0Ev
FNDA:1,_ZN28QueueTest_PopUntilEmpty_TestD0Ev
FN:45,_ZN28QueueTest_PopUntilEmpty_TestD2Ev
FNDA:1,_ZN28QueueTest_PopUntilEmpty_TestD2Ev
FN:45,_ZN28QueueTest_PopUntilEmpty_TestC2Ev
FNDA:1,_ZN28QueueTest_PopUntilEmpty_TestC2Ev
FN:45,_ZN28QueueTest_PopUntilEmpty_Test8TestBodyEv
FNDA:1,_ZN28QueueTest_PopUntilEmpty_Test8TestBodyEv
FN:58,_ZN26QueueTest_SearchFound_TestD0Ev
FNDA:1,_ZN26QueueTest_SearchFound_TestD0Ev
FN:58,_ZN26QueueTest_SearchFound_TestD2Ev
FNDA:1,_ZN26QueueTest_SearchFound_TestD2Ev
FN:58,_ZN26QueueTest_SearchFound_TestC2Ev
FNDA:1,_ZN26QueueTest_SearchFound_TestC2Ev
FN:58,_ZN26QueueTest_SearchFound_Test8TestBodyEv
FNDA:1,_ZN26QueueTest_SearchFound_Test8TestBodyEv
FN:69,_ZN29QueueTest_SearchNotFound_TestC2Ev
FNDA:1,_ZN29QueueTest_SearchNotFound_TestC2Ev
FN:69,_ZN29QueueTest_SearchNotFound_Test8TestBodyEv
FNDA:1,_ZN29QueueTest_SearchNotFound_Test8TestBodyEv
FN:69,_ZN29QueueTest_SearchNotFound_TestD2Ev
FNDA:1,_ZN29QueueTest_SearchNotFound_TestD2Ev
FN:69,_ZN29QueueTest_SearchNotFound_TestD0Ev
FNDA:1,_ZN29QueueTest_SearchNotFound_TestD0Ev
FN:80,_ZN32QueueTest_DisplayEmptyQueue_Test8TestBodyEv
FNDA:1,_ZN32QueueTest_DisplayEmptyQueue_Test8TestBodyEv
FN:80,_ZN32QueueTest_DisplayEmptyQueue_TestD2Ev
FNDA:1,_ZN32QueueTest_DisplayEmptyQueue_TestD2Ev
FN:80,_ZN32QueueTest_DisplayEmptyQueue_TestD0Ev
FNDA:1,_ZN32QueueTest_DisplayEmptyQueue_TestD0Ev
FN:80,_ZN32QueueTest_DisplayEmptyQueue_TestC2Ev
FNDA:1,_ZN32QueueTest_DisplayEmptyQueue_TestC2Ev
FN:88,main
FNDA:1,main
DA:8,7
DA:10,7
DA:13,1
DA:13,1
DA:13,1
DA:13,1
DA:14,1
DA:15,1
DA:16,1
DA:18,1
DA:19,1
DA:20,1
DA:22,1
DA:23,1
DA:25,1
DA:25,1
DA:25,1
DA:25,1
DA:26,1
DA:27,1
DA:28,1
DA:30,1
DA:31,1
DA:32,1
DA:34,1
DA:35,1
DA:37,1
DA:37,1
DA:37,1
DA:37,1
DA:38,1
DA:39,1
DA:40,1
DA:42,1
DA:43,1
DA:45,1
DA:45,1
DA:45,1
DA:45,1
DA:46,1
DA:47,1
DA:48,1
DA:49,1
DA:51,1
DA:52,1
DA:53,1
DA:55,1
DA:56,1
DA:58,1
DA:58,1
DA:58,1
DA:58,1
DA:59,1
DA:60,1
DA:62,1
DA:63,1
DA:64,1
DA:66,1
DA:67,1
DA:69,1
DA:69,1
DA:69,1
DA:69,1
DA:70,1
DA:71,1
DA:73,1
DA:74,1
DA:75,1
DA:77,1
DA:78,1
DA:80,1
DA:80,1
DA:80,1
DA:80,1
DA:81,1
DA:82,1
DA:83,1
DA:85,1
DA:86,1
DA:88,1
DA:89,1
DA:90,1
end_of_record
SF:/home/businka/second_semester_programming/laba3/Queue.hpp
FN:9,_ZN5QueueIiEC2Ev
FNDA:7,_ZN5QueueIiEC2Ev
FN:11,_ZN5QueueIiED2Ev
FNDA:7,_ZN5QueueIiED2Ev
FN:19,_ZN5QueueIiE4pushERKi
FNDA:11,_ZN5QueueIiE4pushERKi
FN:30,_ZN5QueueIiE6searchEi
FNDA:2,_ZN5QueueIiE6searchEi
FN:42,_ZN5QueueIiE3popEv
FNDA:5,_ZN5QueueIiE3popEv
FN:55,_ZN5QueueIiE7displayEv
FNDA:3,_ZN5QueueIiE7displayEv
DA:9,7
DA:11,7
DA:12,15
DA:13,8
DA:14,8
DA:15,8
DA:17,7
DA:19,11
DA:20,11
DA:21,11
DA:22,6
DA:24,11
DA:25,11
DA:26,5
DA:28,11
DA:30,2
DA:31,2
DA:32,5
DA:33,4
DA:34,1
DA:35,1
DA:37,3
DA:39,1
DA:42,5
DA:43,5
DA:44,2
DA:45,2
DA:47,3
DA:48,3
DA:49,3
DA:50,3
DA:51,1
DA:55,3
DA:56,3
DA:57,1
DA:58,1
DA:60,2
DA:61,6
DA:62,4
DA:63,4
DA:65,2
end_of_record
TN:
SF:/home/businka/second_semester_programming/laba3/stack_testing.cpp
FN:8,_ZN9StackTest5SetUpEv
FNDA:18,_ZN9StackTest5SetUpEv
FN:13,_ZN25StackTest_PushAndTop_TestC2Ev
FNDA:2,_ZN25StackTest_PushAndTop_TestC2Ev
FN:13,_ZN25StackTest_PushAndTop_Test8TestBodyEv
FNDA:2,_ZN25StackTest_PushAndTop_Test8TestBodyEv
FN:13,_ZN25StackTest_PushAndTop_TestD2Ev
FNDA:2,_ZN25StackTest_PushAndTop_TestD2Ev
FN:13,_ZN25StackTest_PushAndTop_TestD0Ev
FNDA:2,_ZN25StackTest_PushAndTop_TestD0Ev
FN:21,_ZN18StackTest_Pop_TestC2Ev
FNDA:2,_ZN18StackTest_Pop_TestC2Ev
FN:21,_ZN18StackTest_Pop_Test8TestBodyEv
FNDA:2,_ZN18StackTest_Pop_Test8TestBodyEv
FN:21,_ZN18StackTest_Pop_TestD2Ev
FNDA:2,_ZN18StackTest_Pop_TestD2Ev
FN:21,_ZN18StackTest_Pop_TestD0Ev
FNDA:2,_ZN18StackTest_Pop_TestD0Ev
FN:30,_ZN28StackTest_PopEmptyStack_TestC2Ev
FNDA:2,_ZN28StackTest_PopEmptyStack_TestC2Ev
FN:30,_ZN28StackTest_PopEmptyStack_TestD0Ev
FNDA:2,_ZN28StackTest_PopEmptyStack_TestD0Ev
FN:30,_ZN28StackTest_PopEmptyStack_TestD2Ev
FNDA:2,_ZN28StackTest_PopEmptyStack_TestD2Ev
FN:30,_ZN28StackTest_PopEmptyStack_Test8TestBodyEv
FNDA:2,_ZN28StackTest_PopEmptyStack_Test8TestBodyEv
FN:37,_ZN26StackTest_SearchFound_TestD0Ev
FNDA:2,_ZN26StackTest_SearchFound_TestD0Ev
FN:37,_ZN26StackTest_SearchFound_TestD2Ev
FNDA:2,_ZN26StackTest_SearchFound_TestD2Ev
FN:37,_ZN26StackTest_SearchFound_Test8TestBodyEv
FNDA:2,_ZN26StackTest_SearchFound_Test8TestBodyEv
FN:37,_ZN26StackTest_SearchFound_TestC2Ev
FNDA:2,_ZN26StackTest_SearchFound_TestC2Ev
FN:48,_ZN29StackTest_SearchNotFound_Test8TestBodyEv
FNDA:2,_ZN29StackTest_SearchNotFound_Test8TestBodyEv
FN:48,_ZN29StackTest_SearchNotFound_TestD0Ev
FNDA:2,_ZN29StackTest_SearchNotFound_TestD0Ev
FN:48,_ZN29StackTest_SearchNotFound_TestD2Ev
FNDA:2,_ZN29StackTest_SearchNotFound_TestD2Ev
FN:48,_ZN29StackTest_SearchNotFound_TestC2Ev
FNDA:2,_ZN29StackTest_SearchNotFound_TestC2Ev
FN:58,_ZN22StackTest_IsEmpty_TestD0Ev
FNDA:2,_ZN22StackTest_IsEmpty_TestD0Ev
FN:58,_ZN22StackTest_IsEmpty_Test8TestBodyEv
FNDA:2,_ZN22StackTest_IsEmpty_Test8TestBodyEv
FN:58,_ZN22StackTest_IsEmpty_TestD2Ev
FNDA:2,_ZN22StackTest_IsEmpty_TestD2Ev
FN:58,_ZN22StackTest_IsEmpty_TestC2Ev
FNDA:2,_ZN22StackTest_IsEmpty_TestC2Ev
FN:64,_ZN23StackTest_TopEmphy_TestD2Ev
FNDA:2,_ZN23StackTest_TopEmphy_TestD2Ev
FN:64,_ZN23StackTest_TopEmphy_TestD0Ev
FNDA:2,_ZN23StackTest_TopEmphy_TestD0Ev
FN:64,_ZN23StackTest_TopEmphy_TestC2Ev
FNDA:2,_ZN23StackTest_TopEmphy_TestC2Ev
FN:64,_ZN23StackTest_TopEmphy_Test8TestBodyEv
FNDA:2,_ZN23StackTest_TopEmphy_Test8TestBodyEv
FN:71,_ZN27StackTest_DisplayStack_TestD0Ev
FNDA:2,_ZN27StackTest_DisplayStack_TestD0Ev
FN:71,_ZN27StackTest_DisplayStack_Test8TestBodyEv
FNDA:2,_ZN27StackTest_DisplayStack_Test8TestBodyEv
FN:71,_ZN27StackTest_DisplayStack_TestD2Ev
FNDA:2,_ZN27StackTest_DisplayStack_TestD2Ev
FN:71,_ZN27StackTest_DisplayStack_TestC2Ev
FNDA:2,_ZN27StackTest_DisplayStack_TestC2Ev
FN:83,_ZN32StackTest_DisplayEmptyStack_Test8TestBodyEv
FNDA:2,_ZN32StackTest_DisplayEmptyStack_Test8TestBodyEv
FN:83,_ZN32StackTest_DisplayEmptyStack_TestD2Ev
FNDA:2,_ZN32StackTest_DisplayEmptyStack_TestD2Ev
FN:83,_ZN32StackTest_DisplayEmptyStack_TestD0Ev
FNDA:2,_ZN32StackTest_DisplayEmptyStack_TestD0Ev
FN:83,_ZN32StackTest_DisplayEmptyStack_TestC2Ev
FNDA:2,_ZN32StackTest_DisplayEmptyStack_TestC2Ev
FN:91,main
FNDA:2,main
DA:8,18
DA:10,18
DA:13,2
DA:13,2
DA:13,2
DA:13,2
DA:14,2
DA:15,2
DA:16,2
DA:18,2
DA:19,2
DA:21,2
DA:21,2
DA:21,2
DA:21,2
DA:22,2
DA:23,2
DA:24,2
DA:26,2
DA:27,2
DA:28,2
DA:30,2
DA:30,2
DA:30,2
DA:30,2
DA:31,2
DA:32,2
DA:33,2
DA:34,2
DA:35,2
DA:37,2
DA:37,2
DA:37,2
DA:37,2
DA:38,2
DA:39,2
DA:40,2
DA:42,2
DA:43,2
DA:44,2
DA:45,2
DA:46,2
DA:48,2
DA:48,2
DA:48,2
DA:48,2
DA:49,2
DA:50,2
DA:52,2
DA:53,2
DA:54,2
DA:55,2
DA:56,2
DA:58,2
DA:58,2
DA:58,2
DA:58,2
DA:59,2
DA:60,2
DA:61,2
DA:62,2
DA:64,2
DA:64,2
DA:64,2
DA:64,2
DA:65,2
DA:66,2
DA:67,2
DA:68,2
DA:69,2
DA:71,2
DA:71,2
DA:71,2
DA:71,2
DA:72,2
DA:73,2
DA:74,2
DA:76,2
DA:77,2
DA:78,2
DA:80,2
DA:81,2
DA:83,2
DA:83,2
DA:83,2
DA:83,2
DA:84,2
DA:85,2
DA:86,2
DA:88,2
DA:89,2
DA:91,2
DA:92,2
DA:93,2
end_of_record
SF:/home/businka/second_semester_programming/laba3/Stack.hpp
FN:9,_ZN5StackIiEC2Ev
FNDA:18,_ZN5StackIiEC2Ev
FN:10,_ZN5StackIiE4pushERKi
FNDA:30,_ZN5StackIiE4pushERKi
FN:14,_ZN5StackIiE3popEv
FNDA:4,_ZN5StackIiE3popEv
FN:23,_ZN5StackIiE6searchERKi
FNDA:4,_ZN5StackIiE6searchERKi
FN:34,_ZN5StackIiE7displayEv
FNDA:4,_ZN5StackIiE7displayEv
FN:43,_ZN5StackIiE7isEmptyEv
FNDA:4,_ZN5StackIiE7isEmptyEv
FN:46,_ZN5StackIiE3topEv
FNDA:6,_ZN5StackIiE3topEv
DA:9,18
DA:10,30
DA:11,30
DA:12,30
DA:13,30
DA:14,4
DA:15,4
DA:16,2
DA:17,2
DA:19,2
DA:20,2
DA:21,2
DA:23,4
DA:24,4
DA:25,10
DA:26,8
DA:27,2
DA:28,2
DA:30,6
DA:32,2
DA:34,4
DA:35,4
DA:36,10
DA:37,6
DA:38,6
DA:40,4
DA:41,4
DA:43,4
DA:44,4
DA:46,6
DA:47,6
DA:48,2
DA:49,2
DA:51,4
end_of_record
SF:/home/businka/second_semester_programming/laba3/Node.hpp
FN:17,_ZN4NodeIiEC2ERKiPS0_S3_
FNDA:30,_ZN4NodeIiEC2ERKiPS0_S3_
DA:17,30
DA:18,30
DA:19,30
end_of_record
