TN:
SF:/home/businka/second_semester_programming/laba3/List.hpp
FN:9,_ZN10LinkedListIiEC2Ev
FNDA:27,_ZN10LinkedListIiEC2Ev
FN:10,_ZN10LinkedListIiED2Ev
FNDA:27,_ZN10LinkedListIiED2Ev
FN:17,_ZN10LinkedListIiE10push_frontERKi
FNDA:2,_ZN10LinkedListIiE10push_frontERKi
FN:28,_ZN10LinkedListIiE9push_backERKi
FNDA:28,_ZN10LinkedListIiE9push_backERKi
FN:39,_ZN10LinkedListIiE6insertEiRKi
FNDA:6,_ZN10LinkedListIiE6insertEiRKi
FN:77,_ZN10LinkedListIiE8pop_headEv
FNDA:7,_ZN10LinkedListIiE8pop_headEv
FN:87,_ZN10LinkedListIiE8pop_tailEv
FNDA:5,_ZN10LinkedListIiE8pop_tailEv
FN:100,_ZN10LinkedListIiE3popEi
FNDA:5,_ZN10LinkedListIiE3popEi
FN:127,_ZN10LinkedListIiE9pop_valueEi
FNDA:4,_ZN10LinkedListIiE9pop_valueEi
FN:157,_ZNK10LinkedListIiE9get_valueEi
FNDA:8,_ZNK10LinkedListIiE9get_valueEi
FN:179,_ZN10LinkedListIiE6searchEi
FNDA:3,_ZN10LinkedListIiE6searchEi
FN:192,_ZN10LinkedListIiE7displayEv
FNDA:11,_ZN10LinkedListIiE7displayEv
DA:9,27
DA:10,27
DA:11,53
DA:12,26
DA:13,26
DA:14,26
DA:16,27
DA:17,2
DA:18,2
DA:19,2
DA:20,1
DA:21,1
DA:23,2
DA:24,1
DA:25,1
DA:27,2
DA:28,28
DA:29,28
DA:30,28
DA:31,15
DA:32,15
DA:34,28
DA:35,13
DA:36,13
DA:38,28
DA:39,6
DA:40,6
DA:41,1
DA:42,1
DA:45,5
DA:47,5
DA:48,2
DA:49,2
DA:51,2
DA:52,1
DA:55,3
DA:56,3
DA:58,8
DA:59,5
DA:60,5
DA:63,3
DA:64,1
DA:65,1
DA:66,1
DA:69,2
DA:70,2
DA:72,2
DA:73,1
DA:77,7
DA:78,7
DA:79,3
DA:82,4
DA:83,4
DA:84,4
DA:86,7
DA:87,5
DA:88,5
DA:89,1
DA:90,5
DA:91,2
DA:93,3
DA:94,3
DA:95,3
DA:96,3
DA:97,3
DA:99,5
DA:100,5
DA:101,5
DA:102,1
DA:103,1
DA:105,4
DA:106,4
DA:107,4
DA:108,2
DA:109,2
DA:110,2
DA:111,1
DA:112,1
DA:114,2
DA:115,1
DA:116,1
DA:118,1
DA:119,1
DA:120,1
DA:122,0
DA:123,0
DA:124,0
DA:127,4
DA:128,4
DA:129,1
DA:130,1
DA:132,3
DA:133,1
DA:134,1
DA:136,2
DA:137,1
DA:138,1
DA:140,1
DA:141,1
DA:143,2
DA:144,1
DA:145,1
DA:148,1
DA:149,0
DA:150,0
DA:153,1
DA:154,1
DA:157,8
DA:158,8
DA:159,1
DA:162,7
DA:163,1
DA:166,6
DA:167,6
DA:169,10
DA:170,9
DA:171,5
DA:173,4
DA:174,4
DA:177,1
DA:179,3
DA:180,3
DA:181,3
DA:182,1
DA:183,1
DA:185,3
DA:186,1
DA:188,2
DA:189,1
DA:190,1
DA:192,11
DA:193,11
DA:194,3
DA:195,3
DA:197,8
DA:198,25
DA:199,17
DA:200,17
DA:202,8
end_of_record
SF:/home/businka/second_semester_programming/laba3/list_testing.cpp
FN:14,_ZN14LinkedListTest5SetUpEv
FNDA:24,_ZN14LinkedListTest5SetUpEv
FN:19,_ZN29LinkedListTest_PushFront_TestC2Ev
FNDA:1,_ZN29LinkedListTest_PushFront_TestC2Ev
FN:19,_ZN29LinkedListTest_PushFront_Test8TestBodyEv
FNDA:1,_ZN29LinkedListTest_PushFront_Test8TestBodyEv
FN:19,_ZN29LinkedListTest_PushFront_TestD2Ev
FNDA:1,_ZN29LinkedListTest_PushFront_TestD2Ev
FN:19,_ZN29LinkedListTest_PushFront_TestD0Ev
FNDA:1,_ZN29LinkedListTest_PushFront_TestD0Ev
FN:30,_ZN28LinkedListTest_PushBack_TestC2Ev
FNDA:1,_ZN28LinkedListTest_PushBack_TestC2Ev
FN:30,_ZN28LinkedListTest_PushBack_Test8TestBodyEv
FNDA:1,_ZN28LinkedListTest_PushBack_Test8TestBodyEv
FN:30,_ZN28LinkedListTest_PushBack_TestD2Ev
FNDA:1,_ZN28LinkedListTest_PushBack_TestD2Ev
FN:30,_ZN28LinkedListTest_PushBack_TestD0Ev
FNDA:1,_ZN28LinkedListTest_PushBack_TestD0Ev
FN:41,_ZN36LinkedListTest_InsertValidIndex_TestC2Ev
FNDA:1,_ZN36LinkedListTest_InsertValidIndex_TestC2Ev
FN:41,_ZN36LinkedListTest_InsertValidIndex_Test8TestBodyEv
FNDA:1,_ZN36LinkedListTest_InsertValidIndex_Test8TestBodyEv
FN:41,_ZN36LinkedListTest_InsertValidIndex_TestD2Ev
FNDA:1,_ZN36LinkedListTest_InsertValidIndex_TestD2Ev
FN:41,_ZN36LinkedListTest_InsertValidIndex_TestD0Ev
FNDA:1,_ZN36LinkedListTest_InsertValidIndex_TestD0Ev
FN:56,_ZN38LinkedListTest_InsertInvalidIndex_TestC2Ev
FNDA:1,_ZN38LinkedListTest_InsertInvalidIndex_TestC2Ev
FN:56,_ZN38LinkedListTest_InsertInvalidIndex_Test8TestBodyEv
FNDA:1,_ZN38LinkedListTest_InsertInvalidIndex_Test8TestBodyEv
FN:56,_ZN38LinkedListTest_InsertInvalidIndex_TestD2Ev
FNDA:1,_ZN38LinkedListTest_InsertInvalidIndex_TestD2Ev
FN:56,_ZN38LinkedListTest_InsertInvalidIndex_TestD0Ev
FNDA:1,_ZN38LinkedListTest_InsertInvalidIndex_TestD0Ev
FN:71,_ZN27LinkedListTest_PopHead_TestD2Ev
FNDA:1,_ZN27LinkedListTest_PopHead_TestD2Ev
FN:71,_ZN27LinkedListTest_PopHead_TestC2Ev
FNDA:1,_ZN27LinkedListTest_PopHead_TestC2Ev
FN:71,_ZN27LinkedListTest_PopHead_Test8TestBodyEv
FNDA:1,_ZN27LinkedListTest_PopHead_Test8TestBodyEv
FN:71,_ZN27LinkedListTest_PopHead_TestD0Ev
FNDA:1,_ZN27LinkedListTest_PopHead_TestD0Ev
FN:83,_ZN36LinkedListTest_PopHeadEmptyList_TestC2Ev
FNDA:1,_ZN36LinkedListTest_PopHeadEmptyList_TestC2Ev
FN:83,_ZN36LinkedListTest_PopHeadEmptyList_TestD0Ev
FNDA:1,_ZN36LinkedListTest_PopHeadEmptyList_TestD0Ev
FN:83,_ZN36LinkedListTest_PopHeadEmptyList_TestD2Ev
FNDA:1,_ZN36LinkedListTest_PopHeadEmptyList_TestD2Ev
FN:83,_ZN36LinkedListTest_PopHeadEmptyList_Test8TestBodyEv
FNDA:1,_ZN36LinkedListTest_PopHeadEmptyList_Test8TestBodyEv
FN:93,_ZN27LinkedListTest_PopTail_TestD0Ev
FNDA:1,_ZN27LinkedListTest_PopTail_TestD0Ev
FN:93,_ZN27LinkedListTest_PopTail_TestC2Ev
FNDA:1,_ZN27LinkedListTest_PopTail_TestC2Ev
FN:93,_ZN27LinkedListTest_PopTail_TestD2Ev
FNDA:1,_ZN27LinkedListTest_PopTail_TestD2Ev
FN:93,_ZN27LinkedListTest_PopTail_Test8TestBodyEv
FNDA:1,_ZN27LinkedListTest_PopTail_Test8TestBodyEv
FN:105,_ZN36LinkedListTest_PopTailEmptyList_TestC2Ev
FNDA:1,_ZN36LinkedListTest_PopTailEmptyList_TestC2Ev
FN:105,_ZN36LinkedListTest_PopTailEmptyList_TestD2Ev
FNDA:1,_ZN36LinkedListTest_PopTailEmptyList_TestD2Ev
FN:105,_ZN36LinkedListTest_PopTailEmptyList_Test8TestBodyEv
FNDA:1,_ZN36LinkedListTest_PopTailEmptyList_Test8TestBodyEv
FN:105,_ZN36LinkedListTest_PopTailEmptyList_TestD0Ev
FNDA:1,_ZN36LinkedListTest_PopTailEmptyList_TestD0Ev
FN:114,_ZN37LinkedListTest_PopTailSingleNode_TestC2Ev
FNDA:1,_ZN37LinkedListTest_PopTailSingleNode_TestC2Ev
FN:114,_ZN37LinkedListTest_PopTailSingleNode_TestD0Ev
FNDA:1,_ZN37LinkedListTest_PopTailSingleNode_TestD0Ev
FN:114,_ZN37LinkedListTest_PopTailSingleNode_TestD2Ev
FNDA:1,_ZN37LinkedListTest_PopTailSingleNode_TestD2Ev
FN:114,_ZN37LinkedListTest_PopTailSingleNode_Test8TestBodyEv
FNDA:1,_ZN37LinkedListTest_PopTailSingleNode_Test8TestBodyEv
FN:124,_ZN29LinkedListTest_PopInHead_TestD2Ev
FNDA:1,_ZN29LinkedListTest_PopInHead_TestD2Ev
FN:124,_ZN29LinkedListTest_PopInHead_TestD0Ev
FNDA:1,_ZN29LinkedListTest_PopInHead_TestD0Ev
FN:124,_ZN29LinkedListTest_PopInHead_Test8TestBodyEv
FNDA:1,_ZN29LinkedListTest_PopInHead_Test8TestBodyEv
FN:124,_ZN29LinkedListTest_PopInHead_TestC2Ev
FNDA:1,_ZN29LinkedListTest_PopInHead_TestC2Ev
FN:140,_ZN36LinkedListTest_PopFromEmptyList_TestD2Ev
FNDA:1,_ZN36LinkedListTest_PopFromEmptyList_TestD2Ev
FN:140,_ZN36LinkedListTest_PopFromEmptyList_Test8TestBodyEv
FNDA:1,_ZN36LinkedListTest_PopFromEmptyList_Test8TestBodyEv
FN:140,_ZN36LinkedListTest_PopFromEmptyList_TestC2Ev
FNDA:1,_ZN36LinkedListTest_PopFromEmptyList_TestC2Ev
FN:140,_ZN36LinkedListTest_PopFromEmptyList_TestD0Ev
FNDA:1,_ZN36LinkedListTest_PopFromEmptyList_TestD0Ev
FN:147,_ZN35LinkedListTest_PopInvalidIndex_TestC2Ev
FNDA:1,_ZN35LinkedListTest_PopInvalidIndex_TestC2Ev
FN:147,_ZN35LinkedListTest_PopInvalidIndex_TestD0Ev
FNDA:1,_ZN35LinkedListTest_PopInvalidIndex_TestD0Ev
FN:147,_ZN35LinkedListTest_PopInvalidIndex_TestD2Ev
FNDA:1,_ZN35LinkedListTest_PopInvalidIndex_TestD2Ev
FN:147,_ZN35LinkedListTest_PopInvalidIndex_Test8TestBodyEv
FNDA:1,_ZN35LinkedListTest_PopInvalidIndex_Test8TestBodyEv
FN:154,_ZN38LinkedListTest_GetValueValidIndex_TestC2Ev
FNDA:1,_ZN38LinkedListTest_GetValueValidIndex_TestC2Ev
FN:154,_ZN38LinkedListTest_GetValueValidIndex_Test8TestBodyEv
FNDA:1,_ZN38LinkedListTest_GetValueValidIndex_Test8TestBodyEv
FN:154,_ZN38LinkedListTest_GetValueValidIndex_TestD2Ev
FNDA:1,_ZN38LinkedListTest_GetValueValidIndex_TestD2Ev
FN:154,_ZN38LinkedListTest_GetValueValidIndex_TestD0Ev
FNDA:1,_ZN38LinkedListTest_GetValueValidIndex_TestD0Ev
FN:164,_ZN43LinkedListTest_GetValueInvalidIndexMax_TestD2Ev
FNDA:1,_ZN43LinkedListTest_GetValueInvalidIndexMax_TestD2Ev
FN:164,_ZN43LinkedListTest_GetValueInvalidIndexMax_TestD0Ev
FNDA:1,_ZN43LinkedListTest_GetValueInvalidIndexMax_TestD0Ev
FN:164,_ZN43LinkedListTest_GetValueInvalidIndexMax_Test8TestBodyEv
FNDA:1,_ZN43LinkedListTest_GetValueInvalidIndexMax_Test8TestBodyEv
FN:164,_ZN43LinkedListTest_GetValueInvalidIndexMax_TestC2Ev
FNDA:1,_ZN43LinkedListTest_GetValueInvalidIndexMax_TestC2Ev
FN:169,_ZN40LinkedListTest_GetValueInvalidIndex_TestD0Ev
FNDA:1,_ZN40LinkedListTest_GetValueInvalidIndex_TestD0Ev
FN:169,_ZN40LinkedListTest_GetValueInvalidIndex_TestD2Ev
FNDA:1,_ZN40LinkedListTest_GetValueInvalidIndex_TestD2Ev
FN:169,_ZN40LinkedListTest_GetValueInvalidIndex_Test8TestBodyEv
FNDA:1,_ZN40LinkedListTest_GetValueInvalidIndex_Test8TestBodyEv
FN:169,_ZN40LinkedListTest_GetValueInvalidIndex_TestC2Ev
FNDA:1,_ZN40LinkedListTest_GetValueInvalidIndex_TestC2Ev
FN:173,_ZN41LinkedListTest_GetValueFromEmptyList_Test8TestBodyEv
FNDA:1,_ZN41LinkedListTest_GetValueFromEmptyList_Test8TestBodyEv
FN:173,_ZN41LinkedListTest_GetValueFromEmptyList_TestC2Ev
FNDA:1,_ZN41LinkedListTest_GetValueFromEmptyList_TestC2Ev
FN:173,_ZN41LinkedListTest_GetValueFromEmptyList_TestD2Ev
FNDA:1,_ZN41LinkedListTest_GetValueFromEmptyList_TestD2Ev
FN:173,_ZN41LinkedListTest_GetValueFromEmptyList_TestD0Ev
FNDA:1,_ZN41LinkedListTest_GetValueFromEmptyList_TestD0Ev
FN:178,_ZN41LinkedListTest_SearchExistingElement_TestD2Ev
FNDA:1,_ZN41LinkedListTest_SearchExistingElement_TestD2Ev
FN:178,_ZN41LinkedListTest_SearchExistingElement_TestC2Ev
FNDA:1,_ZN41LinkedListTest_SearchExistingElement_TestC2Ev
FN:178,_ZN41LinkedListTest_SearchExistingElement_Test8TestBodyEv
FNDA:1,_ZN41LinkedListTest_SearchExistingElement_Test8TestBodyEv
FN:178,_ZN41LinkedListTest_SearchExistingElement_TestD0Ev
FNDA:1,_ZN41LinkedListTest_SearchExistingElement_TestD0Ev
FN:186,_ZN44LinkedListTest_SearchNonExistingElement_TestD2Ev
FNDA:1,_ZN44LinkedListTest_SearchNonExistingElement_TestD2Ev
FN:186,_ZN44LinkedListTest_SearchNonExistingElement_TestD0Ev
FNDA:1,_ZN44LinkedListTest_SearchNonExistingElement_TestD0Ev
FN:186,_ZN44LinkedListTest_SearchNonExistingElement_Test8TestBodyEv
FNDA:1,_ZN44LinkedListTest_SearchNonExistingElement_Test8TestBodyEv
FN:186,_ZN44LinkedListTest_SearchNonExistingElement_TestC2Ev
FNDA:1,_ZN44LinkedListTest_SearchNonExistingElement_TestC2Ev
FN:195,_ZN37LinkedListTest_SearchInEmptyList_TestD0Ev
FNDA:1,_ZN37LinkedListTest_SearchInEmptyList_TestD0Ev
FN:195,_ZN37LinkedListTest_SearchInEmptyList_TestD2Ev
FNDA:1,_ZN37LinkedListTest_SearchInEmptyList_TestD2Ev
FN:195,_ZN37LinkedListTest_SearchInEmptyList_Test8TestBodyEv
FNDA:1,_ZN37LinkedListTest_SearchInEmptyList_Test8TestBodyEv
FN:195,_ZN37LinkedListTest_SearchInEmptyList_TestC2Ev
FNDA:1,_ZN37LinkedListTest_SearchInEmptyList_TestC2Ev
FN:203,_ZN36LinkedListTest_DisplayEmptyList_TestD0Ev
FNDA:1,_ZN36LinkedListTest_DisplayEmptyList_TestD0Ev
FN:203,_ZN36LinkedListTest_DisplayEmptyList_Test8TestBodyEv
FNDA:1,_ZN36LinkedListTest_DisplayEmptyList_Test8TestBodyEv
FN:203,_ZN36LinkedListTest_DisplayEmptyList_TestC2Ev
FNDA:1,_ZN36LinkedListTest_DisplayEmptyList_TestC2Ev
FN:203,_ZN36LinkedListTest_DisplayEmptyList_TestD2Ev
FNDA:1,_ZN36LinkedListTest_DisplayEmptyList_TestD2Ev
FN:213,_ZN32LinkedListTest_PopValueHead_TestD0Ev
FNDA:1,_ZN32LinkedListTest_PopValueHead_TestD0Ev
FN:213,_ZN32LinkedListTest_PopValueHead_TestC2Ev
FNDA:1,_ZN32LinkedListTest_PopValueHead_TestC2Ev
FN:213,_ZN32LinkedListTest_PopValueHead_Test8TestBodyEv
FNDA:1,_ZN32LinkedListTest_PopValueHead_Test8TestBodyEv
FN:213,_ZN32LinkedListTest_PopValueHead_TestD2Ev
FNDA:1,_ZN32LinkedListTest_PopValueHead_TestD2Ev
FN:226,_ZN32LinkedListTest_PopValueTail_Test8TestBodyEv
FNDA:1,_ZN32LinkedListTest_PopValueTail_Test8TestBodyEv
FN:226,_ZN32LinkedListTest_PopValueTail_TestC2Ev
FNDA:1,_ZN32LinkedListTest_PopValueTail_TestC2Ev
FN:226,_ZN32LinkedListTest_PopValueTail_TestD2Ev
FNDA:1,_ZN32LinkedListTest_PopValueTail_TestD2Ev
FN:226,_ZN32LinkedListTest_PopValueTail_TestD0Ev
FNDA:1,_ZN32LinkedListTest_PopValueTail_TestD0Ev
FN:238,_ZN34LinkedListTest_PopValueInList_Test8TestBodyEv
FNDA:1,_ZN34LinkedListTest_PopValueInList_Test8TestBodyEv
FN:238,_ZN34LinkedListTest_PopValueInList_TestC2Ev
FNDA:1,_ZN34LinkedListTest_PopValueInList_TestC2Ev
FN:238,_ZN34LinkedListTest_PopValueInList_TestD2Ev
FNDA:1,_ZN34LinkedListTest_PopValueInList_TestD2Ev
FN:238,_ZN34LinkedListTest_PopValueInList_TestD0Ev
FNDA:1,_ZN34LinkedListTest_PopValueInList_TestD0Ev
FN:251,_ZN41LinkedListTest_PopValueFromEmptyList_TestD2Ev
FNDA:1,_ZN41LinkedListTest_PopValueFromEmptyList_TestD2Ev
FN:251,_ZN41LinkedListTest_PopValueFromEmptyList_Test8TestBodyEv
FNDA:1,_ZN41LinkedListTest_PopValueFromEmptyList_Test8TestBodyEv
FN:251,_ZN41LinkedListTest_PopValueFromEmptyList_TestD0Ev
FNDA:1,_ZN41LinkedListTest_PopValueFromEmptyList_TestD0Ev
FN:251,_ZN41LinkedListTest_PopValueFromEmptyList_TestC2Ev
FNDA:1,_ZN41LinkedListTest_PopValueFromEmptyList_TestC2Ev
FN:259,main
FNDA:1,main
DA:14,24
DA:16,24
DA:19,1
DA:19,1
DA:19,1
DA:19,1
DA:20,1
DA:21,1
DA:22,1
DA:23,1
DA:24,1
DA:25,1
DA:27,2
DA:28,1
DA:30,1
DA:30,1
DA:30,1
DA:30,1
DA:31,1
DA:32,1
DA:33,1
DA:34,1
DA:35,1
DA:36,1
DA:38,2
DA:39,1
DA:41,1
DA:41,1
DA:41,1
DA:41,1
DA:42,1
DA:43,1
DA:44,1
DA:45,1
DA:46,1
DA:47,1
DA:48,1
DA:49,1
DA:50,1
DA:51,1
DA:53,2
DA:54,1
DA:56,1
DA:56,1
DA:56,1
DA:56,1
DA:58,1
DA:60,1
DA:61,2
DA:64,1
DA:66,1
DA:67,1
DA:68,2
DA:69,1
DA:71,1
DA:71,1
DA:71,1
DA:71,1
DA:72,1
DA:73,1
DA:74,1
DA:75,1
DA:76,1
DA:77,1
DA:78,1
DA:80,2
DA:81,1
DA:83,1
DA:83,1
DA:83,1
DA:83,1
DA:84,1
DA:85,1
DA:87,1
DA:89,1
DA:90,2
DA:91,1
DA:93,1
DA:93,1
DA:93,1
DA:93,1
DA:94,1
DA:95,1
DA:96,1
DA:97,1
DA:98,1
DA:99,1
DA:100,1
DA:102,2
DA:103,1
DA:105,1
DA:105,1
DA:105,1
DA:105,1
DA:106,1
DA:107,1
DA:108,1
DA:109,1
DA:110,1
DA:111,2
DA:112,1
DA:114,1
DA:114,1
DA:114,1
DA:114,1
DA:115,1
DA:116,1
DA:117,1
DA:118,1
DA:119,1
DA:120,1
DA:121,2
DA:122,1
DA:124,1
DA:124,1
DA:124,1
DA:124,1
DA:125,1
DA:126,1
DA:127,1
DA:128,1
DA:130,1
DA:131,1
DA:132,1
DA:134,1
DA:135,1
DA:136,2
DA:137,1
DA:138,1
DA:140,1
DA:140,1
DA:140,1
DA:140,1
DA:141,1
DA:142,1
DA:143,1
DA:144,1
DA:145,1
DA:147,1
DA:147,1
DA:147,1
DA:147,1
DA:148,1
DA:149,1
DA:150,1
DA:151,1
DA:152,1
DA:154,1
DA:154,1
DA:154,1
DA:154,1
DA:155,1
DA:156,1
DA:157,1
DA:159,1
DA:160,1
DA:161,1
DA:162,1
DA:164,1
DA:164,1
DA:164,1
DA:164,1
DA:165,1
DA:166,1
DA:167,1
DA:169,1
DA:169,1
DA:169,1
DA:169,1
DA:170,1
DA:171,1
DA:173,1
DA:173,1
DA:173,1
DA:173,1
DA:174,1
DA:175,1
DA:176,1
DA:178,1
DA:178,1
DA:178,1
DA:178,1
DA:179,1
DA:180,1
DA:181,1
DA:182,1
DA:183,1
DA:184,1
DA:186,1
DA:186,1
DA:186,1
DA:186,1
DA:187,1
DA:188,1
DA:189,1
DA:190,1
DA:191,1
DA:192,1
DA:193,1
DA:195,1
DA:195,1
DA:195,1
DA:195,1
DA:196,1
DA:197,1
DA:198,1
DA:199,1
DA:200,1
DA:201,1
DA:203,1
DA:203,1
DA:203,1
DA:203,1
DA:204,1
DA:205,1
DA:207,1
DA:209,1
DA:210,2
DA:211,1
DA:213,1
DA:213,1
DA:213,1
DA:213,1
DA:214,1
DA:215,1
DA:216,1
DA:217,1
DA:219,1
DA:220,1
DA:221,1
DA:222,1
DA:223,2
DA:224,1
DA:226,1
DA:226,1
DA:226,1
DA:226,1
DA:227,1
DA:228,1
DA:229,1
DA:231,1
DA:232,1
DA:233,1
DA:234,1
DA:235,2
DA:236,1
DA:238,1
DA:238,1
DA:238,1
DA:238,1
DA:239,1
DA:240,1
DA:241,1
DA:242,1
DA:244,1
DA:245,1
DA:246,1
DA:247,1
DA:248,2
DA:249,1
DA:251,1
DA:251,1
DA:251,1
DA:251,1
DA:252,1
DA:253,1
DA:254,1
DA:255,1
DA:256,1
DA:257,1
DA:259,1
DA:260,1
DA:261,1
end_of_record
SF:/home/businka/second_semester_programming/laba3/Node.hpp
FN:17,_ZN4NodeIiEC2ERKiPS0_S3_
FNDA:35,_ZN4NodeIiEC2ERKiPS0_S3_
DA:17,35
DA:18,35
DA:19,35
end_of_record
TN:
SF:/home/businka/second_semester_programming/laba3/Array.hpp
FN:7,_ZN5ArrayIiEC2Ev
FNDA:1241,_ZN5ArrayIiEC2Ev
FN:11,_ZN5ArrayIiED2Ev
FNDA:1241,_ZN5ArrayIiED2Ev
FN:15,_ZN5ArrayIiE10push_frontERKi
FNDA:219,_ZN5ArrayIiE10push_frontERKi
FN:36,_ZN5ArrayIiE9push_backERKi
FNDA:2044,_ZN5ArrayIiE9push_backERKi
FN:54,_ZN5ArrayIiE7push_inEiRKi
FNDA:73,_ZN5ArrayIiE7push_inEiRKi
FN:81,_ZN5ArrayIiE9pop_frontEv
FNDA:146,_ZN5ArrayIiE9pop_frontEv
FN:92,_ZN5ArrayIiE8pop_backEv
FNDA:146,_ZN5ArrayIiE8pop_backEv
FN:100,_ZN5ArrayIiE6pop_inEi
FNDA:146,_ZN5ArrayIiE6pop_inEi
FN:111,_ZN5ArrayIiE6searchERKi
FNDA:146,_ZN5ArrayIiE6searchERKi
FN:122,_ZN5ArrayIiE12search_indexEi
FNDA:292,_ZN5ArrayIiE12search_indexEi
FN:132,_ZN5ArrayIiE12set_value_atEii
FNDA:219,_ZN5ArrayIiE12set_value_atEii
FN:141,_ZN5ArrayIiE12get_value_atEi
FNDA:438,_ZN5ArrayIiE12get_value_atEi
FN:150,_ZN5ArrayIiE8get_sizeEv
FNDA:657,_ZN5ArrayIiE8get_sizeEv
FN:154,_ZN5ArrayIiE7displayEv
FNDA:146,_ZN5ArrayIiE7displayEv
DA:7,1241
DA:8,1241
DA:9,1241
DA:11,1241
DA:12,1241
DA:13,1241
DA:15,219
DA:16,219
DA:17,73
DA:18,73
DA:20,219
DA:21,146
DA:24,73
DA:25,73
DA:26,73
DA:28,438
DA:29,219
DA:32,219
DA:33,219
DA:34,219
DA:36,2044
DA:37,2044
DA:38,292
DA:39,292
DA:41,876
DA:42,584
DA:45,292
DA:46,292
DA:47,292
DA:50,2044
DA:51,2044
DA:52,2044
DA:54,73
DA:55,73
DA:56,0
DA:57,0
DA:60,73
DA:61,73
DA:62,73
DA:64,219
DA:65,146
DA:68,73
DA:69,73
DA:70,73
DA:73,146
DA:74,73
DA:77,73
DA:78,73
DA:81,146
DA:82,146
DA:83,73
DA:85,146
DA:86,73
DA:88,73
DA:90,146
DA:92,146
DA:93,146
DA:94,73
DA:96,73
DA:98,146
DA:100,146
DA:101,146
DA:102,73
DA:103,73
DA:105,146
DA:106,73
DA:108,73
DA:111,146
DA:112,438
DA:113,365
DA:114,73
DA:115,73
DA:118,73
DA:119,73
DA:122,292
DA:123,292
DA:124,219
DA:125,219
DA:127,73
DA:128,73
DA:132,219
DA:133,219
DA:134,146
DA:135,146
DA:138,73
DA:141,438
DA:142,438
DA:143,365
DA:145,73
DA:146,73
DA:150,657
DA:151,657
DA:154,146
DA:155,146
DA:156,73
DA:157,73
DA:159,292
DA:160,219
DA:162,73
end_of_record
SF:/home/businka/second_semester_programming/laba3/array_testing.cpp
FN:10,_ZN23ArrayTest_PushBack_TestC2Ev
FNDA:73,_ZN23ArrayTest_PushBack_TestC2Ev
FN:10,_ZN23ArrayTest_PushBack_Test8TestBodyEv
FNDA:73,_ZN23ArrayTest_PushBack_Test8TestBodyEv
FN:10,_ZN23ArrayTest_PushBack_TestD2Ev
FNDA:73,_ZN23ArrayTest_PushBack_TestD2Ev
FN:10,_ZN23ArrayTest_PushBack_TestD0Ev
FNDA:73,_ZN23ArrayTest_PushBack_TestD0Ev
FN:18,_ZN24ArrayTest_PushFront_TestC2Ev
FNDA:73,_ZN24ArrayTest_PushFront_TestC2Ev
FN:18,_ZN24ArrayTest_PushFront_Test8TestBodyEv
FNDA:73,_ZN24ArrayTest_PushFront_Test8TestBodyEv
FN:18,_ZN24ArrayTest_PushFront_TestD2Ev
FNDA:73,_ZN24ArrayTest_PushFront_TestD2Ev
FN:18,_ZN24ArrayTest_PushFront_TestD0Ev
FNDA:73,_ZN24ArrayTest_PushFront_TestD0Ev
FN:28,_ZN21ArrayTest_PushIn_TestC2Ev
FNDA:73,_ZN21ArrayTest_PushIn_TestC2Ev
FN:28,_ZN21ArrayTest_PushIn_Test8TestBodyEv
FNDA:73,_ZN21ArrayTest_PushIn_Test8TestBodyEv
FN:28,_ZN21ArrayTest_PushIn_TestD2Ev
FNDA:73,_ZN21ArrayTest_PushIn_TestD2Ev
FN:28,_ZN21ArrayTest_PushIn_TestD0Ev
FNDA:73,_ZN21ArrayTest_PushIn_TestD0Ev
FN:37,_ZN23ArrayTest_PopFront_TestC2Ev
FNDA:73,_ZN23ArrayTest_PopFront_TestC2Ev
FN:37,_ZN23ArrayTest_PopFront_Test8TestBodyEv
FNDA:73,_ZN23ArrayTest_PopFront_Test8TestBodyEv
FN:37,_ZN23ArrayTest_PopFront_TestD2Ev
FNDA:73,_ZN23ArrayTest_PopFront_TestD2Ev
FN:37,_ZN23ArrayTest_PopFront_TestD0Ev
FNDA:73,_ZN23ArrayTest_PopFront_TestD0Ev
FN:46,_ZN22ArrayTest_PopBack_TestD0Ev
FNDA:73,_ZN22ArrayTest_PopBack_TestD0Ev
FN:46,_ZN22ArrayTest_PopBack_Test8TestBodyEv
FNDA:73,_ZN22ArrayTest_PopBack_Test8TestBodyEv
FN:46,_ZN22ArrayTest_PopBack_TestD2Ev
FNDA:73,_ZN22ArrayTest_PopBack_TestD2Ev
FN:46,_ZN22ArrayTest_PopBack_TestC2Ev
FNDA:73,_ZN22ArrayTest_PopBack_TestC2Ev
FN:55,_ZN20ArrayTest_PopIn_TestD0Ev
FNDA:73,_ZN20ArrayTest_PopIn_TestD0Ev
FN:55,_ZN20ArrayTest_PopIn_TestC2Ev
FNDA:73,_ZN20ArrayTest_PopIn_TestC2Ev
FN:55,_ZN20ArrayTest_PopIn_TestD2Ev
FNDA:73,_ZN20ArrayTest_PopIn_TestD2Ev
FN:55,_ZN20ArrayTest_PopIn_Test8TestBodyEv
FNDA:73,_ZN20ArrayTest_PopIn_Test8TestBodyEv
FN:65,_ZN21ArrayTest_Search_TestD2Ev
FNDA:73,_ZN21ArrayTest_Search_TestD2Ev
FN:65,_ZN21ArrayTest_Search_TestD0Ev
FNDA:73,_ZN21ArrayTest_Search_TestD0Ev
FN:65,_ZN21ArrayTest_Search_TestC2Ev
FNDA:73,_ZN21ArrayTest_Search_TestC2Ev
FN:65,_ZN21ArrayTest_Search_Test8TestBodyEv
FNDA:73,_ZN21ArrayTest_Search_Test8TestBodyEv
FN:74,_ZN25ArrayTest_SetValueAt_TestD0Ev
FNDA:73,_ZN25ArrayTest_SetValueAt_TestD0Ev
FN:74,_ZN25ArrayTest_SetValueAt_TestD2Ev
FNDA:73,_ZN25ArrayTest_SetValueAt_TestD2Ev
FN:74,_ZN25ArrayTest_SetValueAt_Test8TestBodyEv
FNDA:73,_ZN25ArrayTest_SetValueAt_Test8TestBodyEv
FN:74,_ZN25ArrayTest_SetValueAt_TestC2Ev
FNDA:73,_ZN25ArrayTest_SetValueAt_TestC2Ev
FN:82,_ZN32ArrayTest_InvalidIndexPopIn_Test8TestBodyEv
FNDA:73,_ZN32ArrayTest_InvalidIndexPopIn_Test8TestBodyEv
FN:82,_ZN32ArrayTest_InvalidIndexPopIn_TestC2Ev
FNDA:73,_ZN32ArrayTest_InvalidIndexPopIn_TestC2Ev
FN:82,_ZN32ArrayTest_InvalidIndexPopIn_TestD2Ev
FNDA:73,_ZN32ArrayTest_InvalidIndexPopIn_TestD2Ev
FN:82,_ZN32ArrayTest_InvalidIndexPopIn_TestD0Ev
FNDA:73,_ZN32ArrayTest_InvalidIndexPopIn_TestD0Ev
FN:89,_ZN37ArrayTest_InvalidIndexSetValueAt_TestC2Ev
FNDA:73,_ZN37ArrayTest_InvalidIndexSetValueAt_TestC2Ev
FN:89,_ZN37ArrayTest_InvalidIndexSetValueAt_Test8TestBodyEv
FNDA:73,_ZN37ArrayTest_InvalidIndexSetValueAt_Test8TestBodyEv
FN:89,_ZN37ArrayTest_InvalidIndexSetValueAt_TestD0Ev
FNDA:73,_ZN37ArrayTest_InvalidIndexSetValueAt_TestD0Ev
FN:89,_ZN37ArrayTest_InvalidIndexSetValueAt_TestD2Ev
FNDA:73,_ZN37ArrayTest_InvalidIndexSetValueAt_TestD2Ev
FN:96,_ZN28ArrayTest_PopFrontEmpty_TestD2Ev
FNDA:73,_ZN28ArrayTest_PopFrontEmpty_TestD2Ev
FN:96,_ZN28ArrayTest_PopFrontEmpty_TestC2Ev
FNDA:73,_ZN28ArrayTest_PopFrontEmpty_TestC2Ev
FN:96,_ZN28ArrayTest_PopFrontEmpty_TestD0Ev
FNDA:73,_ZN28ArrayTest_PopFrontEmpty_TestD0Ev
FN:96,_ZN28ArrayTest_PopFrontEmpty_Test8TestBodyEv
FNDA:73,_ZN28ArrayTest_PopFrontEmpty_Test8TestBodyEv
FN:102,_ZN27ArrayTest_PopBackEmpty_TestD0Ev
FNDA:73,_ZN27ArrayTest_PopBackEmpty_TestD0Ev
FN:102,_ZN27ArrayTest_PopBackEmpty_TestC2Ev
FNDA:73,_ZN27ArrayTest_PopBackEmpty_TestC2Ev
FN:102,_ZN27ArrayTest_PopBackEmpty_Test8TestBodyEv
FNDA:73,_ZN27ArrayTest_PopBackEmpty_Test8TestBodyEv
FN:102,_ZN27ArrayTest_PopBackEmpty_TestD2Ev
FNDA:73,_ZN27ArrayTest_PopBackEmpty_TestD2Ev
FN:108,_ZN38ArrayTest_SearchIndexInvalidIndex_TestD0Ev
FNDA:73,_ZN38ArrayTest_SearchIndexInvalidIndex_TestD0Ev
FN:108,_ZN38ArrayTest_SearchIndexInvalidIndex_TestC2Ev
FNDA:73,_ZN38ArrayTest_SearchIndexInvalidIndex_TestC2Ev
FN:108,_ZN38ArrayTest_SearchIndexInvalidIndex_TestD2Ev
FNDA:73,_ZN38ArrayTest_SearchIndexInvalidIndex_TestD2Ev
FN:108,_ZN38ArrayTest_SearchIndexInvalidIndex_Test8TestBodyEv
FNDA:73,_ZN38ArrayTest_SearchIndexInvalidIndex_Test8TestBodyEv
FN:122,_ZN37ArrayTest_SetValueAtInvalidIndex_TestC2Ev
FNDA:73,_ZN37ArrayTest_SetValueAtInvalidIndex_TestC2Ev
FN:122,_ZN37ArrayTest_SetValueAtInvalidIndex_TestD0Ev
FNDA:73,_ZN37ArrayTest_SetValueAtInvalidIndex_TestD0Ev
FN:122,_ZN37ArrayTest_SetValueAtInvalidIndex_Test8TestBodyEv
FNDA:73,_ZN37ArrayTest_SetValueAtInvalidIndex_Test8TestBodyEv
FN:122,_ZN37ArrayTest_SetValueAtInvalidIndex_TestD2Ev
FNDA:73,_ZN37ArrayTest_SetValueAtInvalidIndex_TestD2Ev
FN:135,_ZN37ArrayTest_GetValueAtInvalidIndex_TestD0Ev
FNDA:73,_ZN37ArrayTest_GetValueAtInvalidIndex_TestD0Ev
FN:135,_ZN37ArrayTest_GetValueAtInvalidIndex_TestC2Ev
FNDA:73,_ZN37ArrayTest_GetValueAtInvalidIndex_TestC2Ev
FN:135,_ZN37ArrayTest_GetValueAtInvalidIndex_TestD2Ev
FNDA:73,_ZN37ArrayTest_GetValueAtInvalidIndex_TestD2Ev
FN:135,_ZN37ArrayTest_GetValueAtInvalidIndex_Test8TestBodyEv
FNDA:73,_ZN37ArrayTest_GetValueAtInvalidIndex_Test8TestBodyEv
FN:151,_ZN27ArrayTest_DisplayEmpty_TestD0Ev
FNDA:73,_ZN27ArrayTest_DisplayEmpty_TestD0Ev
FN:151,_ZN27ArrayTest_DisplayEmpty_Test8TestBodyEv
FNDA:73,_ZN27ArrayTest_DisplayEmpty_Test8TestBodyEv
FN:151,_ZN27ArrayTest_DisplayEmpty_TestC2Ev
FNDA:73,_ZN27ArrayTest_DisplayEmpty_TestC2Ev
FN:151,_ZN27ArrayTest_DisplayEmpty_TestD2Ev
FNDA:73,_ZN27ArrayTest_DisplayEmpty_TestD2Ev
FN:159,_ZN30ArrayTest_DisplayNonEmpty_TestC2Ev
FNDA:73,_ZN30ArrayTest_DisplayNonEmpty_TestC2Ev
FN:159,_ZN30ArrayTest_DisplayNonEmpty_Test8TestBodyEv
FNDA:73,_ZN30ArrayTest_DisplayNonEmpty_Test8TestBodyEv
FN:159,_ZN30ArrayTest_DisplayNonEmpty_TestD2Ev
FNDA:73,_ZN30ArrayTest_DisplayNonEmpty_TestD2Ev
FN:159,_ZN30ArrayTest_DisplayNonEmpty_TestD0Ev
FNDA:73,_ZN30ArrayTest_DisplayNonEmpty_TestD0Ev
FN:170,main
FNDA:73,main
DA:10,73
DA:10,73
DA:10,73
DA:10,73
DA:11,73
DA:12,73
DA:13,73
DA:14,73
DA:15,73
DA:16,73
DA:18,73
DA:18,73
DA:18,73
DA:18,73
DA:19,73
DA:20,73
DA:21,73
DA:22,73
DA:23,73
DA:24,73
DA:25,73
DA:26,73
DA:28,73
DA:28,73
DA:28,73
DA:28,73
DA:29,73
DA:30,73
DA:31,73
DA:32,73
DA:33,73
DA:34,73
DA:35,73
DA:37,73
DA:37,73
DA:37,73
DA:37,73
DA:38,73
DA:39,73
DA:40,73
DA:41,73
DA:42,73
DA:43,73
DA:44,73
DA:46,73
DA:46,73
DA:46,73
DA:46,73
DA:47,73
DA:48,73
DA:49,73
DA:50,73
DA:51,73
DA:52,73
DA:53,73
DA:55,73
DA:55,73
DA:55,73
DA:55,73
DA:56,73
DA:57,73
DA:58,73
DA:59,73
DA:60,73
DA:61,73
DA:62,73
DA:63,73
DA:65,73
DA:65,73
DA:65,73
DA:65,73
DA:66,73
DA:67,73
DA:68,73
DA:69,73
DA:70,73
DA:71,73
DA:72,73
DA:74,73
DA:74,73
DA:74,73
DA:74,73
DA:75,73
DA:76,73
DA:77,73
DA:78,73
DA:79,73
DA:80,73
DA:82,73
DA:82,73
DA:82,73
DA:82,73
DA:83,73
DA:84,73
DA:85,73
DA:86,73
DA:87,73
DA:89,73
DA:89,73
DA:89,73
DA:89,73
DA:90,73
DA:91,73
DA:92,73
DA:93,73
DA:94,73
DA:96,73
DA:96,73
DA:96,73
DA:96,73
DA:97,73
DA:98,73
DA:99,73
DA:100,73
DA:102,73
DA:102,73
DA:102,73
DA:102,73
DA:103,73
DA:104,73
DA:105,73
DA:106,73
DA:108,73
DA:108,73
DA:108,73
DA:108,73
DA:109,73
DA:110,73
DA:111,73
DA:112,73
DA:113,73
DA:115,73
DA:116,73
DA:118,73
DA:119,73
DA:120,73
DA:122,73
DA:122,73
DA:122,73
DA:122,73
DA:123,73
DA:124,73
DA:125,73
DA:127,73
DA:128,73
DA:129,73
DA:131,73
DA:132,73
DA:133,73
DA:135,73
DA:135,73
DA:135,73
DA:135,73
DA:136,73
DA:137,73
DA:138,73
DA:140,73
DA:141,73
DA:143,73
DA:145,73
DA:147,73
DA:148,73
DA:149,73
DA:151,73
DA:151,73
DA:151,73
DA:151,73
DA:152,73
DA:153,73
DA:154,73
DA:155,73
DA:156,73
DA:157,73
DA:159,73
DA:159,73
DA:159,73
DA:159,73
DA:160,73
DA:161,73
DA:162,73
DA:163,73
DA:164,73
DA:165,73
DA:166,73
DA:167,73
DA:168,73
DA:170,73
DA:171,73
DA:172,73
end_of_record
TN:
SF:/home/businka/second_semester_programming/laba3/Node.hpp
FN:17,_ZN4NodeIiEC2ERKiPS0_S3_
FNDA:37,_ZN4NodeIiEC2ERKiPS0_S3_
DA:17,37
DA:18,37
DA:19,37
end_of_record
SF:/home/businka/second_semester_programming/laba3/2list_testing.cpp
FN:14,_ZN14DoublyListTest5SetUpEv
FNDA:18,_ZN14DoublyListTest5SetUpEv
FN:19,_ZN29DoublyListTest_PushFront_TestC2Ev
FNDA:1,_ZN29DoublyListTest_PushFront_TestC2Ev
FN:19,_ZN29DoublyListTest_PushFront_Test8TestBodyEv
FNDA:1,_ZN29DoublyListTest_PushFront_Test8TestBodyEv
FN:19,_ZN29DoublyListTest_PushFront_TestD2Ev
FNDA:1,_ZN29DoublyListTest_PushFront_TestD2Ev
FN:19,_ZN29DoublyListTest_PushFront_TestD0Ev
FNDA:1,_ZN29DoublyListTest_PushFront_TestD0Ev
FN:30,_ZN28DoublyListTest_PushBack_TestC2Ev
FNDA:1,_ZN28DoublyListTest_PushBack_TestC2Ev
FN:30,_ZN28DoublyListTest_PushBack_Test8TestBodyEv
FNDA:1,_ZN28DoublyListTest_PushBack_Test8TestBodyEv
FN:30,_ZN28DoublyListTest_PushBack_TestD2Ev
FNDA:1,_ZN28DoublyListTest_PushBack_TestD2Ev
FN:30,_ZN28DoublyListTest_PushBack_TestD0Ev
FNDA:1,_ZN28DoublyListTest_PushBack_TestD0Ev
FN:41,_ZN36DoublyListTest_InsertValidIndex_TestC2Ev
FNDA:1,_ZN36DoublyListTest_InsertValidIndex_TestC2Ev
FN:41,_ZN36DoublyListTest_InsertValidIndex_Test8TestBodyEv
FNDA:1,_ZN36DoublyListTest_InsertValidIndex_Test8TestBodyEv
FN:41,_ZN36DoublyListTest_InsertValidIndex_TestD2Ev
FNDA:1,_ZN36DoublyListTest_InsertValidIndex_TestD2Ev
FN:41,_ZN36DoublyListTest_InsertValidIndex_TestD0Ev
FNDA:1,_ZN36DoublyListTest_InsertValidIndex_TestD0Ev
FN:56,_ZN38DoublyListTest_InsertInvalidIndex_TestD2Ev
FNDA:1,_ZN38DoublyListTest_InsertInvalidIndex_TestD2Ev
FN:56,_ZN38DoublyListTest_InsertInvalidIndex_TestC2Ev
FNDA:1,_ZN38DoublyListTest_InsertInvalidIndex_TestC2Ev
FN:56,_ZN38DoublyListTest_InsertInvalidIndex_TestD0Ev
FNDA:1,_ZN38DoublyListTest_InsertInvalidIndex_TestD0Ev
FN:56,_ZN38DoublyListTest_InsertInvalidIndex_Test8TestBodyEv
FNDA:1,_ZN38DoublyListTest_InsertInvalidIndex_Test8TestBodyEv
FN:71,_ZN41DoublyListTest_SearchExistingElement_TestD2Ev
FNDA:1,_ZN41DoublyListTest_SearchExistingElement_TestD2Ev
FN:71,_ZN41DoublyListTest_SearchExistingElement_TestD0Ev
FNDA:1,_ZN41DoublyListTest_SearchExistingElement_TestD0Ev
FN:71,_ZN41DoublyListTest_SearchExistingElement_Test8TestBodyEv
FNDA:1,_ZN41DoublyListTest_SearchExistingElement_Test8TestBodyEv
FN:71,_ZN41DoublyListTest_SearchExistingElement_TestC2Ev
FNDA:1,_ZN41DoublyListTest_SearchExistingElement_TestC2Ev
FN:79,_ZN44DoublyListTest_SearchNonExistingElement_TestD2Ev
FNDA:1,_ZN44DoublyListTest_SearchNonExistingElement_TestD2Ev
FN:79,_ZN44DoublyListTest_SearchNonExistingElement_TestD0Ev
FNDA:1,_ZN44DoublyListTest_SearchNonExistingElement_TestD0Ev
FN:79,_ZN44DoublyListTest_SearchNonExistingElement_TestC2Ev
FNDA:1,_ZN44DoublyListTest_SearchNonExistingElement_TestC2Ev
FN:79,_ZN44DoublyListTest_SearchNonExistingElement_Test8TestBodyEv
FNDA:1,_ZN44DoublyListTest_SearchNonExistingElement_Test8TestBodyEv
FN:88,_ZN27DoublyListTest_PopHead_TestD0Ev
FNDA:1,_ZN27DoublyListTest_PopHead_TestD0Ev
FN:88,_ZN27DoublyListTest_PopHead_Test8TestBodyEv
FNDA:1,_ZN27DoublyListTest_PopHead_Test8TestBodyEv
FN:88,_ZN27DoublyListTest_PopHead_TestD2Ev
FNDA:1,_ZN27DoublyListTest_PopHead_TestD2Ev
FN:88,_ZN27DoublyListTest_PopHead_TestC2Ev
FNDA:1,_ZN27DoublyListTest_PopHead_TestC2Ev
FN:102,_ZN27DoublyListTest_PopTail_TestC2Ev
FNDA:1,_ZN27DoublyListTest_PopTail_TestC2Ev
FN:102,_ZN27DoublyListTest_PopTail_TestD0Ev
FNDA:1,_ZN27DoublyListTest_PopTail_TestD0Ev
FN:102,_ZN27DoublyListTest_PopTail_TestD2Ev
FNDA:1,_ZN27DoublyListTest_PopTail_TestD2Ev
FN:102,_ZN27DoublyListTest_PopTail_Test8TestBodyEv
FNDA:1,_ZN27DoublyListTest_PopTail_Test8TestBodyEv
FN:116,_ZN29DoublyListTest_PopInHead_TestC2Ev
FNDA:1,_ZN29DoublyListTest_PopInHead_TestC2Ev
FN:116,_ZN29DoublyListTest_PopInHead_TestD0Ev
FNDA:1,_ZN29DoublyListTest_PopInHead_TestD0Ev
FN:116,_ZN29DoublyListTest_PopInHead_TestD2Ev
FNDA:1,_ZN29DoublyListTest_PopInHead_TestD2Ev
FN:116,_ZN29DoublyListTest_PopInHead_Test8TestBodyEv
FNDA:1,_ZN29DoublyListTest_PopInHead_Test8TestBodyEv
FN:132,_ZN36DoublyListTest_PopFromEmptyList_Test8TestBodyEv
FNDA:1,_ZN36DoublyListTest_PopFromEmptyList_Test8TestBodyEv
FN:132,_ZN36DoublyListTest_PopFromEmptyList_TestC2Ev
FNDA:1,_ZN36DoublyListTest_PopFromEmptyList_TestC2Ev
FN:132,_ZN36DoublyListTest_PopFromEmptyList_TestD2Ev
FNDA:1,_ZN36DoublyListTest_PopFromEmptyList_TestD2Ev
FN:132,_ZN36DoublyListTest_PopFromEmptyList_TestD0Ev
FNDA:1,_ZN36DoublyListTest_PopFromEmptyList_TestD0Ev
FN:139,_ZN38DoublyListTest_GetValueValidIndex_TestC2Ev
FNDA:1,_ZN38DoublyListTest_GetValueValidIndex_TestC2Ev
FN:139,_ZN38DoublyListTest_GetValueValidIndex_Test8TestBodyEv
FNDA:1,_ZN38DoublyListTest_GetValueValidIndex_Test8TestBodyEv
FN:139,_ZN38DoublyListTest_GetValueValidIndex_TestD0Ev
FNDA:1,_ZN38DoublyListTest_GetValueValidIndex_TestD0Ev
FN:139,_ZN38DoublyListTest_GetValueValidIndex_TestD2Ev
FNDA:1,_ZN38DoublyListTest_GetValueValidIndex_TestD2Ev
FN:149,_ZN43DoublyListTest_GetValueInvalidIndexMax_TestC2Ev
FNDA:1,_ZN43DoublyListTest_GetValueInvalidIndexMax_TestC2Ev
FN:149,_ZN43DoublyListTest_GetValueInvalidIndexMax_TestD0Ev
FNDA:1,_ZN43DoublyListTest_GetValueInvalidIndexMax_TestD0Ev
FN:149,_ZN43DoublyListTest_GetValueInvalidIndexMax_TestD2Ev
FNDA:1,_ZN43DoublyListTest_GetValueInvalidIndexMax_TestD2Ev
FN:149,_ZN43DoublyListTest_GetValueInvalidIndexMax_Test8TestBodyEv
FNDA:1,_ZN43DoublyListTest_GetValueInvalidIndexMax_Test8TestBodyEv
FN:154,_ZN40DoublyListTest_GetValueInvalidIndex_TestD2Ev
FNDA:1,_ZN40DoublyListTest_GetValueInvalidIndex_TestD2Ev
FN:154,_ZN40DoublyListTest_GetValueInvalidIndex_TestC2Ev
FNDA:1,_ZN40DoublyListTest_GetValueInvalidIndex_TestC2Ev
FN:154,_ZN40DoublyListTest_GetValueInvalidIndex_TestD0Ev
FNDA:1,_ZN40DoublyListTest_GetValueInvalidIndex_TestD0Ev
FN:154,_ZN40DoublyListTest_GetValueInvalidIndex_Test8TestBodyEv
FNDA:1,_ZN40DoublyListTest_GetValueInvalidIndex_Test8TestBodyEv
FN:158,_ZN41DoublyListTest_GetValueFromEmptyList_TestD0Ev
FNDA:1,_ZN41DoublyListTest_GetValueFromEmptyList_TestD0Ev
FN:158,_ZN41DoublyListTest_GetValueFromEmptyList_TestC2Ev
FNDA:1,_ZN41DoublyListTest_GetValueFromEmptyList_TestC2Ev
FN:158,_ZN41DoublyListTest_GetValueFromEmptyList_Test8TestBodyEv
FNDA:1,_ZN41DoublyListTest_GetValueFromEmptyList_Test8TestBodyEv
FN:158,_ZN41DoublyListTest_GetValueFromEmptyList_TestD2Ev
FNDA:1,_ZN41DoublyListTest_GetValueFromEmptyList_TestD2Ev
FN:163,_ZN32DoublyListTest_PopValueHead_Test8TestBodyEv
FNDA:1,_ZN32DoublyListTest_PopValueHead_Test8TestBodyEv
FN:163,_ZN32DoublyListTest_PopValueHead_TestD0Ev
FNDA:1,_ZN32DoublyListTest_PopValueHead_TestD0Ev
FN:163,_ZN32DoublyListTest_PopValueHead_TestD2Ev
FNDA:1,_ZN32DoublyListTest_PopValueHead_TestD2Ev
FN:163,_ZN32DoublyListTest_PopValueHead_TestC2Ev
FNDA:1,_ZN32DoublyListTest_PopValueHead_TestC2Ev
FN:176,_ZN32DoublyListTest_PopValueTail_TestD2Ev
FNDA:1,_ZN32DoublyListTest_PopValueTail_TestD2Ev
FN:176,_ZN32DoublyListTest_PopValueTail_TestC2Ev
FNDA:1,_ZN32DoublyListTest_PopValueTail_TestC2Ev
FN:176,_ZN32DoublyListTest_PopValueTail_TestD0Ev
FNDA:1,_ZN32DoublyListTest_PopValueTail_TestD0Ev
FN:176,_ZN32DoublyListTest_PopValueTail_Test8TestBodyEv
FNDA:1,_ZN32DoublyListTest_PopValueTail_Test8TestBodyEv
FN:188,_ZN34DoublyListTest_PopValueInList_TestD0Ev
FNDA:1,_ZN34DoublyListTest_PopValueInList_TestD0Ev
FN:188,_ZN34DoublyListTest_PopValueInList_Test8TestBodyEv
FNDA:1,_ZN34DoublyListTest_PopValueInList_Test8TestBodyEv
FN:188,_ZN34DoublyListTest_PopValueInList_TestD2Ev
FNDA:1,_ZN34DoublyListTest_PopValueInList_TestD2Ev
FN:188,_ZN34DoublyListTest_PopValueInList_TestC2Ev
FNDA:1,_ZN34DoublyListTest_PopValueInList_TestC2Ev
FN:201,_ZN41DoublyListTest_PopValueFromEmptyList_TestC2Ev
FNDA:1,_ZN41DoublyListTest_PopValueFromEmptyList_TestC2Ev
FN:201,_ZN41DoublyListTest_PopValueFromEmptyList_TestD0Ev
FNDA:1,_ZN41DoublyListTest_PopValueFromEmptyList_TestD0Ev
FN:201,_ZN41DoublyListTest_PopValueFromEmptyList_TestD2Ev
FNDA:1,_ZN41DoublyListTest_PopValueFromEmptyList_TestD2Ev
FN:201,_ZN41DoublyListTest_PopValueFromEmptyList_Test8TestBodyEv
FNDA:1,_ZN41DoublyListTest_PopValueFromEmptyList_Test8TestBodyEv
FN:209,main
FNDA:1,main
DA:14,18
DA:16,18
DA:19,1
DA:19,1
DA:19,1
DA:19,1
DA:20,1
DA:21,1
DA:22,1
DA:23,1
DA:24,1
DA:25,1
DA:27,2
DA:28,1
DA:30,1
DA:30,1
DA:30,1
DA:30,1
DA:31,1
DA:32,1
DA:33,1
DA:34,1
DA:35,1
DA:36,1
DA:38,2
DA:39,1
DA:41,1
DA:41,1
DA:41,1
DA:41,1
DA:42,1
DA:43,1
DA:44,1
DA:45,1
DA:46,1
DA:47,1
DA:48,1
DA:49,1
DA:50,1
DA:51,1
DA:53,2
DA:54,1
DA:56,1
DA:56,1
DA:56,1
DA:56,1
DA:58,1
DA:60,1
DA:61,2
DA:64,1
DA:66,1
DA:67,1
DA:68,2
DA:69,1
DA:71,1
DA:71,1
DA:71,1
DA:71,1
DA:72,1
DA:73,1
DA:74,1
DA:75,1
DA:76,1
DA:77,1
DA:79,1
DA:79,1
DA:79,1
DA:79,1
DA:80,1
DA:81,1
DA:82,1
DA:83,1
DA:84,1
DA:85,1
DA:86,1
DA:88,1
DA:88,1
DA:88,1
DA:88,1
DA:89,1
DA:90,1
DA:91,1
DA:92,1
DA:93,1
DA:94,1
DA:95,1
DA:97,2
DA:99,1
DA:100,1
DA:102,1
DA:102,1
DA:102,1
DA:102,1
DA:103,1
DA:104,1
DA:105,1
DA:106,1
DA:107,1
DA:108,1
DA:109,1
DA:111,2
DA:113,1
DA:114,1
DA:116,1
DA:116,1
DA:116,1
DA:116,1
DA:117,1
DA:118,1
DA:119,1
DA:120,1
DA:122,1
DA:123,1
DA:124,1
DA:126,1
DA:127,1
DA:128,2
DA:129,1
DA:130,1
DA:132,1
DA:132,1
DA:132,1
DA:132,1
DA:133,1
DA:134,1
DA:135,1
DA:136,1
DA:137,1
DA:139,1
DA:139,1
DA:139,1
DA:139,1
DA:140,1
DA:141,1
DA:142,1
DA:144,1
DA:145,1
DA:146,1
DA:147,1
DA:149,1
DA:149,1
DA:149,1
DA:149,1
DA:150,1
DA:151,1
DA:152,1
DA:154,1
DA:154,1
DA:154,1
DA:154,1
DA:155,1
DA:156,1
DA:158,1
DA:158,1
DA:158,1
DA:158,1
DA:159,1
DA:160,1
DA:161,1
DA:163,1
DA:163,1
DA:163,1
DA:163,1
DA:164,1
DA:165,1
DA:166,1
DA:167,1
DA:169,1
DA:170,1
DA:171,1
DA:172,1
DA:173,2
DA:174,1
DA:176,1
DA:176,1
DA:176,1
DA:176,1
DA:177,1
DA:178,1
DA:179,1
DA:181,1
DA:182,1
DA:183,1
DA:184,1
DA:185,2
DA:186,1
DA:188,1
DA:188,1
DA:188,1
DA:188,1
DA:189,1
DA:190,1
DA:191,1
DA:192,1
DA:194,1
DA:195,1
DA:196,1
DA:197,1
DA:198,2
DA:199,1
DA:201,1
DA:201,1
DA:201,1
DA:201,1
DA:202,1
DA:203,1
DA:204,1
DA:205,1
DA:206,1
DA:207,1
DA:209,1
DA:210,1
DA:211,1
end_of_record
SF:/home/businka/second_semester_programming/laba3/List.hpp
FN:9,_ZN10LinkedListIiEC2Ev
FNDA:2,_ZN10LinkedListIiEC2Ev
FN:10,_ZN10LinkedListIiED2Ev
FNDA:2,_ZN10LinkedListIiED2Ev
FN:77,_ZN10LinkedListIiE8pop_headEv
FNDA:0,_ZN10LinkedListIiE8pop_headEv
FN:87,_ZN10LinkedListIiE8pop_tailEv
FNDA:0,_ZN10LinkedListIiE8pop_tailEv
FN:127,_ZN10LinkedListIiE9pop_valueEi
FNDA:1,_ZN10LinkedListIiE9pop_valueEi
FN:157,_ZNK10LinkedListIiE9get_valueEi
FNDA:1,_ZNK10LinkedListIiE9get_valueEi
FN:214,_ZN10DoublyListIiEC2Ev
FNDA:18,_ZN10DoublyListIiEC2Ev
FN:215,_ZN10DoublyListIiED2Ev
FNDA:18,_ZN10DoublyListIiED2Ev
FN:222,_ZN10DoublyListIiE9push_backERKi
FNDA:27,_ZN10DoublyListIiE9push_backERKi
FN:233,_ZN10DoublyListIiE10push_frontERKi
FNDA:4,_ZN10DoublyListIiE10push_frontERKi
FN:244,_ZN10DoublyListIiE7push_inEiRKi
FNDA:6,_ZN10DoublyListIiE7push_inEiRKi
FN:279,_ZN10DoublyListIiE6searchEi
FNDA:2,_ZN10DoublyListIiE6searchEi
FN:289,_ZN10DoublyListIiE11pop_forwardEv
FNDA:4,_ZN10DoublyListIiE11pop_forwardEv
FN:301,_ZN10DoublyListIiE12pop_backwardEv
FNDA:4,_ZN10DoublyListIiE12pop_backwardEv
FN:312,_ZN10DoublyListIiE3popEi
FNDA:4,_ZN10DoublyListIiE3popEi
FN:341,_ZN10DoublyListIiE9pop_valueEi
FNDA:3,_ZN10DoublyListIiE9pop_valueEi
FN:364,_ZNK10DoublyListIiE9get_valueEi
FNDA:7,_ZNK10DoublyListIiE9get_valueEi
FN:387,_ZN10DoublyListIiE7displayEv
FNDA:8,_ZN10DoublyListIiE7displayEv
DA:9,2
DA:10,2
DA:11,2
DA:12,0
DA:13,0
DA:14,0
DA:16,2
DA:77,0
DA:78,0
DA:79,0
DA:82,0
DA:83,0
DA:84,0
DA:86,0
DA:87,0
DA:88,0
DA:89,0
DA:90,0
DA:91,0
DA:93,0
DA:94,0
DA:95,0
DA:96,0
DA:97,0
DA:99,0
DA:127,1
DA:128,1
DA:129,1
DA:130,1
DA:132,0
DA:133,0
DA:134,0
DA:136,0
DA:137,0
DA:138,0
DA:140,0
DA:141,0
DA:143,0
DA:144,0
DA:145,0
DA:148,0
DA:149,0
DA:150,0
DA:153,0
DA:154,0
DA:157,1
DA:158,1
DA:159,0
DA:162,1
DA:163,1
DA:166,0
DA:167,0
DA:169,0
DA:170,0
DA:171,0
DA:173,0
DA:174,0
DA:177,0
DA:214,18
DA:215,18
DA:216,42
DA:217,24
DA:218,24
DA:219,24
DA:221,18
DA:222,27
DA:223,27
DA:224,27
DA:225,12
DA:226,12
DA:228,15
DA:229,15
DA:230,15
DA:232,27
DA:233,4
DA:234,4
DA:235,4
DA:236,2
DA:237,2
DA:239,2
DA:240,2
DA:241,2
DA:243,4
DA:244,6
DA:245,6
DA:246,6
DA:247,1
DA:248,1
DA:249,5
DA:251,2
DA:253,3
DA:254,3
DA:257,8
DA:258,5
DA:259,5
DA:262,3
DA:264,2
DA:265,2
DA:266,2
DA:267,1
DA:269,1
DA:271,2
DA:274,1
DA:275,1
DA:279,2
DA:280,2
DA:281,3
DA:282,1
DA:284,2
DA:285,1
DA:286,1
DA:288,2
DA:289,4
DA:290,4
DA:291,4
DA:292,4
DA:294,4
DA:295,1
DA:297,3
DA:299,4
DA:301,4
DA:302,4
DA:303,4
DA:304,4
DA:305,4
DA:306,1
DA:308,3
DA:310,4
DA:312,4
DA:313,4
DA:314,1
DA:315,1
DA:317,3
DA:318,1
DA:321,2
DA:322,2
DA:324,4
DA:325,2
DA:326,2
DA:328,2
DA:329,1
DA:330,1
DA:332,1
DA:333,1
DA:334,1
DA:336,0
DA:337,0
DA:338,0
DA:341,3
DA:342,3
DA:343,3
DA:344,1
DA:345,1
DA:347,2
DA:348,1
DA:349,1
DA:351,1
DA:352,2
DA:353,1
DA:355,1
DA:356,0
DA:357,0
DA:359,1
DA:360,1
DA:361,1
DA:364,7
DA:365,7
DA:366,1
DA:369,6
DA:370,0
DA:373,6
DA:374,6
DA:376,10
DA:377,9
DA:378,5
DA:380,4
DA:381,4
DA:384,1
DA:387,8
DA:388,8
DA:389,25
DA:390,17
DA:391,17
DA:393,8
DA:394,8
end_of_record
