TN:
SF:/home/businka/second_semester_programming/laba3/list_testing.cpp
FN:14,_ZN14LinkedListTest5SetUpEv
FNDA:96,_ZN14LinkedListTest5SetUpEv
FN:19,_ZN29LinkedListTest_PushFront_TestC2Ev
FNDA:4,_ZN29LinkedListTest_PushFront_TestC2Ev
FN:19,_ZN29LinkedListTest_PushFront_Test8TestBodyEv
FNDA:4,_ZN29LinkedListTest_PushFront_Test8TestBodyEv
FN:19,_ZN29LinkedListTest_PushFront_TestD2Ev
FNDA:4,_ZN29LinkedListTest_PushFront_TestD2Ev
FN:19,_ZN29LinkedListTest_PushFront_TestD0Ev
FNDA:4,_ZN29LinkedListTest_PushFront_TestD0Ev
FN:30,_ZN28LinkedListTest_PushBack_TestC2Ev
FNDA:4,_ZN28LinkedListTest_PushBack_TestC2Ev
FN:30,_ZN28LinkedListTest_PushBack_Test8TestBodyEv
FNDA:4,_ZN28LinkedListTest_PushBack_Test8TestBodyEv
FN:30,_ZN28LinkedListTest_PushBack_TestD2Ev
FNDA:4,_ZN28LinkedListTest_PushBack_TestD2Ev
FN:30,_ZN28LinkedListTest_PushBack_TestD0Ev
FNDA:4,_ZN28LinkedListTest_PushBack_TestD0Ev
FN:41,_ZN36LinkedListTest_InsertValidIndex_TestC2Ev
FNDA:4,_ZN36LinkedListTest_InsertValidIndex_TestC2Ev
FN:41,_ZN36LinkedListTest_InsertValidIndex_Test8TestBodyEv
FNDA:4,_ZN36LinkedListTest_InsertValidIndex_Test8TestBodyEv
FN:41,_ZN36LinkedListTest_InsertValidIndex_TestD2Ev
FNDA:4,_ZN36LinkedListTest_InsertValidIndex_TestD2Ev
FN:41,_ZN36LinkedListTest_InsertValidIndex_TestD0Ev
FNDA:4,_ZN36LinkedListTest_InsertValidIndex_TestD0Ev
FN:56,_ZN38LinkedListTest_InsertInvalidIndex_TestC2Ev
FNDA:4,_ZN38LinkedListTest_InsertInvalidIndex_TestC2Ev
FN:56,_ZN38LinkedListTest_InsertInvalidIndex_Test8TestBodyEv
FNDA:4,_ZN38LinkedListTest_InsertInvalidIndex_Test8TestBodyEv
FN:56,_ZN38LinkedListTest_InsertInvalidIndex_TestD2Ev
FNDA:4,_ZN38LinkedListTest_InsertInvalidIndex_TestD2Ev
FN:56,_ZN38LinkedListTest_InsertInvalidIndex_TestD0Ev
FNDA:4,_ZN38LinkedListTest_InsertInvalidIndex_TestD0Ev
FN:71,_ZN27LinkedListTest_PopHead_TestD2Ev
FNDA:4,_ZN27LinkedListTest_PopHead_TestD2Ev
FN:71,_ZN27LinkedListTest_PopHead_TestC2Ev
FNDA:4,_ZN27LinkedListTest_PopHead_TestC2Ev
FN:71,_ZN27LinkedListTest_PopHead_Test8TestBodyEv
FNDA:4,_ZN27LinkedListTest_PopHead_Test8TestBodyEv
FN:71,_ZN27LinkedListTest_PopHead_TestD0Ev
FNDA:4,_ZN27LinkedListTest_PopHead_TestD0Ev
FN:83,_ZN36LinkedListTest_PopHeadEmptyList_TestC2Ev
FNDA:4,_ZN36LinkedListTest_PopHeadEmptyList_TestC2Ev
FN:83,_ZN36LinkedListTest_PopHeadEmptyList_TestD0Ev
FNDA:4,_ZN36LinkedListTest_PopHeadEmptyList_TestD0Ev
FN:83,_ZN36LinkedListTest_PopHeadEmptyList_TestD2Ev
FNDA:4,_ZN36LinkedListTest_PopHeadEmptyList_TestD2Ev
FN:83,_ZN36LinkedListTest_PopHeadEmptyList_Test8TestBodyEv
FNDA:4,_ZN36LinkedListTest_PopHeadEmptyList_Test8TestBodyEv
FN:93,_ZN27LinkedListTest_PopTail_TestD0Ev
FNDA:4,_ZN27LinkedListTest_PopTail_TestD0Ev
FN:93,_ZN27LinkedListTest_PopTail_TestC2Ev
FNDA:4,_ZN27LinkedListTest_PopTail_TestC2Ev
FN:93,_ZN27LinkedListTest_PopTail_TestD2Ev
FNDA:4,_ZN27LinkedListTest_PopTail_TestD2Ev
FN:93,_ZN27LinkedListTest_PopTail_Test8TestBodyEv
FNDA:4,_ZN27LinkedListTest_PopTail_Test8TestBodyEv
FN:105,_ZN36LinkedListTest_PopTailEmptyList_TestC2Ev
FNDA:4,_ZN36LinkedListTest_PopTailEmptyList_TestC2Ev
FN:105,_ZN36LinkedListTest_PopTailEmptyList_TestD2Ev
FNDA:4,_ZN36LinkedListTest_PopTailEmptyList_TestD2Ev
FN:105,_ZN36LinkedListTest_PopTailEmptyList_Test8TestBodyEv
FNDA:4,_ZN36LinkedListTest_PopTailEmptyList_Test8TestBodyEv
FN:105,_ZN36LinkedListTest_PopTailEmptyList_TestD0Ev
FNDA:4,_ZN36LinkedListTest_PopTailEmptyList_TestD0Ev
FN:114,_ZN37LinkedListTest_PopTailSingleNode_TestC2Ev
FNDA:4,_ZN37LinkedListTest_PopTailSingleNode_TestC2Ev
FN:114,_ZN37LinkedListTest_PopTailSingleNode_TestD0Ev
FNDA:4,_ZN37LinkedListTest_PopTailSingleNode_TestD0Ev
FN:114,_ZN37LinkedListTest_PopTailSingleNode_TestD2Ev
FNDA:4,_ZN37LinkedListTest_PopTailSingleNode_TestD2Ev
FN:114,_ZN37LinkedListTest_PopTailSingleNode_Test8TestBodyEv
FNDA:4,_ZN37LinkedListTest_PopTailSingleNode_Test8TestBodyEv
FN:124,_ZN29LinkedListTest_PopInHead_TestD2Ev
FNDA:4,_ZN29LinkedListTest_PopInHead_TestD2Ev
FN:124,_ZN29LinkedListTest_PopInHead_TestD0Ev
FNDA:4,_ZN29LinkedListTest_PopInHead_TestD0Ev
FN:124,_ZN29LinkedListTest_PopInHead_Test8TestBodyEv
FNDA:4,_ZN29LinkedListTest_PopInHead_Test8TestBodyEv
FN:124,_ZN29LinkedListTest_PopInHead_TestC2Ev
FNDA:4,_ZN29LinkedListTest_PopInHead_TestC2Ev
FN:140,_ZN36LinkedListTest_PopFromEmptyList_TestD2Ev
FNDA:4,_ZN36LinkedListTest_PopFromEmptyList_TestD2Ev
FN:140,_ZN36LinkedListTest_PopFromEmptyList_Test8TestBodyEv
FNDA:4,_ZN36LinkedListTest_PopFromEmptyList_Test8TestBodyEv
FN:140,_ZN36LinkedListTest_PopFromEmptyList_TestC2Ev
FNDA:4,_ZN36LinkedListTest_PopFromEmptyList_TestC2Ev
FN:140,_ZN36LinkedListTest_PopFromEmptyList_TestD0Ev
FNDA:4,_ZN36LinkedListTest_PopFromEmptyList_TestD0Ev
FN:147,_ZN35LinkedListTest_PopInvalidIndex_TestC2Ev
FNDA:4,_ZN35LinkedListTest_PopInvalidIndex_TestC2Ev
FN:147,_ZN35LinkedListTest_PopInvalidIndex_TestD0Ev
FNDA:4,_ZN35LinkedListTest_PopInvalidIndex_TestD0Ev
FN:147,_ZN35LinkedListTest_PopInvalidIndex_TestD2Ev
FNDA:4,_ZN35LinkedListTest_PopInvalidIndex_TestD2Ev
FN:147,_ZN35LinkedListTest_PopInvalidIndex_Test8TestBodyEv
FNDA:4,_ZN35LinkedListTest_PopInvalidIndex_Test8TestBodyEv
FN:154,_ZN38LinkedListTest_GetValueValidIndex_TestC2Ev
FNDA:4,_ZN38LinkedListTest_GetValueValidIndex_TestC2Ev
FN:154,_ZN38LinkedListTest_GetValueValidIndex_Test8TestBodyEv
FNDA:4,_ZN38LinkedListTest_GetValueValidIndex_Test8TestBodyEv
FN:154,_ZN38LinkedListTest_GetValueValidIndex_TestD2Ev
FNDA:4,_ZN38LinkedListTest_GetValueValidIndex_TestD2Ev
FN:154,_ZN38LinkedListTest_GetValueValidIndex_TestD0Ev
FNDA:4,_ZN38LinkedListTest_GetValueValidIndex_TestD0Ev
FN:164,_ZN43LinkedListTest_GetValueInvalidIndexMax_TestD2Ev
FNDA:4,_ZN43LinkedListTest_GetValueInvalidIndexMax_TestD2Ev
FN:164,_ZN43LinkedListTest_GetValueInvalidIndexMax_TestD0Ev
FNDA:4,_ZN43LinkedListTest_GetValueInvalidIndexMax_TestD0Ev
FN:164,_ZN43LinkedListTest_GetValueInvalidIndexMax_Test8TestBodyEv
FNDA:4,_ZN43LinkedListTest_GetValueInvalidIndexMax_Test8TestBodyEv
FN:164,_ZN43LinkedListTest_GetValueInvalidIndexMax_TestC2Ev
FNDA:4,_ZN43LinkedListTest_GetValueInvalidIndexMax_TestC2Ev
FN:169,_ZN40LinkedListTest_GetValueInvalidIndex_TestD0Ev
FNDA:4,_ZN40LinkedListTest_GetValueInvalidIndex_TestD0Ev
FN:169,_ZN40LinkedListTest_GetValueInvalidIndex_TestD2Ev
FNDA:4,_ZN40LinkedListTest_GetValueInvalidIndex_TestD2Ev
FN:169,_ZN40LinkedListTest_GetValueInvalidIndex_Test8TestBodyEv
FNDA:4,_ZN40LinkedListTest_GetValueInvalidIndex_Test8TestBodyEv
FN:169,_ZN40LinkedListTest_GetValueInvalidIndex_TestC2Ev
FNDA:4,_ZN40LinkedListTest_GetValueInvalidIndex_TestC2Ev
FN:173,_ZN41LinkedListTest_GetValueFromEmptyList_Test8TestBodyEv
FNDA:4,_ZN41LinkedListTest_GetValueFromEmptyList_Test8TestBodyEv
FN:173,_ZN41LinkedListTest_GetValueFromEmptyList_TestC2Ev
FNDA:4,_ZN41LinkedListTest_GetValueFromEmptyList_TestC2Ev
FN:173,_ZN41LinkedListTest_GetValueFromEmptyList_TestD2Ev
FNDA:4,_ZN41LinkedListTest_GetValueFromEmptyList_TestD2Ev
FN:173,_ZN41LinkedListTest_GetValueFromEmptyList_TestD0Ev
FNDA:4,_ZN41LinkedListTest_GetValueFromEmptyList_TestD0Ev
FN:178,_ZN41LinkedListTest_SearchExistingElement_TestD2Ev
FNDA:4,_ZN41LinkedListTest_SearchExistingElement_TestD2Ev
FN:178,_ZN41LinkedListTest_SearchExistingElement_TestC2Ev
FNDA:4,_ZN41LinkedListTest_SearchExistingElement_TestC2Ev
FN:178,_ZN41LinkedListTest_SearchExistingElement_Test8TestBodyEv
FNDA:4,_ZN41LinkedListTest_SearchExistingElement_Test8TestBodyEv
FN:178,_ZN41LinkedListTest_SearchExistingElement_TestD0Ev
FNDA:4,_ZN41LinkedListTest_SearchExistingElement_TestD0Ev
FN:186,_ZN44LinkedListTest_SearchNonExistingElement_TestD2Ev
FNDA:4,_ZN44LinkedListTest_SearchNonExistingElement_TestD2Ev
FN:186,_ZN44LinkedListTest_SearchNonExistingElement_TestD0Ev
FNDA:4,_ZN44LinkedListTest_SearchNonExistingElement_TestD0Ev
FN:186,_ZN44LinkedListTest_SearchNonExistingElement_Test8TestBodyEv
FNDA:4,_ZN44LinkedListTest_SearchNonExistingElement_Test8TestBodyEv
FN:186,_ZN44LinkedListTest_SearchNonExistingElement_TestC2Ev
FNDA:4,_ZN44LinkedListTest_SearchNonExistingElement_TestC2Ev
FN:195,_ZN37LinkedListTest_SearchInEmptyList_TestD0Ev
FNDA:4,_ZN37LinkedListTest_SearchInEmptyList_TestD0Ev
FN:195,_ZN37LinkedListTest_SearchInEmptyList_TestD2Ev
FNDA:4,_ZN37LinkedListTest_SearchInEmptyList_TestD2Ev
FN:195,_ZN37LinkedListTest_SearchInEmptyList_Test8TestBodyEv
FNDA:4,_ZN37LinkedListTest_SearchInEmptyList_Test8TestBodyEv
FN:195,_ZN37LinkedListTest_SearchInEmptyList_TestC2Ev
FNDA:4,_ZN37LinkedListTest_SearchInEmptyList_TestC2Ev
FN:203,_ZN36LinkedListTest_DisplayEmptyList_TestD0Ev
FNDA:4,_ZN36LinkedListTest_DisplayEmptyList_TestD0Ev
FN:203,_ZN36LinkedListTest_DisplayEmptyList_Test8TestBodyEv
FNDA:4,_ZN36LinkedListTest_DisplayEmptyList_Test8TestBodyEv
FN:203,_ZN36LinkedListTest_DisplayEmptyList_TestC2Ev
FNDA:4,_ZN36LinkedListTest_DisplayEmptyList_TestC2Ev
FN:203,_ZN36LinkedListTest_DisplayEmptyList_TestD2Ev
FNDA:4,_ZN36LinkedListTest_DisplayEmptyList_TestD2Ev
FN:213,_ZN32LinkedListTest_PopValueHead_TestD0Ev
FNDA:4,_ZN32LinkedListTest_PopValueHead_TestD0Ev
FN:213,_ZN32LinkedListTest_PopValueHead_TestC2Ev
FNDA:4,_ZN32LinkedListTest_PopValueHead_TestC2Ev
FN:213,_ZN32LinkedListTest_PopValueHead_Test8TestBodyEv
FNDA:4,_ZN32LinkedListTest_PopValueHead_Test8TestBodyEv
FN:213,_ZN32LinkedListTest_PopValueHead_TestD2Ev
FNDA:4,_ZN32LinkedListTest_PopValueHead_TestD2Ev
FN:226,_ZN32LinkedListTest_PopValueTail_Test8TestBodyEv
FNDA:4,_ZN32LinkedListTest_PopValueTail_Test8TestBodyEv
FN:226,_ZN32LinkedListTest_PopValueTail_TestC2Ev
FNDA:4,_ZN32LinkedListTest_PopValueTail_TestC2Ev
FN:226,_ZN32LinkedListTest_PopValueTail_TestD2Ev
FNDA:4,_ZN32LinkedListTest_PopValueTail_TestD2Ev
FN:226,_ZN32LinkedListTest_PopValueTail_TestD0Ev
FNDA:4,_ZN32LinkedListTest_PopValueTail_TestD0Ev
FN:238,_ZN34LinkedListTest_PopValueInList_Test8TestBodyEv
FNDA:4,_ZN34LinkedListTest_PopValueInList_Test8TestBodyEv
FN:238,_ZN34LinkedListTest_PopValueInList_TestC2Ev
FNDA:4,_ZN34LinkedListTest_PopValueInList_TestC2Ev
FN:238,_ZN34LinkedListTest_PopValueInList_TestD2Ev
FNDA:4,_ZN34LinkedListTest_PopValueInList_TestD2Ev
FN:238,_ZN34LinkedListTest_PopValueInList_TestD0Ev
FNDA:4,_ZN34LinkedListTest_PopValueInList_TestD0Ev
FN:251,_ZN41LinkedListTest_PopValueFromEmptyList_TestD2Ev
FNDA:4,_ZN41LinkedListTest_PopValueFromEmptyList_TestD2Ev
FN:251,_ZN41LinkedListTest_PopValueFromEmptyList_Test8TestBodyEv
FNDA:4,_ZN41LinkedListTest_PopValueFromEmptyList_Test8TestBodyEv
FN:251,_ZN41LinkedListTest_PopValueFromEmptyList_TestD0Ev
FNDA:4,_ZN41LinkedListTest_PopValueFromEmptyList_TestD0Ev
FN:251,_ZN41LinkedListTest_PopValueFromEmptyList_TestC2Ev
FNDA:4,_ZN41LinkedListTest_PopValueFromEmptyList_TestC2Ev
FN:259,main
FNDA:4,main
DA:14,96
DA:16,96
DA:19,4
DA:19,4
DA:19,4
DA:19,4
DA:20,4
DA:21,4
DA:22,4
DA:23,4
DA:24,4
DA:25,4
DA:27,8
DA:28,4
DA:30,4
DA:30,4
DA:30,4
DA:30,4
DA:31,4
DA:32,4
DA:33,4
DA:34,4
DA:35,4
DA:36,4
DA:38,8
DA:39,4
DA:41,4
DA:41,4
DA:41,4
DA:41,4
DA:42,4
DA:43,4
DA:44,4
DA:45,4
DA:46,4
DA:47,4
DA:48,4
DA:49,4
DA:50,4
DA:51,4
DA:53,8
DA:54,4
DA:56,4
DA:56,4
DA:56,4
DA:56,4
DA:58,4
DA:60,4
DA:61,8
DA:64,4
DA:66,4
DA:67,4
DA:68,8
DA:69,4
DA:71,4
DA:71,4
DA:71,4
DA:71,4
DA:72,4
DA:73,4
DA:74,4
DA:75,4
DA:76,4
DA:77,4
DA:78,4
DA:80,8
DA:81,4
DA:83,4
DA:83,4
DA:83,4
DA:83,4
DA:84,4
DA:85,4
DA:87,4
DA:89,4
DA:90,8
DA:91,4
DA:93,4
DA:93,4
DA:93,4
DA:93,4
DA:94,4
DA:95,4
DA:96,4
DA:97,4
DA:98,4
DA:99,4
DA:100,4
DA:102,8
DA:103,4
DA:105,4
DA:105,4
DA:105,4
DA:105,4
DA:106,4
DA:107,4
DA:108,4
DA:109,4
DA:110,4
DA:111,8
DA:112,4
DA:114,4
DA:114,4
DA:114,4
DA:114,4
DA:115,4
DA:116,4
DA:117,4
DA:118,4
DA:119,4
DA:120,4
DA:121,8
DA:122,4
DA:124,4
DA:124,4
DA:124,4
DA:124,4
DA:125,4
DA:126,4
DA:127,4
DA:128,4
DA:130,4
DA:131,4
DA:132,4
DA:134,4
DA:135,4
DA:136,8
DA:137,4
DA:138,4
DA:140,4
DA:140,4
DA:140,4
DA:140,4
DA:141,4
DA:142,4
DA:143,4
DA:144,4
DA:145,4
DA:147,4
DA:147,4
DA:147,4
DA:147,4
DA:148,4
DA:149,4
DA:150,4
DA:151,4
DA:152,4
DA:154,4
DA:154,4
DA:154,4
DA:154,4
DA:155,4
DA:156,4
DA:157,4
DA:159,4
DA:160,4
DA:161,4
DA:162,4
DA:164,4
DA:164,4
DA:164,4
DA:164,4
DA:165,4
DA:166,4
DA:167,4
DA:169,4
DA:169,4
DA:169,4
DA:169,4
DA:170,4
DA:171,4
DA:173,4
DA:173,4
DA:173,4
DA:173,4
DA:174,4
DA:175,4
DA:176,4
DA:178,4
DA:178,4
DA:178,4
DA:178,4
DA:179,4
DA:180,4
DA:181,4
DA:182,4
DA:183,4
DA:184,4
DA:186,4
DA:186,4
DA:186,4
DA:186,4
DA:187,4
DA:188,4
DA:189,4
DA:190,4
DA:191,4
DA:192,4
DA:193,4
DA:195,4
DA:195,4
DA:195,4
DA:195,4
DA:196,4
DA:197,4
DA:198,4
DA:199,4
DA:200,4
DA:201,4
DA:203,4
DA:203,4
DA:203,4
DA:203,4
DA:204,4
DA:205,4
DA:207,4
DA:209,4
DA:210,8
DA:211,4
DA:213,4
DA:213,4
DA:213,4
DA:213,4
DA:214,4
DA:215,4
DA:216,4
DA:217,4
DA:219,4
DA:220,4
DA:221,4
DA:222,4
DA:223,8
DA:224,4
DA:226,4
DA:226,4
DA:226,4
DA:226,4
DA:227,4
DA:228,4
DA:229,4
DA:231,4
DA:232,4
DA:233,4
DA:234,4
DA:235,8
DA:236,4
DA:238,4
DA:238,4
DA:238,4
DA:238,4
DA:239,4
DA:240,4
DA:241,4
DA:242,4
DA:244,4
DA:245,4
DA:246,4
DA:247,4
DA:248,8
DA:249,4
DA:251,4
DA:251,4
DA:251,4
DA:251,4
DA:252,4
DA:253,4
DA:254,4
DA:255,4
DA:256,4
DA:257,4
DA:259,4
DA:260,4
DA:261,4
end_of_record
SF:/home/businka/second_semester_programming/laba3/Node.hpp
FN:17,_ZN4NodeIiEC2ERKiPS0_S3_
FNDA:140,_ZN4NodeIiEC2ERKiPS0_S3_
DA:17,140
DA:18,140
DA:19,140
end_of_record
SF:/home/businka/second_semester_programming/laba3/List.hpp
FN:9,_ZN10LinkedListIiEC2Ev
FNDA:108,_ZN10LinkedListIiEC2Ev
FN:10,_ZN10LinkedListIiED2Ev
FNDA:108,_ZN10LinkedListIiED2Ev
FN:17,_ZN10LinkedListIiE10push_frontERKi
FNDA:8,_ZN10LinkedListIiE10push_frontERKi
FN:28,_ZN10LinkedListIiE9push_backERKi
FNDA:112,_ZN10LinkedListIiE9push_backERKi
FN:39,_ZN10LinkedListIiE6insertEiRKi
FNDA:24,_ZN10LinkedListIiE6insertEiRKi
FN:77,_ZN10LinkedListIiE8pop_headEv
FNDA:28,_ZN10LinkedListIiE8pop_headEv
FN:87,_ZN10LinkedListIiE8pop_tailEv
FNDA:20,_ZN10LinkedListIiE8pop_tailEv
FN:100,_ZN10LinkedListIiE3popEi
FNDA:20,_ZN10LinkedListIiE3popEi
FN:127,_ZN10LinkedListIiE9pop_valueEi
FNDA:16,_ZN10LinkedListIiE9pop_valueEi
FN:157,_ZNK10LinkedListIiE9get_valueEi
FNDA:32,_ZNK10LinkedListIiE9get_valueEi
FN:179,_ZN10LinkedListIiE6searchEi
FNDA:12,_ZN10LinkedListIiE6searchEi
FN:192,_ZN10LinkedListIiE7displayEv
FNDA:44,_ZN10LinkedListIiE7displayEv
DA:9,108
DA:10,108
DA:11,212
DA:12,104
DA:13,104
DA:14,104
DA:16,108
DA:17,8
DA:18,8
DA:19,8
DA:20,4
DA:21,4
DA:23,8
DA:24,4
DA:25,4
DA:27,8
DA:28,112
DA:29,112
DA:30,112
DA:31,60
DA:32,60
DA:34,112
DA:35,52
DA:36,52
DA:38,112
DA:39,24
DA:40,24
DA:41,4
DA:42,4
DA:45,20
DA:47,20
DA:48,8
DA:49,8
DA:51,8
DA:52,4
DA:55,12
DA:56,12
DA:58,32
DA:59,20
DA:60,20
DA:63,12
DA:64,4
DA:65,4
DA:66,4
DA:69,8
DA:70,8
DA:72,8
DA:73,4
DA:77,28
DA:78,28
DA:79,12
DA:82,16
DA:83,16
DA:84,16
DA:86,28
DA:87,20
DA:88,20
DA:89,4
DA:90,20
DA:91,8
DA:93,12
DA:94,12
DA:95,12
DA:96,12
DA:97,12
DA:99,20
DA:100,20
DA:101,20
DA:102,4
DA:103,4
DA:105,16
DA:106,16
DA:107,16
DA:108,8
DA:109,8
DA:110,8
DA:111,4
DA:112,4
DA:114,8
DA:115,4
DA:116,4
DA:118,4
DA:119,4
DA:120,4
DA:122,0
DA:123,0
DA:124,0
DA:127,16
DA:128,16
DA:129,4
DA:130,4
DA:132,12
DA:133,4
DA:134,4
DA:136,8
DA:137,4
DA:138,4
DA:140,4
DA:141,4
DA:143,8
DA:144,4
DA:145,4
DA:148,4
DA:149,0
DA:150,0
DA:153,4
DA:154,4
DA:157,32
DA:158,32
DA:159,4
DA:162,28
DA:163,4
DA:166,24
DA:167,24
DA:169,40
DA:170,36
DA:171,20
DA:173,16
DA:174,16
DA:177,4
DA:179,12
DA:180,12
DA:181,12
DA:182,4
DA:183,4
DA:185,12
DA:186,4
DA:188,8
DA:189,4
DA:190,4
DA:192,44
DA:193,44
DA:194,12
DA:195,12
DA:197,32
DA:198,100
DA:199,68
DA:200,68
DA:202,32
end_of_record
TN:
SF:/home/businka/second_semester_programming/laba3/array_testing.cpp
FN:10,_ZN23ArrayTest_PushBack_TestC2Ev
FNDA:76,_ZN23ArrayTest_PushBack_TestC2Ev
FN:10,_ZN23ArrayTest_PushBack_Test8TestBodyEv
FNDA:76,_ZN23ArrayTest_PushBack_Test8TestBodyEv
FN:10,_ZN23ArrayTest_PushBack_TestD2Ev
FNDA:76,_ZN23ArrayTest_PushBack_TestD2Ev
FN:10,_ZN23ArrayTest_PushBack_TestD0Ev
FNDA:76,_ZN23ArrayTest_PushBack_TestD0Ev
FN:18,_ZN24ArrayTest_PushFront_TestC2Ev
FNDA:76,_ZN24ArrayTest_PushFront_TestC2Ev
FN:18,_ZN24ArrayTest_PushFront_Test8TestBodyEv
FNDA:76,_ZN24ArrayTest_PushFront_Test8TestBodyEv
FN:18,_ZN24ArrayTest_PushFront_TestD2Ev
FNDA:76,_ZN24ArrayTest_PushFront_TestD2Ev
FN:18,_ZN24ArrayTest_PushFront_TestD0Ev
FNDA:76,_ZN24ArrayTest_PushFront_TestD0Ev
FN:28,_ZN21ArrayTest_PushIn_TestC2Ev
FNDA:76,_ZN21ArrayTest_PushIn_TestC2Ev
FN:28,_ZN21ArrayTest_PushIn_Test8TestBodyEv
FNDA:76,_ZN21ArrayTest_PushIn_Test8TestBodyEv
FN:28,_ZN21ArrayTest_PushIn_TestD2Ev
FNDA:76,_ZN21ArrayTest_PushIn_TestD2Ev
FN:28,_ZN21ArrayTest_PushIn_TestD0Ev
FNDA:76,_ZN21ArrayTest_PushIn_TestD0Ev
FN:37,_ZN23ArrayTest_PopFront_TestC2Ev
FNDA:76,_ZN23ArrayTest_PopFront_TestC2Ev
FN:37,_ZN23ArrayTest_PopFront_Test8TestBodyEv
FNDA:76,_ZN23ArrayTest_PopFront_Test8TestBodyEv
FN:37,_ZN23ArrayTest_PopFront_TestD2Ev
FNDA:76,_ZN23ArrayTest_PopFront_TestD2Ev
FN:37,_ZN23ArrayTest_PopFront_TestD0Ev
FNDA:76,_ZN23ArrayTest_PopFront_TestD0Ev
FN:46,_ZN22ArrayTest_PopBack_TestD0Ev
FNDA:76,_ZN22ArrayTest_PopBack_TestD0Ev
FN:46,_ZN22ArrayTest_PopBack_Test8TestBodyEv
FNDA:76,_ZN22ArrayTest_PopBack_Test8TestBodyEv
FN:46,_ZN22ArrayTest_PopBack_TestD2Ev
FNDA:76,_ZN22ArrayTest_PopBack_TestD2Ev
FN:46,_ZN22ArrayTest_PopBack_TestC2Ev
FNDA:76,_ZN22ArrayTest_PopBack_TestC2Ev
FN:55,_ZN20ArrayTest_PopIn_TestD0Ev
FNDA:76,_ZN20ArrayTest_PopIn_TestD0Ev
FN:55,_ZN20ArrayTest_PopIn_TestC2Ev
FNDA:76,_ZN20ArrayTest_PopIn_TestC2Ev
FN:55,_ZN20ArrayTest_PopIn_TestD2Ev
FNDA:76,_ZN20ArrayTest_PopIn_TestD2Ev
FN:55,_ZN20ArrayTest_PopIn_Test8TestBodyEv
FNDA:76,_ZN20ArrayTest_PopIn_Test8TestBodyEv
FN:65,_ZN21ArrayTest_Search_TestD2Ev
FNDA:76,_ZN21ArrayTest_Search_TestD2Ev
FN:65,_ZN21ArrayTest_Search_TestD0Ev
FNDA:76,_ZN21ArrayTest_Search_TestD0Ev
FN:65,_ZN21ArrayTest_Search_TestC2Ev
FNDA:76,_ZN21ArrayTest_Search_TestC2Ev
FN:65,_ZN21ArrayTest_Search_Test8TestBodyEv
FNDA:76,_ZN21ArrayTest_Search_Test8TestBodyEv
FN:74,_ZN25ArrayTest_SetValueAt_TestD0Ev
FNDA:76,_ZN25ArrayTest_SetValueAt_TestD0Ev
FN:74,_ZN25ArrayTest_SetValueAt_TestD2Ev
FNDA:76,_ZN25ArrayTest_SetValueAt_TestD2Ev
FN:74,_ZN25ArrayTest_SetValueAt_Test8TestBodyEv
FNDA:76,_ZN25ArrayTest_SetValueAt_Test8TestBodyEv
FN:74,_ZN25ArrayTest_SetValueAt_TestC2Ev
FNDA:76,_ZN25ArrayTest_SetValueAt_TestC2Ev
FN:82,_ZN32ArrayTest_InvalidIndexPopIn_Test8TestBodyEv
FNDA:76,_ZN32ArrayTest_InvalidIndexPopIn_Test8TestBodyEv
FN:82,_ZN32ArrayTest_InvalidIndexPopIn_TestC2Ev
FNDA:76,_ZN32ArrayTest_InvalidIndexPopIn_TestC2Ev
FN:82,_ZN32ArrayTest_InvalidIndexPopIn_TestD2Ev
FNDA:76,_ZN32ArrayTest_InvalidIndexPopIn_TestD2Ev
FN:82,_ZN32ArrayTest_InvalidIndexPopIn_TestD0Ev
FNDA:76,_ZN32ArrayTest_InvalidIndexPopIn_TestD0Ev
FN:89,_ZN37ArrayTest_InvalidIndexSetValueAt_TestC2Ev
FNDA:76,_ZN37ArrayTest_InvalidIndexSetValueAt_TestC2Ev
FN:89,_ZN37ArrayTest_InvalidIndexSetValueAt_Test8TestBodyEv
FNDA:76,_ZN37ArrayTest_InvalidIndexSetValueAt_Test8TestBodyEv
FN:89,_ZN37ArrayTest_InvalidIndexSetValueAt_TestD0Ev
FNDA:76,_ZN37ArrayTest_InvalidIndexSetValueAt_TestD0Ev
FN:89,_ZN37ArrayTest_InvalidIndexSetValueAt_TestD2Ev
FNDA:76,_ZN37ArrayTest_InvalidIndexSetValueAt_TestD2Ev
FN:96,_ZN28ArrayTest_PopFrontEmpty_TestD2Ev
FNDA:76,_ZN28ArrayTest_PopFrontEmpty_TestD2Ev
FN:96,_ZN28ArrayTest_PopFrontEmpty_TestC2Ev
FNDA:76,_ZN28ArrayTest_PopFrontEmpty_TestC2Ev
FN:96,_ZN28ArrayTest_PopFrontEmpty_TestD0Ev
FNDA:76,_ZN28ArrayTest_PopFrontEmpty_TestD0Ev
FN:96,_ZN28ArrayTest_PopFrontEmpty_Test8TestBodyEv
FNDA:76,_ZN28ArrayTest_PopFrontEmpty_Test8TestBodyEv
FN:102,_ZN27ArrayTest_PopBackEmpty_TestD0Ev
FNDA:76,_ZN27ArrayTest_PopBackEmpty_TestD0Ev
FN:102,_ZN27ArrayTest_PopBackEmpty_TestC2Ev
FNDA:76,_ZN27ArrayTest_PopBackEmpty_TestC2Ev
FN:102,_ZN27ArrayTest_PopBackEmpty_Test8TestBodyEv
FNDA:76,_ZN27ArrayTest_PopBackEmpty_Test8TestBodyEv
FN:102,_ZN27ArrayTest_PopBackEmpty_TestD2Ev
FNDA:76,_ZN27ArrayTest_PopBackEmpty_TestD2Ev
FN:108,_ZN38ArrayTest_SearchIndexInvalidIndex_TestD0Ev
FNDA:76,_ZN38ArrayTest_SearchIndexInvalidIndex_TestD0Ev
FN:108,_ZN38ArrayTest_SearchIndexInvalidIndex_TestC2Ev
FNDA:76,_ZN38ArrayTest_SearchIndexInvalidIndex_TestC2Ev
FN:108,_ZN38ArrayTest_SearchIndexInvalidIndex_TestD2Ev
FNDA:76,_ZN38ArrayTest_SearchIndexInvalidIndex_TestD2Ev
FN:108,_ZN38ArrayTest_SearchIndexInvalidIndex_Test8TestBodyEv
FNDA:76,_ZN38ArrayTest_SearchIndexInvalidIndex_Test8TestBodyEv
FN:122,_ZN37ArrayTest_SetValueAtInvalidIndex_TestC2Ev
FNDA:76,_ZN37ArrayTest_SetValueAtInvalidIndex_TestC2Ev
FN:122,_ZN37ArrayTest_SetValueAtInvalidIndex_TestD0Ev
FNDA:76,_ZN37ArrayTest_SetValueAtInvalidIndex_TestD0Ev
FN:122,_ZN37ArrayTest_SetValueAtInvalidIndex_Test8TestBodyEv
FNDA:76,_ZN37ArrayTest_SetValueAtInvalidIndex_Test8TestBodyEv
FN:122,_ZN37ArrayTest_SetValueAtInvalidIndex_TestD2Ev
FNDA:76,_ZN37ArrayTest_SetValueAtInvalidIndex_TestD2Ev
FN:135,_ZN37ArrayTest_GetValueAtInvalidIndex_TestD0Ev
FNDA:76,_ZN37ArrayTest_GetValueAtInvalidIndex_TestD0Ev
FN:135,_ZN37ArrayTest_GetValueAtInvalidIndex_TestC2Ev
FNDA:76,_ZN37ArrayTest_GetValueAtInvalidIndex_TestC2Ev
FN:135,_ZN37ArrayTest_GetValueAtInvalidIndex_TestD2Ev
FNDA:76,_ZN37ArrayTest_GetValueAtInvalidIndex_TestD2Ev
FN:135,_ZN37ArrayTest_GetValueAtInvalidIndex_Test8TestBodyEv
FNDA:76,_ZN37ArrayTest_GetValueAtInvalidIndex_Test8TestBodyEv
FN:151,_ZN27ArrayTest_DisplayEmpty_TestD0Ev
FNDA:76,_ZN27ArrayTest_DisplayEmpty_TestD0Ev
FN:151,_ZN27ArrayTest_DisplayEmpty_Test8TestBodyEv
FNDA:76,_ZN27ArrayTest_DisplayEmpty_Test8TestBodyEv
FN:151,_ZN27ArrayTest_DisplayEmpty_TestC2Ev
FNDA:76,_ZN27ArrayTest_DisplayEmpty_TestC2Ev
FN:151,_ZN27ArrayTest_DisplayEmpty_TestD2Ev
FNDA:76,_ZN27ArrayTest_DisplayEmpty_TestD2Ev
FN:159,_ZN30ArrayTest_DisplayNonEmpty_TestC2Ev
FNDA:76,_ZN30ArrayTest_DisplayNonEmpty_TestC2Ev
FN:159,_ZN30ArrayTest_DisplayNonEmpty_Test8TestBodyEv
FNDA:76,_ZN30ArrayTest_DisplayNonEmpty_Test8TestBodyEv
FN:159,_ZN30ArrayTest_DisplayNonEmpty_TestD2Ev
FNDA:76,_ZN30ArrayTest_DisplayNonEmpty_TestD2Ev
FN:159,_ZN30ArrayTest_DisplayNonEmpty_TestD0Ev
FNDA:76,_ZN30ArrayTest_DisplayNonEmpty_TestD0Ev
FN:170,main
FNDA:76,main
DA:10,76
DA:10,76
DA:10,76
DA:10,76
DA:11,76
DA:12,76
DA:13,76
DA:14,76
DA:15,76
DA:16,76
DA:18,76
DA:18,76
DA:18,76
DA:18,76
DA:19,76
DA:20,76
DA:21,76
DA:22,76
DA:23,76
DA:24,76
DA:25,76
DA:26,76
DA:28,76
DA:28,76
DA:28,76
DA:28,76
DA:29,76
DA:30,76
DA:31,76
DA:32,76
DA:33,76
DA:34,76
DA:35,76
DA:37,76
DA:37,76
DA:37,76
DA:37,76
DA:38,76
DA:39,76
DA:40,76
DA:41,76
DA:42,76
DA:43,76
DA:44,76
DA:46,76
DA:46,76
DA:46,76
DA:46,76
DA:47,76
DA:48,76
DA:49,76
DA:50,76
DA:51,76
DA:52,76
DA:53,76
DA:55,76
DA:55,76
DA:55,76
DA:55,76
DA:56,76
DA:57,76
DA:58,76
DA:59,76
DA:60,76
DA:61,76
DA:62,76
DA:63,76
DA:65,76
DA:65,76
DA:65,76
DA:65,76
DA:66,76
DA:67,76
DA:68,76
DA:69,76
DA:70,76
DA:71,76
DA:72,76
DA:74,76
DA:74,76
DA:74,76
DA:74,76
DA:75,76
DA:76,76
DA:77,76
DA:78,76
DA:79,76
DA:80,76
DA:82,76
DA:82,76
DA:82,76
DA:82,76
DA:83,76
DA:84,76
DA:85,76
DA:86,76
DA:87,76
DA:89,76
DA:89,76
DA:89,76
DA:89,76
DA:90,76
DA:91,76
DA:92,76
DA:93,76
DA:94,76
DA:96,76
DA:96,76
DA:96,76
DA:96,76
DA:97,76
DA:98,76
DA:99,76
DA:100,76
DA:102,76
DA:102,76
DA:102,76
DA:102,76
DA:103,76
DA:104,76
DA:105,76
DA:106,76
DA:108,76
DA:108,76
DA:108,76
DA:108,76
DA:109,76
DA:110,76
DA:111,76
DA:112,76
DA:113,76
DA:115,76
DA:116,76
DA:118,76
DA:119,76
DA:120,76
DA:122,76
DA:122,76
DA:122,76
DA:122,76
DA:123,76
DA:124,76
DA:125,76
DA:127,76
DA:128,76
DA:129,76
DA:131,76
DA:132,76
DA:133,76
DA:135,76
DA:135,76
DA:135,76
DA:135,76
DA:136,76
DA:137,76
DA:138,76
DA:140,76
DA:141,76
DA:143,76
DA:145,76
DA:147,76
DA:148,76
DA:149,76
DA:151,76
DA:151,76
DA:151,76
DA:151,76
DA:152,76
DA:153,76
DA:154,76
DA:155,76
DA:156,76
DA:157,76
DA:159,76
DA:159,76
DA:159,76
DA:159,76
DA:160,76
DA:161,76
DA:162,76
DA:163,76
DA:164,76
DA:165,76
DA:166,76
DA:167,76
DA:168,76
DA:170,76
DA:171,76
DA:172,76
end_of_record
SF:/home/businka/second_semester_programming/laba3/Array.hpp
FN:7,_ZN5ArrayIiEC2Ev
FNDA:1292,_ZN5ArrayIiEC2Ev
FN:11,_ZN5ArrayIiED2Ev
FNDA:1292,_ZN5ArrayIiED2Ev
FN:15,_ZN5ArrayIiE10push_frontERKi
FNDA:228,_ZN5ArrayIiE10push_frontERKi
FN:36,_ZN5ArrayIiE9push_backERKi
FNDA:2128,_ZN5ArrayIiE9push_backERKi
FN:54,_ZN5ArrayIiE7push_inEiRKi
FNDA:76,_ZN5ArrayIiE7push_inEiRKi
FN:81,_ZN5ArrayIiE9pop_frontEv
FNDA:152,_ZN5ArrayIiE9pop_frontEv
FN:92,_ZN5ArrayIiE8pop_backEv
FNDA:152,_ZN5ArrayIiE8pop_backEv
FN:100,_ZN5ArrayIiE6pop_inEi
FNDA:152,_ZN5ArrayIiE6pop_inEi
FN:111,_ZN5ArrayIiE6searchERKi
FNDA:152,_ZN5ArrayIiE6searchERKi
FN:122,_ZN5ArrayIiE12search_indexEi
FNDA:304,_ZN5ArrayIiE12search_indexEi
FN:132,_ZN5ArrayIiE12set_value_atEii
FNDA:228,_ZN5ArrayIiE12set_value_atEii
FN:141,_ZN5ArrayIiE12get_value_atEi
FNDA:456,_ZN5ArrayIiE12get_value_atEi
FN:150,_ZN5ArrayIiE8get_sizeEv
FNDA:684,_ZN5ArrayIiE8get_sizeEv
FN:154,_ZN5ArrayIiE7displayEv
FNDA:152,_ZN5ArrayIiE7displayEv
DA:7,1292
DA:8,1292
DA:9,1292
DA:11,1292
DA:12,1292
DA:13,1292
DA:15,228
DA:16,228
DA:17,76
DA:18,76
DA:20,228
DA:21,152
DA:24,76
DA:25,76
DA:26,76
DA:28,456
DA:29,228
DA:32,228
DA:33,228
DA:34,228
DA:36,2128
DA:37,2128
DA:38,304
DA:39,304
DA:41,912
DA:42,608
DA:45,304
DA:46,304
DA:47,304
DA:50,2128
DA:51,2128
DA:52,2128
DA:54,76
DA:55,76
DA:56,0
DA:57,0
DA:60,76
DA:61,76
DA:62,76
DA:64,228
DA:65,152
DA:68,76
DA:69,76
DA:70,76
DA:73,152
DA:74,76
DA:77,76
DA:78,76
DA:81,152
DA:82,152
DA:83,76
DA:85,152
DA:86,76
DA:88,76
DA:90,152
DA:92,152
DA:93,152
DA:94,76
DA:96,76
DA:98,152
DA:100,152
DA:101,152
DA:102,76
DA:103,76
DA:105,152
DA:106,76
DA:108,76
DA:111,152
DA:112,456
DA:113,380
DA:114,76
DA:115,76
DA:118,76
DA:119,76
DA:122,304
DA:123,304
DA:124,228
DA:125,228
DA:127,76
DA:128,76
DA:132,228
DA:133,228
DA:134,152
DA:135,152
DA:138,76
DA:141,456
DA:142,456
DA:143,380
DA:145,76
DA:146,76
DA:150,684
DA:151,684
DA:154,152
DA:155,152
DA:156,76
DA:157,76
DA:159,304
DA:160,228
DA:162,76
end_of_record
TN:
SF:/home/businka/second_semester_programming/laba3/Node.hpp
FN:17,_ZN4NodeIiEC2ERKiPS0_S3_
FNDA:148,_ZN4NodeIiEC2ERKiPS0_S3_
DA:17,148
DA:18,148
DA:19,148
end_of_record
SF:/home/businka/second_semester_programming/laba3/2list_testing.cpp
FN:14,_ZN14DoublyListTest5SetUpEv
FNDA:72,_ZN14DoublyListTest5SetUpEv
FN:19,_ZN29DoublyListTest_PushFront_TestC2Ev
FNDA:4,_ZN29DoublyListTest_PushFront_TestC2Ev
FN:19,_ZN29DoublyListTest_PushFront_Test8TestBodyEv
FNDA:4,_ZN29DoublyListTest_PushFront_Test8TestBodyEv
FN:19,_ZN29DoublyListTest_PushFront_TestD2Ev
FNDA:4,_ZN29DoublyListTest_PushFront_TestD2Ev
FN:19,_ZN29DoublyListTest_PushFront_TestD0Ev
FNDA:4,_ZN29DoublyListTest_PushFront_TestD0Ev
FN:30,_ZN28DoublyListTest_PushBack_TestC2Ev
FNDA:4,_ZN28DoublyListTest_PushBack_TestC2Ev
FN:30,_ZN28DoublyListTest_PushBack_Test8TestBodyEv
FNDA:4,_ZN28DoublyListTest_PushBack_Test8TestBodyEv
FN:30,_ZN28DoublyListTest_PushBack_TestD2Ev
FNDA:4,_ZN28DoublyListTest_PushBack_TestD2Ev
FN:30,_ZN28DoublyListTest_PushBack_TestD0Ev
FNDA:4,_ZN28DoublyListTest_PushBack_TestD0Ev
FN:41,_ZN36DoublyListTest_InsertValidIndex_TestC2Ev
FNDA:4,_ZN36DoublyListTest_InsertValidIndex_TestC2Ev
FN:41,_ZN36DoublyListTest_InsertValidIndex_Test8TestBodyEv
FNDA:4,_ZN36DoublyListTest_InsertValidIndex_Test8TestBodyEv
FN:41,_ZN36DoublyListTest_InsertValidIndex_TestD2Ev
FNDA:4,_ZN36DoublyListTest_InsertValidIndex_TestD2Ev
FN:41,_ZN36DoublyListTest_InsertValidIndex_TestD0Ev
FNDA:4,_ZN36DoublyListTest_InsertValidIndex_TestD0Ev
FN:56,_ZN38DoublyListTest_InsertInvalidIndex_TestD2Ev
FNDA:4,_ZN38DoublyListTest_InsertInvalidIndex_TestD2Ev
FN:56,_ZN38DoublyListTest_InsertInvalidIndex_TestC2Ev
FNDA:4,_ZN38DoublyListTest_InsertInvalidIndex_TestC2Ev
FN:56,_ZN38DoublyListTest_InsertInvalidIndex_TestD0Ev
FNDA:4,_ZN38DoublyListTest_InsertInvalidIndex_TestD0Ev
FN:56,_ZN38DoublyListTest_InsertInvalidIndex_Test8TestBodyEv
FNDA:4,_ZN38DoublyListTest_InsertInvalidIndex_Test8TestBodyEv
FN:71,_ZN41DoublyListTest_SearchExistingElement_TestD2Ev
FNDA:4,_ZN41DoublyListTest_SearchExistingElement_TestD2Ev
FN:71,_ZN41DoublyListTest_SearchExistingElement_TestD0Ev
FNDA:4,_ZN41DoublyListTest_SearchExistingElement_TestD0Ev
FN:71,_ZN41DoublyListTest_SearchExistingElement_Test8TestBodyEv
FNDA:4,_ZN41DoublyListTest_SearchExistingElement_Test8TestBodyEv
FN:71,_ZN41DoublyListTest_SearchExistingElement_TestC2Ev
FNDA:4,_ZN41DoublyListTest_SearchExistingElement_TestC2Ev
FN:79,_ZN44DoublyListTest_SearchNonExistingElement_TestD2Ev
FNDA:4,_ZN44DoublyListTest_SearchNonExistingElement_TestD2Ev
FN:79,_ZN44DoublyListTest_SearchNonExistingElement_TestD0Ev
FNDA:4,_ZN44DoublyListTest_SearchNonExistingElement_TestD0Ev
FN:79,_ZN44DoublyListTest_SearchNonExistingElement_TestC2Ev
FNDA:4,_ZN44DoublyListTest_SearchNonExistingElement_TestC2Ev
FN:79,_ZN44DoublyListTest_SearchNonExistingElement_Test8TestBodyEv
FNDA:4,_ZN44DoublyListTest_SearchNonExistingElement_Test8TestBodyEv
FN:88,_ZN27DoublyListTest_PopHead_TestD0Ev
FNDA:4,_ZN27DoublyListTest_PopHead_TestD0Ev
FN:88,_ZN27DoublyListTest_PopHead_Test8TestBodyEv
FNDA:4,_ZN27DoublyListTest_PopHead_Test8TestBodyEv
FN:88,_ZN27DoublyListTest_PopHead_TestD2Ev
FNDA:4,_ZN27DoublyListTest_PopHead_TestD2Ev
FN:88,_ZN27DoublyListTest_PopHead_TestC2Ev
FNDA:4,_ZN27DoublyListTest_PopHead_TestC2Ev
FN:102,_ZN27DoublyListTest_PopTail_TestC2Ev
FNDA:4,_ZN27DoublyListTest_PopTail_TestC2Ev
FN:102,_ZN27DoublyListTest_PopTail_TestD0Ev
FNDA:4,_ZN27DoublyListTest_PopTail_TestD0Ev
FN:102,_ZN27DoublyListTest_PopTail_TestD2Ev
FNDA:4,_ZN27DoublyListTest_PopTail_TestD2Ev
FN:102,_ZN27DoublyListTest_PopTail_Test8TestBodyEv
FNDA:4,_ZN27DoublyListTest_PopTail_Test8TestBodyEv
FN:116,_ZN29DoublyListTest_PopInHead_TestC2Ev
FNDA:4,_ZN29DoublyListTest_PopInHead_TestC2Ev
FN:116,_ZN29DoublyListTest_PopInHead_TestD0Ev
FNDA:4,_ZN29DoublyListTest_PopInHead_TestD0Ev
FN:116,_ZN29DoublyListTest_PopInHead_TestD2Ev
FNDA:4,_ZN29DoublyListTest_PopInHead_TestD2Ev
FN:116,_ZN29DoublyListTest_PopInHead_Test8TestBodyEv
FNDA:4,_ZN29DoublyListTest_PopInHead_Test8TestBodyEv
FN:132,_ZN36DoublyListTest_PopFromEmptyList_Test8TestBodyEv
FNDA:4,_ZN36DoublyListTest_PopFromEmptyList_Test8TestBodyEv
FN:132,_ZN36DoublyListTest_PopFromEmptyList_TestC2Ev
FNDA:4,_ZN36DoublyListTest_PopFromEmptyList_TestC2Ev
FN:132,_ZN36DoublyListTest_PopFromEmptyList_TestD2Ev
FNDA:4,_ZN36DoublyListTest_PopFromEmptyList_TestD2Ev
FN:132,_ZN36DoublyListTest_PopFromEmptyList_TestD0Ev
FNDA:4,_ZN36DoublyListTest_PopFromEmptyList_TestD0Ev
FN:139,_ZN38DoublyListTest_GetValueValidIndex_TestC2Ev
FNDA:4,_ZN38DoublyListTest_GetValueValidIndex_TestC2Ev
FN:139,_ZN38DoublyListTest_GetValueValidIndex_Test8TestBodyEv
FNDA:4,_ZN38DoublyListTest_GetValueValidIndex_Test8TestBodyEv
FN:139,_ZN38DoublyListTest_GetValueValidIndex_TestD0Ev
FNDA:4,_ZN38DoublyListTest_GetValueValidIndex_TestD0Ev
FN:139,_ZN38DoublyListTest_GetValueValidIndex_TestD2Ev
FNDA:4,_ZN38DoublyListTest_GetValueValidIndex_TestD2Ev
FN:149,_ZN43DoublyListTest_GetValueInvalidIndexMax_TestC2Ev
FNDA:4,_ZN43DoublyListTest_GetValueInvalidIndexMax_TestC2Ev
FN:149,_ZN43DoublyListTest_GetValueInvalidIndexMax_TestD0Ev
FNDA:4,_ZN43DoublyListTest_GetValueInvalidIndexMax_TestD0Ev
FN:149,_ZN43DoublyListTest_GetValueInvalidIndexMax_TestD2Ev
FNDA:4,_ZN43DoublyListTest_GetValueInvalidIndexMax_TestD2Ev
FN:149,_ZN43DoublyListTest_GetValueInvalidIndexMax_Test8TestBodyEv
FNDA:4,_ZN43DoublyListTest_GetValueInvalidIndexMax_Test8TestBodyEv
FN:154,_ZN40DoublyListTest_GetValueInvalidIndex_TestD2Ev
FNDA:4,_ZN40DoublyListTest_GetValueInvalidIndex_TestD2Ev
FN:154,_ZN40DoublyListTest_GetValueInvalidIndex_TestC2Ev
FNDA:4,_ZN40DoublyListTest_GetValueInvalidIndex_TestC2Ev
FN:154,_ZN40DoublyListTest_GetValueInvalidIndex_TestD0Ev
FNDA:4,_ZN40DoublyListTest_GetValueInvalidIndex_TestD0Ev
FN:154,_ZN40DoublyListTest_GetValueInvalidIndex_Test8TestBodyEv
FNDA:4,_ZN40DoublyListTest_GetValueInvalidIndex_Test8TestBodyEv
FN:158,_ZN41DoublyListTest_GetValueFromEmptyList_TestD0Ev
FNDA:4,_ZN41DoublyListTest_GetValueFromEmptyList_TestD0Ev
FN:158,_ZN41DoublyListTest_GetValueFromEmptyList_TestC2Ev
FNDA:4,_ZN41DoublyListTest_GetValueFromEmptyList_TestC2Ev
FN:158,_ZN41DoublyListTest_GetValueFromEmptyList_Test8TestBodyEv
FNDA:4,_ZN41DoublyListTest_GetValueFromEmptyList_Test8TestBodyEv
FN:158,_ZN41DoublyListTest_GetValueFromEmptyList_TestD2Ev
FNDA:4,_ZN41DoublyListTest_GetValueFromEmptyList_TestD2Ev
FN:163,_ZN32DoublyListTest_PopValueHead_Test8TestBodyEv
FNDA:4,_ZN32DoublyListTest_PopValueHead_Test8TestBodyEv
FN:163,_ZN32DoublyListTest_PopValueHead_TestD0Ev
FNDA:4,_ZN32DoublyListTest_PopValueHead_TestD0Ev
FN:163,_ZN32DoublyListTest_PopValueHead_TestD2Ev
FNDA:4,_ZN32DoublyListTest_PopValueHead_TestD2Ev
FN:163,_ZN32DoublyListTest_PopValueHead_TestC2Ev
FNDA:4,_ZN32DoublyListTest_PopValueHead_TestC2Ev
FN:176,_ZN32DoublyListTest_PopValueTail_TestD2Ev
FNDA:4,_ZN32DoublyListTest_PopValueTail_TestD2Ev
FN:176,_ZN32DoublyListTest_PopValueTail_TestC2Ev
FNDA:4,_ZN32DoublyListTest_PopValueTail_TestC2Ev
FN:176,_ZN32DoublyListTest_PopValueTail_TestD0Ev
FNDA:4,_ZN32DoublyListTest_PopValueTail_TestD0Ev
FN:176,_ZN32DoublyListTest_PopValueTail_Test8TestBodyEv
FNDA:4,_ZN32DoublyListTest_PopValueTail_Test8TestBodyEv
FN:188,_ZN34DoublyListTest_PopValueInList_TestD0Ev
FNDA:4,_ZN34DoublyListTest_PopValueInList_TestD0Ev
FN:188,_ZN34DoublyListTest_PopValueInList_Test8TestBodyEv
FNDA:4,_ZN34DoublyListTest_PopValueInList_Test8TestBodyEv
FN:188,_ZN34DoublyListTest_PopValueInList_TestD2Ev
FNDA:4,_ZN34DoublyListTest_PopValueInList_TestD2Ev
FN:188,_ZN34DoublyListTest_PopValueInList_TestC2Ev
FNDA:4,_ZN34DoublyListTest_PopValueInList_TestC2Ev
FN:201,_ZN41DoublyListTest_PopValueFromEmptyList_TestC2Ev
FNDA:4,_ZN41DoublyListTest_PopValueFromEmptyList_TestC2Ev
FN:201,_ZN41DoublyListTest_PopValueFromEmptyList_TestD0Ev
FNDA:4,_ZN41DoublyListTest_PopValueFromEmptyList_TestD0Ev
FN:201,_ZN41DoublyListTest_PopValueFromEmptyList_TestD2Ev
FNDA:4,_ZN41DoublyListTest_PopValueFromEmptyList_TestD2Ev
FN:201,_ZN41DoublyListTest_PopValueFromEmptyList_Test8TestBodyEv
FNDA:4,_ZN41DoublyListTest_PopValueFromEmptyList_Test8TestBodyEv
FN:209,main
FNDA:4,main
DA:14,72
DA:16,72
DA:19,4
DA:19,4
DA:19,4
DA:19,4
DA:20,4
DA:21,4
DA:22,4
DA:23,4
DA:24,4
DA:25,4
DA:27,8
DA:28,4
DA:30,4
DA:30,4
DA:30,4
DA:30,4
DA:31,4
DA:32,4
DA:33,4
DA:34,4
DA:35,4
DA:36,4
DA:38,8
DA:39,4
DA:41,4
DA:41,4
DA:41,4
DA:41,4
DA:42,4
DA:43,4
DA:44,4
DA:45,4
DA:46,4
DA:47,4
DA:48,4
DA:49,4
DA:50,4
DA:51,4
DA:53,8
DA:54,4
DA:56,4
DA:56,4
DA:56,4
DA:56,4
DA:58,4
DA:60,4
DA:61,8
DA:64,4
DA:66,4
DA:67,4
DA:68,8
DA:69,4
DA:71,4
DA:71,4
DA:71,4
DA:71,4
DA:72,4
DA:73,4
DA:74,4
DA:75,4
DA:76,4
DA:77,4
DA:79,4
DA:79,4
DA:79,4
DA:79,4
DA:80,4
DA:81,4
DA:82,4
DA:83,4
DA:84,4
DA:85,4
DA:86,4
DA:88,4
DA:88,4
DA:88,4
DA:88,4
DA:89,4
DA:90,4
DA:91,4
DA:92,4
DA:93,4
DA:94,4
DA:95,4
DA:97,8
DA:99,4
DA:100,4
DA:102,4
DA:102,4
DA:102,4
DA:102,4
DA:103,4
DA:104,4
DA:105,4
DA:106,4
DA:107,4
DA:108,4
DA:109,4
DA:111,8
DA:113,4
DA:114,4
DA:116,4
DA:116,4
DA:116,4
DA:116,4
DA:117,4
DA:118,4
DA:119,4
DA:120,4
DA:122,4
DA:123,4
DA:124,4
DA:126,4
DA:127,4
DA:128,8
DA:129,4
DA:130,4
DA:132,4
DA:132,4
DA:132,4
DA:132,4
DA:133,4
DA:134,4
DA:135,4
DA:136,4
DA:137,4
DA:139,4
DA:139,4
DA:139,4
DA:139,4
DA:140,4
DA:141,4
DA:142,4
DA:144,4
DA:145,4
DA:146,4
DA:147,4
DA:149,4
DA:149,4
DA:149,4
DA:149,4
DA:150,4
DA:151,4
DA:152,4
DA:154,4
DA:154,4
DA:154,4
DA:154,4
DA:155,4
DA:156,4
DA:158,4
DA:158,4
DA:158,4
DA:158,4
DA:159,4
DA:160,4
DA:161,4
DA:163,4
DA:163,4
DA:163,4
DA:163,4
DA:164,4
DA:165,4
DA:166,4
DA:167,4
DA:169,4
DA:170,4
DA:171,4
DA:172,4
DA:173,8
DA:174,4
DA:176,4
DA:176,4
DA:176,4
DA:176,4
DA:177,4
DA:178,4
DA:179,4
DA:181,4
DA:182,4
DA:183,4
DA:184,4
DA:185,8
DA:186,4
DA:188,4
DA:188,4
DA:188,4
DA:188,4
DA:189,4
DA:190,4
DA:191,4
DA:192,4
DA:194,4
DA:195,4
DA:196,4
DA:197,4
DA:198,8
DA:199,4
DA:201,4
DA:201,4
DA:201,4
DA:201,4
DA:202,4
DA:203,4
DA:204,4
DA:205,4
DA:206,4
DA:207,4
DA:209,4
DA:210,4
DA:211,4
end_of_record
SF:/home/businka/second_semester_programming/laba3/List.hpp
FN:9,_ZN10LinkedListIiEC2Ev
FNDA:8,_ZN10LinkedListIiEC2Ev
FN:10,_ZN10LinkedListIiED2Ev
FNDA:8,_ZN10LinkedListIiED2Ev
FN:77,_ZN10LinkedListIiE8pop_headEv
FNDA:0,_ZN10LinkedListIiE8pop_headEv
FN:87,_ZN10LinkedListIiE8pop_tailEv
FNDA:0,_ZN10LinkedListIiE8pop_tailEv
FN:127,_ZN10LinkedListIiE9pop_valueEi
FNDA:4,_ZN10LinkedListIiE9pop_valueEi
FN:157,_ZNK10LinkedListIiE9get_valueEi
FNDA:4,_ZNK10LinkedListIiE9get_valueEi
FN:214,_ZN10DoublyListIiEC2Ev
FNDA:72,_ZN10DoublyListIiEC2Ev
FN:215,_ZN10DoublyListIiED2Ev
FNDA:72,_ZN10DoublyListIiED2Ev
FN:222,_ZN10DoublyListIiE9push_backERKi
FNDA:108,_ZN10DoublyListIiE9push_backERKi
FN:233,_ZN10DoublyListIiE10push_frontERKi
FNDA:16,_ZN10DoublyListIiE10push_frontERKi
FN:244,_ZN10DoublyListIiE7push_inEiRKi
FNDA:24,_ZN10DoublyListIiE7push_inEiRKi
FN:279,_ZN10DoublyListIiE6searchEi
FNDA:8,_ZN10DoublyListIiE6searchEi
FN:289,_ZN10DoublyListIiE11pop_forwardEv
FNDA:16,_ZN10DoublyListIiE11pop_forwardEv
FN:301,_ZN10DoublyListIiE12pop_backwardEv
FNDA:16,_ZN10DoublyListIiE12pop_backwardEv
FN:312,_ZN10DoublyListIiE3popEi
FNDA:16,_ZN10DoublyListIiE3popEi
FN:341,_ZN10DoublyListIiE9pop_valueEi
FNDA:12,_ZN10DoublyListIiE9pop_valueEi
FN:364,_ZNK10DoublyListIiE9get_valueEi
FNDA:28,_ZNK10DoublyListIiE9get_valueEi
FN:387,_ZN10DoublyListIiE7displayEv
FNDA:32,_ZN10DoublyListIiE7displayEv
DA:9,8
DA:10,8
DA:11,8
DA:12,0
DA:13,0
DA:14,0
DA:16,8
DA:77,0
DA:78,0
DA:79,0
DA:82,0
DA:83,0
DA:84,0
DA:86,0
DA:87,0
DA:88,0
DA:89,0
DA:90,0
DA:91,0
DA:93,0
DA:94,0
DA:95,0
DA:96,0
DA:97,0
DA:99,0
DA:127,4
DA:128,4
DA:129,4
DA:130,4
DA:132,0
DA:133,0
DA:134,0
DA:136,0
DA:137,0
DA:138,0
DA:140,0
DA:141,0
DA:143,0
DA:144,0
DA:145,0
DA:148,0
DA:149,0
DA:150,0
DA:153,0
DA:154,0
DA:157,4
DA:158,4
DA:159,0
DA:162,4
DA:163,4
DA:166,0
DA:167,0
DA:169,0
DA:170,0
DA:171,0
DA:173,0
DA:174,0
DA:177,0
DA:214,72
DA:215,72
DA:216,168
DA:217,96
DA:218,96
DA:219,96
DA:221,72
DA:222,108
DA:223,108
DA:224,108
DA:225,48
DA:226,48
DA:228,60
DA:229,60
DA:230,60
DA:232,108
DA:233,16
DA:234,16
DA:235,16
DA:236,8
DA:237,8
DA:239,8
DA:240,8
DA:241,8
DA:243,16
DA:244,24
DA:245,24
DA:246,24
DA:247,4
DA:248,4
DA:249,20
DA:251,8
DA:253,12
DA:254,12
DA:257,32
DA:258,20
DA:259,20
DA:262,12
DA:264,8
DA:265,8
DA:266,8
DA:267,4
DA:269,4
DA:271,8
DA:274,4
DA:275,4
DA:279,8
DA:280,8
DA:281,12
DA:282,4
DA:284,8
DA:285,4
DA:286,4
DA:288,8
DA:289,16
DA:290,16
DA:291,16
DA:292,16
DA:294,16
DA:295,4
DA:297,12
DA:299,16
DA:301,16
DA:302,16
DA:303,16
DA:304,16
DA:305,16
DA:306,4
DA:308,12
DA:310,16
DA:312,16
DA:313,16
DA:314,4
DA:315,4
DA:317,12
DA:318,4
DA:321,8
DA:322,8
DA:324,16
DA:325,8
DA:326,8
DA:328,8
DA:329,4
DA:330,4
DA:332,4
DA:333,4
DA:334,4
DA:336,0
DA:337,0
DA:338,0
DA:341,12
DA:342,12
DA:343,12
DA:344,4
DA:345,4
DA:347,8
DA:348,4
DA:349,4
DA:351,4
DA:352,8
DA:353,4
DA:355,4
DA:356,0
DA:357,0
DA:359,4
DA:360,4
DA:361,4
DA:364,28
DA:365,28
DA:366,4
DA:369,24
DA:370,0
DA:373,24
DA:374,24
DA:376,40
DA:377,36
DA:378,20
DA:380,16
DA:381,16
DA:384,4
DA:387,32
DA:388,32
DA:389,100
DA:390,68
DA:391,68
DA:393,32
DA:394,32
end_of_record
TN:
SF:/home/businka/second_semester_programming/laba3/Stack.hpp
FN:9,_ZN5StackIiEC2Ev
FNDA:9,_ZN5StackIiEC2Ev
FN:10,_ZN5StackIiE4pushERKi
FNDA:15,_ZN5StackIiE4pushERKi
FN:14,_ZN5StackIiE3popEv
FNDA:2,_ZN5StackIiE3popEv
FN:23,_ZN5StackIiE6searchERKi
FNDA:2,_ZN5StackIiE6searchERKi
FN:34,_ZN5StackIiE7displayEv
FNDA:2,_ZN5StackIiE7displayEv
FN:43,_ZN5StackIiE7isEmptyEv
FNDA:2,_ZN5StackIiE7isEmptyEv
FN:46,_ZN5StackIiE3topEv
FNDA:3,_ZN5StackIiE3topEv
DA:9,9
DA:10,15
DA:11,15
DA:12,15
DA:13,15
DA:14,2
DA:15,2
DA:16,1
DA:17,1
DA:19,1
DA:20,1
DA:21,1
DA:23,2
DA:24,2
DA:25,5
DA:26,4
DA:27,1
DA:28,1
DA:30,3
DA:32,1
DA:34,2
DA:35,2
DA:36,5
DA:37,3
DA:38,3
DA:40,2
DA:41,2
DA:43,2
DA:44,2
DA:46,3
DA:47,3
DA:48,1
DA:49,1
DA:51,2
end_of_record
SF:/home/businka/second_semester_programming/laba3/stack_testing.cpp
FN:8,_ZN9StackTest5SetUpEv
FNDA:9,_ZN9StackTest5SetUpEv
FN:13,_ZN25StackTest_PushAndTop_TestC2Ev
FNDA:1,_ZN25StackTest_PushAndTop_TestC2Ev
FN:13,_ZN25StackTest_PushAndTop_Test8TestBodyEv
FNDA:1,_ZN25StackTest_PushAndTop_Test8TestBodyEv
FN:13,_ZN25StackTest_PushAndTop_TestD2Ev
FNDA:1,_ZN25StackTest_PushAndTop_TestD2Ev
FN:13,_ZN25StackTest_PushAndTop_TestD0Ev
FNDA:1,_ZN25StackTest_PushAndTop_TestD0Ev
FN:21,_ZN18StackTest_Pop_TestC2Ev
FNDA:1,_ZN18StackTest_Pop_TestC2Ev
FN:21,_ZN18StackTest_Pop_Test8TestBodyEv
FNDA:1,_ZN18StackTest_Pop_Test8TestBodyEv
FN:21,_ZN18StackTest_Pop_TestD2Ev
FNDA:1,_ZN18StackTest_Pop_TestD2Ev
FN:21,_ZN18StackTest_Pop_TestD0Ev
FNDA:1,_ZN18StackTest_Pop_TestD0Ev
FN:30,_ZN28StackTest_PopEmptyStack_TestC2Ev
FNDA:1,_ZN28StackTest_PopEmptyStack_TestC2Ev
FN:30,_ZN28StackTest_PopEmptyStack_TestD0Ev
FNDA:1,_ZN28StackTest_PopEmptyStack_TestD0Ev
FN:30,_ZN28StackTest_PopEmptyStack_TestD2Ev
FNDA:1,_ZN28StackTest_PopEmptyStack_TestD2Ev
FN:30,_ZN28StackTest_PopEmptyStack_Test8TestBodyEv
FNDA:1,_ZN28StackTest_PopEmptyStack_Test8TestBodyEv
FN:37,_ZN26StackTest_SearchFound_TestD0Ev
FNDA:1,_ZN26StackTest_SearchFound_TestD0Ev
FN:37,_ZN26StackTest_SearchFound_TestD2Ev
FNDA:1,_ZN26StackTest_SearchFound_TestD2Ev
FN:37,_ZN26StackTest_SearchFound_Test8TestBodyEv
FNDA:1,_ZN26StackTest_SearchFound_Test8TestBodyEv
FN:37,_ZN26StackTest_SearchFound_TestC2Ev
FNDA:1,_ZN26StackTest_SearchFound_TestC2Ev
FN:48,_ZN29StackTest_SearchNotFound_Test8TestBodyEv
FNDA:1,_ZN29StackTest_SearchNotFound_Test8TestBodyEv
FN:48,_ZN29StackTest_SearchNotFound_TestD0Ev
FNDA:1,_ZN29StackTest_SearchNotFound_TestD0Ev
FN:48,_ZN29StackTest_SearchNotFound_TestD2Ev
FNDA:1,_ZN29StackTest_SearchNotFound_TestD2Ev
FN:48,_ZN29StackTest_SearchNotFound_TestC2Ev
FNDA:1,_ZN29StackTest_SearchNotFound_TestC2Ev
FN:58,_ZN22StackTest_IsEmpty_TestD0Ev
FNDA:1,_ZN22StackTest_IsEmpty_TestD0Ev
FN:58,_ZN22StackTest_IsEmpty_Test8TestBodyEv
FNDA:1,_ZN22StackTest_IsEmpty_Test8TestBodyEv
FN:58,_ZN22StackTest_IsEmpty_TestD2Ev
FNDA:1,_ZN22StackTest_IsEmpty_TestD2Ev
FN:58,_ZN22StackTest_IsEmpty_TestC2Ev
FNDA:1,_ZN22StackTest_IsEmpty_TestC2Ev
FN:64,_ZN23StackTest_TopEmphy_TestD2Ev
FNDA:1,_ZN23StackTest_TopEmphy_TestD2Ev
FN:64,_ZN23StackTest_TopEmphy_TestD0Ev
FNDA:1,_ZN23StackTest_TopEmphy_TestD0Ev
FN:64,_ZN23StackTest_TopEmphy_TestC2Ev
FNDA:1,_ZN23StackTest_TopEmphy_TestC2Ev
FN:64,_ZN23StackTest_TopEmphy_Test8TestBodyEv
FNDA:1,_ZN23StackTest_TopEmphy_Test8TestBodyEv
FN:71,_ZN27StackTest_DisplayStack_TestD0Ev
FNDA:1,_ZN27StackTest_DisplayStack_TestD0Ev
FN:71,_ZN27StackTest_DisplayStack_Test8TestBodyEv
FNDA:1,_ZN27StackTest_DisplayStack_Test8TestBodyEv
FN:71,_ZN27StackTest_DisplayStack_TestD2Ev
FNDA:1,_ZN27StackTest_DisplayStack_TestD2Ev
FN:71,_ZN27StackTest_DisplayStack_TestC2Ev
FNDA:1,_ZN27StackTest_DisplayStack_TestC2Ev
FN:83,_ZN32StackTest_DisplayEmptyStack_Test8TestBodyEv
FNDA:1,_ZN32StackTest_DisplayEmptyStack_Test8TestBodyEv
FN:83,_ZN32StackTest_DisplayEmptyStack_TestD2Ev
FNDA:1,_ZN32StackTest_DisplayEmptyStack_TestD2Ev
FN:83,_ZN32StackTest_DisplayEmptyStack_TestD0Ev
FNDA:1,_ZN32StackTest_DisplayEmptyStack_TestD0Ev
FN:83,_ZN32StackTest_DisplayEmptyStack_TestC2Ev
FNDA:1,_ZN32StackTest_DisplayEmptyStack_TestC2Ev
FN:91,main
FNDA:1,main
DA:8,9
DA:10,9
DA:13,1
DA:13,1
DA:13,1
DA:13,1
DA:14,1
DA:15,1
DA:16,1
DA:18,1
DA:19,1
DA:21,1
DA:21,1
DA:21,1
DA:21,1
DA:22,1
DA:23,1
DA:24,1
DA:26,1
DA:27,1
DA:28,1
DA:30,1
DA:30,1
DA:30,1
DA:30,1
DA:31,1
DA:32,1
DA:33,1
DA:34,1
DA:35,1
DA:37,1
DA:37,1
DA:37,1
DA:37,1
DA:38,1
DA:39,1
DA:40,1
DA:42,1
DA:43,1
DA:44,1
DA:45,1
DA:46,1
DA:48,1
DA:48,1
DA:48,1
DA:48,1
DA:49,1
DA:50,1
DA:52,1
DA:53,1
DA:54,1
DA:55,1
DA:56,1
DA:58,1
DA:58,1
DA:58,1
DA:58,1
DA:59,1
DA:60,1
DA:61,1
DA:62,1
DA:64,1
DA:64,1
DA:64,1
DA:64,1
DA:65,1
DA:66,1
DA:67,1
DA:68,1
DA:69,1
DA:71,1
DA:71,1
DA:71,1
DA:71,1
DA:72,1
DA:73,1
DA:74,1
DA:76,1
DA:77,1
DA:78,1
DA:80,1
DA:81,1
DA:83,1
DA:83,1
DA:83,1
DA:83,1
DA:84,1
DA:85,1
DA:86,1
DA:88,1
DA:89,1
DA:91,1
DA:92,1
DA:93,1
end_of_record
SF:/home/businka/second_semester_programming/laba3/Node.hpp
FN:17,_ZN4NodeIiEC2ERKiPS0_S3_
FNDA:15,_ZN4NodeIiEC2ERKiPS0_S3_
DA:17,15
DA:18,15
DA:19,15
end_of_record
