TN:
SF:/home/businka/second_semester_programming/laba3/Array.hpp
FN:7,_ZN5ArrayIiEC2Ev
FNDA:9,_ZN5ArrayIiEC2Ev
FN:11,_ZN5ArrayIiED2Ev
FNDA:9,_ZN5ArrayIiED2Ev
FN:15,_ZN5ArrayIiE10push_frontERKi
FNDA:9,_ZN5ArrayIiE10push_frontERKi
FN:36,_ZN5ArrayIiE9push_backERKi
FNDA:18,_ZN5ArrayIiE9push_backERKi
FN:111,_ZN5ArrayIiE6searchERKi
FNDA:6,_ZN5ArrayIiE6searchERKi
FN:141,_ZN5ArrayIiE8get_sizeEv
FNDA:6,_ZN5ArrayIiE8get_sizeEv
DA:7,9
DA:8,9
DA:9,9
DA:11,9
DA:12,9
DA:13,9
DA:15,9
DA:16,9
DA:17,0
DA:18,0
DA:20,0
DA:21,0
DA:24,0
DA:25,0
DA:26,0
DA:28,18
DA:29,9
DA:32,9
DA:33,9
DA:34,9
DA:36,18
DA:37,18
DA:38,0
DA:39,0
DA:41,0
DA:42,0
DA:45,0
DA:46,0
DA:47,0
DA:50,18
DA:51,18
DA:52,18
DA:111,6
DA:112,18
DA:113,15
DA:114,3
DA:115,3
DA:118,3
DA:119,3
DA:141,6
DA:142,6
end_of_record
SF:/home/businka/second_semester_programming/laba3/main_testing.cpp
FN:16,_ZN23ArrayTest_PushBack_TestC2Ev
FNDA:3,_ZN23ArrayTest_PushBack_TestC2Ev
FN:16,_ZN23ArrayTest_PushBack_TestD0Ev
FNDA:3,_ZN23ArrayTest_PushBack_TestD0Ev
FN:16,_ZN23ArrayTest_PushBack_TestD2Ev
FNDA:3,_ZN23ArrayTest_PushBack_TestD2Ev
FN:16,_ZN23ArrayTest_PushBack_Test8TestBodyEv
FNDA:3,_ZN23ArrayTest_PushBack_Test8TestBodyEv
FN:24,_ZN24ArrayTest_PushFront_TestC2Ev
FNDA:3,_ZN24ArrayTest_PushFront_TestC2Ev
FN:24,_ZN24ArrayTest_PushFront_TestD0Ev
FNDA:3,_ZN24ArrayTest_PushFront_TestD0Ev
FN:24,_ZN24ArrayTest_PushFront_TestD2Ev
FNDA:3,_ZN24ArrayTest_PushFront_TestD2Ev
FN:24,_ZN24ArrayTest_PushFront_Test8TestBodyEv
FNDA:3,_ZN24ArrayTest_PushFront_Test8TestBodyEv
FN:32,_ZN21ArrayTest_Search_TestC2Ev
FNDA:3,_ZN21ArrayTest_Search_TestC2Ev
FN:32,_ZN21ArrayTest_Search_TestD0Ev
FNDA:3,_ZN21ArrayTest_Search_TestD0Ev
FN:32,_ZN21ArrayTest_Search_TestD2Ev
FNDA:3,_ZN21ArrayTest_Search_TestD2Ev
FN:32,_ZN21ArrayTest_Search_Test8TestBodyEv
FNDA:3,_ZN21ArrayTest_Search_Test8TestBodyEv
FN:41,main
FNDA:3,main
DA:16,3
DA:16,3
DA:16,3
DA:16,3
DA:17,3
DA:18,3
DA:19,3
DA:20,3
DA:21,3
DA:22,3
DA:24,3
DA:24,3
DA:24,3
DA:24,3
DA:25,3
DA:26,3
DA:27,3
DA:28,3
DA:29,3
DA:30,3
DA:32,3
DA:32,3
DA:32,3
DA:32,3
DA:33,3
DA:34,3
DA:35,3
DA:36,3
DA:37,3
DA:38,3
DA:39,3
DA:41,3
DA:42,3
DA:43,3
end_of_record
